2021-02-11 00:19:18.908 WARN  [restartedMain]o.s.b.a.orm.jpa.JpaBaseConfiguration$JpaWebConfiguration.openEntityManagerInViewInterceptor:221 -spring.jpa.open-in-view is enabled by default. Therefore, database queries may be performed during view rendering. Explicitly configure spring.jpa.open-in-view to disable this warning
2021-02-11 00:20:40.315 WARN  [http-nio-8081-exec-2]org.springframework.web.servlet.PageNotFound.noHandlerFound:1271 -No mapping for GET /favicon.ico
2021-02-11 00:20:40.324 WARN  [http-nio-8081-exec-2]com.fxys.opinion_plus.handler.GlobalExceptionHandler.handleBusinessException:47 -URL:/error ,业务异常:ErrorResult(status=20002, message=用户名不存在, exception=com.fxys.opinion_plus.exception.OpinionException)
2021-02-11 00:30:42.602 WARN  [restartedMain]o.s.b.a.orm.jpa.JpaBaseConfiguration$JpaWebConfiguration.openEntityManagerInViewInterceptor:221 -spring.jpa.open-in-view is enabled by default. Therefore, database queries may be performed during view rendering. Explicitly configure spring.jpa.open-in-view to disable this warning
2021-02-11 00:30:50.249 WARN  [http-nio-8081-exec-1]com.fxys.opinion_plus.handler.GlobalExceptionHandler.handleBusinessException:47 -URL:/api/blog/wordCloud ,业务异常:ErrorResult(status=20002, message=用户名不存在, exception=com.fxys.opinion_plus.exception.OpinionException)
2021-02-11 00:30:53.266 WARN  [http-nio-8081-exec-3]com.fxys.opinion_plus.handler.GlobalExceptionHandler.handleBusinessException:47 -URL:/api/blog/wordCloud ,业务异常:ErrorResult(status=20002, message=用户名不存在, exception=com.fxys.opinion_plus.exception.OpinionException)
2021-02-11 00:30:54.926 WARN  [http-nio-8081-exec-2]com.fxys.opinion_plus.handler.GlobalExceptionHandler.handleBusinessException:47 -URL:/api/blog/wordCloud ,业务异常:ErrorResult(status=20002, message=用户名不存在, exception=com.fxys.opinion_plus.exception.OpinionException)
2021-02-11 00:31:21.998 WARN  [http-nio-8081-exec-3]com.fxys.opinion_plus.handler.GlobalExceptionHandler.handleBusinessException:47 -URL:/api/blog/wordCloud ,业务异常:ErrorResult(status=20002, message=用户名不存在, exception=com.fxys.opinion_plus.exception.OpinionException)
2021-02-11 00:32:05.812 WARN  [restartedMain]o.s.b.a.orm.jpa.JpaBaseConfiguration$JpaWebConfiguration.openEntityManagerInViewInterceptor:221 -spring.jpa.open-in-view is enabled by default. Therefore, database queries may be performed during view rendering. Explicitly configure spring.jpa.open-in-view to disable this warning
2021-02-11 00:46:02.677 WARN  [restartedMain]o.s.b.a.orm.jpa.JpaBaseConfiguration$JpaWebConfiguration.openEntityManagerInViewInterceptor:221 -spring.jpa.open-in-view is enabled by default. Therefore, database queries may be performed during view rendering. Explicitly configure spring.jpa.open-in-view to disable this warning
2021-02-11 13:32:02.866 WARN  [restartedMain]o.s.b.a.orm.jpa.JpaBaseConfiguration$JpaWebConfiguration.openEntityManagerInViewInterceptor:221 -spring.jpa.open-in-view is enabled by default. Therefore, database queries may be performed during view rendering. Explicitly configure spring.jpa.open-in-view to disable this warning
2021-02-11 13:38:18.381 WARN  [http-nio-8081-exec-3]org.springframework.web.servlet.PageNotFound.noHandlerFound:1271 -No mapping for POST /api/blog/frequency
2021-02-11 14:07:37.936 WARN  [restartedMain]o.s.b.a.orm.jpa.JpaBaseConfiguration$JpaWebConfiguration.openEntityManagerInViewInterceptor:221 -spring.jpa.open-in-view is enabled by default. Therefore, database queries may be performed during view rendering. Explicitly configure spring.jpa.open-in-view to disable this warning
2021-02-11 14:41:25.539 WARN  [restartedMain]o.s.b.a.orm.jpa.JpaBaseConfiguration$JpaWebConfiguration.openEntityManagerInViewInterceptor:221 -spring.jpa.open-in-view is enabled by default. Therefore, database queries may be performed during view rendering. Explicitly configure spring.jpa.open-in-view to disable this warning
2021-02-11 14:42:48.541 WARN  [restartedMain]o.s.b.a.orm.jpa.JpaBaseConfiguration$JpaWebConfiguration.openEntityManagerInViewInterceptor:221 -spring.jpa.open-in-view is enabled by default. Therefore, database queries may be performed during view rendering. Explicitly configure spring.jpa.open-in-view to disable this warning
2021-02-11 14:43:40.152 WARN  [restartedMain]o.s.b.a.orm.jpa.JpaBaseConfiguration$JpaWebConfiguration.openEntityManagerInViewInterceptor:221 -spring.jpa.open-in-view is enabled by default. Therefore, database queries may be performed during view rendering. Explicitly configure spring.jpa.open-in-view to disable this warning
2021-02-11 15:10:25.744 WARN  [http-nio-8081-exec-1]org.springframework.web.servlet.PageNotFound.noHandlerFound:1271 -No mapping for POST /api/blog/getPie
2021-02-11 15:10:53.635 WARN  [http-nio-8081-exec-6]org.springframework.web.servlet.PageNotFound.noHandlerFound:1271 -No mapping for POST /api/blog/getPie
2021-02-11 15:29:37.518 WARN  [restartedMain]o.s.b.a.orm.jpa.JpaBaseConfiguration$JpaWebConfiguration.openEntityManagerInViewInterceptor:221 -spring.jpa.open-in-view is enabled by default. Therefore, database queries may be performed during view rendering. Explicitly configure spring.jpa.open-in-view to disable this warning
2021-02-11 16:17:02.899 WARN  [http-nio-8081-exec-6]org.springframework.web.servlet.PageNotFound.noHandlerFound:1271 -No mapping for POST /api/blog/warning
2021-02-11 16:38:10.625 WARN  [restartedMain]o.s.b.a.orm.jpa.JpaBaseConfiguration$JpaWebConfiguration.openEntityManagerInViewInterceptor:221 -spring.jpa.open-in-view is enabled by default. Therefore, database queries may be performed during view rendering. Explicitly configure spring.jpa.open-in-view to disable this warning
2021-02-11 16:44:55.959 WARN  [restartedMain]o.s.b.a.orm.jpa.JpaBaseConfiguration$JpaWebConfiguration.openEntityManagerInViewInterceptor:221 -spring.jpa.open-in-view is enabled by default. Therefore, database queries may be performed during view rendering. Explicitly configure spring.jpa.open-in-view to disable this warning
2021-02-11 19:17:36.090 WARN  [restartedMain]o.s.b.a.orm.jpa.JpaBaseConfiguration$JpaWebConfiguration.openEntityManagerInViewInterceptor:221 -spring.jpa.open-in-view is enabled by default. Therefore, database queries may be performed during view rendering. Explicitly configure spring.jpa.open-in-view to disable this warning
