2021-02-09 01:35:05.069 INFO  [restartedMain]com.fxys.opinion_plus.OpinionPlusApplication.logStarting:55 -Starting OpinionPlusApplication using Java 1.8.0_151 on LAPTOP-F69Q7ABG with PID 21136 (D:\springboot\opinion-plus\target\classes started by 14040 in D:\springboot\opinion-plus)
2021-02-09 01:35:05.087 INFO  [background-preinit]org.hibernate.validator.internal.util.Version.<clinit>:30 -HV000001: Hibernate Validator 5.4.1.Final
2021-02-09 01:35:05.093 INFO  [restartedMain]com.fxys.opinion_plus.OpinionPlusApplication.logStartupProfileInfo:660 -No active profile set, falling back to default profiles: default
2021-02-09 01:35:05.167 INFO  [restartedMain]org.springframework.boot.devtools.restart.ChangeableUrls.logTo:255 -The Class-Path manifest attribute in D:\repository\org\carrot2\morfologik-speller\1.9.0\morfologik-speller-1.9.0.jar referenced one or more files that do not exist: file:/D:/repository/org/carrot2/morfologik-speller/1.9.0/morfologik-stemming-1.9.0.jar,file:/D:/repository/org/carrot2/morfologik-speller/1.9.0/morfologik-fsa-1.9.0.jar
2021-02-09 01:35:05.167 INFO  [restartedMain]org.springframework.boot.devtools.restart.ChangeableUrls.logTo:255 -The Class-Path manifest attribute in D:\repository\org\carrot2\morfologik-stemming\1.9.0\morfologik-stemming-1.9.0.jar referenced one or more files that do not exist: file:/D:/repository/org/carrot2/morfologik-stemming/1.9.0/morfologik-fsa-1.9.0.jar
2021-02-09 01:35:05.168 INFO  [restartedMain]org.springframework.boot.devtools.restart.ChangeableUrls.logTo:255 -The Class-Path manifest attribute in D:\repository\org\apache\opennlp\opennlp-tools\1.5.3\opennlp-tools-1.5.3.jar referenced one or more files that do not exist: file:/D:/repository/org/apache/opennlp/opennlp-tools/1.5.3/opennlp-maxent-3.0.3.jar,file:/D:/repository/org/apache/opennlp/opennlp-tools/1.5.3/jwnl-1.3.3.jar
2021-02-09 01:35:05.168 INFO  [restartedMain]o.s.b.devtools.env.DevToolsPropertyDefaultsPostProcessor.logTo:255 -Devtools property defaults active! Set 'spring.devtools.add-properties' to 'false' to disable
2021-02-09 01:35:05.168 INFO  [restartedMain]o.s.b.devtools.env.DevToolsPropertyDefaultsPostProcessor.logTo:255 -For additional web related logging consider setting the 'logging.level.web' property to 'DEBUG'
2021-02-09 01:35:06.417 INFO  [restartedMain]o.s.d.repository.config.RepositoryConfigurationDelegate.multipleStoresDetected:250 -Multiple Spring Data modules found, entering strict repository configuration mode!
2021-02-09 01:35:06.418 INFO  [restartedMain]o.s.d.repository.config.RepositoryConfigurationDelegate.registerRepositoriesIn:128 -Bootstrapping Spring Data JDBC repositories in DEFAULT mode.
2021-02-09 01:35:06.434 INFO  [restartedMain]o.s.d.repository.config.RepositoryConfigurationDelegate.registerRepositoriesIn:188 -Finished Spring Data repository scanning in 12 ms. Found 0 JDBC repository interfaces.
2021-02-09 01:35:06.444 INFO  [restartedMain]o.s.d.repository.config.RepositoryConfigurationDelegate.multipleStoresDetected:250 -Multiple Spring Data modules found, entering strict repository configuration mode!
2021-02-09 01:35:06.444 INFO  [restartedMain]o.s.d.repository.config.RepositoryConfigurationDelegate.registerRepositoriesIn:128 -Bootstrapping Spring Data JPA repositories in DEFAULT mode.
2021-02-09 01:35:06.456 INFO  [restartedMain]o.s.d.repository.config.RepositoryConfigurationDelegate.registerRepositoriesIn:188 -Finished Spring Data repository scanning in 4 ms. Found 0 JPA repository interfaces.
2021-02-09 01:35:07.437 INFO  [restartedMain]o.s.boot.web.embedded.tomcat.TomcatWebServer.initialize:108 -Tomcat initialized with port(s): 8081 (http)
2021-02-09 01:35:07.527 INFO  [restartedMain]org.apache.coyote.http11.Http11NioProtocol.log:173 -Initializing ProtocolHandler ["http-nio-8081"]
2021-02-09 01:35:07.528 INFO  [restartedMain]org.apache.catalina.core.StandardService.log:173 -Starting service [Tomcat]
2021-02-09 01:35:07.529 INFO  [restartedMain]org.apache.catalina.core.StandardEngine.log:173 -Starting Servlet engine: [Apache Tomcat/9.0.41]
2021-02-09 01:35:07.696 INFO  [restartedMain]o.a.catalina.core.ContainerBase.[Tomcat].[localhost].[/].log:173 -Initializing Spring embedded WebApplicationContext
2021-02-09 01:35:07.697 INFO  [restartedMain]o.s.b.w.s.context.ServletWebServerApplicationContext.prepareWebApplicationContext:289 -Root WebApplicationContext: initialization completed in 2528 ms
2021-02-09 01:35:07.797 INFO  [restartedMain]c.a.d.s.boot.autoconfigure.DruidDataSourceAutoConfigure.dataSource:56 -Init DruidDataSource
2021-02-09 01:35:08.074 INFO  [restartedMain]com.alibaba.druid.pool.DruidDataSource.init:930 -{dataSource-1} inited
2021-02-09 01:35:08.271 INFO  [restartedMain]org.hibernate.jpa.internal.util.LogHelper.logPersistenceUnitInformation:31 -HHH000204: Processing PersistenceUnitInfo [name: default]
2021-02-09 01:35:08.371 INFO  [restartedMain]org.hibernate.Version.logVersion:44 -HHH000412: Hibernate ORM core version 5.4.27.Final
2021-02-09 01:35:08.620 INFO  [restartedMain]org.hibernate.annotations.common.Version.<clinit>:56 -HCANN000001: Hibernate Commons Annotations {5.1.2.Final}
2021-02-09 01:35:09.045 INFO  [restartedMain]org.hibernate.dialect.Dialect.<init>:175 -HHH000400: Using dialect: org.hibernate.dialect.MySQL5InnoDBDialect
2021-02-09 01:35:09.905 INFO  [restartedMain]o.h.e.t.jta.platform.internal.JtaPlatformInitiator.initiateService:52 -HHH000490: Using JtaPlatform implementation: [org.hibernate.engine.transaction.jta.platform.internal.NoJtaPlatform]
2021-02-09 01:35:09.928 INFO  [restartedMain]o.s.orm.jpa.LocalContainerEntityManagerFactoryBean.buildNativeEntityManagerFactory:437 -Initialized JPA EntityManagerFactory for persistence unit 'default'
2021-02-09 01:35:10.062 INFO  [restartedMain]o.s.boot.devtools.autoconfigure.OptionalLiveReloadServer.startServer:58 -LiveReload server is running on port 35729
2021-02-09 01:35:11.342 INFO  [restartedMain]org.apache.coyote.http11.Http11NioProtocol.log:173 -Starting ProtocolHandler ["http-nio-8081"]
2021-02-09 01:35:11.365 INFO  [restartedMain]o.s.boot.web.embedded.tomcat.TomcatWebServer.start:220 -Tomcat started on port(s): 8081 (http) with context path ''
2021-02-09 01:35:11.375 INFO  [restartedMain]com.fxys.opinion_plus.OpinionPlusApplication.logStarted:61 -Started OpinionPlusApplication in 6.935 seconds (JVM running for 8.884)
2021-02-09 01:35:20.250 INFO  [http-nio-8081-exec-1]o.a.catalina.core.ContainerBase.[Tomcat].[localhost].[/].log:173 -Initializing Spring DispatcherServlet 'dispatcherServlet'
2021-02-09 01:35:20.250 INFO  [http-nio-8081-exec-1]org.springframework.web.servlet.DispatcherServlet.initServletBean:525 -Initializing Servlet 'dispatcherServlet'
2021-02-09 01:35:20.251 INFO  [http-nio-8081-exec-1]org.springframework.web.servlet.DispatcherServlet.initServletBean:547 -Completed initialization in 1 ms
2021-02-09 01:36:05.890 INFO  [background-preinit]org.hibernate.validator.internal.util.Version.<clinit>:30 -HV000001: Hibernate Validator 5.4.1.Final
2021-02-09 01:36:05.891 INFO  [restartedMain]com.fxys.opinion_plus.OpinionPlusApplication.logStarting:55 -Starting OpinionPlusApplication using Java 1.8.0_151 on LAPTOP-F69Q7ABG with PID 19796 (D:\springboot\opinion-plus\target\classes started by 14040 in D:\springboot\opinion-plus)
2021-02-09 01:36:05.898 INFO  [restartedMain]com.fxys.opinion_plus.OpinionPlusApplication.logStartupProfileInfo:660 -No active profile set, falling back to default profiles: default
2021-02-09 01:36:05.977 INFO  [restartedMain]org.springframework.boot.devtools.restart.ChangeableUrls.logTo:255 -The Class-Path manifest attribute in D:\repository\org\carrot2\morfologik-speller\1.9.0\morfologik-speller-1.9.0.jar referenced one or more files that do not exist: file:/D:/repository/org/carrot2/morfologik-speller/1.9.0/morfologik-stemming-1.9.0.jar,file:/D:/repository/org/carrot2/morfologik-speller/1.9.0/morfologik-fsa-1.9.0.jar
2021-02-09 01:36:05.977 INFO  [restartedMain]org.springframework.boot.devtools.restart.ChangeableUrls.logTo:255 -The Class-Path manifest attribute in D:\repository\org\carrot2\morfologik-stemming\1.9.0\morfologik-stemming-1.9.0.jar referenced one or more files that do not exist: file:/D:/repository/org/carrot2/morfologik-stemming/1.9.0/morfologik-fsa-1.9.0.jar
2021-02-09 01:36:05.977 INFO  [restartedMain]org.springframework.boot.devtools.restart.ChangeableUrls.logTo:255 -The Class-Path manifest attribute in D:\repository\org\apache\opennlp\opennlp-tools\1.5.3\opennlp-tools-1.5.3.jar referenced one or more files that do not exist: file:/D:/repository/org/apache/opennlp/opennlp-tools/1.5.3/opennlp-maxent-3.0.3.jar,file:/D:/repository/org/apache/opennlp/opennlp-tools/1.5.3/jwnl-1.3.3.jar
2021-02-09 01:36:05.978 INFO  [restartedMain]o.s.b.devtools.env.DevToolsPropertyDefaultsPostProcessor.logTo:255 -Devtools property defaults active! Set 'spring.devtools.add-properties' to 'false' to disable
2021-02-09 01:36:05.978 INFO  [restartedMain]o.s.b.devtools.env.DevToolsPropertyDefaultsPostProcessor.logTo:255 -For additional web related logging consider setting the 'logging.level.web' property to 'DEBUG'
2021-02-09 01:36:06.769 INFO  [restartedMain]o.s.d.repository.config.RepositoryConfigurationDelegate.multipleStoresDetected:250 -Multiple Spring Data modules found, entering strict repository configuration mode!
2021-02-09 01:36:06.770 INFO  [restartedMain]o.s.d.repository.config.RepositoryConfigurationDelegate.registerRepositoriesIn:128 -Bootstrapping Spring Data JDBC repositories in DEFAULT mode.
2021-02-09 01:36:06.787 INFO  [restartedMain]o.s.d.repository.config.RepositoryConfigurationDelegate.registerRepositoriesIn:188 -Finished Spring Data repository scanning in 13 ms. Found 0 JDBC repository interfaces.
2021-02-09 01:36:06.800 INFO  [restartedMain]o.s.d.repository.config.RepositoryConfigurationDelegate.multipleStoresDetected:250 -Multiple Spring Data modules found, entering strict repository configuration mode!
2021-02-09 01:36:06.800 INFO  [restartedMain]o.s.d.repository.config.RepositoryConfigurationDelegate.registerRepositoriesIn:128 -Bootstrapping Spring Data JPA repositories in DEFAULT mode.
2021-02-09 01:36:06.814 INFO  [restartedMain]o.s.d.repository.config.RepositoryConfigurationDelegate.registerRepositoriesIn:188 -Finished Spring Data repository scanning in 6 ms. Found 0 JPA repository interfaces.
2021-02-09 01:36:07.583 INFO  [restartedMain]o.s.boot.web.embedded.tomcat.TomcatWebServer.initialize:108 -Tomcat initialized with port(s): 8081 (http)
2021-02-09 01:36:07.645 INFO  [restartedMain]org.apache.coyote.http11.Http11NioProtocol.log:173 -Initializing ProtocolHandler ["http-nio-8081"]
2021-02-09 01:36:07.646 INFO  [restartedMain]org.apache.catalina.core.StandardService.log:173 -Starting service [Tomcat]
2021-02-09 01:36:07.647 INFO  [restartedMain]org.apache.catalina.core.StandardEngine.log:173 -Starting Servlet engine: [Apache Tomcat/9.0.41]
2021-02-09 01:36:07.753 INFO  [restartedMain]o.a.catalina.core.ContainerBase.[Tomcat].[localhost].[/].log:173 -Initializing Spring embedded WebApplicationContext
2021-02-09 01:36:07.754 INFO  [restartedMain]o.s.b.w.s.context.ServletWebServerApplicationContext.prepareWebApplicationContext:289 -Root WebApplicationContext: initialization completed in 1774 ms
2021-02-09 01:36:07.819 INFO  [restartedMain]c.a.d.s.boot.autoconfigure.DruidDataSourceAutoConfigure.dataSource:56 -Init DruidDataSource
2021-02-09 01:36:08.079 INFO  [restartedMain]com.alibaba.druid.pool.DruidDataSource.init:930 -{dataSource-1} inited
2021-02-09 01:36:08.223 INFO  [restartedMain]org.hibernate.jpa.internal.util.LogHelper.logPersistenceUnitInformation:31 -HHH000204: Processing PersistenceUnitInfo [name: default]
2021-02-09 01:36:08.260 INFO  [restartedMain]org.hibernate.Version.logVersion:44 -HHH000412: Hibernate ORM core version 5.4.27.Final
2021-02-09 01:36:08.349 INFO  [restartedMain]org.hibernate.annotations.common.Version.<clinit>:56 -HCANN000001: Hibernate Commons Annotations {5.1.2.Final}
2021-02-09 01:36:08.533 INFO  [restartedMain]org.hibernate.dialect.Dialect.<init>:175 -HHH000400: Using dialect: org.hibernate.dialect.MySQL5InnoDBDialect
2021-02-09 01:36:08.720 INFO  [restartedMain]o.h.e.t.jta.platform.internal.JtaPlatformInitiator.initiateService:52 -HHH000490: Using JtaPlatform implementation: [org.hibernate.engine.transaction.jta.platform.internal.NoJtaPlatform]
2021-02-09 01:36:08.729 INFO  [restartedMain]o.s.orm.jpa.LocalContainerEntityManagerFactoryBean.buildNativeEntityManagerFactory:437 -Initialized JPA EntityManagerFactory for persistence unit 'default'
2021-02-09 01:36:08.757 INFO  [restartedMain]o.s.boot.devtools.autoconfigure.OptionalLiveReloadServer.startServer:58 -LiveReload server is running on port 35729
2021-02-09 01:36:09.623 INFO  [restartedMain]org.apache.coyote.http11.Http11NioProtocol.log:173 -Starting ProtocolHandler ["http-nio-8081"]
2021-02-09 01:36:09.638 INFO  [restartedMain]o.s.boot.web.embedded.tomcat.TomcatWebServer.start:220 -Tomcat started on port(s): 8081 (http) with context path ''
2021-02-09 01:36:09.646 INFO  [restartedMain]com.fxys.opinion_plus.OpinionPlusApplication.logStarted:61 -Started OpinionPlusApplication in 4.244 seconds (JVM running for 5.613)
2021-02-09 01:36:23.326 INFO  [http-nio-8081-exec-1]o.a.catalina.core.ContainerBase.[Tomcat].[localhost].[/].log:173 -Initializing Spring DispatcherServlet 'dispatcherServlet'
2021-02-09 01:36:23.326 INFO  [http-nio-8081-exec-1]org.springframework.web.servlet.DispatcherServlet.initServletBean:525 -Initializing Servlet 'dispatcherServlet'
2021-02-09 01:36:23.327 INFO  [http-nio-8081-exec-1]org.springframework.web.servlet.DispatcherServlet.initServletBean:547 -Completed initialization in 0 ms
2021-02-09 01:37:30.769 INFO  [background-preinit]org.hibernate.validator.internal.util.Version.<clinit>:30 -HV000001: Hibernate Validator 5.4.1.Final
2021-02-09 01:37:30.769 INFO  [restartedMain]com.fxys.opinion_plus.OpinionPlusApplication.logStarting:55 -Starting OpinionPlusApplication using Java 1.8.0_151 on LAPTOP-F69Q7ABG with PID 10116 (D:\springboot\opinion-plus\target\classes started by 14040 in D:\springboot\opinion-plus)
2021-02-09 01:37:30.773 INFO  [restartedMain]com.fxys.opinion_plus.OpinionPlusApplication.logStartupProfileInfo:660 -No active profile set, falling back to default profiles: default
2021-02-09 01:37:30.820 INFO  [restartedMain]org.springframework.boot.devtools.restart.ChangeableUrls.logTo:255 -The Class-Path manifest attribute in D:\repository\org\carrot2\morfologik-speller\1.9.0\morfologik-speller-1.9.0.jar referenced one or more files that do not exist: file:/D:/repository/org/carrot2/morfologik-speller/1.9.0/morfologik-stemming-1.9.0.jar,file:/D:/repository/org/carrot2/morfologik-speller/1.9.0/morfologik-fsa-1.9.0.jar
2021-02-09 01:37:30.821 INFO  [restartedMain]org.springframework.boot.devtools.restart.ChangeableUrls.logTo:255 -The Class-Path manifest attribute in D:\repository\org\carrot2\morfologik-stemming\1.9.0\morfologik-stemming-1.9.0.jar referenced one or more files that do not exist: file:/D:/repository/org/carrot2/morfologik-stemming/1.9.0/morfologik-fsa-1.9.0.jar
2021-02-09 01:37:30.821 INFO  [restartedMain]org.springframework.boot.devtools.restart.ChangeableUrls.logTo:255 -The Class-Path manifest attribute in D:\repository\org\apache\opennlp\opennlp-tools\1.5.3\opennlp-tools-1.5.3.jar referenced one or more files that do not exist: file:/D:/repository/org/apache/opennlp/opennlp-tools/1.5.3/opennlp-maxent-3.0.3.jar,file:/D:/repository/org/apache/opennlp/opennlp-tools/1.5.3/jwnl-1.3.3.jar
2021-02-09 01:37:30.821 INFO  [restartedMain]o.s.b.devtools.env.DevToolsPropertyDefaultsPostProcessor.logTo:255 -Devtools property defaults active! Set 'spring.devtools.add-properties' to 'false' to disable
2021-02-09 01:37:30.821 INFO  [restartedMain]o.s.b.devtools.env.DevToolsPropertyDefaultsPostProcessor.logTo:255 -For additional web related logging consider setting the 'logging.level.web' property to 'DEBUG'
2021-02-09 01:37:31.983 INFO  [restartedMain]o.s.d.repository.config.RepositoryConfigurationDelegate.multipleStoresDetected:250 -Multiple Spring Data modules found, entering strict repository configuration mode!
2021-02-09 01:37:31.984 INFO  [restartedMain]o.s.d.repository.config.RepositoryConfigurationDelegate.registerRepositoriesIn:128 -Bootstrapping Spring Data JDBC repositories in DEFAULT mode.
2021-02-09 01:37:32.011 INFO  [restartedMain]o.s.d.repository.config.RepositoryConfigurationDelegate.registerRepositoriesIn:188 -Finished Spring Data repository scanning in 23 ms. Found 0 JDBC repository interfaces.
2021-02-09 01:37:32.020 INFO  [restartedMain]o.s.d.repository.config.RepositoryConfigurationDelegate.multipleStoresDetected:250 -Multiple Spring Data modules found, entering strict repository configuration mode!
2021-02-09 01:37:32.020 INFO  [restartedMain]o.s.d.repository.config.RepositoryConfigurationDelegate.registerRepositoriesIn:128 -Bootstrapping Spring Data JPA repositories in DEFAULT mode.
2021-02-09 01:37:32.031 INFO  [restartedMain]o.s.d.repository.config.RepositoryConfigurationDelegate.registerRepositoriesIn:188 -Finished Spring Data repository scanning in 7 ms. Found 0 JPA repository interfaces.
2021-02-09 01:37:32.908 INFO  [restartedMain]o.s.boot.web.embedded.tomcat.TomcatWebServer.initialize:108 -Tomcat initialized with port(s): 8081 (http)
2021-02-09 01:37:32.916 INFO  [restartedMain]org.apache.coyote.http11.Http11NioProtocol.log:173 -Initializing ProtocolHandler ["http-nio-8081"]
2021-02-09 01:37:32.917 INFO  [restartedMain]org.apache.catalina.core.StandardService.log:173 -Starting service [Tomcat]
2021-02-09 01:37:32.917 INFO  [restartedMain]org.apache.catalina.core.StandardEngine.log:173 -Starting Servlet engine: [Apache Tomcat/9.0.41]
2021-02-09 01:37:33.034 INFO  [restartedMain]o.a.catalina.core.ContainerBase.[Tomcat].[localhost].[/].log:173 -Initializing Spring embedded WebApplicationContext
2021-02-09 01:37:33.034 INFO  [restartedMain]o.s.b.w.s.context.ServletWebServerApplicationContext.prepareWebApplicationContext:289 -Root WebApplicationContext: initialization completed in 2212 ms
2021-02-09 01:37:33.193 INFO  [restartedMain]c.a.d.s.boot.autoconfigure.DruidDataSourceAutoConfigure.dataSource:56 -Init DruidDataSource
2021-02-09 01:37:33.479 INFO  [restartedMain]com.alibaba.druid.pool.DruidDataSource.init:930 -{dataSource-1} inited
2021-02-09 01:37:33.646 INFO  [restartedMain]org.hibernate.jpa.internal.util.LogHelper.logPersistenceUnitInformation:31 -HHH000204: Processing PersistenceUnitInfo [name: default]
2021-02-09 01:37:33.697 INFO  [restartedMain]org.hibernate.Version.logVersion:44 -HHH000412: Hibernate ORM core version 5.4.27.Final
2021-02-09 01:37:33.801 INFO  [restartedMain]org.hibernate.annotations.common.Version.<clinit>:56 -HCANN000001: Hibernate Commons Annotations {5.1.2.Final}
2021-02-09 01:37:34.020 INFO  [restartedMain]org.hibernate.dialect.Dialect.<init>:175 -HHH000400: Using dialect: org.hibernate.dialect.MySQL5InnoDBDialect
2021-02-09 01:37:34.666 INFO  [restartedMain]o.h.e.t.jta.platform.internal.JtaPlatformInitiator.initiateService:52 -HHH000490: Using JtaPlatform implementation: [org.hibernate.engine.transaction.jta.platform.internal.NoJtaPlatform]
2021-02-09 01:37:34.679 INFO  [restartedMain]o.s.orm.jpa.LocalContainerEntityManagerFactoryBean.buildNativeEntityManagerFactory:437 -Initialized JPA EntityManagerFactory for persistence unit 'default'
2021-02-09 01:37:34.716 INFO  [restartedMain]o.s.boot.devtools.autoconfigure.OptionalLiveReloadServer.startServer:58 -LiveReload server is running on port 35729
2021-02-09 01:37:35.786 INFO  [restartedMain]org.apache.coyote.http11.Http11NioProtocol.log:173 -Starting ProtocolHandler ["http-nio-8081"]
2021-02-09 01:37:35.846 INFO  [restartedMain]o.s.boot.web.embedded.tomcat.TomcatWebServer.start:220 -Tomcat started on port(s): 8081 (http) with context path ''
2021-02-09 01:37:35.855 INFO  [restartedMain]com.fxys.opinion_plus.OpinionPlusApplication.logStarted:61 -Started OpinionPlusApplication in 5.633 seconds (JVM running for 7.229)
2021-02-09 01:38:18.203 INFO  [http-nio-8081-exec-1]o.a.catalina.core.ContainerBase.[Tomcat].[localhost].[/].log:173 -Initializing Spring DispatcherServlet 'dispatcherServlet'
2021-02-09 01:38:18.204 INFO  [http-nio-8081-exec-1]org.springframework.web.servlet.DispatcherServlet.initServletBean:525 -Initializing Servlet 'dispatcherServlet'
2021-02-09 01:38:18.206 INFO  [http-nio-8081-exec-1]org.springframework.web.servlet.DispatcherServlet.initServletBean:547 -Completed initialization in 2 ms
2021-02-09 01:42:03.172 INFO  [background-preinit]org.hibernate.validator.internal.util.Version.<clinit>:30 -HV000001: Hibernate Validator 5.4.1.Final
2021-02-09 01:42:03.172 INFO  [restartedMain]com.fxys.opinion_plus.OpinionPlusApplication.logStarting:55 -Starting OpinionPlusApplication using Java 1.8.0_151 on LAPTOP-F69Q7ABG with PID 7412 (D:\springboot\opinion-plus\target\classes started by 14040 in D:\springboot\opinion-plus)
2021-02-09 01:42:03.176 INFO  [restartedMain]com.fxys.opinion_plus.OpinionPlusApplication.logStartupProfileInfo:660 -No active profile set, falling back to default profiles: default
2021-02-09 01:42:03.230 INFO  [restartedMain]org.springframework.boot.devtools.restart.ChangeableUrls.logTo:255 -The Class-Path manifest attribute in D:\repository\org\carrot2\morfologik-speller\1.9.0\morfologik-speller-1.9.0.jar referenced one or more files that do not exist: file:/D:/repository/org/carrot2/morfologik-speller/1.9.0/morfologik-stemming-1.9.0.jar,file:/D:/repository/org/carrot2/morfologik-speller/1.9.0/morfologik-fsa-1.9.0.jar
2021-02-09 01:42:03.230 INFO  [restartedMain]org.springframework.boot.devtools.restart.ChangeableUrls.logTo:255 -The Class-Path manifest attribute in D:\repository\org\carrot2\morfologik-stemming\1.9.0\morfologik-stemming-1.9.0.jar referenced one or more files that do not exist: file:/D:/repository/org/carrot2/morfologik-stemming/1.9.0/morfologik-fsa-1.9.0.jar
2021-02-09 01:42:03.231 INFO  [restartedMain]org.springframework.boot.devtools.restart.ChangeableUrls.logTo:255 -The Class-Path manifest attribute in D:\repository\org\apache\opennlp\opennlp-tools\1.5.3\opennlp-tools-1.5.3.jar referenced one or more files that do not exist: file:/D:/repository/org/apache/opennlp/opennlp-tools/1.5.3/opennlp-maxent-3.0.3.jar,file:/D:/repository/org/apache/opennlp/opennlp-tools/1.5.3/jwnl-1.3.3.jar
2021-02-09 01:42:03.231 INFO  [restartedMain]o.s.b.devtools.env.DevToolsPropertyDefaultsPostProcessor.logTo:255 -Devtools property defaults active! Set 'spring.devtools.add-properties' to 'false' to disable
2021-02-09 01:42:03.231 INFO  [restartedMain]o.s.b.devtools.env.DevToolsPropertyDefaultsPostProcessor.logTo:255 -For additional web related logging consider setting the 'logging.level.web' property to 'DEBUG'
2021-02-09 01:42:03.943 INFO  [restartedMain]o.s.d.repository.config.RepositoryConfigurationDelegate.multipleStoresDetected:250 -Multiple Spring Data modules found, entering strict repository configuration mode!
2021-02-09 01:42:03.944 INFO  [restartedMain]o.s.d.repository.config.RepositoryConfigurationDelegate.registerRepositoriesIn:128 -Bootstrapping Spring Data JDBC repositories in DEFAULT mode.
2021-02-09 01:42:03.961 INFO  [restartedMain]o.s.d.repository.config.RepositoryConfigurationDelegate.registerRepositoriesIn:188 -Finished Spring Data repository scanning in 14 ms. Found 0 JDBC repository interfaces.
2021-02-09 01:42:03.970 INFO  [restartedMain]o.s.d.repository.config.RepositoryConfigurationDelegate.multipleStoresDetected:250 -Multiple Spring Data modules found, entering strict repository configuration mode!
2021-02-09 01:42:03.971 INFO  [restartedMain]o.s.d.repository.config.RepositoryConfigurationDelegate.registerRepositoriesIn:128 -Bootstrapping Spring Data JPA repositories in DEFAULT mode.
2021-02-09 01:42:03.980 INFO  [restartedMain]o.s.d.repository.config.RepositoryConfigurationDelegate.registerRepositoriesIn:188 -Finished Spring Data repository scanning in 4 ms. Found 0 JPA repository interfaces.
2021-02-09 01:42:04.775 INFO  [restartedMain]o.s.boot.web.embedded.tomcat.TomcatWebServer.initialize:108 -Tomcat initialized with port(s): 8081 (http)
2021-02-09 01:42:04.847 INFO  [restartedMain]org.apache.coyote.http11.Http11NioProtocol.log:173 -Initializing ProtocolHandler ["http-nio-8081"]
2021-02-09 01:42:04.848 INFO  [restartedMain]org.apache.catalina.core.StandardService.log:173 -Starting service [Tomcat]
2021-02-09 01:42:04.848 INFO  [restartedMain]org.apache.catalina.core.StandardEngine.log:173 -Starting Servlet engine: [Apache Tomcat/9.0.41]
2021-02-09 01:42:04.962 INFO  [restartedMain]o.a.catalina.core.ContainerBase.[Tomcat].[localhost].[/].log:173 -Initializing Spring embedded WebApplicationContext
2021-02-09 01:42:04.962 INFO  [restartedMain]o.s.b.w.s.context.ServletWebServerApplicationContext.prepareWebApplicationContext:289 -Root WebApplicationContext: initialization completed in 1730 ms
2021-02-09 01:42:05.032 INFO  [restartedMain]c.a.d.s.boot.autoconfigure.DruidDataSourceAutoConfigure.dataSource:56 -Init DruidDataSource
2021-02-09 01:42:05.353 INFO  [restartedMain]com.alibaba.druid.pool.DruidDataSource.init:930 -{dataSource-1} inited
2021-02-09 01:42:05.512 INFO  [restartedMain]org.hibernate.jpa.internal.util.LogHelper.logPersistenceUnitInformation:31 -HHH000204: Processing PersistenceUnitInfo [name: default]
2021-02-09 01:42:05.551 INFO  [restartedMain]org.hibernate.Version.logVersion:44 -HHH000412: Hibernate ORM core version 5.4.27.Final
2021-02-09 01:42:05.653 INFO  [restartedMain]org.hibernate.annotations.common.Version.<clinit>:56 -HCANN000001: Hibernate Commons Annotations {5.1.2.Final}
2021-02-09 01:42:05.865 INFO  [restartedMain]org.hibernate.dialect.Dialect.<init>:175 -HHH000400: Using dialect: org.hibernate.dialect.MySQL5InnoDBDialect
2021-02-09 01:42:06.073 INFO  [restartedMain]o.h.e.t.jta.platform.internal.JtaPlatformInitiator.initiateService:52 -HHH000490: Using JtaPlatform implementation: [org.hibernate.engine.transaction.jta.platform.internal.NoJtaPlatform]
2021-02-09 01:42:06.083 INFO  [restartedMain]o.s.orm.jpa.LocalContainerEntityManagerFactoryBean.buildNativeEntityManagerFactory:437 -Initialized JPA EntityManagerFactory for persistence unit 'default'
2021-02-09 01:42:06.115 INFO  [restartedMain]o.s.boot.devtools.autoconfigure.OptionalLiveReloadServer.startServer:58 -LiveReload server is running on port 35729
2021-02-09 01:42:07.230 INFO  [restartedMain]org.apache.coyote.http11.Http11NioProtocol.log:173 -Starting ProtocolHandler ["http-nio-8081"]
2021-02-09 01:42:07.249 INFO  [restartedMain]o.s.boot.web.embedded.tomcat.TomcatWebServer.start:220 -Tomcat started on port(s): 8081 (http) with context path ''
2021-02-09 01:42:07.261 INFO  [restartedMain]com.fxys.opinion_plus.OpinionPlusApplication.logStarted:61 -Started OpinionPlusApplication in 4.828 seconds (JVM running for 6.603)
2021-02-09 01:43:02.389 INFO  [http-nio-8081-exec-1]o.a.catalina.core.ContainerBase.[Tomcat].[localhost].[/].log:173 -Initializing Spring DispatcherServlet 'dispatcherServlet'
2021-02-09 01:43:02.389 INFO  [http-nio-8081-exec-1]org.springframework.web.servlet.DispatcherServlet.initServletBean:525 -Initializing Servlet 'dispatcherServlet'
2021-02-09 01:43:02.391 INFO  [http-nio-8081-exec-1]org.springframework.web.servlet.DispatcherServlet.initServletBean:547 -Completed initialization in 2 ms
2021-02-09 01:47:33.658 INFO  [restartedMain]com.fxys.opinion_plus.OpinionPlusApplication.logStarting:55 -Starting OpinionPlusApplication using Java 1.8.0_151 on LAPTOP-F69Q7ABG with PID 24008 (D:\springboot\opinion-plus\target\classes started by 14040 in D:\springboot\opinion-plus)
2021-02-09 01:47:33.657 INFO  [background-preinit]org.hibernate.validator.internal.util.Version.<clinit>:30 -HV000001: Hibernate Validator 5.4.1.Final
2021-02-09 01:47:33.664 INFO  [restartedMain]com.fxys.opinion_plus.OpinionPlusApplication.logStartupProfileInfo:660 -No active profile set, falling back to default profiles: default
2021-02-09 01:47:33.733 INFO  [restartedMain]org.springframework.boot.devtools.restart.ChangeableUrls.logTo:255 -The Class-Path manifest attribute in D:\repository\org\carrot2\morfologik-speller\1.9.0\morfologik-speller-1.9.0.jar referenced one or more files that do not exist: file:/D:/repository/org/carrot2/morfologik-speller/1.9.0/morfologik-stemming-1.9.0.jar,file:/D:/repository/org/carrot2/morfologik-speller/1.9.0/morfologik-fsa-1.9.0.jar
2021-02-09 01:47:33.733 INFO  [restartedMain]org.springframework.boot.devtools.restart.ChangeableUrls.logTo:255 -The Class-Path manifest attribute in D:\repository\org\carrot2\morfologik-stemming\1.9.0\morfologik-stemming-1.9.0.jar referenced one or more files that do not exist: file:/D:/repository/org/carrot2/morfologik-stemming/1.9.0/morfologik-fsa-1.9.0.jar
2021-02-09 01:47:33.734 INFO  [restartedMain]org.springframework.boot.devtools.restart.ChangeableUrls.logTo:255 -The Class-Path manifest attribute in D:\repository\org\apache\opennlp\opennlp-tools\1.5.3\opennlp-tools-1.5.3.jar referenced one or more files that do not exist: file:/D:/repository/org/apache/opennlp/opennlp-tools/1.5.3/opennlp-maxent-3.0.3.jar,file:/D:/repository/org/apache/opennlp/opennlp-tools/1.5.3/jwnl-1.3.3.jar
2021-02-09 01:47:33.734 INFO  [restartedMain]o.s.b.devtools.env.DevToolsPropertyDefaultsPostProcessor.logTo:255 -Devtools property defaults active! Set 'spring.devtools.add-properties' to 'false' to disable
2021-02-09 01:47:33.735 INFO  [restartedMain]o.s.b.devtools.env.DevToolsPropertyDefaultsPostProcessor.logTo:255 -For additional web related logging consider setting the 'logging.level.web' property to 'DEBUG'
2021-02-09 01:47:34.497 INFO  [restartedMain]o.s.d.repository.config.RepositoryConfigurationDelegate.multipleStoresDetected:250 -Multiple Spring Data modules found, entering strict repository configuration mode!
2021-02-09 01:47:34.498 INFO  [restartedMain]o.s.d.repository.config.RepositoryConfigurationDelegate.registerRepositoriesIn:128 -Bootstrapping Spring Data JDBC repositories in DEFAULT mode.
2021-02-09 01:47:34.520 INFO  [restartedMain]o.s.d.repository.config.RepositoryConfigurationDelegate.registerRepositoriesIn:188 -Finished Spring Data repository scanning in 18 ms. Found 0 JDBC repository interfaces.
2021-02-09 01:47:34.532 INFO  [restartedMain]o.s.d.repository.config.RepositoryConfigurationDelegate.multipleStoresDetected:250 -Multiple Spring Data modules found, entering strict repository configuration mode!
2021-02-09 01:47:34.532 INFO  [restartedMain]o.s.d.repository.config.RepositoryConfigurationDelegate.registerRepositoriesIn:128 -Bootstrapping Spring Data JPA repositories in DEFAULT mode.
2021-02-09 01:47:34.548 INFO  [restartedMain]o.s.d.repository.config.RepositoryConfigurationDelegate.registerRepositoriesIn:188 -Finished Spring Data repository scanning in 8 ms. Found 0 JPA repository interfaces.
2021-02-09 01:47:35.103 INFO  [restartedMain]o.s.boot.web.embedded.tomcat.TomcatWebServer.initialize:108 -Tomcat initialized with port(s): 8081 (http)
2021-02-09 01:47:35.110 INFO  [restartedMain]org.apache.coyote.http11.Http11NioProtocol.log:173 -Initializing ProtocolHandler ["http-nio-8081"]
2021-02-09 01:47:35.111 INFO  [restartedMain]org.apache.catalina.core.StandardService.log:173 -Starting service [Tomcat]
2021-02-09 01:47:35.111 INFO  [restartedMain]org.apache.catalina.core.StandardEngine.log:173 -Starting Servlet engine: [Apache Tomcat/9.0.41]
2021-02-09 01:47:35.219 INFO  [restartedMain]o.a.catalina.core.ContainerBase.[Tomcat].[localhost].[/].log:173 -Initializing Spring embedded WebApplicationContext
2021-02-09 01:47:35.219 INFO  [restartedMain]o.s.b.w.s.context.ServletWebServerApplicationContext.prepareWebApplicationContext:289 -Root WebApplicationContext: initialization completed in 1483 ms
2021-02-09 01:47:35.274 INFO  [restartedMain]c.a.d.s.boot.autoconfigure.DruidDataSourceAutoConfigure.dataSource:56 -Init DruidDataSource
2021-02-09 01:47:35.480 INFO  [restartedMain]com.alibaba.druid.pool.DruidDataSource.init:930 -{dataSource-1} inited
2021-02-09 01:47:35.544 INFO  [restartedMain]org.hibernate.jpa.internal.util.LogHelper.logPersistenceUnitInformation:31 -HHH000204: Processing PersistenceUnitInfo [name: default]
2021-02-09 01:47:35.587 INFO  [restartedMain]org.hibernate.Version.logVersion:44 -HHH000412: Hibernate ORM core version 5.4.27.Final
2021-02-09 01:47:35.679 INFO  [restartedMain]org.hibernate.annotations.common.Version.<clinit>:56 -HCANN000001: Hibernate Commons Annotations {5.1.2.Final}
2021-02-09 01:47:35.872 INFO  [restartedMain]org.hibernate.dialect.Dialect.<init>:175 -HHH000400: Using dialect: org.hibernate.dialect.MySQL5InnoDBDialect
2021-02-09 01:47:36.065 INFO  [restartedMain]o.h.e.t.jta.platform.internal.JtaPlatformInitiator.initiateService:52 -HHH000490: Using JtaPlatform implementation: [org.hibernate.engine.transaction.jta.platform.internal.NoJtaPlatform]
2021-02-09 01:47:36.075 INFO  [restartedMain]o.s.orm.jpa.LocalContainerEntityManagerFactoryBean.buildNativeEntityManagerFactory:437 -Initialized JPA EntityManagerFactory for persistence unit 'default'
2021-02-09 01:47:36.092 INFO  [restartedMain]o.s.boot.devtools.autoconfigure.OptionalLiveReloadServer.startServer:58 -LiveReload server is running on port 35729
2021-02-09 01:47:36.634 INFO  [restartedMain]org.apache.coyote.http11.Http11NioProtocol.log:173 -Starting ProtocolHandler ["http-nio-8081"]
2021-02-09 01:47:36.664 INFO  [restartedMain]o.s.boot.web.embedded.tomcat.TomcatWebServer.start:220 -Tomcat started on port(s): 8081 (http) with context path ''
2021-02-09 01:47:36.673 INFO  [restartedMain]com.fxys.opinion_plus.OpinionPlusApplication.logStarted:61 -Started OpinionPlusApplication in 3.649 seconds (JVM running for 5.193)
2021-02-09 01:47:57.330 INFO  [http-nio-8081-exec-1]o.a.catalina.core.ContainerBase.[Tomcat].[localhost].[/].log:173 -Initializing Spring DispatcherServlet 'dispatcherServlet'
2021-02-09 01:47:57.331 INFO  [http-nio-8081-exec-1]org.springframework.web.servlet.DispatcherServlet.initServletBean:525 -Initializing Servlet 'dispatcherServlet'
2021-02-09 01:47:57.332 INFO  [http-nio-8081-exec-1]org.springframework.web.servlet.DispatcherServlet.initServletBean:547 -Completed initialization in 1 ms
2021-02-09 01:49:40.062 INFO  [background-preinit]org.hibernate.validator.internal.util.Version.<clinit>:30 -HV000001: Hibernate Validator 5.4.1.Final
2021-02-09 01:49:40.062 INFO  [restartedMain]com.fxys.opinion_plus.OpinionPlusApplication.logStarting:55 -Starting OpinionPlusApplication using Java 1.8.0_151 on LAPTOP-F69Q7ABG with PID 5368 (D:\springboot\opinion-plus\target\classes started by 14040 in D:\springboot\opinion-plus)
2021-02-09 01:49:40.067 INFO  [restartedMain]com.fxys.opinion_plus.OpinionPlusApplication.logStartupProfileInfo:660 -No active profile set, falling back to default profiles: default
2021-02-09 01:49:40.135 INFO  [restartedMain]org.springframework.boot.devtools.restart.ChangeableUrls.logTo:255 -The Class-Path manifest attribute in D:\repository\org\carrot2\morfologik-speller\1.9.0\morfologik-speller-1.9.0.jar referenced one or more files that do not exist: file:/D:/repository/org/carrot2/morfologik-speller/1.9.0/morfologik-stemming-1.9.0.jar,file:/D:/repository/org/carrot2/morfologik-speller/1.9.0/morfologik-fsa-1.9.0.jar
2021-02-09 01:49:40.136 INFO  [restartedMain]org.springframework.boot.devtools.restart.ChangeableUrls.logTo:255 -The Class-Path manifest attribute in D:\repository\org\carrot2\morfologik-stemming\1.9.0\morfologik-stemming-1.9.0.jar referenced one or more files that do not exist: file:/D:/repository/org/carrot2/morfologik-stemming/1.9.0/morfologik-fsa-1.9.0.jar
2021-02-09 01:49:40.136 INFO  [restartedMain]org.springframework.boot.devtools.restart.ChangeableUrls.logTo:255 -The Class-Path manifest attribute in D:\repository\org\apache\opennlp\opennlp-tools\1.5.3\opennlp-tools-1.5.3.jar referenced one or more files that do not exist: file:/D:/repository/org/apache/opennlp/opennlp-tools/1.5.3/opennlp-maxent-3.0.3.jar,file:/D:/repository/org/apache/opennlp/opennlp-tools/1.5.3/jwnl-1.3.3.jar
2021-02-09 01:49:40.137 INFO  [restartedMain]o.s.b.devtools.env.DevToolsPropertyDefaultsPostProcessor.logTo:255 -Devtools property defaults active! Set 'spring.devtools.add-properties' to 'false' to disable
2021-02-09 01:49:40.138 INFO  [restartedMain]o.s.b.devtools.env.DevToolsPropertyDefaultsPostProcessor.logTo:255 -For additional web related logging consider setting the 'logging.level.web' property to 'DEBUG'
2021-02-09 01:49:40.912 INFO  [restartedMain]o.s.d.repository.config.RepositoryConfigurationDelegate.multipleStoresDetected:250 -Multiple Spring Data modules found, entering strict repository configuration mode!
2021-02-09 01:49:40.913 INFO  [restartedMain]o.s.d.repository.config.RepositoryConfigurationDelegate.registerRepositoriesIn:128 -Bootstrapping Spring Data JDBC repositories in DEFAULT mode.
2021-02-09 01:49:40.935 INFO  [restartedMain]o.s.d.repository.config.RepositoryConfigurationDelegate.registerRepositoriesIn:188 -Finished Spring Data repository scanning in 17 ms. Found 0 JDBC repository interfaces.
2021-02-09 01:49:40.948 INFO  [restartedMain]o.s.d.repository.config.RepositoryConfigurationDelegate.multipleStoresDetected:250 -Multiple Spring Data modules found, entering strict repository configuration mode!
2021-02-09 01:49:40.949 INFO  [restartedMain]o.s.d.repository.config.RepositoryConfigurationDelegate.registerRepositoriesIn:128 -Bootstrapping Spring Data JPA repositories in DEFAULT mode.
2021-02-09 01:49:40.960 INFO  [restartedMain]o.s.d.repository.config.RepositoryConfigurationDelegate.registerRepositoriesIn:188 -Finished Spring Data repository scanning in 5 ms. Found 0 JPA repository interfaces.
2021-02-09 01:49:41.694 INFO  [restartedMain]o.s.boot.web.embedded.tomcat.TomcatWebServer.initialize:108 -Tomcat initialized with port(s): 8081 (http)
2021-02-09 01:49:41.756 INFO  [restartedMain]org.apache.coyote.http11.Http11NioProtocol.log:173 -Initializing ProtocolHandler ["http-nio-8081"]
2021-02-09 01:49:41.756 INFO  [restartedMain]org.apache.catalina.core.StandardService.log:173 -Starting service [Tomcat]
2021-02-09 01:49:41.756 INFO  [restartedMain]org.apache.catalina.core.StandardEngine.log:173 -Starting Servlet engine: [Apache Tomcat/9.0.41]
2021-02-09 01:49:41.864 INFO  [restartedMain]o.a.catalina.core.ContainerBase.[Tomcat].[localhost].[/].log:173 -Initializing Spring embedded WebApplicationContext
2021-02-09 01:49:41.864 INFO  [restartedMain]o.s.b.w.s.context.ServletWebServerApplicationContext.prepareWebApplicationContext:289 -Root WebApplicationContext: initialization completed in 1725 ms
2021-02-09 01:49:41.930 INFO  [restartedMain]c.a.d.s.boot.autoconfigure.DruidDataSourceAutoConfigure.dataSource:56 -Init DruidDataSource
2021-02-09 01:49:42.175 INFO  [restartedMain]com.alibaba.druid.pool.DruidDataSource.init:930 -{dataSource-1} inited
2021-02-09 01:49:42.314 INFO  [restartedMain]org.hibernate.jpa.internal.util.LogHelper.logPersistenceUnitInformation:31 -HHH000204: Processing PersistenceUnitInfo [name: default]
2021-02-09 01:49:42.354 INFO  [restartedMain]org.hibernate.Version.logVersion:44 -HHH000412: Hibernate ORM core version 5.4.27.Final
2021-02-09 01:49:42.460 INFO  [restartedMain]org.hibernate.annotations.common.Version.<clinit>:56 -HCANN000001: Hibernate Commons Annotations {5.1.2.Final}
2021-02-09 01:49:42.692 INFO  [restartedMain]org.hibernate.dialect.Dialect.<init>:175 -HHH000400: Using dialect: org.hibernate.dialect.MySQL5InnoDBDialect
2021-02-09 01:49:42.889 INFO  [restartedMain]o.h.e.t.jta.platform.internal.JtaPlatformInitiator.initiateService:52 -HHH000490: Using JtaPlatform implementation: [org.hibernate.engine.transaction.jta.platform.internal.NoJtaPlatform]
2021-02-09 01:49:42.900 INFO  [restartedMain]o.s.orm.jpa.LocalContainerEntityManagerFactoryBean.buildNativeEntityManagerFactory:437 -Initialized JPA EntityManagerFactory for persistence unit 'default'
2021-02-09 01:49:42.933 INFO  [restartedMain]o.s.boot.devtools.autoconfigure.OptionalLiveReloadServer.startServer:58 -LiveReload server is running on port 35729
2021-02-09 01:49:43.911 INFO  [restartedMain]org.apache.coyote.http11.Http11NioProtocol.log:173 -Starting ProtocolHandler ["http-nio-8081"]
2021-02-09 01:49:43.927 INFO  [restartedMain]o.s.boot.web.embedded.tomcat.TomcatWebServer.start:220 -Tomcat started on port(s): 8081 (http) with context path ''
2021-02-09 01:49:43.936 INFO  [restartedMain]com.fxys.opinion_plus.OpinionPlusApplication.logStarted:61 -Started OpinionPlusApplication in 4.404 seconds (JVM running for 5.793)
2021-02-09 01:50:05.334 INFO  [http-nio-8081-exec-1]o.a.catalina.core.ContainerBase.[Tomcat].[localhost].[/].log:173 -Initializing Spring DispatcherServlet 'dispatcherServlet'
2021-02-09 01:50:05.334 INFO  [http-nio-8081-exec-1]org.springframework.web.servlet.DispatcherServlet.initServletBean:525 -Initializing Servlet 'dispatcherServlet'
2021-02-09 01:50:05.336 INFO  [http-nio-8081-exec-1]org.springframework.web.servlet.DispatcherServlet.initServletBean:547 -Completed initialization in 2 ms
2021-02-09 01:50:27.590 INFO  [http-nio-8081-exec-2]com.fxys.opinion_plus.aspect.RequestAspect.printRequestLog:123 -请求地址 : /api/user/login
2021-02-09 01:50:27.591 INFO  [http-nio-8081-exec-2]com.fxys.opinion_plus.aspect.RequestAspect.printRequestLog:124 -请求方式 : POST
2021-02-09 01:50:27.593 INFO  [http-nio-8081-exec-2]com.fxys.opinion_plus.aspect.RequestAspect.printRequestLog:127 -IP : 127.0.0.1
2021-02-09 01:50:27.594 INFO  [http-nio-8081-exec-2]com.fxys.opinion_plus.aspect.RequestAspect.printRequestLog:129 -方法 : com.fxys.opinion_plus.controller.UserController.login
2021-02-09 01:50:27.595 INFO  [http-nio-8081-exec-2]com.fxys.opinion_plus.aspect.RequestAspect.printRequestLog:131 -请求参数：[UserLogin(username=123456, password=e10adc3949ba59abbe56e057f20f883e)]
2021-02-09 01:50:28.585 INFO  [http-nio-8081-exec-2]com.fxys.opinion_plus.aspect.RequestAspect.doAfterReturning:84 -返回值：{"user":{"createTime":1612756370000,"dataVersion":0,"email":"1404031711@qq.com","id":10,"password":"","state":0,"updateTime":1612756370000,"username":"123456"},"token":"eyJhbGciOiJIUzI1NiJ9.eyJzdWIiOiIxMjM0NTYiLCJpZCI6MTAsImV4cCI6MTYxMjgxMjYyNywiaWF0IjoxNjEyODA2NjI3LCJqdGkiOiI1NWE5NzAzMC0yY2I1LTRiOTYtOTE1Yy00NWI2ZmYzZDkwYTQiLCJ1c2VybmFtZSI6IjEyMzQ1NiJ9.psNlFtoSOGIQNT_M9k66-LuEbLiIaLJFK5mUb0ZolqU"}
2021-02-09 01:50:28.586 INFO  [http-nio-8081-exec-2]com.fxys.opinion_plus.aspect.RequestAspect.doAround:68 -耗时 : 996
2021-02-09 01:50:42.040 INFO  [http-nio-8081-exec-3]com.fxys.opinion_plus.aspect.RequestAspect.printRequestLog:123 -请求地址 : /api/user/updateUsername
2021-02-09 01:50:42.040 INFO  [http-nio-8081-exec-3]com.fxys.opinion_plus.aspect.RequestAspect.printRequestLog:124 -请求方式 : POST
2021-02-09 01:50:42.041 INFO  [http-nio-8081-exec-3]com.fxys.opinion_plus.aspect.RequestAspect.printRequestLog:127 -IP : 127.0.0.1
2021-02-09 01:50:42.041 INFO  [http-nio-8081-exec-3]com.fxys.opinion_plus.aspect.RequestAspect.printRequestLog:129 -方法 : com.fxys.opinion_plus.controller.UserController.updateUsername
2021-02-09 01:50:42.042 INFO  [http-nio-8081-exec-3]com.fxys.opinion_plus.aspect.RequestAspect.printRequestLog:131 -请求参数：[UserUsernameReq(username=123456789)]
2021-02-09 01:50:42.055 INFO  [http-nio-8081-exec-3]com.fxys.opinion_plus.aspect.RequestAspect.doAfterReturning:84 -返回值："更新成功"
2021-02-09 01:50:42.055 INFO  [http-nio-8081-exec-3]com.fxys.opinion_plus.aspect.RequestAspect.doAround:68 -耗时 : 15
2021-02-09 01:57:50.735 INFO  [http-nio-8081-exec-6]com.fxys.opinion_plus.aspect.RequestAspect.printRequestLog:123 -请求地址 : /api/user/updateUsername
2021-02-09 01:57:50.735 INFO  [http-nio-8081-exec-6]com.fxys.opinion_plus.aspect.RequestAspect.printRequestLog:124 -请求方式 : POST
2021-02-09 01:57:50.736 INFO  [http-nio-8081-exec-6]com.fxys.opinion_plus.aspect.RequestAspect.printRequestLog:127 -IP : 127.0.0.1
2021-02-09 01:57:50.736 INFO  [http-nio-8081-exec-6]com.fxys.opinion_plus.aspect.RequestAspect.printRequestLog:129 -方法 : com.fxys.opinion_plus.controller.UserController.updateUsername
2021-02-09 01:57:50.736 INFO  [http-nio-8081-exec-6]com.fxys.opinion_plus.aspect.RequestAspect.printRequestLog:131 -请求参数：[UserUsernameReq(username=12345678)]
2021-02-09 01:57:50.748 INFO  [http-nio-8081-exec-6]com.fxys.opinion_plus.aspect.RequestAspect.doAfterReturning:84 -返回值："更新成功"
2021-02-09 01:57:50.749 INFO  [http-nio-8081-exec-6]com.fxys.opinion_plus.aspect.RequestAspect.doAround:68 -耗时 : 14
2021-02-09 02:04:59.214 INFO  [http-nio-8081-exec-5]com.fxys.opinion_plus.aspect.RequestAspect.printRequestLog:123 -请求地址 : /api/user/login
2021-02-09 02:04:59.214 INFO  [http-nio-8081-exec-5]com.fxys.opinion_plus.aspect.RequestAspect.printRequestLog:124 -请求方式 : POST
2021-02-09 02:04:59.215 INFO  [http-nio-8081-exec-5]com.fxys.opinion_plus.aspect.RequestAspect.printRequestLog:127 -IP : 127.0.0.1
2021-02-09 02:04:59.215 INFO  [http-nio-8081-exec-5]com.fxys.opinion_plus.aspect.RequestAspect.printRequestLog:129 -方法 : com.fxys.opinion_plus.controller.UserController.login
2021-02-09 02:04:59.215 INFO  [http-nio-8081-exec-5]com.fxys.opinion_plus.aspect.RequestAspect.printRequestLog:131 -请求参数：[UserLogin(username=123456, password=e10adc3949ba59abbe56e057f20f883e)]
2021-02-09 02:05:05.845 INFO  [http-nio-8081-exec-4]com.fxys.opinion_plus.aspect.RequestAspect.printRequestLog:123 -请求地址 : /api/user/login
2021-02-09 02:05:05.847 INFO  [http-nio-8081-exec-4]com.fxys.opinion_plus.aspect.RequestAspect.printRequestLog:124 -请求方式 : POST
2021-02-09 02:05:05.847 INFO  [http-nio-8081-exec-4]com.fxys.opinion_plus.aspect.RequestAspect.printRequestLog:127 -IP : 127.0.0.1
2021-02-09 02:05:05.848 INFO  [http-nio-8081-exec-4]com.fxys.opinion_plus.aspect.RequestAspect.printRequestLog:129 -方法 : com.fxys.opinion_plus.controller.UserController.login
2021-02-09 02:05:05.848 INFO  [http-nio-8081-exec-4]com.fxys.opinion_plus.aspect.RequestAspect.printRequestLog:131 -请求参数：[UserLogin(username=12345678, password=e10adc3949ba59abbe56e057f20f883e)]
2021-02-09 02:05:05.855 INFO  [http-nio-8081-exec-4]com.fxys.opinion_plus.aspect.RequestAspect.doAfterReturning:84 -返回值：{"user":{"createTime":1612756370000,"dataVersion":2,"email":"1404031711@qq.com","id":10,"password":"","state":0,"updateTime":1612807070000,"username":"12345678"},"token":"eyJhbGciOiJIUzI1NiJ9.eyJzdWIiOiIxMjM0NTY3OCIsImlkIjoxMCwiZXhwIjoxNjEyODEzNTA1LCJpYXQiOjE2MTI4MDc1MDUsImp0aSI6ImU2NTQwMTA4LTE0OGMtNGEwNS1iMDEwLWZjZTdjODk2YzBlYSIsInVzZXJuYW1lIjoiMTIzNDU2NzgifQ.QpCksliFZxE8eGTGLiKNiUBWkvs_ubsznJl7ytOy2bM"}
2021-02-09 02:05:05.856 INFO  [http-nio-8081-exec-4]com.fxys.opinion_plus.aspect.RequestAspect.doAround:68 -耗时 : 11
2021-02-09 02:05:11.764 INFO  [http-nio-8081-exec-7]com.fxys.opinion_plus.aspect.RequestAspect.printRequestLog:123 -请求地址 : /api/user/updateUsername
2021-02-09 02:05:11.764 INFO  [http-nio-8081-exec-7]com.fxys.opinion_plus.aspect.RequestAspect.printRequestLog:124 -请求方式 : POST
2021-02-09 02:05:11.765 INFO  [http-nio-8081-exec-7]com.fxys.opinion_plus.aspect.RequestAspect.printRequestLog:127 -IP : 127.0.0.1
2021-02-09 02:05:11.765 INFO  [http-nio-8081-exec-7]com.fxys.opinion_plus.aspect.RequestAspect.printRequestLog:129 -方法 : com.fxys.opinion_plus.controller.UserController.updateUsername
2021-02-09 02:05:11.765 INFO  [http-nio-8081-exec-7]com.fxys.opinion_plus.aspect.RequestAspect.printRequestLog:131 -请求参数：[UserUsernameReq(username=123456)]
2021-02-09 02:05:11.774 INFO  [http-nio-8081-exec-7]com.fxys.opinion_plus.aspect.RequestAspect.doAfterReturning:84 -返回值："更新成功"
2021-02-09 02:05:11.774 INFO  [http-nio-8081-exec-7]com.fxys.opinion_plus.aspect.RequestAspect.doAround:68 -耗时 : 10
2021-02-09 10:25:39.902 INFO  [restartedMain]com.fxys.opinion_plus.OpinionPlusApplication.logStarting:55 -Starting OpinionPlusApplication using Java 1.8.0_151 on LAPTOP-F69Q7ABG with PID 8 (D:\springboot\opinion-plus\target\classes started by 14040 in D:\springboot\opinion-plus)
2021-02-09 10:25:39.902 INFO  [background-preinit]org.hibernate.validator.internal.util.Version.<clinit>:30 -HV000001: Hibernate Validator 5.4.1.Final
2021-02-09 10:25:39.936 INFO  [restartedMain]com.fxys.opinion_plus.OpinionPlusApplication.logStartupProfileInfo:660 -No active profile set, falling back to default profiles: default
2021-02-09 10:25:40.036 INFO  [restartedMain]org.springframework.boot.devtools.restart.ChangeableUrls.logTo:255 -The Class-Path manifest attribute in D:\repository\org\carrot2\morfologik-speller\1.9.0\morfologik-speller-1.9.0.jar referenced one or more files that do not exist: file:/D:/repository/org/carrot2/morfologik-speller/1.9.0/morfologik-stemming-1.9.0.jar,file:/D:/repository/org/carrot2/morfologik-speller/1.9.0/morfologik-fsa-1.9.0.jar
2021-02-09 10:25:40.036 INFO  [restartedMain]org.springframework.boot.devtools.restart.ChangeableUrls.logTo:255 -The Class-Path manifest attribute in D:\repository\org\carrot2\morfologik-stemming\1.9.0\morfologik-stemming-1.9.0.jar referenced one or more files that do not exist: file:/D:/repository/org/carrot2/morfologik-stemming/1.9.0/morfologik-fsa-1.9.0.jar
2021-02-09 10:25:40.037 INFO  [restartedMain]org.springframework.boot.devtools.restart.ChangeableUrls.logTo:255 -The Class-Path manifest attribute in D:\repository\org\apache\opennlp\opennlp-tools\1.5.3\opennlp-tools-1.5.3.jar referenced one or more files that do not exist: file:/D:/repository/org/apache/opennlp/opennlp-tools/1.5.3/opennlp-maxent-3.0.3.jar,file:/D:/repository/org/apache/opennlp/opennlp-tools/1.5.3/jwnl-1.3.3.jar
2021-02-09 10:25:40.037 INFO  [restartedMain]o.s.b.devtools.env.DevToolsPropertyDefaultsPostProcessor.logTo:255 -Devtools property defaults active! Set 'spring.devtools.add-properties' to 'false' to disable
2021-02-09 10:25:40.038 INFO  [restartedMain]o.s.b.devtools.env.DevToolsPropertyDefaultsPostProcessor.logTo:255 -For additional web related logging consider setting the 'logging.level.web' property to 'DEBUG'
2021-02-09 10:25:41.599 INFO  [restartedMain]o.s.d.repository.config.RepositoryConfigurationDelegate.multipleStoresDetected:250 -Multiple Spring Data modules found, entering strict repository configuration mode!
2021-02-09 10:25:41.600 INFO  [restartedMain]o.s.d.repository.config.RepositoryConfigurationDelegate.registerRepositoriesIn:128 -Bootstrapping Spring Data JDBC repositories in DEFAULT mode.
2021-02-09 10:25:41.619 INFO  [restartedMain]o.s.d.repository.config.RepositoryConfigurationDelegate.registerRepositoriesIn:188 -Finished Spring Data repository scanning in 14 ms. Found 0 JDBC repository interfaces.
2021-02-09 10:25:41.630 INFO  [restartedMain]o.s.d.repository.config.RepositoryConfigurationDelegate.multipleStoresDetected:250 -Multiple Spring Data modules found, entering strict repository configuration mode!
2021-02-09 10:25:41.630 INFO  [restartedMain]o.s.d.repository.config.RepositoryConfigurationDelegate.registerRepositoriesIn:128 -Bootstrapping Spring Data JPA repositories in DEFAULT mode.
2021-02-09 10:25:41.642 INFO  [restartedMain]o.s.d.repository.config.RepositoryConfigurationDelegate.registerRepositoriesIn:188 -Finished Spring Data repository scanning in 4 ms. Found 0 JPA repository interfaces.
2021-02-09 10:25:42.660 INFO  [restartedMain]o.s.boot.web.embedded.tomcat.TomcatWebServer.initialize:108 -Tomcat initialized with port(s): 8081 (http)
2021-02-09 10:25:42.719 INFO  [restartedMain]org.apache.coyote.http11.Http11NioProtocol.log:173 -Initializing ProtocolHandler ["http-nio-8081"]
2021-02-09 10:25:42.720 INFO  [restartedMain]org.apache.catalina.core.StandardService.log:173 -Starting service [Tomcat]
2021-02-09 10:25:42.721 INFO  [restartedMain]org.apache.catalina.core.StandardEngine.log:173 -Starting Servlet engine: [Apache Tomcat/9.0.41]
2021-02-09 10:25:42.839 INFO  [restartedMain]o.a.catalina.core.ContainerBase.[Tomcat].[localhost].[/].log:173 -Initializing Spring embedded WebApplicationContext
2021-02-09 10:25:42.839 INFO  [restartedMain]o.s.b.w.s.context.ServletWebServerApplicationContext.prepareWebApplicationContext:289 -Root WebApplicationContext: initialization completed in 2800 ms
2021-02-09 10:25:42.936 INFO  [restartedMain]c.a.d.s.boot.autoconfigure.DruidDataSourceAutoConfigure.dataSource:56 -Init DruidDataSource
2021-02-09 10:25:43.261 INFO  [restartedMain]com.alibaba.druid.pool.DruidDataSource.init:930 -{dataSource-1} inited
2021-02-09 10:25:43.449 INFO  [restartedMain]org.hibernate.jpa.internal.util.LogHelper.logPersistenceUnitInformation:31 -HHH000204: Processing PersistenceUnitInfo [name: default]
2021-02-09 10:25:43.522 INFO  [restartedMain]org.hibernate.Version.logVersion:44 -HHH000412: Hibernate ORM core version 5.4.27.Final
2021-02-09 10:25:43.789 INFO  [restartedMain]org.hibernate.annotations.common.Version.<clinit>:56 -HCANN000001: Hibernate Commons Annotations {5.1.2.Final}
2021-02-09 10:25:44.223 INFO  [restartedMain]org.hibernate.dialect.Dialect.<init>:175 -HHH000400: Using dialect: org.hibernate.dialect.MySQL5InnoDBDialect
2021-02-09 10:25:44.607 INFO  [restartedMain]o.h.e.t.jta.platform.internal.JtaPlatformInitiator.initiateService:52 -HHH000490: Using JtaPlatform implementation: [org.hibernate.engine.transaction.jta.platform.internal.NoJtaPlatform]
2021-02-09 10:25:44.617 INFO  [restartedMain]o.s.orm.jpa.LocalContainerEntityManagerFactoryBean.buildNativeEntityManagerFactory:437 -Initialized JPA EntityManagerFactory for persistence unit 'default'
2021-02-09 10:25:44.649 INFO  [restartedMain]o.s.boot.devtools.autoconfigure.OptionalLiveReloadServer.startServer:58 -LiveReload server is running on port 35729
2021-02-09 10:25:45.927 INFO  [restartedMain]org.apache.coyote.http11.Http11NioProtocol.log:173 -Starting ProtocolHandler ["http-nio-8081"]
2021-02-09 10:25:45.944 INFO  [restartedMain]o.s.boot.web.embedded.tomcat.TomcatWebServer.start:220 -Tomcat started on port(s): 8081 (http) with context path ''
2021-02-09 10:25:45.952 INFO  [restartedMain]com.fxys.opinion_plus.OpinionPlusApplication.logStarted:61 -Started OpinionPlusApplication in 6.703 seconds (JVM running for 9.137)
2021-02-09 10:26:40.611 INFO  [http-nio-8081-exec-1]o.a.catalina.core.ContainerBase.[Tomcat].[localhost].[/].log:173 -Initializing Spring DispatcherServlet 'dispatcherServlet'
2021-02-09 10:26:40.612 INFO  [http-nio-8081-exec-1]org.springframework.web.servlet.DispatcherServlet.initServletBean:525 -Initializing Servlet 'dispatcherServlet'
2021-02-09 10:26:40.616 INFO  [http-nio-8081-exec-1]org.springframework.web.servlet.DispatcherServlet.initServletBean:547 -Completed initialization in 4 ms
2021-02-09 10:26:41.057 INFO  [http-nio-8081-exec-1]com.fxys.opinion_plus.aspect.RequestAspect.printRequestLog:123 -请求地址 : /api/user/login
2021-02-09 10:26:41.057 INFO  [http-nio-8081-exec-1]com.fxys.opinion_plus.aspect.RequestAspect.printRequestLog:124 -请求方式 : POST
2021-02-09 10:26:41.099 INFO  [http-nio-8081-exec-1]com.fxys.opinion_plus.aspect.RequestAspect.printRequestLog:127 -IP : 127.0.0.1
2021-02-09 10:26:41.102 INFO  [http-nio-8081-exec-1]com.fxys.opinion_plus.aspect.RequestAspect.printRequestLog:129 -方法 : com.fxys.opinion_plus.controller.UserController.login
2021-02-09 10:26:41.102 INFO  [http-nio-8081-exec-1]com.fxys.opinion_plus.aspect.RequestAspect.printRequestLog:131 -请求参数：[UserLogin(username=123456, password=e10adc3949ba59abbe56e057f20f883e)]
2021-02-09 10:26:42.766 INFO  [http-nio-8081-exec-1]com.fxys.opinion_plus.aspect.RequestAspect.doAfterReturning:84 -返回值：{"user":{"createTime":1612756370000,"dataVersion":3,"email":"1404031711@qq.com","id":10,"password":"","state":0,"updateTime":1612807511000,"username":"123456"},"token":"eyJhbGciOiJIUzI1NiJ9.eyJzdWIiOiIxMjM0NTYiLCJpZCI6MTAsImV4cCI6MTYxMjg0MzYwMSwiaWF0IjoxNjEyODM3NjAxLCJqdGkiOiI0YWQwNzVjNi1kMzdkLTQ5ZGYtODM5ZC1jZTg1MmU5MjQ0M2QiLCJ1c2VybmFtZSI6IjEyMzQ1NiJ9.fUgSN7GD-5r26fpNStyQEPJHESkXSmgAbg_2IlG4TGQ"}
2021-02-09 10:26:42.767 INFO  [http-nio-8081-exec-1]com.fxys.opinion_plus.aspect.RequestAspect.doAround:68 -耗时 : 1710
2021-02-09 10:29:09.288 INFO  [background-preinit]org.hibernate.validator.internal.util.Version.<clinit>:30 -HV000001: Hibernate Validator 5.4.1.Final
2021-02-09 10:29:09.288 INFO  [restartedMain]com.fxys.opinion_plus.OpinionPlusApplication.logStarting:55 -Starting OpinionPlusApplication using Java 1.8.0_151 on LAPTOP-F69Q7ABG with PID 15328 (D:\springboot\opinion-plus\target\classes started by 14040 in D:\springboot\opinion-plus)
2021-02-09 10:29:09.292 INFO  [restartedMain]com.fxys.opinion_plus.OpinionPlusApplication.logStartupProfileInfo:660 -No active profile set, falling back to default profiles: default
2021-02-09 10:29:09.361 INFO  [restartedMain]org.springframework.boot.devtools.restart.ChangeableUrls.logTo:255 -The Class-Path manifest attribute in D:\repository\org\carrot2\morfologik-speller\1.9.0\morfologik-speller-1.9.0.jar referenced one or more files that do not exist: file:/D:/repository/org/carrot2/morfologik-speller/1.9.0/morfologik-stemming-1.9.0.jar,file:/D:/repository/org/carrot2/morfologik-speller/1.9.0/morfologik-fsa-1.9.0.jar
2021-02-09 10:29:09.362 INFO  [restartedMain]org.springframework.boot.devtools.restart.ChangeableUrls.logTo:255 -The Class-Path manifest attribute in D:\repository\org\carrot2\morfologik-stemming\1.9.0\morfologik-stemming-1.9.0.jar referenced one or more files that do not exist: file:/D:/repository/org/carrot2/morfologik-stemming/1.9.0/morfologik-fsa-1.9.0.jar
2021-02-09 10:29:09.362 INFO  [restartedMain]org.springframework.boot.devtools.restart.ChangeableUrls.logTo:255 -The Class-Path manifest attribute in D:\repository\org\apache\opennlp\opennlp-tools\1.5.3\opennlp-tools-1.5.3.jar referenced one or more files that do not exist: file:/D:/repository/org/apache/opennlp/opennlp-tools/1.5.3/opennlp-maxent-3.0.3.jar,file:/D:/repository/org/apache/opennlp/opennlp-tools/1.5.3/jwnl-1.3.3.jar
2021-02-09 10:29:09.362 INFO  [restartedMain]o.s.b.devtools.env.DevToolsPropertyDefaultsPostProcessor.logTo:255 -Devtools property defaults active! Set 'spring.devtools.add-properties' to 'false' to disable
2021-02-09 10:29:09.362 INFO  [restartedMain]o.s.b.devtools.env.DevToolsPropertyDefaultsPostProcessor.logTo:255 -For additional web related logging consider setting the 'logging.level.web' property to 'DEBUG'
2021-02-09 10:29:10.329 INFO  [restartedMain]o.s.d.repository.config.RepositoryConfigurationDelegate.multipleStoresDetected:250 -Multiple Spring Data modules found, entering strict repository configuration mode!
2021-02-09 10:29:10.330 INFO  [restartedMain]o.s.d.repository.config.RepositoryConfigurationDelegate.registerRepositoriesIn:128 -Bootstrapping Spring Data JDBC repositories in DEFAULT mode.
2021-02-09 10:29:10.356 INFO  [restartedMain]o.s.d.repository.config.RepositoryConfigurationDelegate.registerRepositoriesIn:188 -Finished Spring Data repository scanning in 20 ms. Found 0 JDBC repository interfaces.
2021-02-09 10:29:10.366 INFO  [restartedMain]o.s.d.repository.config.RepositoryConfigurationDelegate.multipleStoresDetected:250 -Multiple Spring Data modules found, entering strict repository configuration mode!
2021-02-09 10:29:10.366 INFO  [restartedMain]o.s.d.repository.config.RepositoryConfigurationDelegate.registerRepositoriesIn:128 -Bootstrapping Spring Data JPA repositories in DEFAULT mode.
2021-02-09 10:29:10.379 INFO  [restartedMain]o.s.d.repository.config.RepositoryConfigurationDelegate.registerRepositoriesIn:188 -Finished Spring Data repository scanning in 4 ms. Found 0 JPA repository interfaces.
2021-02-09 10:29:11.148 INFO  [restartedMain]o.s.boot.web.embedded.tomcat.TomcatWebServer.initialize:108 -Tomcat initialized with port(s): 8081 (http)
2021-02-09 10:29:11.224 INFO  [restartedMain]org.apache.coyote.http11.Http11NioProtocol.log:173 -Initializing ProtocolHandler ["http-nio-8081"]
2021-02-09 10:29:11.224 INFO  [restartedMain]org.apache.catalina.core.StandardService.log:173 -Starting service [Tomcat]
2021-02-09 10:29:11.225 INFO  [restartedMain]org.apache.catalina.core.StandardEngine.log:173 -Starting Servlet engine: [Apache Tomcat/9.0.41]
2021-02-09 10:29:11.369 INFO  [restartedMain]o.a.catalina.core.ContainerBase.[Tomcat].[localhost].[/].log:173 -Initializing Spring embedded WebApplicationContext
2021-02-09 10:29:11.369 INFO  [restartedMain]o.s.b.w.s.context.ServletWebServerApplicationContext.prepareWebApplicationContext:289 -Root WebApplicationContext: initialization completed in 2006 ms
2021-02-09 10:29:11.441 INFO  [restartedMain]c.a.d.s.boot.autoconfigure.DruidDataSourceAutoConfigure.dataSource:56 -Init DruidDataSource
2021-02-09 10:29:11.736 INFO  [restartedMain]com.alibaba.druid.pool.DruidDataSource.init:930 -{dataSource-1} inited
2021-02-09 10:29:11.918 INFO  [restartedMain]org.hibernate.jpa.internal.util.LogHelper.logPersistenceUnitInformation:31 -HHH000204: Processing PersistenceUnitInfo [name: default]
2021-02-09 10:29:12.003 INFO  [restartedMain]org.hibernate.Version.logVersion:44 -HHH000412: Hibernate ORM core version 5.4.27.Final
2021-02-09 10:29:12.296 INFO  [restartedMain]org.hibernate.annotations.common.Version.<clinit>:56 -HCANN000001: Hibernate Commons Annotations {5.1.2.Final}
2021-02-09 10:29:12.664 INFO  [restartedMain]org.hibernate.dialect.Dialect.<init>:175 -HHH000400: Using dialect: org.hibernate.dialect.MySQL5InnoDBDialect
2021-02-09 10:29:12.994 INFO  [restartedMain]o.h.e.t.jta.platform.internal.JtaPlatformInitiator.initiateService:52 -HHH000490: Using JtaPlatform implementation: [org.hibernate.engine.transaction.jta.platform.internal.NoJtaPlatform]
2021-02-09 10:29:13.004 INFO  [restartedMain]o.s.orm.jpa.LocalContainerEntityManagerFactoryBean.buildNativeEntityManagerFactory:437 -Initialized JPA EntityManagerFactory for persistence unit 'default'
2021-02-09 10:29:13.033 INFO  [restartedMain]o.s.boot.devtools.autoconfigure.OptionalLiveReloadServer.startServer:58 -LiveReload server is running on port 35729
2021-02-09 10:29:14.014 INFO  [restartedMain]org.apache.coyote.http11.Http11NioProtocol.log:173 -Starting ProtocolHandler ["http-nio-8081"]
2021-02-09 10:29:14.029 INFO  [restartedMain]o.s.boot.web.embedded.tomcat.TomcatWebServer.start:220 -Tomcat started on port(s): 8081 (http) with context path ''
2021-02-09 10:29:14.037 INFO  [restartedMain]com.fxys.opinion_plus.OpinionPlusApplication.logStarted:61 -Started OpinionPlusApplication in 5.348 seconds (JVM running for 7.13)
2021-02-09 10:30:19.310 INFO  [http-nio-8081-exec-1]o.a.catalina.core.ContainerBase.[Tomcat].[localhost].[/].log:173 -Initializing Spring DispatcherServlet 'dispatcherServlet'
2021-02-09 10:30:19.311 INFO  [http-nio-8081-exec-1]org.springframework.web.servlet.DispatcherServlet.initServletBean:525 -Initializing Servlet 'dispatcherServlet'
2021-02-09 10:30:19.314 INFO  [http-nio-8081-exec-1]org.springframework.web.servlet.DispatcherServlet.initServletBean:547 -Completed initialization in 3 ms
2021-02-09 10:31:08.702 INFO  [http-nio-8081-exec-5]com.fxys.opinion_plus.aspect.RequestAspect.printRequestLog:123 -请求地址 : /api/user/login
2021-02-09 10:31:08.703 INFO  [http-nio-8081-exec-5]com.fxys.opinion_plus.aspect.RequestAspect.printRequestLog:124 -请求方式 : POST
2021-02-09 10:31:08.704 INFO  [http-nio-8081-exec-5]com.fxys.opinion_plus.aspect.RequestAspect.printRequestLog:127 -IP : 127.0.0.1
2021-02-09 10:31:08.705 INFO  [http-nio-8081-exec-5]com.fxys.opinion_plus.aspect.RequestAspect.printRequestLog:129 -方法 : com.fxys.opinion_plus.controller.UserController.login
2021-02-09 10:31:08.705 INFO  [http-nio-8081-exec-5]com.fxys.opinion_plus.aspect.RequestAspect.printRequestLog:131 -请求参数：[UserLogin(username=123456, password=e10adc3949ba59abbe56e057f20f883e)]
2021-02-09 10:31:09.523 INFO  [http-nio-8081-exec-5]com.fxys.opinion_plus.aspect.RequestAspect.doAfterReturning:84 -返回值：{"user":{"createTime":1612756370000,"dataVersion":3,"email":"1404031711@qq.com","id":10,"password":"","state":0,"updateTime":1612807511000,"username":"123456"},"token":"eyJhbGciOiJIUzI1NiJ9.eyJzdWIiOiIxMjM0NTYiLCJpZCI6MTAsImV4cCI6MTYxMjg0Mzg2OCwiaWF0IjoxNjEyODM3ODY4LCJqdGkiOiJjMzQ0ZGM2OS1iZmVmLTQxMzEtOTI3Mi0zYjljMTZiYTkyNDIiLCJ1c2VybmFtZSI6IjEyMzQ1NiJ9.M8ExxQO9yKJX6UkKpHcm87P5v4UWOii6To5NmkI0W8k"}
2021-02-09 10:31:09.523 INFO  [http-nio-8081-exec-5]com.fxys.opinion_plus.aspect.RequestAspect.doAround:68 -耗时 : 821
2021-02-09 10:31:20.276 INFO  [http-nio-8081-exec-4]com.fxys.opinion_plus.aspect.RequestAspect.printRequestLog:123 -请求地址 : /api/user/get/10
2021-02-09 10:31:20.277 INFO  [http-nio-8081-exec-4]com.fxys.opinion_plus.aspect.RequestAspect.printRequestLog:124 -请求方式 : GET
2021-02-09 10:31:20.277 INFO  [http-nio-8081-exec-4]com.fxys.opinion_plus.aspect.RequestAspect.printRequestLog:127 -IP : 127.0.0.1
2021-02-09 10:31:20.277 INFO  [http-nio-8081-exec-4]com.fxys.opinion_plus.aspect.RequestAspect.printRequestLog:129 -方法 : com.fxys.opinion_plus.controller.UserController.get
2021-02-09 10:31:20.277 INFO  [http-nio-8081-exec-4]com.fxys.opinion_plus.aspect.RequestAspect.printRequestLog:131 -请求参数：[10]
2021-02-09 10:31:20.281 INFO  [http-nio-8081-exec-4]com.fxys.opinion_plus.aspect.RequestAspect.doAfterReturning:84 -返回值：{"createTime":1612756370000,"dataVersion":3,"email":"1404031711@qq.com","id":10,"password":"e10adc3949ba59abbe56e057f20f883e","state":0,"updateTime":1612807511000,"username":"123456"}
2021-02-09 10:31:20.281 INFO  [http-nio-8081-exec-4]com.fxys.opinion_plus.aspect.RequestAspect.doAround:68 -耗时 : 5
2021-02-09 10:32:32.243 INFO  [background-preinit]org.hibernate.validator.internal.util.Version.<clinit>:30 -HV000001: Hibernate Validator 5.4.1.Final
2021-02-09 10:32:32.249 INFO  [restartedMain]com.fxys.opinion_plus.OpinionPlusApplication.logStarting:55 -Starting OpinionPlusApplication using Java 1.8.0_151 on LAPTOP-F69Q7ABG with PID 22560 (D:\springboot\opinion-plus\target\classes started by 14040 in D:\springboot\opinion-plus)
2021-02-09 10:32:32.251 INFO  [restartedMain]com.fxys.opinion_plus.OpinionPlusApplication.logStartupProfileInfo:660 -No active profile set, falling back to default profiles: default
2021-02-09 10:32:32.319 INFO  [restartedMain]org.springframework.boot.devtools.restart.ChangeableUrls.logTo:255 -The Class-Path manifest attribute in D:\repository\org\carrot2\morfologik-speller\1.9.0\morfologik-speller-1.9.0.jar referenced one or more files that do not exist: file:/D:/repository/org/carrot2/morfologik-speller/1.9.0/morfologik-stemming-1.9.0.jar,file:/D:/repository/org/carrot2/morfologik-speller/1.9.0/morfologik-fsa-1.9.0.jar
2021-02-09 10:32:32.320 INFO  [restartedMain]org.springframework.boot.devtools.restart.ChangeableUrls.logTo:255 -The Class-Path manifest attribute in D:\repository\org\carrot2\morfologik-stemming\1.9.0\morfologik-stemming-1.9.0.jar referenced one or more files that do not exist: file:/D:/repository/org/carrot2/morfologik-stemming/1.9.0/morfologik-fsa-1.9.0.jar
2021-02-09 10:32:32.320 INFO  [restartedMain]org.springframework.boot.devtools.restart.ChangeableUrls.logTo:255 -The Class-Path manifest attribute in D:\repository\org\apache\opennlp\opennlp-tools\1.5.3\opennlp-tools-1.5.3.jar referenced one or more files that do not exist: file:/D:/repository/org/apache/opennlp/opennlp-tools/1.5.3/opennlp-maxent-3.0.3.jar,file:/D:/repository/org/apache/opennlp/opennlp-tools/1.5.3/jwnl-1.3.3.jar
2021-02-09 10:32:32.320 INFO  [restartedMain]o.s.b.devtools.env.DevToolsPropertyDefaultsPostProcessor.logTo:255 -Devtools property defaults active! Set 'spring.devtools.add-properties' to 'false' to disable
2021-02-09 10:32:32.320 INFO  [restartedMain]o.s.b.devtools.env.DevToolsPropertyDefaultsPostProcessor.logTo:255 -For additional web related logging consider setting the 'logging.level.web' property to 'DEBUG'
2021-02-09 10:32:33.048 INFO  [restartedMain]o.s.d.repository.config.RepositoryConfigurationDelegate.multipleStoresDetected:250 -Multiple Spring Data modules found, entering strict repository configuration mode!
2021-02-09 10:32:33.049 INFO  [restartedMain]o.s.d.repository.config.RepositoryConfigurationDelegate.registerRepositoriesIn:128 -Bootstrapping Spring Data JDBC repositories in DEFAULT mode.
2021-02-09 10:32:33.066 INFO  [restartedMain]o.s.d.repository.config.RepositoryConfigurationDelegate.registerRepositoriesIn:188 -Finished Spring Data repository scanning in 14 ms. Found 0 JDBC repository interfaces.
2021-02-09 10:32:33.076 INFO  [restartedMain]o.s.d.repository.config.RepositoryConfigurationDelegate.multipleStoresDetected:250 -Multiple Spring Data modules found, entering strict repository configuration mode!
2021-02-09 10:32:33.076 INFO  [restartedMain]o.s.d.repository.config.RepositoryConfigurationDelegate.registerRepositoriesIn:128 -Bootstrapping Spring Data JPA repositories in DEFAULT mode.
2021-02-09 10:32:33.086 INFO  [restartedMain]o.s.d.repository.config.RepositoryConfigurationDelegate.registerRepositoriesIn:188 -Finished Spring Data repository scanning in 5 ms. Found 0 JPA repository interfaces.
2021-02-09 10:32:33.806 INFO  [restartedMain]o.s.boot.web.embedded.tomcat.TomcatWebServer.initialize:108 -Tomcat initialized with port(s): 8081 (http)
2021-02-09 10:32:33.813 INFO  [restartedMain]org.apache.coyote.http11.Http11NioProtocol.log:173 -Initializing ProtocolHandler ["http-nio-8081"]
2021-02-09 10:32:33.813 INFO  [restartedMain]org.apache.catalina.core.StandardService.log:173 -Starting service [Tomcat]
2021-02-09 10:32:33.813 INFO  [restartedMain]org.apache.catalina.core.StandardEngine.log:173 -Starting Servlet engine: [Apache Tomcat/9.0.41]
2021-02-09 10:32:33.921 INFO  [restartedMain]o.a.catalina.core.ContainerBase.[Tomcat].[localhost].[/].log:173 -Initializing Spring embedded WebApplicationContext
2021-02-09 10:32:33.921 INFO  [restartedMain]o.s.b.w.s.context.ServletWebServerApplicationContext.prepareWebApplicationContext:289 -Root WebApplicationContext: initialization completed in 1600 ms
2021-02-09 10:32:34.028 INFO  [restartedMain]c.a.d.s.boot.autoconfigure.DruidDataSourceAutoConfigure.dataSource:56 -Init DruidDataSource
2021-02-09 10:32:34.255 INFO  [restartedMain]com.alibaba.druid.pool.DruidDataSource.init:930 -{dataSource-1} inited
2021-02-09 10:32:34.373 INFO  [restartedMain]org.hibernate.jpa.internal.util.LogHelper.logPersistenceUnitInformation:31 -HHH000204: Processing PersistenceUnitInfo [name: default]
2021-02-09 10:32:34.414 INFO  [restartedMain]org.hibernate.Version.logVersion:44 -HHH000412: Hibernate ORM core version 5.4.27.Final
2021-02-09 10:32:34.516 INFO  [restartedMain]org.hibernate.annotations.common.Version.<clinit>:56 -HCANN000001: Hibernate Commons Annotations {5.1.2.Final}
2021-02-09 10:32:34.716 INFO  [restartedMain]org.hibernate.dialect.Dialect.<init>:175 -HHH000400: Using dialect: org.hibernate.dialect.MySQL5InnoDBDialect
2021-02-09 10:32:34.925 INFO  [restartedMain]o.h.e.t.jta.platform.internal.JtaPlatformInitiator.initiateService:52 -HHH000490: Using JtaPlatform implementation: [org.hibernate.engine.transaction.jta.platform.internal.NoJtaPlatform]
2021-02-09 10:32:34.934 INFO  [restartedMain]o.s.orm.jpa.LocalContainerEntityManagerFactoryBean.buildNativeEntityManagerFactory:437 -Initialized JPA EntityManagerFactory for persistence unit 'default'
2021-02-09 10:32:34.967 INFO  [restartedMain]o.s.boot.devtools.autoconfigure.OptionalLiveReloadServer.startServer:58 -LiveReload server is running on port 35729
2021-02-09 10:32:35.846 INFO  [restartedMain]org.apache.coyote.http11.Http11NioProtocol.log:173 -Starting ProtocolHandler ["http-nio-8081"]
2021-02-09 10:32:35.862 INFO  [restartedMain]o.s.boot.web.embedded.tomcat.TomcatWebServer.start:220 -Tomcat started on port(s): 8081 (http) with context path ''
2021-02-09 10:32:35.872 INFO  [restartedMain]com.fxys.opinion_plus.OpinionPlusApplication.logStarted:61 -Started OpinionPlusApplication in 4.534 seconds (JVM running for 6.169)
2021-02-09 10:32:49.211 INFO  [http-nio-8081-exec-1]o.a.catalina.core.ContainerBase.[Tomcat].[localhost].[/].log:173 -Initializing Spring DispatcherServlet 'dispatcherServlet'
2021-02-09 10:32:49.212 INFO  [http-nio-8081-exec-1]org.springframework.web.servlet.DispatcherServlet.initServletBean:525 -Initializing Servlet 'dispatcherServlet'
2021-02-09 10:32:49.215 INFO  [http-nio-8081-exec-1]org.springframework.web.servlet.DispatcherServlet.initServletBean:547 -Completed initialization in 2 ms
2021-02-09 10:32:49.418 INFO  [http-nio-8081-exec-1]com.fxys.opinion_plus.aspect.RequestAspect.printRequestLog:123 -请求地址 : /api/user/get/10
2021-02-09 10:32:49.418 INFO  [http-nio-8081-exec-1]com.fxys.opinion_plus.aspect.RequestAspect.printRequestLog:124 -请求方式 : GET
2021-02-09 10:32:49.420 INFO  [http-nio-8081-exec-1]com.fxys.opinion_plus.aspect.RequestAspect.printRequestLog:127 -IP : 127.0.0.1
2021-02-09 10:32:49.426 INFO  [http-nio-8081-exec-1]com.fxys.opinion_plus.aspect.RequestAspect.printRequestLog:129 -方法 : com.fxys.opinion_plus.controller.UserController.get
2021-02-09 10:32:49.427 INFO  [http-nio-8081-exec-1]com.fxys.opinion_plus.aspect.RequestAspect.printRequestLog:131 -请求参数：[10]
2021-02-09 10:32:49.539 INFO  [http-nio-8081-exec-1]com.fxys.opinion_plus.aspect.RequestAspect.doAfterReturning:84 -返回值：{"createTime":1612756370000,"dataVersion":3,"email":"1404031711@qq.com","id":10,"password":"e10adc3949ba59abbe56e057f20f883e","state":0,"updateTime":1612807511000,"username":"123456"}
2021-02-09 10:32:49.540 INFO  [http-nio-8081-exec-1]com.fxys.opinion_plus.aspect.RequestAspect.doAround:68 -耗时 : 123
2021-02-09 10:33:28.291 INFO  [http-nio-8081-exec-2]com.fxys.opinion_plus.aspect.RequestAspect.printRequestLog:123 -请求地址 : /api/user/get/10
2021-02-09 10:33:28.291 INFO  [http-nio-8081-exec-2]com.fxys.opinion_plus.aspect.RequestAspect.printRequestLog:124 -请求方式 : GET
2021-02-09 10:33:28.291 INFO  [http-nio-8081-exec-2]com.fxys.opinion_plus.aspect.RequestAspect.printRequestLog:127 -IP : 127.0.0.1
2021-02-09 10:33:28.292 INFO  [http-nio-8081-exec-2]com.fxys.opinion_plus.aspect.RequestAspect.printRequestLog:129 -方法 : com.fxys.opinion_plus.controller.UserController.get
2021-02-09 10:33:28.292 INFO  [http-nio-8081-exec-2]com.fxys.opinion_plus.aspect.RequestAspect.printRequestLog:131 -请求参数：[10]
2021-02-09 10:33:28.298 INFO  [http-nio-8081-exec-2]com.fxys.opinion_plus.aspect.RequestAspect.doAfterReturning:84 -返回值：{"createTime":1612756370000,"dataVersion":3,"email":"1404031711@qq.com","id":10,"password":"e10adc3949ba59abbe56e057f20f883e","state":0,"updateTime":1612807511000,"username":"123456"}
2021-02-09 10:33:28.298 INFO  [http-nio-8081-exec-2]com.fxys.opinion_plus.aspect.RequestAspect.doAround:68 -耗时 : 7
2021-02-09 10:33:28.525 INFO  [http-nio-8081-exec-3]com.fxys.opinion_plus.aspect.RequestAspect.printRequestLog:123 -请求地址 : /api/user/get/10
2021-02-09 10:33:28.525 INFO  [http-nio-8081-exec-3]com.fxys.opinion_plus.aspect.RequestAspect.printRequestLog:124 -请求方式 : GET
2021-02-09 10:33:28.526 INFO  [http-nio-8081-exec-3]com.fxys.opinion_plus.aspect.RequestAspect.printRequestLog:127 -IP : 127.0.0.1
2021-02-09 10:33:28.526 INFO  [http-nio-8081-exec-3]com.fxys.opinion_plus.aspect.RequestAspect.printRequestLog:129 -方法 : com.fxys.opinion_plus.controller.UserController.get
2021-02-09 10:33:28.526 INFO  [http-nio-8081-exec-3]com.fxys.opinion_plus.aspect.RequestAspect.printRequestLog:131 -请求参数：[10]
2021-02-09 10:33:28.530 INFO  [http-nio-8081-exec-3]com.fxys.opinion_plus.aspect.RequestAspect.doAfterReturning:84 -返回值：{"createTime":1612756370000,"dataVersion":3,"email":"1404031711@qq.com","id":10,"password":"e10adc3949ba59abbe56e057f20f883e","state":0,"updateTime":1612807511000,"username":"123456"}
2021-02-09 10:33:28.530 INFO  [http-nio-8081-exec-3]com.fxys.opinion_plus.aspect.RequestAspect.doAround:68 -耗时 : 5
2021-02-09 10:33:45.269 INFO  [http-nio-8081-exec-4]com.fxys.opinion_plus.aspect.RequestAspect.printRequestLog:123 -请求地址 : /api/user/updateUsername
2021-02-09 10:33:45.270 INFO  [http-nio-8081-exec-4]com.fxys.opinion_plus.aspect.RequestAspect.printRequestLog:124 -请求方式 : POST
2021-02-09 10:33:45.270 INFO  [http-nio-8081-exec-4]com.fxys.opinion_plus.aspect.RequestAspect.printRequestLog:127 -IP : 127.0.0.1
2021-02-09 10:33:45.270 INFO  [http-nio-8081-exec-4]com.fxys.opinion_plus.aspect.RequestAspect.printRequestLog:129 -方法 : com.fxys.opinion_plus.controller.UserController.updateUsername
2021-02-09 10:33:45.271 INFO  [http-nio-8081-exec-4]com.fxys.opinion_plus.aspect.RequestAspect.printRequestLog:131 -请求参数：[UserUsernameReq(username=123456789)]
2021-02-09 10:33:45.282 INFO  [http-nio-8081-exec-4]com.fxys.opinion_plus.aspect.RequestAspect.doAfterReturning:84 -返回值："更新成功"
2021-02-09 10:33:45.283 INFO  [http-nio-8081-exec-4]com.fxys.opinion_plus.aspect.RequestAspect.doAround:68 -耗时 : 14
2021-02-09 10:33:45.310 INFO  [http-nio-8081-exec-5]com.fxys.opinion_plus.aspect.RequestAspect.printRequestLog:123 -请求地址 : /api/user/get/10
2021-02-09 10:33:45.310 INFO  [http-nio-8081-exec-5]com.fxys.opinion_plus.aspect.RequestAspect.printRequestLog:124 -请求方式 : GET
2021-02-09 10:33:45.310 INFO  [http-nio-8081-exec-5]com.fxys.opinion_plus.aspect.RequestAspect.printRequestLog:127 -IP : 127.0.0.1
2021-02-09 10:33:45.311 INFO  [http-nio-8081-exec-5]com.fxys.opinion_plus.aspect.RequestAspect.printRequestLog:129 -方法 : com.fxys.opinion_plus.controller.UserController.get
2021-02-09 10:33:45.311 INFO  [http-nio-8081-exec-5]com.fxys.opinion_plus.aspect.RequestAspect.printRequestLog:131 -请求参数：[10]
2021-02-09 10:33:45.315 INFO  [http-nio-8081-exec-5]com.fxys.opinion_plus.aspect.RequestAspect.doAfterReturning:84 -返回值：{"createTime":1612756370000,"dataVersion":4,"email":"1404031711@qq.com","id":10,"password":"e10adc3949ba59abbe56e057f20f883e","state":0,"updateTime":1612838025000,"username":"123456789"}
2021-02-09 10:33:45.315 INFO  [http-nio-8081-exec-5]com.fxys.opinion_plus.aspect.RequestAspect.doAround:68 -耗时 : 5
2021-02-09 10:34:19.646 INFO  [http-nio-8081-exec-7]com.fxys.opinion_plus.aspect.RequestAspect.printRequestLog:123 -请求地址 : /api/user/updateUsername
2021-02-09 10:34:19.646 INFO  [http-nio-8081-exec-7]com.fxys.opinion_plus.aspect.RequestAspect.printRequestLog:124 -请求方式 : POST
2021-02-09 10:34:19.647 INFO  [http-nio-8081-exec-7]com.fxys.opinion_plus.aspect.RequestAspect.printRequestLog:127 -IP : 127.0.0.1
2021-02-09 10:34:19.647 INFO  [http-nio-8081-exec-7]com.fxys.opinion_plus.aspect.RequestAspect.printRequestLog:129 -方法 : com.fxys.opinion_plus.controller.UserController.updateUsername
2021-02-09 10:34:19.647 INFO  [http-nio-8081-exec-7]com.fxys.opinion_plus.aspect.RequestAspect.printRequestLog:131 -请求参数：[UserUsernameReq(username=123456)]
2021-02-09 10:34:19.655 INFO  [http-nio-8081-exec-7]com.fxys.opinion_plus.aspect.RequestAspect.doAfterReturning:84 -返回值："更新成功"
2021-02-09 10:34:19.655 INFO  [http-nio-8081-exec-7]com.fxys.opinion_plus.aspect.RequestAspect.doAround:68 -耗时 : 9
2021-02-09 10:34:19.899 INFO  [http-nio-8081-exec-6]com.fxys.opinion_plus.aspect.RequestAspect.printRequestLog:123 -请求地址 : /api/user/get/10
2021-02-09 10:34:19.899 INFO  [http-nio-8081-exec-6]com.fxys.opinion_plus.aspect.RequestAspect.printRequestLog:124 -请求方式 : GET
2021-02-09 10:34:19.899 INFO  [http-nio-8081-exec-6]com.fxys.opinion_plus.aspect.RequestAspect.printRequestLog:127 -IP : 127.0.0.1
2021-02-09 10:34:19.900 INFO  [http-nio-8081-exec-6]com.fxys.opinion_plus.aspect.RequestAspect.printRequestLog:129 -方法 : com.fxys.opinion_plus.controller.UserController.get
2021-02-09 10:34:19.900 INFO  [http-nio-8081-exec-6]com.fxys.opinion_plus.aspect.RequestAspect.printRequestLog:131 -请求参数：[10]
2021-02-09 10:34:19.904 INFO  [http-nio-8081-exec-6]com.fxys.opinion_plus.aspect.RequestAspect.doAfterReturning:84 -返回值：{"createTime":1612756370000,"dataVersion":5,"email":"1404031711@qq.com","id":10,"password":"e10adc3949ba59abbe56e057f20f883e","state":0,"updateTime":1612838059000,"username":"123456"}
2021-02-09 10:34:19.905 INFO  [http-nio-8081-exec-6]com.fxys.opinion_plus.aspect.RequestAspect.doAround:68 -耗时 : 6
2021-02-09 10:48:14.248 INFO  [http-nio-8081-exec-10]com.fxys.opinion_plus.aspect.RequestAspect.printRequestLog:123 -请求地址 : /api/user/get/10
2021-02-09 10:48:14.248 INFO  [http-nio-8081-exec-10]com.fxys.opinion_plus.aspect.RequestAspect.printRequestLog:124 -请求方式 : GET
2021-02-09 10:48:14.249 INFO  [http-nio-8081-exec-10]com.fxys.opinion_plus.aspect.RequestAspect.printRequestLog:127 -IP : 127.0.0.1
2021-02-09 10:48:14.249 INFO  [http-nio-8081-exec-10]com.fxys.opinion_plus.aspect.RequestAspect.printRequestLog:129 -方法 : com.fxys.opinion_plus.controller.UserController.get
2021-02-09 10:48:14.249 INFO  [http-nio-8081-exec-10]com.fxys.opinion_plus.aspect.RequestAspect.printRequestLog:131 -请求参数：[10]
2021-02-09 10:48:14.255 INFO  [http-nio-8081-exec-10]com.fxys.opinion_plus.aspect.RequestAspect.doAfterReturning:84 -返回值：{"createTime":1612756370000,"dataVersion":5,"email":"1404031711@qq.com","id":10,"password":"e10adc3949ba59abbe56e057f20f883e","state":0,"updateTime":1612838059000,"username":"123456"}
2021-02-09 10:48:14.255 INFO  [http-nio-8081-exec-10]com.fxys.opinion_plus.aspect.RequestAspect.doAround:68 -耗时 : 7
2021-02-09 10:48:20.625 INFO  [http-nio-8081-exec-9]com.fxys.opinion_plus.aspect.RequestAspect.printRequestLog:123 -请求地址 : /api/user/get/10
2021-02-09 10:48:20.625 INFO  [http-nio-8081-exec-9]com.fxys.opinion_plus.aspect.RequestAspect.printRequestLog:124 -请求方式 : GET
2021-02-09 10:48:20.625 INFO  [http-nio-8081-exec-9]com.fxys.opinion_plus.aspect.RequestAspect.printRequestLog:127 -IP : 127.0.0.1
2021-02-09 10:48:20.626 INFO  [http-nio-8081-exec-9]com.fxys.opinion_plus.aspect.RequestAspect.printRequestLog:129 -方法 : com.fxys.opinion_plus.controller.UserController.get
2021-02-09 10:48:20.626 INFO  [http-nio-8081-exec-9]com.fxys.opinion_plus.aspect.RequestAspect.printRequestLog:131 -请求参数：[10]
2021-02-09 10:48:20.629 INFO  [http-nio-8081-exec-9]com.fxys.opinion_plus.aspect.RequestAspect.doAfterReturning:84 -返回值：{"createTime":1612756370000,"dataVersion":5,"email":"1404031711@qq.com","id":10,"password":"e10adc3949ba59abbe56e057f20f883e","state":0,"updateTime":1612838059000,"username":"123456"}
2021-02-09 10:48:20.629 INFO  [http-nio-8081-exec-9]com.fxys.opinion_plus.aspect.RequestAspect.doAround:68 -耗时 : 4
2021-02-09 10:48:22.805 INFO  [http-nio-8081-exec-8]com.fxys.opinion_plus.aspect.RequestAspect.printRequestLog:123 -请求地址 : /api/user/get/10
2021-02-09 10:48:22.805 INFO  [http-nio-8081-exec-8]com.fxys.opinion_plus.aspect.RequestAspect.printRequestLog:124 -请求方式 : GET
2021-02-09 10:48:22.806 INFO  [http-nio-8081-exec-8]com.fxys.opinion_plus.aspect.RequestAspect.printRequestLog:127 -IP : 127.0.0.1
2021-02-09 10:48:22.806 INFO  [http-nio-8081-exec-8]com.fxys.opinion_plus.aspect.RequestAspect.printRequestLog:129 -方法 : com.fxys.opinion_plus.controller.UserController.get
2021-02-09 10:48:22.806 INFO  [http-nio-8081-exec-8]com.fxys.opinion_plus.aspect.RequestAspect.printRequestLog:131 -请求参数：[10]
2021-02-09 10:48:22.809 INFO  [http-nio-8081-exec-8]com.fxys.opinion_plus.aspect.RequestAspect.doAfterReturning:84 -返回值：{"createTime":1612756370000,"dataVersion":5,"email":"1404031711@qq.com","id":10,"password":"e10adc3949ba59abbe56e057f20f883e","state":0,"updateTime":1612838059000,"username":"123456"}
2021-02-09 10:48:22.809 INFO  [http-nio-8081-exec-8]com.fxys.opinion_plus.aspect.RequestAspect.doAround:68 -耗时 : 4
2021-02-09 10:49:01.223 INFO  [http-nio-8081-exec-1]com.fxys.opinion_plus.aspect.RequestAspect.printRequestLog:123 -请求地址 : /api/user/get/10
2021-02-09 10:49:01.223 INFO  [http-nio-8081-exec-1]com.fxys.opinion_plus.aspect.RequestAspect.printRequestLog:124 -请求方式 : GET
2021-02-09 10:49:01.224 INFO  [http-nio-8081-exec-1]com.fxys.opinion_plus.aspect.RequestAspect.printRequestLog:127 -IP : 127.0.0.1
2021-02-09 10:49:01.224 INFO  [http-nio-8081-exec-1]com.fxys.opinion_plus.aspect.RequestAspect.printRequestLog:129 -方法 : com.fxys.opinion_plus.controller.UserController.get
2021-02-09 10:49:01.225 INFO  [http-nio-8081-exec-1]com.fxys.opinion_plus.aspect.RequestAspect.printRequestLog:131 -请求参数：[10]
2021-02-09 10:49:01.231 INFO  [http-nio-8081-exec-1]com.fxys.opinion_plus.aspect.RequestAspect.doAfterReturning:84 -返回值：{"createTime":1612756370000,"dataVersion":5,"email":"1404031711@qq.com","id":10,"password":"e10adc3949ba59abbe56e057f20f883e","state":0,"updateTime":1612838059000,"username":"123456"}
2021-02-09 10:49:01.232 INFO  [http-nio-8081-exec-1]com.fxys.opinion_plus.aspect.RequestAspect.doAround:68 -耗时 : 9
2021-02-09 10:49:16.934 INFO  [http-nio-8081-exec-2]com.fxys.opinion_plus.aspect.RequestAspect.printRequestLog:123 -请求地址 : /api/user/updateEmail
2021-02-09 10:49:16.934 INFO  [http-nio-8081-exec-2]com.fxys.opinion_plus.aspect.RequestAspect.printRequestLog:124 -请求方式 : POST
2021-02-09 10:49:16.934 INFO  [http-nio-8081-exec-2]com.fxys.opinion_plus.aspect.RequestAspect.printRequestLog:127 -IP : 127.0.0.1
2021-02-09 10:49:16.934 INFO  [http-nio-8081-exec-2]com.fxys.opinion_plus.aspect.RequestAspect.printRequestLog:129 -方法 : com.fxys.opinion_plus.controller.UserController.updateEmail
2021-02-09 10:49:16.935 INFO  [http-nio-8081-exec-2]com.fxys.opinion_plus.aspect.RequestAspect.printRequestLog:131 -请求参数：[UserEmailReq(email=14113356@qq.com)]
2021-02-09 10:49:16.941 INFO  [http-nio-8081-exec-2]com.fxys.opinion_plus.aspect.RequestAspect.doAfterReturning:84 -返回值："更新成功"
2021-02-09 10:49:16.942 INFO  [http-nio-8081-exec-2]com.fxys.opinion_plus.aspect.RequestAspect.doAround:68 -耗时 : 8
2021-02-09 10:49:17.184 INFO  [http-nio-8081-exec-3]com.fxys.opinion_plus.aspect.RequestAspect.printRequestLog:123 -请求地址 : /api/user/get/10
2021-02-09 10:49:17.185 INFO  [http-nio-8081-exec-3]com.fxys.opinion_plus.aspect.RequestAspect.printRequestLog:124 -请求方式 : GET
2021-02-09 10:49:17.185 INFO  [http-nio-8081-exec-3]com.fxys.opinion_plus.aspect.RequestAspect.printRequestLog:127 -IP : 127.0.0.1
2021-02-09 10:49:17.185 INFO  [http-nio-8081-exec-3]com.fxys.opinion_plus.aspect.RequestAspect.printRequestLog:129 -方法 : com.fxys.opinion_plus.controller.UserController.get
2021-02-09 10:49:17.185 INFO  [http-nio-8081-exec-3]com.fxys.opinion_plus.aspect.RequestAspect.printRequestLog:131 -请求参数：[10]
2021-02-09 10:49:17.188 INFO  [http-nio-8081-exec-3]com.fxys.opinion_plus.aspect.RequestAspect.doAfterReturning:84 -返回值：{"createTime":1612756370000,"dataVersion":6,"email":"14113356@qq.com","id":10,"password":"e10adc3949ba59abbe56e057f20f883e","state":0,"updateTime":1612838956000,"username":"123456"}
2021-02-09 10:49:17.188 INFO  [http-nio-8081-exec-3]com.fxys.opinion_plus.aspect.RequestAspect.doAround:68 -耗时 : 4
2021-02-09 10:49:27.004 INFO  [http-nio-8081-exec-4]com.fxys.opinion_plus.aspect.RequestAspect.printRequestLog:123 -请求地址 : /api/user/updateEmail
2021-02-09 10:49:27.004 INFO  [http-nio-8081-exec-4]com.fxys.opinion_plus.aspect.RequestAspect.printRequestLog:124 -请求方式 : POST
2021-02-09 10:49:27.004 INFO  [http-nio-8081-exec-4]com.fxys.opinion_plus.aspect.RequestAspect.printRequestLog:127 -IP : 127.0.0.1
2021-02-09 10:49:27.004 INFO  [http-nio-8081-exec-4]com.fxys.opinion_plus.aspect.RequestAspect.printRequestLog:129 -方法 : com.fxys.opinion_plus.controller.UserController.updateEmail
2021-02-09 10:49:27.005 INFO  [http-nio-8081-exec-4]com.fxys.opinion_plus.aspect.RequestAspect.printRequestLog:131 -请求参数：[UserEmailReq(email=1404031711@qq.com)]
2021-02-09 10:49:27.013 INFO  [http-nio-8081-exec-4]com.fxys.opinion_plus.aspect.RequestAspect.doAfterReturning:84 -返回值："更新成功"
2021-02-09 10:49:27.013 INFO  [http-nio-8081-exec-4]com.fxys.opinion_plus.aspect.RequestAspect.doAround:68 -耗时 : 9
2021-02-09 10:49:27.331 INFO  [http-nio-8081-exec-5]com.fxys.opinion_plus.aspect.RequestAspect.printRequestLog:123 -请求地址 : /api/user/get/10
2021-02-09 10:49:27.331 INFO  [http-nio-8081-exec-5]com.fxys.opinion_plus.aspect.RequestAspect.printRequestLog:124 -请求方式 : GET
2021-02-09 10:49:27.331 INFO  [http-nio-8081-exec-5]com.fxys.opinion_plus.aspect.RequestAspect.printRequestLog:127 -IP : 127.0.0.1
2021-02-09 10:49:27.331 INFO  [http-nio-8081-exec-5]com.fxys.opinion_plus.aspect.RequestAspect.printRequestLog:129 -方法 : com.fxys.opinion_plus.controller.UserController.get
2021-02-09 10:49:27.332 INFO  [http-nio-8081-exec-5]com.fxys.opinion_plus.aspect.RequestAspect.printRequestLog:131 -请求参数：[10]
2021-02-09 10:49:27.334 INFO  [http-nio-8081-exec-5]com.fxys.opinion_plus.aspect.RequestAspect.doAfterReturning:84 -返回值：{"createTime":1612756370000,"dataVersion":7,"email":"1404031711@qq.com","id":10,"password":"e10adc3949ba59abbe56e057f20f883e","state":0,"updateTime":1612838967000,"username":"123456"}
2021-02-09 10:49:27.334 INFO  [http-nio-8081-exec-5]com.fxys.opinion_plus.aspect.RequestAspect.doAround:68 -耗时 : 3
2021-02-09 10:51:31.806 INFO  [http-nio-8081-exec-7]com.fxys.opinion_plus.aspect.RequestAspect.printRequestLog:123 -请求地址 : /api/user/updatePassword
2021-02-09 10:51:31.806 INFO  [http-nio-8081-exec-7]com.fxys.opinion_plus.aspect.RequestAspect.printRequestLog:124 -请求方式 : POST
2021-02-09 10:51:31.806 INFO  [http-nio-8081-exec-7]com.fxys.opinion_plus.aspect.RequestAspect.printRequestLog:127 -IP : 127.0.0.1
2021-02-09 10:51:31.807 INFO  [http-nio-8081-exec-7]com.fxys.opinion_plus.aspect.RequestAspect.printRequestLog:129 -方法 : com.fxys.opinion_plus.controller.UserController.updatePad
2021-02-09 10:51:31.807 INFO  [http-nio-8081-exec-7]com.fxys.opinion_plus.aspect.RequestAspect.printRequestLog:131 -请求参数：[UserPasswordReq(oldPad=123456, newPad=202cb962ac59075b964b07152d234b70)]
