2021-02-09 01:35:05.069 INFO  [restartedMain]com.fxys.opinion_plus.OpinionPlusApplication.logStarting:55 -Starting OpinionPlusApplication using Java 1.8.0_151 on LAPTOP-F69Q7ABG with PID 21136 (D:\springboot\opinion-plus\target\classes started by 14040 in D:\springboot\opinion-plus)
2021-02-09 01:35:05.087 INFO  [background-preinit]org.hibernate.validator.internal.util.Version.<clinit>:30 -HV000001: Hibernate Validator 5.4.1.Final
2021-02-09 01:35:05.091 DEBUG [restartedMain]com.fxys.opinion_plus.OpinionPlusApplication.logStarting:56 -Running with Spring Boot v2.4.2, Spring v5.3.3
2021-02-09 01:35:05.093 INFO  [restartedMain]com.fxys.opinion_plus.OpinionPlusApplication.logStartupProfileInfo:660 -No active profile set, falling back to default profiles: default
2021-02-09 01:35:05.167 INFO  [restartedMain]org.springframework.boot.devtools.restart.ChangeableUrls.logTo:255 -The Class-Path manifest attribute in D:\repository\org\carrot2\morfologik-speller\1.9.0\morfologik-speller-1.9.0.jar referenced one or more files that do not exist: file:/D:/repository/org/carrot2/morfologik-speller/1.9.0/morfologik-stemming-1.9.0.jar,file:/D:/repository/org/carrot2/morfologik-speller/1.9.0/morfologik-fsa-1.9.0.jar
2021-02-09 01:35:05.167 INFO  [restartedMain]org.springframework.boot.devtools.restart.ChangeableUrls.logTo:255 -The Class-Path manifest attribute in D:\repository\org\carrot2\morfologik-stemming\1.9.0\morfologik-stemming-1.9.0.jar referenced one or more files that do not exist: file:/D:/repository/org/carrot2/morfologik-stemming/1.9.0/morfologik-fsa-1.9.0.jar
2021-02-09 01:35:05.168 INFO  [restartedMain]org.springframework.boot.devtools.restart.ChangeableUrls.logTo:255 -The Class-Path manifest attribute in D:\repository\org\apache\opennlp\opennlp-tools\1.5.3\opennlp-tools-1.5.3.jar referenced one or more files that do not exist: file:/D:/repository/org/apache/opennlp/opennlp-tools/1.5.3/opennlp-maxent-3.0.3.jar,file:/D:/repository/org/apache/opennlp/opennlp-tools/1.5.3/jwnl-1.3.3.jar
2021-02-09 01:35:05.168 INFO  [restartedMain]o.s.b.devtools.env.DevToolsPropertyDefaultsPostProcessor.logTo:255 -Devtools property defaults active! Set 'spring.devtools.add-properties' to 'false' to disable
2021-02-09 01:35:05.168 INFO  [restartedMain]o.s.b.devtools.env.DevToolsPropertyDefaultsPostProcessor.logTo:255 -For additional web related logging consider setting the 'logging.level.web' property to 'DEBUG'
2021-02-09 01:35:06.417 INFO  [restartedMain]o.s.d.repository.config.RepositoryConfigurationDelegate.multipleStoresDetected:250 -Multiple Spring Data modules found, entering strict repository configuration mode!
2021-02-09 01:35:06.418 INFO  [restartedMain]o.s.d.repository.config.RepositoryConfigurationDelegate.registerRepositoriesIn:128 -Bootstrapping Spring Data JDBC repositories in DEFAULT mode.
2021-02-09 01:35:06.434 INFO  [restartedMain]o.s.d.repository.config.RepositoryConfigurationDelegate.registerRepositoriesIn:188 -Finished Spring Data repository scanning in 12 ms. Found 0 JDBC repository interfaces.
2021-02-09 01:35:06.444 INFO  [restartedMain]o.s.d.repository.config.RepositoryConfigurationDelegate.multipleStoresDetected:250 -Multiple Spring Data modules found, entering strict repository configuration mode!
2021-02-09 01:35:06.444 INFO  [restartedMain]o.s.d.repository.config.RepositoryConfigurationDelegate.registerRepositoriesIn:128 -Bootstrapping Spring Data JPA repositories in DEFAULT mode.
2021-02-09 01:35:06.456 INFO  [restartedMain]o.s.d.repository.config.RepositoryConfigurationDelegate.registerRepositoriesIn:188 -Finished Spring Data repository scanning in 4 ms. Found 0 JPA repository interfaces.
2021-02-09 01:35:07.437 INFO  [restartedMain]o.s.boot.web.embedded.tomcat.TomcatWebServer.initialize:108 -Tomcat initialized with port(s): 8081 (http)
2021-02-09 01:35:07.527 INFO  [restartedMain]org.apache.coyote.http11.Http11NioProtocol.log:173 -Initializing ProtocolHandler ["http-nio-8081"]
2021-02-09 01:35:07.528 INFO  [restartedMain]org.apache.catalina.core.StandardService.log:173 -Starting service [Tomcat]
2021-02-09 01:35:07.529 INFO  [restartedMain]org.apache.catalina.core.StandardEngine.log:173 -Starting Servlet engine: [Apache Tomcat/9.0.41]
2021-02-09 01:35:07.696 INFO  [restartedMain]o.a.catalina.core.ContainerBase.[Tomcat].[localhost].[/].log:173 -Initializing Spring embedded WebApplicationContext
2021-02-09 01:35:07.697 INFO  [restartedMain]o.s.b.w.s.context.ServletWebServerApplicationContext.prepareWebApplicationContext:289 -Root WebApplicationContext: initialization completed in 2528 ms
2021-02-09 01:35:07.797 INFO  [restartedMain]c.a.d.s.boot.autoconfigure.DruidDataSourceAutoConfigure.dataSource:56 -Init DruidDataSource
2021-02-09 01:35:08.074 INFO  [restartedMain]com.alibaba.druid.pool.DruidDataSource.init:930 -{dataSource-1} inited
2021-02-09 01:35:08.271 INFO  [restartedMain]org.hibernate.jpa.internal.util.LogHelper.logPersistenceUnitInformation:31 -HHH000204: Processing PersistenceUnitInfo [name: default]
2021-02-09 01:35:08.371 INFO  [restartedMain]org.hibernate.Version.logVersion:44 -HHH000412: Hibernate ORM core version 5.4.27.Final
2021-02-09 01:35:08.620 INFO  [restartedMain]org.hibernate.annotations.common.Version.<clinit>:56 -HCANN000001: Hibernate Commons Annotations {5.1.2.Final}
2021-02-09 01:35:09.045 INFO  [restartedMain]org.hibernate.dialect.Dialect.<init>:175 -HHH000400: Using dialect: org.hibernate.dialect.MySQL5InnoDBDialect
2021-02-09 01:35:09.905 INFO  [restartedMain]o.h.e.t.jta.platform.internal.JtaPlatformInitiator.initiateService:52 -HHH000490: Using JtaPlatform implementation: [org.hibernate.engine.transaction.jta.platform.internal.NoJtaPlatform]
2021-02-09 01:35:09.928 INFO  [restartedMain]o.s.orm.jpa.LocalContainerEntityManagerFactoryBean.buildNativeEntityManagerFactory:437 -Initialized JPA EntityManagerFactory for persistence unit 'default'
2021-02-09 01:35:10.062 INFO  [restartedMain]o.s.boot.devtools.autoconfigure.OptionalLiveReloadServer.startServer:58 -LiveReload server is running on port 35729
2021-02-09 01:35:10.741 WARN  [restartedMain]o.s.b.a.orm.jpa.JpaBaseConfiguration$JpaWebConfiguration.openEntityManagerInViewInterceptor:221 -spring.jpa.open-in-view is enabled by default. Therefore, database queries may be performed during view rendering. Explicitly configure spring.jpa.open-in-view to disable this warning
2021-02-09 01:35:11.342 INFO  [restartedMain]org.apache.coyote.http11.Http11NioProtocol.log:173 -Starting ProtocolHandler ["http-nio-8081"]
2021-02-09 01:35:11.365 INFO  [restartedMain]o.s.boot.web.embedded.tomcat.TomcatWebServer.start:220 -Tomcat started on port(s): 8081 (http) with context path ''
2021-02-09 01:35:11.375 INFO  [restartedMain]com.fxys.opinion_plus.OpinionPlusApplication.logStarted:61 -Started OpinionPlusApplication in 6.935 seconds (JVM running for 8.884)
2021-02-09 01:35:20.250 INFO  [http-nio-8081-exec-1]o.a.catalina.core.ContainerBase.[Tomcat].[localhost].[/].log:173 -Initializing Spring DispatcherServlet 'dispatcherServlet'
2021-02-09 01:35:20.250 INFO  [http-nio-8081-exec-1]org.springframework.web.servlet.DispatcherServlet.initServletBean:525 -Initializing Servlet 'dispatcherServlet'
2021-02-09 01:35:20.251 INFO  [http-nio-8081-exec-1]org.springframework.web.servlet.DispatcherServlet.initServletBean:547 -Completed initialization in 1 ms
2021-02-09 01:35:20.273 WARN  [http-nio-8081-exec-1]com.fxys.opinion_plus.handler.GlobalExceptionHandler.handleBusinessException:47 -URL:/api/user/updateUsername ,业务异常:ErrorResult(status=20002, message=用户名不存在, exception=com.fxys.opinion_plus.exception.OpinionException)
2021-02-09 01:35:27.503 WARN  [http-nio-8081-exec-2]com.fxys.opinion_plus.handler.GlobalExceptionHandler.handleBusinessException:47 -URL:/api/user/updateUsername ,业务异常:ErrorResult(status=20002, message=用户名不存在, exception=com.fxys.opinion_plus.exception.OpinionException)
2021-02-09 01:36:05.890 INFO  [background-preinit]org.hibernate.validator.internal.util.Version.<clinit>:30 -HV000001: Hibernate Validator 5.4.1.Final
2021-02-09 01:36:05.891 INFO  [restartedMain]com.fxys.opinion_plus.OpinionPlusApplication.logStarting:55 -Starting OpinionPlusApplication using Java 1.8.0_151 on LAPTOP-F69Q7ABG with PID 19796 (D:\springboot\opinion-plus\target\classes started by 14040 in D:\springboot\opinion-plus)
2021-02-09 01:36:05.897 DEBUG [restartedMain]com.fxys.opinion_plus.OpinionPlusApplication.logStarting:56 -Running with Spring Boot v2.4.2, Spring v5.3.3
2021-02-09 01:36:05.898 INFO  [restartedMain]com.fxys.opinion_plus.OpinionPlusApplication.logStartupProfileInfo:660 -No active profile set, falling back to default profiles: default
2021-02-09 01:36:05.977 INFO  [restartedMain]org.springframework.boot.devtools.restart.ChangeableUrls.logTo:255 -The Class-Path manifest attribute in D:\repository\org\carrot2\morfologik-speller\1.9.0\morfologik-speller-1.9.0.jar referenced one or more files that do not exist: file:/D:/repository/org/carrot2/morfologik-speller/1.9.0/morfologik-stemming-1.9.0.jar,file:/D:/repository/org/carrot2/morfologik-speller/1.9.0/morfologik-fsa-1.9.0.jar
2021-02-09 01:36:05.977 INFO  [restartedMain]org.springframework.boot.devtools.restart.ChangeableUrls.logTo:255 -The Class-Path manifest attribute in D:\repository\org\carrot2\morfologik-stemming\1.9.0\morfologik-stemming-1.9.0.jar referenced one or more files that do not exist: file:/D:/repository/org/carrot2/morfologik-stemming/1.9.0/morfologik-fsa-1.9.0.jar
2021-02-09 01:36:05.977 INFO  [restartedMain]org.springframework.boot.devtools.restart.ChangeableUrls.logTo:255 -The Class-Path manifest attribute in D:\repository\org\apache\opennlp\opennlp-tools\1.5.3\opennlp-tools-1.5.3.jar referenced one or more files that do not exist: file:/D:/repository/org/apache/opennlp/opennlp-tools/1.5.3/opennlp-maxent-3.0.3.jar,file:/D:/repository/org/apache/opennlp/opennlp-tools/1.5.3/jwnl-1.3.3.jar
2021-02-09 01:36:05.978 INFO  [restartedMain]o.s.b.devtools.env.DevToolsPropertyDefaultsPostProcessor.logTo:255 -Devtools property defaults active! Set 'spring.devtools.add-properties' to 'false' to disable
2021-02-09 01:36:05.978 INFO  [restartedMain]o.s.b.devtools.env.DevToolsPropertyDefaultsPostProcessor.logTo:255 -For additional web related logging consider setting the 'logging.level.web' property to 'DEBUG'
2021-02-09 01:36:06.769 INFO  [restartedMain]o.s.d.repository.config.RepositoryConfigurationDelegate.multipleStoresDetected:250 -Multiple Spring Data modules found, entering strict repository configuration mode!
2021-02-09 01:36:06.770 INFO  [restartedMain]o.s.d.repository.config.RepositoryConfigurationDelegate.registerRepositoriesIn:128 -Bootstrapping Spring Data JDBC repositories in DEFAULT mode.
2021-02-09 01:36:06.787 INFO  [restartedMain]o.s.d.repository.config.RepositoryConfigurationDelegate.registerRepositoriesIn:188 -Finished Spring Data repository scanning in 13 ms. Found 0 JDBC repository interfaces.
2021-02-09 01:36:06.800 INFO  [restartedMain]o.s.d.repository.config.RepositoryConfigurationDelegate.multipleStoresDetected:250 -Multiple Spring Data modules found, entering strict repository configuration mode!
2021-02-09 01:36:06.800 INFO  [restartedMain]o.s.d.repository.config.RepositoryConfigurationDelegate.registerRepositoriesIn:128 -Bootstrapping Spring Data JPA repositories in DEFAULT mode.
2021-02-09 01:36:06.814 INFO  [restartedMain]o.s.d.repository.config.RepositoryConfigurationDelegate.registerRepositoriesIn:188 -Finished Spring Data repository scanning in 6 ms. Found 0 JPA repository interfaces.
2021-02-09 01:36:07.583 INFO  [restartedMain]o.s.boot.web.embedded.tomcat.TomcatWebServer.initialize:108 -Tomcat initialized with port(s): 8081 (http)
2021-02-09 01:36:07.645 INFO  [restartedMain]org.apache.coyote.http11.Http11NioProtocol.log:173 -Initializing ProtocolHandler ["http-nio-8081"]
2021-02-09 01:36:07.646 INFO  [restartedMain]org.apache.catalina.core.StandardService.log:173 -Starting service [Tomcat]
2021-02-09 01:36:07.647 INFO  [restartedMain]org.apache.catalina.core.StandardEngine.log:173 -Starting Servlet engine: [Apache Tomcat/9.0.41]
2021-02-09 01:36:07.753 INFO  [restartedMain]o.a.catalina.core.ContainerBase.[Tomcat].[localhost].[/].log:173 -Initializing Spring embedded WebApplicationContext
2021-02-09 01:36:07.754 INFO  [restartedMain]o.s.b.w.s.context.ServletWebServerApplicationContext.prepareWebApplicationContext:289 -Root WebApplicationContext: initialization completed in 1774 ms
2021-02-09 01:36:07.819 INFO  [restartedMain]c.a.d.s.boot.autoconfigure.DruidDataSourceAutoConfigure.dataSource:56 -Init DruidDataSource
2021-02-09 01:36:08.079 INFO  [restartedMain]com.alibaba.druid.pool.DruidDataSource.init:930 -{dataSource-1} inited
2021-02-09 01:36:08.223 INFO  [restartedMain]org.hibernate.jpa.internal.util.LogHelper.logPersistenceUnitInformation:31 -HHH000204: Processing PersistenceUnitInfo [name: default]
2021-02-09 01:36:08.260 INFO  [restartedMain]org.hibernate.Version.logVersion:44 -HHH000412: Hibernate ORM core version 5.4.27.Final
2021-02-09 01:36:08.349 INFO  [restartedMain]org.hibernate.annotations.common.Version.<clinit>:56 -HCANN000001: Hibernate Commons Annotations {5.1.2.Final}
2021-02-09 01:36:08.533 INFO  [restartedMain]org.hibernate.dialect.Dialect.<init>:175 -HHH000400: Using dialect: org.hibernate.dialect.MySQL5InnoDBDialect
2021-02-09 01:36:08.720 INFO  [restartedMain]o.h.e.t.jta.platform.internal.JtaPlatformInitiator.initiateService:52 -HHH000490: Using JtaPlatform implementation: [org.hibernate.engine.transaction.jta.platform.internal.NoJtaPlatform]
2021-02-09 01:36:08.729 INFO  [restartedMain]o.s.orm.jpa.LocalContainerEntityManagerFactoryBean.buildNativeEntityManagerFactory:437 -Initialized JPA EntityManagerFactory for persistence unit 'default'
2021-02-09 01:36:08.757 INFO  [restartedMain]o.s.boot.devtools.autoconfigure.OptionalLiveReloadServer.startServer:58 -LiveReload server is running on port 35729
2021-02-09 01:36:09.183 WARN  [restartedMain]o.s.b.a.orm.jpa.JpaBaseConfiguration$JpaWebConfiguration.openEntityManagerInViewInterceptor:221 -spring.jpa.open-in-view is enabled by default. Therefore, database queries may be performed during view rendering. Explicitly configure spring.jpa.open-in-view to disable this warning
2021-02-09 01:36:09.623 INFO  [restartedMain]org.apache.coyote.http11.Http11NioProtocol.log:173 -Starting ProtocolHandler ["http-nio-8081"]
2021-02-09 01:36:09.638 INFO  [restartedMain]o.s.boot.web.embedded.tomcat.TomcatWebServer.start:220 -Tomcat started on port(s): 8081 (http) with context path ''
2021-02-09 01:36:09.646 INFO  [restartedMain]com.fxys.opinion_plus.OpinionPlusApplication.logStarted:61 -Started OpinionPlusApplication in 4.244 seconds (JVM running for 5.613)
2021-02-09 01:36:23.326 INFO  [http-nio-8081-exec-1]o.a.catalina.core.ContainerBase.[Tomcat].[localhost].[/].log:173 -Initializing Spring DispatcherServlet 'dispatcherServlet'
2021-02-09 01:36:23.326 INFO  [http-nio-8081-exec-1]org.springframework.web.servlet.DispatcherServlet.initServletBean:525 -Initializing Servlet 'dispatcherServlet'
2021-02-09 01:36:23.327 INFO  [http-nio-8081-exec-1]org.springframework.web.servlet.DispatcherServlet.initServletBean:547 -Completed initialization in 0 ms
2021-02-09 01:36:23.344 WARN  [http-nio-8081-exec-1]com.fxys.opinion_plus.handler.GlobalExceptionHandler.handleBusinessException:47 -URL:/api/user/updateUsername ,业务异常:ErrorResult(status=20002, message=用户名不存在, exception=com.fxys.opinion_plus.exception.OpinionException)
2021-02-09 01:37:30.769 INFO  [background-preinit]org.hibernate.validator.internal.util.Version.<clinit>:30 -HV000001: Hibernate Validator 5.4.1.Final
2021-02-09 01:37:30.769 INFO  [restartedMain]com.fxys.opinion_plus.OpinionPlusApplication.logStarting:55 -Starting OpinionPlusApplication using Java 1.8.0_151 on LAPTOP-F69Q7ABG with PID 10116 (D:\springboot\opinion-plus\target\classes started by 14040 in D:\springboot\opinion-plus)
2021-02-09 01:37:30.772 DEBUG [restartedMain]com.fxys.opinion_plus.OpinionPlusApplication.logStarting:56 -Running with Spring Boot v2.4.2, Spring v5.3.3
2021-02-09 01:37:30.773 INFO  [restartedMain]com.fxys.opinion_plus.OpinionPlusApplication.logStartupProfileInfo:660 -No active profile set, falling back to default profiles: default
2021-02-09 01:37:30.820 INFO  [restartedMain]org.springframework.boot.devtools.restart.ChangeableUrls.logTo:255 -The Class-Path manifest attribute in D:\repository\org\carrot2\morfologik-speller\1.9.0\morfologik-speller-1.9.0.jar referenced one or more files that do not exist: file:/D:/repository/org/carrot2/morfologik-speller/1.9.0/morfologik-stemming-1.9.0.jar,file:/D:/repository/org/carrot2/morfologik-speller/1.9.0/morfologik-fsa-1.9.0.jar
2021-02-09 01:37:30.821 INFO  [restartedMain]org.springframework.boot.devtools.restart.ChangeableUrls.logTo:255 -The Class-Path manifest attribute in D:\repository\org\carrot2\morfologik-stemming\1.9.0\morfologik-stemming-1.9.0.jar referenced one or more files that do not exist: file:/D:/repository/org/carrot2/morfologik-stemming/1.9.0/morfologik-fsa-1.9.0.jar
2021-02-09 01:37:30.821 INFO  [restartedMain]org.springframework.boot.devtools.restart.ChangeableUrls.logTo:255 -The Class-Path manifest attribute in D:\repository\org\apache\opennlp\opennlp-tools\1.5.3\opennlp-tools-1.5.3.jar referenced one or more files that do not exist: file:/D:/repository/org/apache/opennlp/opennlp-tools/1.5.3/opennlp-maxent-3.0.3.jar,file:/D:/repository/org/apache/opennlp/opennlp-tools/1.5.3/jwnl-1.3.3.jar
2021-02-09 01:37:30.821 INFO  [restartedMain]o.s.b.devtools.env.DevToolsPropertyDefaultsPostProcessor.logTo:255 -Devtools property defaults active! Set 'spring.devtools.add-properties' to 'false' to disable
2021-02-09 01:37:30.821 INFO  [restartedMain]o.s.b.devtools.env.DevToolsPropertyDefaultsPostProcessor.logTo:255 -For additional web related logging consider setting the 'logging.level.web' property to 'DEBUG'
2021-02-09 01:37:31.983 INFO  [restartedMain]o.s.d.repository.config.RepositoryConfigurationDelegate.multipleStoresDetected:250 -Multiple Spring Data modules found, entering strict repository configuration mode!
2021-02-09 01:37:31.984 INFO  [restartedMain]o.s.d.repository.config.RepositoryConfigurationDelegate.registerRepositoriesIn:128 -Bootstrapping Spring Data JDBC repositories in DEFAULT mode.
2021-02-09 01:37:32.011 INFO  [restartedMain]o.s.d.repository.config.RepositoryConfigurationDelegate.registerRepositoriesIn:188 -Finished Spring Data repository scanning in 23 ms. Found 0 JDBC repository interfaces.
2021-02-09 01:37:32.020 INFO  [restartedMain]o.s.d.repository.config.RepositoryConfigurationDelegate.multipleStoresDetected:250 -Multiple Spring Data modules found, entering strict repository configuration mode!
2021-02-09 01:37:32.020 INFO  [restartedMain]o.s.d.repository.config.RepositoryConfigurationDelegate.registerRepositoriesIn:128 -Bootstrapping Spring Data JPA repositories in DEFAULT mode.
2021-02-09 01:37:32.031 INFO  [restartedMain]o.s.d.repository.config.RepositoryConfigurationDelegate.registerRepositoriesIn:188 -Finished Spring Data repository scanning in 7 ms. Found 0 JPA repository interfaces.
2021-02-09 01:37:32.908 INFO  [restartedMain]o.s.boot.web.embedded.tomcat.TomcatWebServer.initialize:108 -Tomcat initialized with port(s): 8081 (http)
2021-02-09 01:37:32.916 INFO  [restartedMain]org.apache.coyote.http11.Http11NioProtocol.log:173 -Initializing ProtocolHandler ["http-nio-8081"]
2021-02-09 01:37:32.917 INFO  [restartedMain]org.apache.catalina.core.StandardService.log:173 -Starting service [Tomcat]
2021-02-09 01:37:32.917 INFO  [restartedMain]org.apache.catalina.core.StandardEngine.log:173 -Starting Servlet engine: [Apache Tomcat/9.0.41]
2021-02-09 01:37:33.034 INFO  [restartedMain]o.a.catalina.core.ContainerBase.[Tomcat].[localhost].[/].log:173 -Initializing Spring embedded WebApplicationContext
2021-02-09 01:37:33.034 INFO  [restartedMain]o.s.b.w.s.context.ServletWebServerApplicationContext.prepareWebApplicationContext:289 -Root WebApplicationContext: initialization completed in 2212 ms
2021-02-09 01:37:33.193 INFO  [restartedMain]c.a.d.s.boot.autoconfigure.DruidDataSourceAutoConfigure.dataSource:56 -Init DruidDataSource
2021-02-09 01:37:33.479 INFO  [restartedMain]com.alibaba.druid.pool.DruidDataSource.init:930 -{dataSource-1} inited
2021-02-09 01:37:33.646 INFO  [restartedMain]org.hibernate.jpa.internal.util.LogHelper.logPersistenceUnitInformation:31 -HHH000204: Processing PersistenceUnitInfo [name: default]
2021-02-09 01:37:33.697 INFO  [restartedMain]org.hibernate.Version.logVersion:44 -HHH000412: Hibernate ORM core version 5.4.27.Final
2021-02-09 01:37:33.801 INFO  [restartedMain]org.hibernate.annotations.common.Version.<clinit>:56 -HCANN000001: Hibernate Commons Annotations {5.1.2.Final}
2021-02-09 01:37:34.020 INFO  [restartedMain]org.hibernate.dialect.Dialect.<init>:175 -HHH000400: Using dialect: org.hibernate.dialect.MySQL5InnoDBDialect
2021-02-09 01:37:34.666 INFO  [restartedMain]o.h.e.t.jta.platform.internal.JtaPlatformInitiator.initiateService:52 -HHH000490: Using JtaPlatform implementation: [org.hibernate.engine.transaction.jta.platform.internal.NoJtaPlatform]
2021-02-09 01:37:34.679 INFO  [restartedMain]o.s.orm.jpa.LocalContainerEntityManagerFactoryBean.buildNativeEntityManagerFactory:437 -Initialized JPA EntityManagerFactory for persistence unit 'default'
2021-02-09 01:37:34.716 INFO  [restartedMain]o.s.boot.devtools.autoconfigure.OptionalLiveReloadServer.startServer:58 -LiveReload server is running on port 35729
2021-02-09 01:37:35.283 WARN  [restartedMain]o.s.b.a.orm.jpa.JpaBaseConfiguration$JpaWebConfiguration.openEntityManagerInViewInterceptor:221 -spring.jpa.open-in-view is enabled by default. Therefore, database queries may be performed during view rendering. Explicitly configure spring.jpa.open-in-view to disable this warning
2021-02-09 01:37:35.786 INFO  [restartedMain]org.apache.coyote.http11.Http11NioProtocol.log:173 -Starting ProtocolHandler ["http-nio-8081"]
2021-02-09 01:37:35.846 INFO  [restartedMain]o.s.boot.web.embedded.tomcat.TomcatWebServer.start:220 -Tomcat started on port(s): 8081 (http) with context path ''
2021-02-09 01:37:35.855 INFO  [restartedMain]com.fxys.opinion_plus.OpinionPlusApplication.logStarted:61 -Started OpinionPlusApplication in 5.633 seconds (JVM running for 7.229)
2021-02-09 01:38:18.203 INFO  [http-nio-8081-exec-1]o.a.catalina.core.ContainerBase.[Tomcat].[localhost].[/].log:173 -Initializing Spring DispatcherServlet 'dispatcherServlet'
2021-02-09 01:38:18.204 INFO  [http-nio-8081-exec-1]org.springframework.web.servlet.DispatcherServlet.initServletBean:525 -Initializing Servlet 'dispatcherServlet'
2021-02-09 01:38:18.206 INFO  [http-nio-8081-exec-1]org.springframework.web.servlet.DispatcherServlet.initServletBean:547 -Completed initialization in 2 ms
2021-02-09 01:38:18.251 WARN  [http-nio-8081-exec-1]com.fxys.opinion_plus.handler.GlobalExceptionHandler.handleBusinessException:47 -URL:/api/user/updateUsername ,业务异常:ErrorResult(status=20002, message=用户名不存在, exception=com.fxys.opinion_plus.exception.OpinionException)
2021-02-09 01:39:32.995 WARN  [http-nio-8081-exec-2]com.fxys.opinion_plus.handler.GlobalExceptionHandler.handleBusinessException:47 -URL:/api/user/updateUsername ,业务异常:ErrorResult(status=20002, message=用户名不存在, exception=com.fxys.opinion_plus.exception.OpinionException)
2021-02-09 01:39:38.912 WARN  [http-nio-8081-exec-3]com.fxys.opinion_plus.handler.GlobalExceptionHandler.handleBusinessException:47 -URL:/api/user/updateUsername ,业务异常:ErrorResult(status=20002, message=用户名不存在, exception=com.fxys.opinion_plus.exception.OpinionException)
2021-02-09 01:41:09.318 WARN  [http-nio-8081-exec-5]com.fxys.opinion_plus.handler.GlobalExceptionHandler.handleBusinessException:47 -URL:/api/user/updateUsername ,业务异常:ErrorResult(status=20002, message=用户名不存在, exception=com.fxys.opinion_plus.exception.OpinionException)
2021-02-09 01:42:03.172 INFO  [background-preinit]org.hibernate.validator.internal.util.Version.<clinit>:30 -HV000001: Hibernate Validator 5.4.1.Final
2021-02-09 01:42:03.172 INFO  [restartedMain]com.fxys.opinion_plus.OpinionPlusApplication.logStarting:55 -Starting OpinionPlusApplication using Java 1.8.0_151 on LAPTOP-F69Q7ABG with PID 7412 (D:\springboot\opinion-plus\target\classes started by 14040 in D:\springboot\opinion-plus)
2021-02-09 01:42:03.175 DEBUG [restartedMain]com.fxys.opinion_plus.OpinionPlusApplication.logStarting:56 -Running with Spring Boot v2.4.2, Spring v5.3.3
2021-02-09 01:42:03.176 INFO  [restartedMain]com.fxys.opinion_plus.OpinionPlusApplication.logStartupProfileInfo:660 -No active profile set, falling back to default profiles: default
2021-02-09 01:42:03.230 INFO  [restartedMain]org.springframework.boot.devtools.restart.ChangeableUrls.logTo:255 -The Class-Path manifest attribute in D:\repository\org\carrot2\morfologik-speller\1.9.0\morfologik-speller-1.9.0.jar referenced one or more files that do not exist: file:/D:/repository/org/carrot2/morfologik-speller/1.9.0/morfologik-stemming-1.9.0.jar,file:/D:/repository/org/carrot2/morfologik-speller/1.9.0/morfologik-fsa-1.9.0.jar
2021-02-09 01:42:03.230 INFO  [restartedMain]org.springframework.boot.devtools.restart.ChangeableUrls.logTo:255 -The Class-Path manifest attribute in D:\repository\org\carrot2\morfologik-stemming\1.9.0\morfologik-stemming-1.9.0.jar referenced one or more files that do not exist: file:/D:/repository/org/carrot2/morfologik-stemming/1.9.0/morfologik-fsa-1.9.0.jar
2021-02-09 01:42:03.231 INFO  [restartedMain]org.springframework.boot.devtools.restart.ChangeableUrls.logTo:255 -The Class-Path manifest attribute in D:\repository\org\apache\opennlp\opennlp-tools\1.5.3\opennlp-tools-1.5.3.jar referenced one or more files that do not exist: file:/D:/repository/org/apache/opennlp/opennlp-tools/1.5.3/opennlp-maxent-3.0.3.jar,file:/D:/repository/org/apache/opennlp/opennlp-tools/1.5.3/jwnl-1.3.3.jar
2021-02-09 01:42:03.231 INFO  [restartedMain]o.s.b.devtools.env.DevToolsPropertyDefaultsPostProcessor.logTo:255 -Devtools property defaults active! Set 'spring.devtools.add-properties' to 'false' to disable
2021-02-09 01:42:03.231 INFO  [restartedMain]o.s.b.devtools.env.DevToolsPropertyDefaultsPostProcessor.logTo:255 -For additional web related logging consider setting the 'logging.level.web' property to 'DEBUG'
2021-02-09 01:42:03.943 INFO  [restartedMain]o.s.d.repository.config.RepositoryConfigurationDelegate.multipleStoresDetected:250 -Multiple Spring Data modules found, entering strict repository configuration mode!
2021-02-09 01:42:03.944 INFO  [restartedMain]o.s.d.repository.config.RepositoryConfigurationDelegate.registerRepositoriesIn:128 -Bootstrapping Spring Data JDBC repositories in DEFAULT mode.
2021-02-09 01:42:03.961 INFO  [restartedMain]o.s.d.repository.config.RepositoryConfigurationDelegate.registerRepositoriesIn:188 -Finished Spring Data repository scanning in 14 ms. Found 0 JDBC repository interfaces.
2021-02-09 01:42:03.970 INFO  [restartedMain]o.s.d.repository.config.RepositoryConfigurationDelegate.multipleStoresDetected:250 -Multiple Spring Data modules found, entering strict repository configuration mode!
2021-02-09 01:42:03.971 INFO  [restartedMain]o.s.d.repository.config.RepositoryConfigurationDelegate.registerRepositoriesIn:128 -Bootstrapping Spring Data JPA repositories in DEFAULT mode.
2021-02-09 01:42:03.980 INFO  [restartedMain]o.s.d.repository.config.RepositoryConfigurationDelegate.registerRepositoriesIn:188 -Finished Spring Data repository scanning in 4 ms. Found 0 JPA repository interfaces.
2021-02-09 01:42:04.775 INFO  [restartedMain]o.s.boot.web.embedded.tomcat.TomcatWebServer.initialize:108 -Tomcat initialized with port(s): 8081 (http)
2021-02-09 01:42:04.847 INFO  [restartedMain]org.apache.coyote.http11.Http11NioProtocol.log:173 -Initializing ProtocolHandler ["http-nio-8081"]
2021-02-09 01:42:04.848 INFO  [restartedMain]org.apache.catalina.core.StandardService.log:173 -Starting service [Tomcat]
2021-02-09 01:42:04.848 INFO  [restartedMain]org.apache.catalina.core.StandardEngine.log:173 -Starting Servlet engine: [Apache Tomcat/9.0.41]
2021-02-09 01:42:04.962 INFO  [restartedMain]o.a.catalina.core.ContainerBase.[Tomcat].[localhost].[/].log:173 -Initializing Spring embedded WebApplicationContext
2021-02-09 01:42:04.962 INFO  [restartedMain]o.s.b.w.s.context.ServletWebServerApplicationContext.prepareWebApplicationContext:289 -Root WebApplicationContext: initialization completed in 1730 ms
2021-02-09 01:42:05.032 INFO  [restartedMain]c.a.d.s.boot.autoconfigure.DruidDataSourceAutoConfigure.dataSource:56 -Init DruidDataSource
2021-02-09 01:42:05.353 INFO  [restartedMain]com.alibaba.druid.pool.DruidDataSource.init:930 -{dataSource-1} inited
2021-02-09 01:42:05.512 INFO  [restartedMain]org.hibernate.jpa.internal.util.LogHelper.logPersistenceUnitInformation:31 -HHH000204: Processing PersistenceUnitInfo [name: default]
2021-02-09 01:42:05.551 INFO  [restartedMain]org.hibernate.Version.logVersion:44 -HHH000412: Hibernate ORM core version 5.4.27.Final
2021-02-09 01:42:05.653 INFO  [restartedMain]org.hibernate.annotations.common.Version.<clinit>:56 -HCANN000001: Hibernate Commons Annotations {5.1.2.Final}
2021-02-09 01:42:05.865 INFO  [restartedMain]org.hibernate.dialect.Dialect.<init>:175 -HHH000400: Using dialect: org.hibernate.dialect.MySQL5InnoDBDialect
2021-02-09 01:42:06.073 INFO  [restartedMain]o.h.e.t.jta.platform.internal.JtaPlatformInitiator.initiateService:52 -HHH000490: Using JtaPlatform implementation: [org.hibernate.engine.transaction.jta.platform.internal.NoJtaPlatform]
2021-02-09 01:42:06.083 INFO  [restartedMain]o.s.orm.jpa.LocalContainerEntityManagerFactoryBean.buildNativeEntityManagerFactory:437 -Initialized JPA EntityManagerFactory for persistence unit 'default'
2021-02-09 01:42:06.115 INFO  [restartedMain]o.s.boot.devtools.autoconfigure.OptionalLiveReloadServer.startServer:58 -LiveReload server is running on port 35729
2021-02-09 01:42:06.710 WARN  [restartedMain]o.s.b.a.orm.jpa.JpaBaseConfiguration$JpaWebConfiguration.openEntityManagerInViewInterceptor:221 -spring.jpa.open-in-view is enabled by default. Therefore, database queries may be performed during view rendering. Explicitly configure spring.jpa.open-in-view to disable this warning
2021-02-09 01:42:07.230 INFO  [restartedMain]org.apache.coyote.http11.Http11NioProtocol.log:173 -Starting ProtocolHandler ["http-nio-8081"]
2021-02-09 01:42:07.249 INFO  [restartedMain]o.s.boot.web.embedded.tomcat.TomcatWebServer.start:220 -Tomcat started on port(s): 8081 (http) with context path ''
2021-02-09 01:42:07.261 INFO  [restartedMain]com.fxys.opinion_plus.OpinionPlusApplication.logStarted:61 -Started OpinionPlusApplication in 4.828 seconds (JVM running for 6.603)
2021-02-09 01:43:02.389 INFO  [http-nio-8081-exec-1]o.a.catalina.core.ContainerBase.[Tomcat].[localhost].[/].log:173 -Initializing Spring DispatcherServlet 'dispatcherServlet'
2021-02-09 01:43:02.389 INFO  [http-nio-8081-exec-1]org.springframework.web.servlet.DispatcherServlet.initServletBean:525 -Initializing Servlet 'dispatcherServlet'
2021-02-09 01:43:02.391 INFO  [http-nio-8081-exec-1]org.springframework.web.servlet.DispatcherServlet.initServletBean:547 -Completed initialization in 2 ms
2021-02-09 01:43:02.413 WARN  [http-nio-8081-exec-1]com.fxys.opinion_plus.handler.GlobalExceptionHandler.handleBusinessException:47 -URL:/api/user/updateUsername ,业务异常:ErrorResult(status=20002, message=用户名不存在, exception=com.fxys.opinion_plus.exception.OpinionException)
2021-02-09 01:43:35.006 WARN  [http-nio-8081-exec-2]com.fxys.opinion_plus.handler.GlobalExceptionHandler.handleBusinessException:47 -URL:/api/user/updateUsername ,业务异常:ErrorResult(status=20002, message=用户名不存在, exception=com.fxys.opinion_plus.exception.OpinionException)
2021-02-09 01:43:49.836 WARN  [http-nio-8081-exec-3]com.fxys.opinion_plus.handler.GlobalExceptionHandler.handleBusinessException:47 -URL:/api/user/updateUsername ,业务异常:ErrorResult(status=20002, message=用户名不存在, exception=com.fxys.opinion_plus.exception.OpinionException)
2021-02-09 01:45:26.031 WARN  [http-nio-8081-exec-4]com.fxys.opinion_plus.handler.GlobalExceptionHandler.handleBusinessException:47 -URL:/api/user/updateUsername ,业务异常:ErrorResult(status=20002, message=用户名不存在, exception=com.fxys.opinion_plus.exception.OpinionException)
2021-02-09 01:47:33.658 INFO  [restartedMain]com.fxys.opinion_plus.OpinionPlusApplication.logStarting:55 -Starting OpinionPlusApplication using Java 1.8.0_151 on LAPTOP-F69Q7ABG with PID 24008 (D:\springboot\opinion-plus\target\classes started by 14040 in D:\springboot\opinion-plus)
2021-02-09 01:47:33.657 INFO  [background-preinit]org.hibernate.validator.internal.util.Version.<clinit>:30 -HV000001: Hibernate Validator 5.4.1.Final
2021-02-09 01:47:33.662 DEBUG [restartedMain]com.fxys.opinion_plus.OpinionPlusApplication.logStarting:56 -Running with Spring Boot v2.4.2, Spring v5.3.3
2021-02-09 01:47:33.664 INFO  [restartedMain]com.fxys.opinion_plus.OpinionPlusApplication.logStartupProfileInfo:660 -No active profile set, falling back to default profiles: default
2021-02-09 01:47:33.733 INFO  [restartedMain]org.springframework.boot.devtools.restart.ChangeableUrls.logTo:255 -The Class-Path manifest attribute in D:\repository\org\carrot2\morfologik-speller\1.9.0\morfologik-speller-1.9.0.jar referenced one or more files that do not exist: file:/D:/repository/org/carrot2/morfologik-speller/1.9.0/morfologik-stemming-1.9.0.jar,file:/D:/repository/org/carrot2/morfologik-speller/1.9.0/morfologik-fsa-1.9.0.jar
2021-02-09 01:47:33.733 INFO  [restartedMain]org.springframework.boot.devtools.restart.ChangeableUrls.logTo:255 -The Class-Path manifest attribute in D:\repository\org\carrot2\morfologik-stemming\1.9.0\morfologik-stemming-1.9.0.jar referenced one or more files that do not exist: file:/D:/repository/org/carrot2/morfologik-stemming/1.9.0/morfologik-fsa-1.9.0.jar
2021-02-09 01:47:33.734 INFO  [restartedMain]org.springframework.boot.devtools.restart.ChangeableUrls.logTo:255 -The Class-Path manifest attribute in D:\repository\org\apache\opennlp\opennlp-tools\1.5.3\opennlp-tools-1.5.3.jar referenced one or more files that do not exist: file:/D:/repository/org/apache/opennlp/opennlp-tools/1.5.3/opennlp-maxent-3.0.3.jar,file:/D:/repository/org/apache/opennlp/opennlp-tools/1.5.3/jwnl-1.3.3.jar
2021-02-09 01:47:33.734 INFO  [restartedMain]o.s.b.devtools.env.DevToolsPropertyDefaultsPostProcessor.logTo:255 -Devtools property defaults active! Set 'spring.devtools.add-properties' to 'false' to disable
2021-02-09 01:47:33.735 INFO  [restartedMain]o.s.b.devtools.env.DevToolsPropertyDefaultsPostProcessor.logTo:255 -For additional web related logging consider setting the 'logging.level.web' property to 'DEBUG'
2021-02-09 01:47:34.497 INFO  [restartedMain]o.s.d.repository.config.RepositoryConfigurationDelegate.multipleStoresDetected:250 -Multiple Spring Data modules found, entering strict repository configuration mode!
2021-02-09 01:47:34.498 INFO  [restartedMain]o.s.d.repository.config.RepositoryConfigurationDelegate.registerRepositoriesIn:128 -Bootstrapping Spring Data JDBC repositories in DEFAULT mode.
2021-02-09 01:47:34.520 INFO  [restartedMain]o.s.d.repository.config.RepositoryConfigurationDelegate.registerRepositoriesIn:188 -Finished Spring Data repository scanning in 18 ms. Found 0 JDBC repository interfaces.
2021-02-09 01:47:34.532 INFO  [restartedMain]o.s.d.repository.config.RepositoryConfigurationDelegate.multipleStoresDetected:250 -Multiple Spring Data modules found, entering strict repository configuration mode!
2021-02-09 01:47:34.532 INFO  [restartedMain]o.s.d.repository.config.RepositoryConfigurationDelegate.registerRepositoriesIn:128 -Bootstrapping Spring Data JPA repositories in DEFAULT mode.
2021-02-09 01:47:34.548 INFO  [restartedMain]o.s.d.repository.config.RepositoryConfigurationDelegate.registerRepositoriesIn:188 -Finished Spring Data repository scanning in 8 ms. Found 0 JPA repository interfaces.
2021-02-09 01:47:35.103 INFO  [restartedMain]o.s.boot.web.embedded.tomcat.TomcatWebServer.initialize:108 -Tomcat initialized with port(s): 8081 (http)
2021-02-09 01:47:35.110 INFO  [restartedMain]org.apache.coyote.http11.Http11NioProtocol.log:173 -Initializing ProtocolHandler ["http-nio-8081"]
2021-02-09 01:47:35.111 INFO  [restartedMain]org.apache.catalina.core.StandardService.log:173 -Starting service [Tomcat]
2021-02-09 01:47:35.111 INFO  [restartedMain]org.apache.catalina.core.StandardEngine.log:173 -Starting Servlet engine: [Apache Tomcat/9.0.41]
2021-02-09 01:47:35.219 INFO  [restartedMain]o.a.catalina.core.ContainerBase.[Tomcat].[localhost].[/].log:173 -Initializing Spring embedded WebApplicationContext
2021-02-09 01:47:35.219 INFO  [restartedMain]o.s.b.w.s.context.ServletWebServerApplicationContext.prepareWebApplicationContext:289 -Root WebApplicationContext: initialization completed in 1483 ms
2021-02-09 01:47:35.274 INFO  [restartedMain]c.a.d.s.boot.autoconfigure.DruidDataSourceAutoConfigure.dataSource:56 -Init DruidDataSource
2021-02-09 01:47:35.480 INFO  [restartedMain]com.alibaba.druid.pool.DruidDataSource.init:930 -{dataSource-1} inited
2021-02-09 01:47:35.544 INFO  [restartedMain]org.hibernate.jpa.internal.util.LogHelper.logPersistenceUnitInformation:31 -HHH000204: Processing PersistenceUnitInfo [name: default]
2021-02-09 01:47:35.587 INFO  [restartedMain]org.hibernate.Version.logVersion:44 -HHH000412: Hibernate ORM core version 5.4.27.Final
2021-02-09 01:47:35.679 INFO  [restartedMain]org.hibernate.annotations.common.Version.<clinit>:56 -HCANN000001: Hibernate Commons Annotations {5.1.2.Final}
2021-02-09 01:47:35.872 INFO  [restartedMain]org.hibernate.dialect.Dialect.<init>:175 -HHH000400: Using dialect: org.hibernate.dialect.MySQL5InnoDBDialect
2021-02-09 01:47:36.065 INFO  [restartedMain]o.h.e.t.jta.platform.internal.JtaPlatformInitiator.initiateService:52 -HHH000490: Using JtaPlatform implementation: [org.hibernate.engine.transaction.jta.platform.internal.NoJtaPlatform]
2021-02-09 01:47:36.075 INFO  [restartedMain]o.s.orm.jpa.LocalContainerEntityManagerFactoryBean.buildNativeEntityManagerFactory:437 -Initialized JPA EntityManagerFactory for persistence unit 'default'
2021-02-09 01:47:36.092 INFO  [restartedMain]o.s.boot.devtools.autoconfigure.OptionalLiveReloadServer.startServer:58 -LiveReload server is running on port 35729
2021-02-09 01:47:36.404 WARN  [restartedMain]o.s.b.a.orm.jpa.JpaBaseConfiguration$JpaWebConfiguration.openEntityManagerInViewInterceptor:221 -spring.jpa.open-in-view is enabled by default. Therefore, database queries may be performed during view rendering. Explicitly configure spring.jpa.open-in-view to disable this warning
2021-02-09 01:47:36.634 INFO  [restartedMain]org.apache.coyote.http11.Http11NioProtocol.log:173 -Starting ProtocolHandler ["http-nio-8081"]
2021-02-09 01:47:36.664 INFO  [restartedMain]o.s.boot.web.embedded.tomcat.TomcatWebServer.start:220 -Tomcat started on port(s): 8081 (http) with context path ''
2021-02-09 01:47:36.673 INFO  [restartedMain]com.fxys.opinion_plus.OpinionPlusApplication.logStarted:61 -Started OpinionPlusApplication in 3.649 seconds (JVM running for 5.193)
2021-02-09 01:47:57.330 INFO  [http-nio-8081-exec-1]o.a.catalina.core.ContainerBase.[Tomcat].[localhost].[/].log:173 -Initializing Spring DispatcherServlet 'dispatcherServlet'
2021-02-09 01:47:57.331 INFO  [http-nio-8081-exec-1]org.springframework.web.servlet.DispatcherServlet.initServletBean:525 -Initializing Servlet 'dispatcherServlet'
2021-02-09 01:47:57.332 INFO  [http-nio-8081-exec-1]org.springframework.web.servlet.DispatcherServlet.initServletBean:547 -Completed initialization in 1 ms
2021-02-09 01:47:57.350 WARN  [http-nio-8081-exec-1]com.fxys.opinion_plus.handler.GlobalExceptionHandler.handleBusinessException:47 -URL:/api/user/updateUsername ,业务异常:ErrorResult(status=20002, message=用户名不存在, exception=com.fxys.opinion_plus.exception.OpinionException)
