2021-02-14 00:13:31.022 DEBUG [restartedMain]com.fxys.opinion_plus.OpinionPlusApplication.logStarting:56 -Running with Spring Boot v2.4.2, Spring v5.3.3
2021-02-14 00:16:43.545 DEBUG [restartedMain]com.fxys.opinion_plus.OpinionPlusApplication.logStarting:56 -Running with Spring Boot v2.4.2, Spring v5.3.3
2021-02-14 00:16:53.939 DEBUG [http-nio-8081-exec-1]c.f.o.mapper.UserMapper.selectByUsernameAndPad.debug:137 -==>  Preparing: select id, username, email, `state`, createTime, updateTime, dataVersion,password from `user` where username=? and password=?
2021-02-14 00:16:54.003 DEBUG [http-nio-8081-exec-1]c.f.o.mapper.UserMapper.selectByUsernameAndPad.debug:137 -==> Parameters: 123456(String), fcea920f7412b5da7be0cf42b8c93759(String)
2021-02-14 00:16:54.043 DEBUG [http-nio-8081-exec-1]c.f.o.mapper.UserMapper.selectByUsernameAndPad.debug:137 -<==      Total: 0
2021-02-14 00:16:54.076 DEBUG [http-nio-8081-exec-1]com.fxys.opinion_plus.mapper.LogMapper.insertSelective.debug:137 -==>  Preparing: insert into log ( url, params, status, message, `method`, `time`, ip, createTime, result ) values ( ?, ?, ?, ?, ?, ?, ?, ?, ? )
2021-02-14 00:16:54.081 DEBUG [http-nio-8081-exec-1]com.fxys.opinion_plus.mapper.LogMapper.insertSelective.debug:137 -==> Parameters: /api/user/login(String), [UserLogin(username=123456, password=fcea920f7412b5da7be0cf42b8c93759)](String), 1(Integer), 	at com.fxys.opinion_plus.service.impl.UserServiceImpl.getLogin(UserServiceImpl.java:65)
	at com.fxys.opinion_plus.controller.UserController.login(UserController.java:19)
	at com.fxys.opinion_plus.controller.UserController$$FastClassBySpringCGLIB$$28b36b57.invoke(<generated>)
	at com.fxys.opinion_plus.aspect.RequestAspect.doAround(RequestAspect.java:66)
	at com.fxys.opinion_plus.controller.UserController$$EnhancerBySpringCGLIB$$79dda595.login(<generated>)
(String), POST(String), 0(Long), 127.0.0.1(String), 2021-02-14 00:16:54.048(Timestamp), OpinionException(code=20003, message=用户名或密码错误)
(String)
2021-02-14 00:16:54.165 DEBUG [http-nio-8081-exec-1]com.fxys.opinion_plus.mapper.LogMapper.insertSelective.debug:137 -<==    Updates: 1
2021-02-14 00:17:00.453 DEBUG [http-nio-8081-exec-2]c.f.o.mapper.UserMapper.selectByUsernameAndPad.debug:137 -==>  Preparing: select id, username, email, `state`, createTime, updateTime, dataVersion,password from `user` where username=? and password=?
2021-02-14 00:17:00.454 DEBUG [http-nio-8081-exec-2]c.f.o.mapper.UserMapper.selectByUsernameAndPad.debug:137 -==> Parameters: 123456(String), fcea920f7412b5da7be0cf42b8c93759(String)
2021-02-14 00:17:00.456 DEBUG [http-nio-8081-exec-2]c.f.o.mapper.UserMapper.selectByUsernameAndPad.debug:137 -<==      Total: 0
2021-02-14 00:17:00.461 DEBUG [http-nio-8081-exec-2]com.fxys.opinion_plus.mapper.LogMapper.insertSelective.debug:137 -==>  Preparing: insert into log ( url, params, status, message, `method`, `time`, ip, createTime, result ) values ( ?, ?, ?, ?, ?, ?, ?, ?, ? )
2021-02-14 00:17:00.465 DEBUG [http-nio-8081-exec-2]com.fxys.opinion_plus.mapper.LogMapper.insertSelective.debug:137 -==> Parameters: /api/user/login(String), [UserLogin(username=123456, password=fcea920f7412b5da7be0cf42b8c93759)](String), 1(Integer), 	at com.fxys.opinion_plus.service.impl.UserServiceImpl.getLogin(UserServiceImpl.java:65)
	at com.fxys.opinion_plus.controller.UserController.login(UserController.java:19)
	at com.fxys.opinion_plus.controller.UserController$$FastClassBySpringCGLIB$$28b36b57.invoke(<generated>)
	at com.fxys.opinion_plus.aspect.RequestAspect.doAround(RequestAspect.java:66)
	at com.fxys.opinion_plus.controller.UserController$$EnhancerBySpringCGLIB$$79dda595.login(<generated>)
(String), POST(String), 0(Long), 127.0.0.1(String), 2021-02-14 00:17:00.458(Timestamp), OpinionException(code=20003, message=用户名或密码错误)
(String)
2021-02-14 00:17:00.468 DEBUG [http-nio-8081-exec-2]com.fxys.opinion_plus.mapper.LogMapper.insertSelective.debug:137 -<==    Updates: 1
2021-02-14 00:17:42.146 DEBUG [http-nio-8081-exec-3]c.f.o.mapper.UserMapper.selectByUsernameAndPad.debug:137 -==>  Preparing: select id, username, email, `state`, createTime, updateTime, dataVersion,password from `user` where username=? and password=?
2021-02-14 00:17:42.147 DEBUG [http-nio-8081-exec-3]c.f.o.mapper.UserMapper.selectByUsernameAndPad.debug:137 -==> Parameters: 123456(String), fcea920f7412b5da7be0cf42b8c93759(String)
2021-02-14 00:17:42.150 DEBUG [http-nio-8081-exec-3]c.f.o.mapper.UserMapper.selectByUsernameAndPad.debug:137 -<==      Total: 0
2021-02-14 00:17:42.155 DEBUG [http-nio-8081-exec-3]com.fxys.opinion_plus.mapper.LogMapper.insertSelective.debug:137 -==>  Preparing: insert into log ( url, params, status, message, `method`, `time`, ip, createTime, result ) values ( ?, ?, ?, ?, ?, ?, ?, ?, ? )
2021-02-14 00:17:42.157 DEBUG [http-nio-8081-exec-3]com.fxys.opinion_plus.mapper.LogMapper.insertSelective.debug:137 -==> Parameters: /api/user/login(String), [UserLogin(username=123456, password=fcea920f7412b5da7be0cf42b8c93759)](String), 1(Integer), 	at com.fxys.opinion_plus.service.impl.UserServiceImpl.getLogin(UserServiceImpl.java:65)
	at com.fxys.opinion_plus.controller.UserController.login(UserController.java:19)
	at com.fxys.opinion_plus.controller.UserController$$FastClassBySpringCGLIB$$28b36b57.invoke(<generated>)
	at com.fxys.opinion_plus.aspect.RequestAspect.doAround(RequestAspect.java:66)
	at com.fxys.opinion_plus.controller.UserController$$EnhancerBySpringCGLIB$$79dda595.login(<generated>)
(String), POST(String), 0(Long), 127.0.0.1(String), 2021-02-14 00:17:42.153(Timestamp), OpinionException(code=20003, message=用户名或密码错误)
(String)
2021-02-14 00:17:42.159 DEBUG [http-nio-8081-exec-3]com.fxys.opinion_plus.mapper.LogMapper.insertSelective.debug:137 -<==    Updates: 1
2021-02-14 00:18:08.608 DEBUG [http-nio-8081-exec-5]c.f.o.mapper.UserMapper.selectByUsernameAndPad.debug:137 -==>  Preparing: select id, username, email, `state`, createTime, updateTime, dataVersion,password from `user` where username=? and password=?
2021-02-14 00:18:08.609 DEBUG [http-nio-8081-exec-5]c.f.o.mapper.UserMapper.selectByUsernameAndPad.debug:137 -==> Parameters: 123456(String), fcea920f7412b5da7be0cf42b8c93759(String)
2021-02-14 00:18:08.610 DEBUG [http-nio-8081-exec-5]c.f.o.mapper.UserMapper.selectByUsernameAndPad.debug:137 -<==      Total: 0
2021-02-14 00:18:08.613 DEBUG [http-nio-8081-exec-5]com.fxys.opinion_plus.mapper.LogMapper.insertSelective.debug:137 -==>  Preparing: insert into log ( url, params, status, message, `method`, `time`, ip, createTime, result ) values ( ?, ?, ?, ?, ?, ?, ?, ?, ? )
2021-02-14 00:18:08.615 DEBUG [http-nio-8081-exec-5]com.fxys.opinion_plus.mapper.LogMapper.insertSelective.debug:137 -==> Parameters: /api/user/login(String), [UserLogin(username=123456, password=fcea920f7412b5da7be0cf42b8c93759)](String), 1(Integer), 	at com.fxys.opinion_plus.service.impl.UserServiceImpl.getLogin(UserServiceImpl.java:65)
	at com.fxys.opinion_plus.controller.UserController.login(UserController.java:19)
	at com.fxys.opinion_plus.controller.UserController$$FastClassBySpringCGLIB$$28b36b57.invoke(<generated>)
	at com.fxys.opinion_plus.aspect.RequestAspect.doAround(RequestAspect.java:66)
	at com.fxys.opinion_plus.controller.UserController$$EnhancerBySpringCGLIB$$79dda595.login(<generated>)
(String), POST(String), 0(Long), 127.0.0.1(String), 2021-02-14 00:18:08.612(Timestamp), OpinionException(code=20003, message=用户名或密码错误)
(String)
2021-02-14 00:18:08.616 DEBUG [http-nio-8081-exec-5]com.fxys.opinion_plus.mapper.LogMapper.insertSelective.debug:137 -<==    Updates: 1
2021-02-14 00:18:43.909 DEBUG [http-nio-8081-exec-6]c.f.o.mapper.UserMapper.selectByUsernameAndPad.debug:137 -==>  Preparing: select id, username, email, `state`, createTime, updateTime, dataVersion,password from `user` where username=? and password=?
2021-02-14 00:18:43.910 DEBUG [http-nio-8081-exec-6]c.f.o.mapper.UserMapper.selectByUsernameAndPad.debug:137 -==> Parameters: 123456(String), fcea920f7412b5da7be0cf42b8c93759(String)
2021-02-14 00:18:43.917 DEBUG [http-nio-8081-exec-6]c.f.o.mapper.UserMapper.selectByUsernameAndPad.debug:137 -<==      Total: 0
2021-02-14 00:18:43.920 DEBUG [http-nio-8081-exec-6]com.fxys.opinion_plus.mapper.LogMapper.insertSelective.debug:137 -==>  Preparing: insert into log ( url, params, status, message, `method`, `time`, ip, createTime, result ) values ( ?, ?, ?, ?, ?, ?, ?, ?, ? )
2021-02-14 00:18:43.921 DEBUG [http-nio-8081-exec-6]com.fxys.opinion_plus.mapper.LogMapper.insertSelective.debug:137 -==> Parameters: /api/user/login(String), [UserLogin(username=123456, password=fcea920f7412b5da7be0cf42b8c93759)](String), 1(Integer), 	at com.fxys.opinion_plus.service.impl.UserServiceImpl.getLogin(UserServiceImpl.java:65)
	at com.fxys.opinion_plus.controller.UserController.login(UserController.java:19)
	at com.fxys.opinion_plus.controller.UserController$$FastClassBySpringCGLIB$$28b36b57.invoke(<generated>)
	at com.fxys.opinion_plus.aspect.RequestAspect.doAround(RequestAspect.java:66)
	at com.fxys.opinion_plus.controller.UserController$$EnhancerBySpringCGLIB$$79dda595.login(<generated>)
(String), POST(String), 0(Long), 127.0.0.1(String), 2021-02-14 00:18:43.919(Timestamp), OpinionException(code=20003, message=用户名或密码错误)
(String)
2021-02-14 00:18:43.929 DEBUG [http-nio-8081-exec-6]com.fxys.opinion_plus.mapper.LogMapper.insertSelective.debug:137 -<==    Updates: 1
2021-02-14 00:19:38.458 DEBUG [http-nio-8081-exec-7]c.f.o.mapper.UserMapper.selectByUsernameAndPad.debug:137 -==>  Preparing: select id, username, email, `state`, createTime, updateTime, dataVersion,password from `user` where username=? and password=?
2021-02-14 00:19:38.458 DEBUG [http-nio-8081-exec-7]c.f.o.mapper.UserMapper.selectByUsernameAndPad.debug:137 -==> Parameters: 123456(String), fcea920f7412b5da7be0cf42b8c93759(String)
2021-02-14 00:19:38.460 DEBUG [http-nio-8081-exec-7]c.f.o.mapper.UserMapper.selectByUsernameAndPad.debug:137 -<==      Total: 0
2021-02-14 00:19:38.482 DEBUG [http-nio-8081-exec-7]com.fxys.opinion_plus.mapper.LogMapper.insertSelective.debug:137 -==>  Preparing: insert into log ( url, params, status, message, `method`, `time`, ip, createTime, result ) values ( ?, ?, ?, ?, ?, ?, ?, ?, ? )
2021-02-14 00:19:38.483 DEBUG [http-nio-8081-exec-7]com.fxys.opinion_plus.mapper.LogMapper.insertSelective.debug:137 -==> Parameters: /api/user/login(String), [UserLogin(username=123456, password=fcea920f7412b5da7be0cf42b8c93759)](String), 1(Integer), 	at com.fxys.opinion_plus.service.impl.UserServiceImpl.getLogin(UserServiceImpl.java:65)
	at com.fxys.opinion_plus.controller.UserController.login(UserController.java:19)
	at com.fxys.opinion_plus.controller.UserController$$FastClassBySpringCGLIB$$28b36b57.invoke(<generated>)
	at com.fxys.opinion_plus.aspect.RequestAspect.doAround(RequestAspect.java:66)
	at com.fxys.opinion_plus.controller.UserController$$EnhancerBySpringCGLIB$$79dda595.login(<generated>)
(String), POST(String), 0(Long), 127.0.0.1(String), 2021-02-14 00:19:38.463(Timestamp), OpinionException(code=20003, message=用户名或密码错误)
(String)
2021-02-14 00:19:38.486 DEBUG [http-nio-8081-exec-7]com.fxys.opinion_plus.mapper.LogMapper.insertSelective.debug:137 -<==    Updates: 1
2021-02-14 00:21:20.390 DEBUG [http-nio-8081-exec-8]c.f.o.mapper.UserMapper.selectByUsernameAndPad.debug:137 -==>  Preparing: select id, username, email, `state`, createTime, updateTime, dataVersion,password from `user` where username=? and password=?
2021-02-14 00:21:20.390 DEBUG [http-nio-8081-exec-8]c.f.o.mapper.UserMapper.selectByUsernameAndPad.debug:137 -==> Parameters: 123456(String), fcea920f7412b5da7be0cf42b8c93759(String)
2021-02-14 00:21:20.393 DEBUG [http-nio-8081-exec-8]c.f.o.mapper.UserMapper.selectByUsernameAndPad.debug:137 -<==      Total: 0
2021-02-14 00:21:20.396 DEBUG [http-nio-8081-exec-8]com.fxys.opinion_plus.mapper.LogMapper.insertSelective.debug:137 -==>  Preparing: insert into log ( url, params, status, message, `method`, `time`, ip, createTime, result ) values ( ?, ?, ?, ?, ?, ?, ?, ?, ? )
2021-02-14 00:21:20.397 DEBUG [http-nio-8081-exec-8]com.fxys.opinion_plus.mapper.LogMapper.insertSelective.debug:137 -==> Parameters: /api/user/login(String), [UserLogin(username=123456, password=fcea920f7412b5da7be0cf42b8c93759)](String), 1(Integer), 	at com.fxys.opinion_plus.service.impl.UserServiceImpl.getLogin(UserServiceImpl.java:65)
	at com.fxys.opinion_plus.controller.UserController.login(UserController.java:19)
	at com.fxys.opinion_plus.controller.UserController$$FastClassBySpringCGLIB$$28b36b57.invoke(<generated>)
	at com.fxys.opinion_plus.aspect.RequestAspect.doAround(RequestAspect.java:66)
	at com.fxys.opinion_plus.controller.UserController$$EnhancerBySpringCGLIB$$79dda595.login(<generated>)
(String), POST(String), 0(Long), 127.0.0.1(String), 2021-02-14 00:21:20.394(Timestamp), OpinionException(code=20003, message=用户名或密码错误)
(String)
2021-02-14 00:21:20.400 DEBUG [http-nio-8081-exec-8]com.fxys.opinion_plus.mapper.LogMapper.insertSelective.debug:137 -<==    Updates: 1
2021-02-14 00:22:24.180 DEBUG [http-nio-8081-exec-9]c.f.o.mapper.UserMapper.selectByUsernameAndPad.debug:137 -==>  Preparing: select id, username, email, `state`, createTime, updateTime, dataVersion,password from `user` where username=? and password=?
2021-02-14 00:22:24.182 DEBUG [http-nio-8081-exec-9]c.f.o.mapper.UserMapper.selectByUsernameAndPad.debug:137 -==> Parameters: 123456(String), fcea920f7412b5da7be0cf42b8c93759(String)
2021-02-14 00:22:24.185 DEBUG [http-nio-8081-exec-9]c.f.o.mapper.UserMapper.selectByUsernameAndPad.debug:137 -<==      Total: 0
2021-02-14 00:22:24.189 DEBUG [http-nio-8081-exec-9]com.fxys.opinion_plus.mapper.LogMapper.insertSelective.debug:137 -==>  Preparing: insert into log ( url, params, status, message, `method`, `time`, ip, createTime, result ) values ( ?, ?, ?, ?, ?, ?, ?, ?, ? )
2021-02-14 00:22:24.191 DEBUG [http-nio-8081-exec-9]com.fxys.opinion_plus.mapper.LogMapper.insertSelective.debug:137 -==> Parameters: /api/user/login(String), [UserLogin(username=123456, password=fcea920f7412b5da7be0cf42b8c93759)](String), 1(Integer), 	at com.fxys.opinion_plus.service.impl.UserServiceImpl.getLogin(UserServiceImpl.java:65)
	at com.fxys.opinion_plus.controller.UserController.login(UserController.java:19)
	at com.fxys.opinion_plus.controller.UserController$$FastClassBySpringCGLIB$$28b36b57.invoke(<generated>)
	at com.fxys.opinion_plus.aspect.RequestAspect.doAround(RequestAspect.java:66)
	at com.fxys.opinion_plus.controller.UserController$$EnhancerBySpringCGLIB$$79dda595.login(<generated>)
(String), POST(String), 0(Long), 127.0.0.1(String), 2021-02-14 00:22:24.187(Timestamp), OpinionException(code=20003, message=用户名或密码错误)
(String)
2021-02-14 00:22:24.195 DEBUG [http-nio-8081-exec-9]com.fxys.opinion_plus.mapper.LogMapper.insertSelective.debug:137 -<==    Updates: 1
2021-02-14 00:24:05.716 DEBUG [http-nio-8081-exec-10]c.f.o.mapper.UserMapper.selectByUsernameAndPad.debug:137 -==>  Preparing: select id, username, email, `state`, createTime, updateTime, dataVersion,password from `user` where username=? and password=?
2021-02-14 00:24:05.717 DEBUG [http-nio-8081-exec-10]c.f.o.mapper.UserMapper.selectByUsernameAndPad.debug:137 -==> Parameters: fddas(String), 7d70663568cac5af684503681e3a4d41(String)
2021-02-14 00:24:05.718 DEBUG [http-nio-8081-exec-10]c.f.o.mapper.UserMapper.selectByUsernameAndPad.debug:137 -<==      Total: 0
2021-02-14 00:24:05.721 DEBUG [http-nio-8081-exec-10]com.fxys.opinion_plus.mapper.LogMapper.insertSelective.debug:137 -==>  Preparing: insert into log ( url, params, status, message, `method`, `time`, ip, createTime, result ) values ( ?, ?, ?, ?, ?, ?, ?, ?, ? )
2021-02-14 00:24:05.722 DEBUG [http-nio-8081-exec-10]com.fxys.opinion_plus.mapper.LogMapper.insertSelective.debug:137 -==> Parameters: /api/user/login(String), [UserLogin(username=fddas, password=7d70663568cac5af684503681e3a4d41)](String), 1(Integer), 	at com.fxys.opinion_plus.service.impl.UserServiceImpl.getLogin(UserServiceImpl.java:65)
	at com.fxys.opinion_plus.controller.UserController.login(UserController.java:19)
	at com.fxys.opinion_plus.controller.UserController$$FastClassBySpringCGLIB$$28b36b57.invoke(<generated>)
	at com.fxys.opinion_plus.aspect.RequestAspect.doAround(RequestAspect.java:66)
	at com.fxys.opinion_plus.controller.UserController$$EnhancerBySpringCGLIB$$79dda595.login(<generated>)
(String), POST(String), 0(Long), 127.0.0.1(String), 2021-02-14 00:24:05.719(Timestamp), OpinionException(code=20003, message=用户名或密码错误)
(String)
2021-02-14 00:24:05.724 DEBUG [http-nio-8081-exec-10]com.fxys.opinion_plus.mapper.LogMapper.insertSelective.debug:137 -<==    Updates: 1
2021-02-14 00:26:44.605 DEBUG [http-nio-8081-exec-1]c.f.o.mapper.UserMapper.selectByUsernameAndPad.debug:137 -==>  Preparing: select id, username, email, `state`, createTime, updateTime, dataVersion,password from `user` where username=? and password=?
2021-02-14 00:26:44.606 DEBUG [http-nio-8081-exec-1]c.f.o.mapper.UserMapper.selectByUsernameAndPad.debug:137 -==> Parameters: 123456(String), c7d48bbf2b960adc10b0aba11bf336a5(String)
2021-02-14 00:26:44.611 DEBUG [http-nio-8081-exec-1]c.f.o.mapper.UserMapper.selectByUsernameAndPad.debug:137 -<==      Total: 0
2021-02-14 00:26:44.619 DEBUG [http-nio-8081-exec-1]com.fxys.opinion_plus.mapper.LogMapper.insertSelective.debug:137 -==>  Preparing: insert into log ( url, params, status, message, `method`, `time`, ip, createTime, result ) values ( ?, ?, ?, ?, ?, ?, ?, ?, ? )
2021-02-14 00:26:44.623 DEBUG [http-nio-8081-exec-1]com.fxys.opinion_plus.mapper.LogMapper.insertSelective.debug:137 -==> Parameters: /api/user/login(String), [UserLogin(username=123456, password=c7d48bbf2b960adc10b0aba11bf336a5)](String), 1(Integer), 	at com.fxys.opinion_plus.service.impl.UserServiceImpl.getLogin(UserServiceImpl.java:65)
	at com.fxys.opinion_plus.controller.UserController.login(UserController.java:19)
	at com.fxys.opinion_plus.controller.UserController$$FastClassBySpringCGLIB$$28b36b57.invoke(<generated>)
	at com.fxys.opinion_plus.aspect.RequestAspect.doAround(RequestAspect.java:66)
	at com.fxys.opinion_plus.controller.UserController$$EnhancerBySpringCGLIB$$79dda595.login(<generated>)
(String), POST(String), 0(Long), 127.0.0.1(String), 2021-02-14 00:26:44.615(Timestamp), OpinionException(code=20003, message=用户名或密码错误)
(String)
2021-02-14 00:26:44.766 DEBUG [http-nio-8081-exec-1]com.fxys.opinion_plus.mapper.LogMapper.insertSelective.debug:137 -<==    Updates: 1
2021-02-14 00:27:05.358 DEBUG [http-nio-8081-exec-2]c.f.o.mapper.UserMapper.selectByUsernameAndPad.debug:137 -==>  Preparing: select id, username, email, `state`, createTime, updateTime, dataVersion,password from `user` where username=? and password=?
2021-02-14 00:27:05.358 DEBUG [http-nio-8081-exec-2]c.f.o.mapper.UserMapper.selectByUsernameAndPad.debug:137 -==> Parameters: 123456(String), c7d48bbf2b960adc10b0aba11bf336a5(String)
2021-02-14 00:27:05.454 DEBUG [http-nio-8081-exec-2]c.f.o.mapper.UserMapper.selectByUsernameAndPad.debug:137 -<==      Total: 0
2021-02-14 00:27:05.458 DEBUG [http-nio-8081-exec-2]com.fxys.opinion_plus.mapper.LogMapper.insertSelective.debug:137 -==>  Preparing: insert into log ( url, params, status, message, `method`, `time`, ip, createTime, result ) values ( ?, ?, ?, ?, ?, ?, ?, ?, ? )
2021-02-14 00:27:05.460 DEBUG [http-nio-8081-exec-2]com.fxys.opinion_plus.mapper.LogMapper.insertSelective.debug:137 -==> Parameters: /api/user/login(String), [UserLogin(username=123456, password=c7d48bbf2b960adc10b0aba11bf336a5)](String), 1(Integer), 	at com.fxys.opinion_plus.service.impl.UserServiceImpl.getLogin(UserServiceImpl.java:65)
	at com.fxys.opinion_plus.controller.UserController.login(UserController.java:19)
	at com.fxys.opinion_plus.controller.UserController$$FastClassBySpringCGLIB$$28b36b57.invoke(<generated>)
	at com.fxys.opinion_plus.aspect.RequestAspect.doAround(RequestAspect.java:66)
	at com.fxys.opinion_plus.controller.UserController$$EnhancerBySpringCGLIB$$79dda595.login(<generated>)
(String), POST(String), 0(Long), 127.0.0.1(String), 2021-02-14 00:27:05.456(Timestamp), OpinionException(code=20003, message=用户名或密码错误)
(String)
2021-02-14 00:27:05.462 DEBUG [http-nio-8081-exec-2]com.fxys.opinion_plus.mapper.LogMapper.insertSelective.debug:137 -<==    Updates: 1
2021-02-14 00:27:06.934 DEBUG [http-nio-8081-exec-3]c.f.o.mapper.UserMapper.selectByUsernameAndPad.debug:137 -==>  Preparing: select id, username, email, `state`, createTime, updateTime, dataVersion,password from `user` where username=? and password=?
2021-02-14 00:27:06.935 DEBUG [http-nio-8081-exec-3]c.f.o.mapper.UserMapper.selectByUsernameAndPad.debug:137 -==> Parameters: 123456(String), c7d48bbf2b960adc10b0aba11bf336a5(String)
2021-02-14 00:27:06.936 DEBUG [http-nio-8081-exec-3]c.f.o.mapper.UserMapper.selectByUsernameAndPad.debug:137 -<==      Total: 0
2021-02-14 00:27:06.940 DEBUG [http-nio-8081-exec-3]com.fxys.opinion_plus.mapper.LogMapper.insertSelective.debug:137 -==>  Preparing: insert into log ( url, params, status, message, `method`, `time`, ip, createTime, result ) values ( ?, ?, ?, ?, ?, ?, ?, ?, ? )
2021-02-14 00:27:07.038 DEBUG [http-nio-8081-exec-3]com.fxys.opinion_plus.mapper.LogMapper.insertSelective.debug:137 -==> Parameters: /api/user/login(String), [UserLogin(username=123456, password=c7d48bbf2b960adc10b0aba11bf336a5)](String), 1(Integer), 	at com.fxys.opinion_plus.service.impl.UserServiceImpl.getLogin(UserServiceImpl.java:65)
	at com.fxys.opinion_plus.controller.UserController.login(UserController.java:19)
	at com.fxys.opinion_plus.controller.UserController$$FastClassBySpringCGLIB$$28b36b57.invoke(<generated>)
	at com.fxys.opinion_plus.aspect.RequestAspect.doAround(RequestAspect.java:66)
	at com.fxys.opinion_plus.controller.UserController$$EnhancerBySpringCGLIB$$79dda595.login(<generated>)
(String), POST(String), 0(Long), 127.0.0.1(String), 2021-02-14 00:27:06.938(Timestamp), OpinionException(code=20003, message=用户名或密码错误)
(String)
2021-02-14 00:27:07.041 DEBUG [http-nio-8081-exec-3]com.fxys.opinion_plus.mapper.LogMapper.insertSelective.debug:137 -<==    Updates: 1
2021-02-14 00:27:08.042 DEBUG [http-nio-8081-exec-4]c.f.o.mapper.UserMapper.selectByUsernameAndPad.debug:137 -==>  Preparing: select id, username, email, `state`, createTime, updateTime, dataVersion,password from `user` where username=? and password=?
2021-02-14 00:27:08.043 DEBUG [http-nio-8081-exec-4]c.f.o.mapper.UserMapper.selectByUsernameAndPad.debug:137 -==> Parameters: 123456(String), c7d48bbf2b960adc10b0aba11bf336a5(String)
2021-02-14 00:27:08.044 DEBUG [http-nio-8081-exec-4]c.f.o.mapper.UserMapper.selectByUsernameAndPad.debug:137 -<==      Total: 0
2021-02-14 00:27:08.051 DEBUG [http-nio-8081-exec-4]com.fxys.opinion_plus.mapper.LogMapper.insertSelective.debug:137 -==>  Preparing: insert into log ( url, params, status, message, `method`, `time`, ip, createTime, result ) values ( ?, ?, ?, ?, ?, ?, ?, ?, ? )
2021-02-14 00:27:08.052 DEBUG [http-nio-8081-exec-4]com.fxys.opinion_plus.mapper.LogMapper.insertSelective.debug:137 -==> Parameters: /api/user/login(String), [UserLogin(username=123456, password=c7d48bbf2b960adc10b0aba11bf336a5)](String), 1(Integer), 	at com.fxys.opinion_plus.service.impl.UserServiceImpl.getLogin(UserServiceImpl.java:65)
	at com.fxys.opinion_plus.controller.UserController.login(UserController.java:19)
	at com.fxys.opinion_plus.controller.UserController$$FastClassBySpringCGLIB$$28b36b57.invoke(<generated>)
	at com.fxys.opinion_plus.aspect.RequestAspect.doAround(RequestAspect.java:66)
	at com.fxys.opinion_plus.controller.UserController$$EnhancerBySpringCGLIB$$79dda595.login(<generated>)
(String), POST(String), 0(Long), 127.0.0.1(String), 2021-02-14 00:27:08.046(Timestamp), OpinionException(code=20003, message=用户名或密码错误)
(String)
2021-02-14 00:27:08.055 DEBUG [http-nio-8081-exec-4]com.fxys.opinion_plus.mapper.LogMapper.insertSelective.debug:137 -<==    Updates: 1
2021-02-14 00:27:08.401 DEBUG [http-nio-8081-exec-5]c.f.o.mapper.UserMapper.selectByUsernameAndPad.debug:137 -==>  Preparing: select id, username, email, `state`, createTime, updateTime, dataVersion,password from `user` where username=? and password=?
2021-02-14 00:27:08.402 DEBUG [http-nio-8081-exec-5]c.f.o.mapper.UserMapper.selectByUsernameAndPad.debug:137 -==> Parameters: 123456(String), c7d48bbf2b960adc10b0aba11bf336a5(String)
2021-02-14 00:27:08.403 DEBUG [http-nio-8081-exec-5]c.f.o.mapper.UserMapper.selectByUsernameAndPad.debug:137 -<==      Total: 0
2021-02-14 00:27:08.406 DEBUG [http-nio-8081-exec-5]com.fxys.opinion_plus.mapper.LogMapper.insertSelective.debug:137 -==>  Preparing: insert into log ( url, params, status, message, `method`, `time`, ip, createTime, result ) values ( ?, ?, ?, ?, ?, ?, ?, ?, ? )
2021-02-14 00:27:08.408 DEBUG [http-nio-8081-exec-5]com.fxys.opinion_plus.mapper.LogMapper.insertSelective.debug:137 -==> Parameters: /api/user/login(String), [UserLogin(username=123456, password=c7d48bbf2b960adc10b0aba11bf336a5)](String), 1(Integer), 	at com.fxys.opinion_plus.service.impl.UserServiceImpl.getLogin(UserServiceImpl.java:65)
	at com.fxys.opinion_plus.controller.UserController.login(UserController.java:19)
	at com.fxys.opinion_plus.controller.UserController$$FastClassBySpringCGLIB$$28b36b57.invoke(<generated>)
	at com.fxys.opinion_plus.aspect.RequestAspect.doAround(RequestAspect.java:66)
	at com.fxys.opinion_plus.controller.UserController$$EnhancerBySpringCGLIB$$79dda595.login(<generated>)
(String), POST(String), 0(Long), 127.0.0.1(String), 2021-02-14 00:27:08.404(Timestamp), OpinionException(code=20003, message=用户名或密码错误)
(String)
2021-02-14 00:27:08.411 DEBUG [http-nio-8081-exec-5]com.fxys.opinion_plus.mapper.LogMapper.insertSelective.debug:137 -<==    Updates: 1
2021-02-14 00:27:08.909 DEBUG [http-nio-8081-exec-6]c.f.o.mapper.UserMapper.selectByUsernameAndPad.debug:137 -==>  Preparing: select id, username, email, `state`, createTime, updateTime, dataVersion,password from `user` where username=? and password=?
2021-02-14 00:27:08.910 DEBUG [http-nio-8081-exec-6]c.f.o.mapper.UserMapper.selectByUsernameAndPad.debug:137 -==> Parameters: 123456(String), c7d48bbf2b960adc10b0aba11bf336a5(String)
2021-02-14 00:27:08.911 DEBUG [http-nio-8081-exec-6]c.f.o.mapper.UserMapper.selectByUsernameAndPad.debug:137 -<==      Total: 0
2021-02-14 00:27:08.915 DEBUG [http-nio-8081-exec-6]com.fxys.opinion_plus.mapper.LogMapper.insertSelective.debug:137 -==>  Preparing: insert into log ( url, params, status, message, `method`, `time`, ip, createTime, result ) values ( ?, ?, ?, ?, ?, ?, ?, ?, ? )
2021-02-14 00:27:08.917 DEBUG [http-nio-8081-exec-6]com.fxys.opinion_plus.mapper.LogMapper.insertSelective.debug:137 -==> Parameters: /api/user/login(String), [UserLogin(username=123456, password=c7d48bbf2b960adc10b0aba11bf336a5)](String), 1(Integer), 	at com.fxys.opinion_plus.service.impl.UserServiceImpl.getLogin(UserServiceImpl.java:65)
	at com.fxys.opinion_plus.controller.UserController.login(UserController.java:19)
	at com.fxys.opinion_plus.controller.UserController$$FastClassBySpringCGLIB$$28b36b57.invoke(<generated>)
	at com.fxys.opinion_plus.aspect.RequestAspect.doAround(RequestAspect.java:66)
	at com.fxys.opinion_plus.controller.UserController$$EnhancerBySpringCGLIB$$79dda595.login(<generated>)
(String), POST(String), 0(Long), 127.0.0.1(String), 2021-02-14 00:27:08.914(Timestamp), OpinionException(code=20003, message=用户名或密码错误)
(String)
2021-02-14 00:27:08.918 DEBUG [http-nio-8081-exec-6]com.fxys.opinion_plus.mapper.LogMapper.insertSelective.debug:137 -<==    Updates: 1
2021-02-14 00:27:09.162 DEBUG [http-nio-8081-exec-7]c.f.o.mapper.UserMapper.selectByUsernameAndPad.debug:137 -==>  Preparing: select id, username, email, `state`, createTime, updateTime, dataVersion,password from `user` where username=? and password=?
2021-02-14 00:27:09.164 DEBUG [http-nio-8081-exec-7]c.f.o.mapper.UserMapper.selectByUsernameAndPad.debug:137 -==> Parameters: 123456(String), c7d48bbf2b960adc10b0aba11bf336a5(String)
2021-02-14 00:27:09.166 DEBUG [http-nio-8081-exec-7]c.f.o.mapper.UserMapper.selectByUsernameAndPad.debug:137 -<==      Total: 0
2021-02-14 00:27:09.171 DEBUG [http-nio-8081-exec-7]com.fxys.opinion_plus.mapper.LogMapper.insertSelective.debug:137 -==>  Preparing: insert into log ( url, params, status, message, `method`, `time`, ip, createTime, result ) values ( ?, ?, ?, ?, ?, ?, ?, ?, ? )
2021-02-14 00:27:09.175 DEBUG [http-nio-8081-exec-7]com.fxys.opinion_plus.mapper.LogMapper.insertSelective.debug:137 -==> Parameters: /api/user/login(String), [UserLogin(username=123456, password=c7d48bbf2b960adc10b0aba11bf336a5)](String), 1(Integer), 	at com.fxys.opinion_plus.service.impl.UserServiceImpl.getLogin(UserServiceImpl.java:65)
	at com.fxys.opinion_plus.controller.UserController.login(UserController.java:19)
	at com.fxys.opinion_plus.controller.UserController$$FastClassBySpringCGLIB$$28b36b57.invoke(<generated>)
	at com.fxys.opinion_plus.aspect.RequestAspect.doAround(RequestAspect.java:66)
	at com.fxys.opinion_plus.controller.UserController$$EnhancerBySpringCGLIB$$79dda595.login(<generated>)
(String), POST(String), 0(Long), 127.0.0.1(String), 2021-02-14 00:27:09.169(Timestamp), OpinionException(code=20003, message=用户名或密码错误)
(String)
2021-02-14 00:27:09.181 DEBUG [http-nio-8081-exec-7]com.fxys.opinion_plus.mapper.LogMapper.insertSelective.debug:137 -<==    Updates: 1
2021-02-14 00:28:31.253 DEBUG [http-nio-8081-exec-9]c.f.o.mapper.UserMapper.selectByUsernameAndPad.debug:137 -==>  Preparing: select id, username, email, `state`, createTime, updateTime, dataVersion,password from `user` where username=? and password=?
2021-02-14 00:28:31.254 DEBUG [http-nio-8081-exec-9]c.f.o.mapper.UserMapper.selectByUsernameAndPad.debug:137 -==> Parameters: 123456(String), e10adc3949ba59abbe56e057f20f883e(String)
2021-02-14 00:28:31.383 DEBUG [http-nio-8081-exec-9]c.f.o.mapper.UserMapper.selectByUsernameAndPad.debug:137 -<==      Total: 1
2021-02-14 00:28:33.774 DEBUG [http-nio-8081-exec-9]com.fxys.opinion_plus.mapper.LogMapper.insertSelective.debug:137 -==>  Preparing: insert into log ( url, params, status, message, `method`, `time`, ip, createTime, result ) values ( ?, ?, ?, ?, ?, ?, ?, ?, ? )
2021-02-14 00:28:33.775 DEBUG [http-nio-8081-exec-9]com.fxys.opinion_plus.mapper.LogMapper.insertSelective.debug:137 -==> Parameters: /api/user/login(String), [UserLogin(username=123456, password=e10adc3949ba59abbe56e057f20f883e)](String), 0(Integer), 操作成功(String), POST(String), 2531(Long), 127.0.0.1(String), 2021-02-14 00:28:33.774(Timestamp), {"user":{"createTime":1612756370000,"dataVersion":9,"email":"1404031711@qq.com","id":10,"password":"","state":0,"updateTime":1612839292000,"username":"123456"},"token":"eyJhbGciOiJIUzI1NiJ9.eyJzdWIiOiIxMjM0NTYiLCJpZCI6MTAsImV4cCI6MTYxMzIzOTcxMSwiaWF0IjoxNjEzMjMzNzExLCJqdGkiOiIyMDc4ZGRlMS0xMzUzLTQ1MzAtOTU4MC1lYWYzODRiM2E4NmIiLCJ1c2VybmFtZSI6IjEyMzQ1NiJ9.aWwzNQLNPyJt3A7Yi8vggeZB_GNyRPvoPPVrstCCdoM"}(String)
2021-02-14 00:28:33.790 DEBUG [http-nio-8081-exec-9]com.fxys.opinion_plus.mapper.LogMapper.insertSelective.debug:137 -<==    Updates: 1
2021-02-14 00:28:34.694 DEBUG [http-nio-8081-exec-10]c.fxys.opinion_plus.mapper.UserMapper.selectByPrimaryKey.debug:137 -==>  Preparing: select id, username, email, `state`, createTime, updateTime, dataVersion,password from `user` where id = ?
2021-02-14 00:28:34.696 DEBUG [http-nio-8081-exec-10]c.fxys.opinion_plus.mapper.UserMapper.selectByPrimaryKey.debug:137 -==> Parameters: 10(Long)
2021-02-14 00:28:34.698 DEBUG [http-nio-8081-exec-10]c.fxys.opinion_plus.mapper.UserMapper.selectByPrimaryKey.debug:137 -<==      Total: 1
2021-02-14 00:28:34.764 DEBUG [http-nio-8081-exec-10]com.fxys.opinion_plus.mapper.KeywordMapper.getByPage.debug:137 -==>  Preparing: select id, `uid`, kname, description, createTime, updateTime, dataVersion, isOpen,isLoading from keyword WHERE uid =? order by createTime desc limit ?, ?
2021-02-14 00:28:34.765 DEBUG [http-nio-8081-exec-10]com.fxys.opinion_plus.mapper.KeywordMapper.getByPage.debug:137 -==> Parameters: 10(Integer), 0(Integer), 10(Integer)
2021-02-14 00:28:34.775 DEBUG [http-nio-8081-exec-10]com.fxys.opinion_plus.mapper.KeywordMapper.getByPage.debug:137 -<==      Total: 4
2021-02-14 00:28:34.776 DEBUG [http-nio-8081-exec-10]c.fxys.opinion_plus.mapper.KeywordMapper.getCountByPage.debug:137 -==>  Preparing: select count(*) from keyword WHERE uid =?
2021-02-14 00:28:34.777 DEBUG [http-nio-8081-exec-10]c.fxys.opinion_plus.mapper.KeywordMapper.getCountByPage.debug:137 -==> Parameters: 10(Integer)
2021-02-14 00:28:34.781 DEBUG [http-nio-8081-exec-10]c.fxys.opinion_plus.mapper.KeywordMapper.getCountByPage.debug:137 -<==      Total: 1
2021-02-14 00:28:34.792 DEBUG [http-nio-8081-exec-10]com.fxys.opinion_plus.mapper.LogMapper.insertSelective.debug:137 -==>  Preparing: insert into log ( `uid`, url, params, status, message, `method`, `time`, ip, createTime, result ) values ( ?, ?, ?, ?, ?, ?, ?, ?, ?, ? )
2021-02-14 00:28:34.792 DEBUG [http-nio-8081-exec-10]com.fxys.opinion_plus.mapper.LogMapper.insertSelective.debug:137 -==> Parameters: 10(Long), /api/keyword/getByPage(String), [Page{currentPage=1, pageSize=10, totalPage=0, totalCount=0, list=[], params={uid=10}, sortColumn='createTime', sortMethod='desc'}](String), 0(Integer), 操作成功(String), POST(String), 74(Long), 127.0.0.1(String), 2021-02-14 00:28:34.791(Timestamp), {"currentPage":1,"index":0,"list":[{"createTime":1612883325000,"dataVersion":1,"description":"22","id":6,"isLoading":false,"isOpen":1,"kname":"2","uid":10,"updateTime":1612889330000},{"createTime":1612861806000,"dataVersion":3,"description":"有点可怕","id":5,"isLoading":false,"isOpen":0,"kname":"肺炎","uid":10,"updateTime":1612879857000},{"createTime":1612860712000,"dataVersion":0,"description":"危险","id":2,"isLoading":false,"isOpen":1,"kname":"疫情","uid":10,"updateTime":1612860712000},{"createTime":1612860525000,"dataVersion":5,"description":"变态","id":1,"isLoading":false,"isOpen":1,"kname":"郑爽","uid":10,"updateTime":1613065143000}],"pageSize":10,"params":{"uid":10},"sortColumn":"createTime","sortMethod":"desc","totalCount":4,"totalPage":1}(String)
2021-02-14 00:28:34.796 DEBUG [http-nio-8081-exec-10]com.fxys.opinion_plus.mapper.LogMapper.insertSelective.debug:137 -<==    Updates: 1
2021-02-14 00:30:15.021 DEBUG [http-nio-8081-exec-1]c.f.o.mapper.UserMapper.selectByUsernameAndPad.debug:137 -==>  Preparing: select id, username, email, `state`, createTime, updateTime, dataVersion,password from `user` where username=? and password=?
2021-02-14 00:30:15.022 DEBUG [http-nio-8081-exec-1]c.f.o.mapper.UserMapper.selectByUsernameAndPad.debug:137 -==> Parameters: 123456(String), fcea920f7412b5da7be0cf42b8c93759(String)
2021-02-14 00:30:15.023 DEBUG [http-nio-8081-exec-1]c.f.o.mapper.UserMapper.selectByUsernameAndPad.debug:137 -<==      Total: 0
2021-02-14 00:30:15.025 DEBUG [http-nio-8081-exec-1]com.fxys.opinion_plus.mapper.LogMapper.insertSelective.debug:137 -==>  Preparing: insert into log ( `uid`, url, params, status, message, `method`, `time`, ip, createTime, result ) values ( ?, ?, ?, ?, ?, ?, ?, ?, ?, ? )
2021-02-14 00:30:15.026 DEBUG [http-nio-8081-exec-1]com.fxys.opinion_plus.mapper.LogMapper.insertSelective.debug:137 -==> Parameters: 10(Long), /api/user/login(String), [UserLogin(username=123456, password=fcea920f7412b5da7be0cf42b8c93759)](String), 1(Integer), 	at com.fxys.opinion_plus.service.impl.UserServiceImpl.getLogin(UserServiceImpl.java:65)
	at com.fxys.opinion_plus.controller.UserController.login(UserController.java:19)
	at com.fxys.opinion_plus.controller.UserController$$FastClassBySpringCGLIB$$28b36b57.invoke(<generated>)
	at com.fxys.opinion_plus.aspect.RequestAspect.doAround(RequestAspect.java:66)
	at com.fxys.opinion_plus.controller.UserController$$EnhancerBySpringCGLIB$$79dda595.login(<generated>)
(String), POST(String), 0(Long), 127.0.0.1(String), 2021-02-14 00:30:15.024(Timestamp), OpinionException(code=20003, message=用户名或密码错误)
(String)
2021-02-14 00:30:15.028 DEBUG [http-nio-8081-exec-1]com.fxys.opinion_plus.mapper.LogMapper.insertSelective.debug:137 -<==    Updates: 1
2021-02-14 00:37:30.875 DEBUG [restartedMain]com.fxys.opinion_plus.OpinionPlusApplication.logStarting:56 -Running with Spring Boot v2.4.2, Spring v5.3.3
2021-02-14 00:43:24.156 DEBUG [restartedMain]com.fxys.opinion_plus.OpinionPlusApplication.logStarting:56 -Running with Spring Boot v2.4.2, Spring v5.3.3
