2021-02-13 00:32:37.631 INFO  [restartedMain]com.fxys.opinion_plus.OpinionPlusApplication.logStarting:55 -Starting OpinionPlusApplication using Java 1.8.0_151 on LAPTOP-F69Q7ABG with PID 15964 (D:\springboot\opinion-plus\target\classes started by 14040 in D:\springboot\opinion-plus)
2021-02-13 00:32:37.628 INFO  [background-preinit]org.hibernate.validator.internal.util.Version.<clinit>:30 -HV000001: Hibernate Validator 5.4.1.Final
2021-02-13 00:32:37.653 INFO  [restartedMain]com.fxys.opinion_plus.OpinionPlusApplication.logStartupProfileInfo:660 -No active profile set, falling back to default profiles: default
2021-02-13 00:32:37.813 INFO  [restartedMain]org.springframework.boot.devtools.restart.ChangeableUrls.logTo:255 -The Class-Path manifest attribute in D:\repository\org\carrot2\morfologik-speller\1.9.0\morfologik-speller-1.9.0.jar referenced one or more files that do not exist: file:/D:/repository/org/carrot2/morfologik-speller/1.9.0/morfologik-stemming-1.9.0.jar,file:/D:/repository/org/carrot2/morfologik-speller/1.9.0/morfologik-fsa-1.9.0.jar
2021-02-13 00:32:37.814 INFO  [restartedMain]org.springframework.boot.devtools.restart.ChangeableUrls.logTo:255 -The Class-Path manifest attribute in D:\repository\org\carrot2\morfologik-stemming\1.9.0\morfologik-stemming-1.9.0.jar referenced one or more files that do not exist: file:/D:/repository/org/carrot2/morfologik-stemming/1.9.0/morfologik-fsa-1.9.0.jar
2021-02-13 00:32:37.814 INFO  [restartedMain]org.springframework.boot.devtools.restart.ChangeableUrls.logTo:255 -The Class-Path manifest attribute in D:\repository\org\apache\opennlp\opennlp-tools\1.5.3\opennlp-tools-1.5.3.jar referenced one or more files that do not exist: file:/D:/repository/org/apache/opennlp/opennlp-tools/1.5.3/opennlp-maxent-3.0.3.jar,file:/D:/repository/org/apache/opennlp/opennlp-tools/1.5.3/jwnl-1.3.3.jar
2021-02-13 00:32:37.814 INFO  [restartedMain]o.s.b.devtools.env.DevToolsPropertyDefaultsPostProcessor.logTo:255 -Devtools property defaults active! Set 'spring.devtools.add-properties' to 'false' to disable
2021-02-13 00:32:37.815 INFO  [restartedMain]o.s.b.devtools.env.DevToolsPropertyDefaultsPostProcessor.logTo:255 -For additional web related logging consider setting the 'logging.level.web' property to 'DEBUG'
2021-02-13 00:32:39.721 INFO  [restartedMain]o.s.d.repository.config.RepositoryConfigurationDelegate.multipleStoresDetected:250 -Multiple Spring Data modules found, entering strict repository configuration mode!
2021-02-13 00:32:39.723 INFO  [restartedMain]o.s.d.repository.config.RepositoryConfigurationDelegate.registerRepositoriesIn:128 -Bootstrapping Spring Data JDBC repositories in DEFAULT mode.
2021-02-13 00:32:39.761 INFO  [restartedMain]o.s.d.repository.config.RepositoryConfigurationDelegate.registerRepositoriesIn:188 -Finished Spring Data repository scanning in 32 ms. Found 0 JDBC repository interfaces.
2021-02-13 00:32:39.768 INFO  [restartedMain]o.s.d.repository.config.RepositoryConfigurationDelegate.multipleStoresDetected:250 -Multiple Spring Data modules found, entering strict repository configuration mode!
2021-02-13 00:32:39.769 INFO  [restartedMain]o.s.d.repository.config.RepositoryConfigurationDelegate.registerRepositoriesIn:128 -Bootstrapping Spring Data JPA repositories in DEFAULT mode.
2021-02-13 00:32:39.780 INFO  [restartedMain]o.s.d.repository.config.RepositoryConfigurationDelegate.registerRepositoriesIn:188 -Finished Spring Data repository scanning in 6 ms. Found 0 JPA repository interfaces.
2021-02-13 00:32:41.022 INFO  [restartedMain]o.s.boot.web.embedded.tomcat.TomcatWebServer.initialize:108 -Tomcat initialized with port(s): 8081 (http)
2021-02-13 00:32:41.031 INFO  [restartedMain]org.apache.coyote.http11.Http11NioProtocol.log:173 -Initializing ProtocolHandler ["http-nio-8081"]
2021-02-13 00:32:41.032 INFO  [restartedMain]org.apache.catalina.core.StandardService.log:173 -Starting service [Tomcat]
2021-02-13 00:32:41.032 INFO  [restartedMain]org.apache.catalina.core.StandardEngine.log:173 -Starting Servlet engine: [Apache Tomcat/9.0.41]
2021-02-13 00:32:41.242 INFO  [restartedMain]o.a.catalina.core.ContainerBase.[Tomcat].[localhost].[/].log:173 -Initializing Spring embedded WebApplicationContext
2021-02-13 00:32:41.242 INFO  [restartedMain]o.s.b.w.s.context.ServletWebServerApplicationContext.prepareWebApplicationContext:289 -Root WebApplicationContext: initialization completed in 3427 ms
2021-02-13 00:32:41.368 INFO  [restartedMain]c.a.d.s.boot.autoconfigure.DruidDataSourceAutoConfigure.dataSource:56 -Init DruidDataSource
2021-02-13 00:32:41.730 INFO  [restartedMain]com.alibaba.druid.pool.DruidDataSource.init:930 -{dataSource-1} inited
2021-02-13 00:32:42.013 INFO  [restartedMain]org.hibernate.jpa.internal.util.LogHelper.logPersistenceUnitInformation:31 -HHH000204: Processing PersistenceUnitInfo [name: default]
2021-02-13 00:32:42.103 INFO  [restartedMain]org.hibernate.Version.logVersion:44 -HHH000412: Hibernate ORM core version 5.4.27.Final
2021-02-13 00:32:42.362 INFO  [restartedMain]org.hibernate.annotations.common.Version.<clinit>:56 -HCANN000001: Hibernate Commons Annotations {5.1.2.Final}
2021-02-13 00:32:43.027 INFO  [restartedMain]org.hibernate.dialect.Dialect.<init>:175 -HHH000400: Using dialect: org.hibernate.dialect.MySQL5InnoDBDialect
2021-02-13 00:32:43.366 INFO  [restartedMain]o.h.e.t.jta.platform.internal.JtaPlatformInitiator.initiateService:52 -HHH000490: Using JtaPlatform implementation: [org.hibernate.engine.transaction.jta.platform.internal.NoJtaPlatform]
2021-02-13 00:32:43.399 INFO  [restartedMain]o.s.orm.jpa.LocalContainerEntityManagerFactoryBean.buildNativeEntityManagerFactory:437 -Initialized JPA EntityManagerFactory for persistence unit 'default'
2021-02-13 00:32:43.476 INFO  [restartedMain]o.s.boot.devtools.autoconfigure.OptionalLiveReloadServer.startServer:58 -LiveReload server is running on port 35729
2021-02-13 00:32:48.423 INFO  [restartedMain]org.apache.coyote.http11.Http11NioProtocol.log:173 -Starting ProtocolHandler ["http-nio-8081"]
2021-02-13 00:32:48.833 INFO  [restartedMain]o.s.boot.web.embedded.tomcat.TomcatWebServer.start:220 -Tomcat started on port(s): 8081 (http) with context path ''
2021-02-13 00:32:49.039 INFO  [restartedMain]com.fxys.opinion_plus.OpinionPlusApplication.logStarted:61 -Started OpinionPlusApplication in 12.258 seconds (JVM running for 15.108)
2021-02-13 00:32:53.290 INFO  [http-nio-8081-exec-4]o.a.catalina.core.ContainerBase.[Tomcat].[localhost].[/].log:173 -Initializing Spring DispatcherServlet 'dispatcherServlet'
2021-02-13 00:32:53.291 INFO  [http-nio-8081-exec-4]org.springframework.web.servlet.DispatcherServlet.initServletBean:525 -Initializing Servlet 'dispatcherServlet'
2021-02-13 00:32:53.294 INFO  [http-nio-8081-exec-4]org.springframework.web.servlet.DispatcherServlet.initServletBean:547 -Completed initialization in 2 ms
2021-02-13 00:34:20.956 INFO  [background-preinit]org.hibernate.validator.internal.util.Version.<clinit>:30 -HV000001: Hibernate Validator 5.4.1.Final
2021-02-13 00:34:20.959 INFO  [restartedMain]com.fxys.opinion_plus.OpinionPlusApplication.logStarting:55 -Starting OpinionPlusApplication using Java 1.8.0_151 on LAPTOP-F69Q7ABG with PID 18180 (D:\springboot\opinion-plus\target\classes started by 14040 in D:\springboot\opinion-plus)
2021-02-13 00:34:20.962 INFO  [restartedMain]com.fxys.opinion_plus.OpinionPlusApplication.logStartupProfileInfo:660 -No active profile set, falling back to default profiles: default
2021-02-13 00:34:21.034 INFO  [restartedMain]org.springframework.boot.devtools.restart.ChangeableUrls.logTo:255 -The Class-Path manifest attribute in D:\repository\org\carrot2\morfologik-speller\1.9.0\morfologik-speller-1.9.0.jar referenced one or more files that do not exist: file:/D:/repository/org/carrot2/morfologik-speller/1.9.0/morfologik-stemming-1.9.0.jar,file:/D:/repository/org/carrot2/morfologik-speller/1.9.0/morfologik-fsa-1.9.0.jar
2021-02-13 00:34:21.034 INFO  [restartedMain]org.springframework.boot.devtools.restart.ChangeableUrls.logTo:255 -The Class-Path manifest attribute in D:\repository\org\carrot2\morfologik-stemming\1.9.0\morfologik-stemming-1.9.0.jar referenced one or more files that do not exist: file:/D:/repository/org/carrot2/morfologik-stemming/1.9.0/morfologik-fsa-1.9.0.jar
2021-02-13 00:34:21.035 INFO  [restartedMain]org.springframework.boot.devtools.restart.ChangeableUrls.logTo:255 -The Class-Path manifest attribute in D:\repository\org\apache\opennlp\opennlp-tools\1.5.3\opennlp-tools-1.5.3.jar referenced one or more files that do not exist: file:/D:/repository/org/apache/opennlp/opennlp-tools/1.5.3/opennlp-maxent-3.0.3.jar,file:/D:/repository/org/apache/opennlp/opennlp-tools/1.5.3/jwnl-1.3.3.jar
2021-02-13 00:34:21.035 INFO  [restartedMain]o.s.b.devtools.env.DevToolsPropertyDefaultsPostProcessor.logTo:255 -Devtools property defaults active! Set 'spring.devtools.add-properties' to 'false' to disable
2021-02-13 00:34:21.036 INFO  [restartedMain]o.s.b.devtools.env.DevToolsPropertyDefaultsPostProcessor.logTo:255 -For additional web related logging consider setting the 'logging.level.web' property to 'DEBUG'
2021-02-13 00:34:22.255 INFO  [restartedMain]o.s.d.repository.config.RepositoryConfigurationDelegate.multipleStoresDetected:250 -Multiple Spring Data modules found, entering strict repository configuration mode!
2021-02-13 00:34:22.256 INFO  [restartedMain]o.s.d.repository.config.RepositoryConfigurationDelegate.registerRepositoriesIn:128 -Bootstrapping Spring Data JDBC repositories in DEFAULT mode.
2021-02-13 00:34:22.273 INFO  [restartedMain]o.s.d.repository.config.RepositoryConfigurationDelegate.registerRepositoriesIn:188 -Finished Spring Data repository scanning in 13 ms. Found 0 JDBC repository interfaces.
2021-02-13 00:34:22.279 INFO  [restartedMain]o.s.d.repository.config.RepositoryConfigurationDelegate.multipleStoresDetected:250 -Multiple Spring Data modules found, entering strict repository configuration mode!
2021-02-13 00:34:22.280 INFO  [restartedMain]o.s.d.repository.config.RepositoryConfigurationDelegate.registerRepositoriesIn:128 -Bootstrapping Spring Data JPA repositories in DEFAULT mode.
2021-02-13 00:34:22.292 INFO  [restartedMain]o.s.d.repository.config.RepositoryConfigurationDelegate.registerRepositoriesIn:188 -Finished Spring Data repository scanning in 8 ms. Found 0 JPA repository interfaces.
2021-02-13 00:34:23.255 INFO  [restartedMain]o.s.boot.web.embedded.tomcat.TomcatWebServer.initialize:108 -Tomcat initialized with port(s): 8081 (http)
2021-02-13 00:34:23.265 INFO  [restartedMain]org.apache.coyote.http11.Http11NioProtocol.log:173 -Initializing ProtocolHandler ["http-nio-8081"]
2021-02-13 00:34:23.266 INFO  [restartedMain]org.apache.catalina.core.StandardService.log:173 -Starting service [Tomcat]
2021-02-13 00:34:23.266 INFO  [restartedMain]org.apache.catalina.core.StandardEngine.log:173 -Starting Servlet engine: [Apache Tomcat/9.0.41]
2021-02-13 00:34:23.423 INFO  [restartedMain]o.a.catalina.core.ContainerBase.[Tomcat].[localhost].[/].log:173 -Initializing Spring embedded WebApplicationContext
2021-02-13 00:34:23.423 INFO  [restartedMain]o.s.b.w.s.context.ServletWebServerApplicationContext.prepareWebApplicationContext:289 -Root WebApplicationContext: initialization completed in 2385 ms
2021-02-13 00:34:23.516 INFO  [restartedMain]c.a.d.s.boot.autoconfigure.DruidDataSourceAutoConfigure.dataSource:56 -Init DruidDataSource
2021-02-13 00:34:23.865 INFO  [restartedMain]com.alibaba.druid.pool.DruidDataSource.init:930 -{dataSource-1} inited
2021-02-13 00:34:24.015 INFO  [restartedMain]org.hibernate.jpa.internal.util.LogHelper.logPersistenceUnitInformation:31 -HHH000204: Processing PersistenceUnitInfo [name: default]
2021-02-13 00:34:24.112 INFO  [restartedMain]org.hibernate.Version.logVersion:44 -HHH000412: Hibernate ORM core version 5.4.27.Final
2021-02-13 00:34:24.375 INFO  [restartedMain]org.hibernate.annotations.common.Version.<clinit>:56 -HCANN000001: Hibernate Commons Annotations {5.1.2.Final}
2021-02-13 00:34:24.794 INFO  [restartedMain]org.hibernate.dialect.Dialect.<init>:175 -HHH000400: Using dialect: org.hibernate.dialect.MySQL5InnoDBDialect
2021-02-13 00:34:25.114 INFO  [restartedMain]o.h.e.t.jta.platform.internal.JtaPlatformInitiator.initiateService:52 -HHH000490: Using JtaPlatform implementation: [org.hibernate.engine.transaction.jta.platform.internal.NoJtaPlatform]
2021-02-13 00:34:25.126 INFO  [restartedMain]o.s.orm.jpa.LocalContainerEntityManagerFactoryBean.buildNativeEntityManagerFactory:437 -Initialized JPA EntityManagerFactory for persistence unit 'default'
2021-02-13 00:34:25.155 INFO  [restartedMain]o.s.boot.devtools.autoconfigure.OptionalLiveReloadServer.startServer:58 -LiveReload server is running on port 35729
2021-02-13 00:34:26.426 INFO  [restartedMain]org.apache.coyote.http11.Http11NioProtocol.log:173 -Starting ProtocolHandler ["http-nio-8081"]
2021-02-13 00:34:26.443 INFO  [restartedMain]o.s.boot.web.embedded.tomcat.TomcatWebServer.start:220 -Tomcat started on port(s): 8081 (http) with context path ''
2021-02-13 00:34:26.452 INFO  [restartedMain]com.fxys.opinion_plus.OpinionPlusApplication.logStarted:61 -Started OpinionPlusApplication in 6.227 seconds (JVM running for 8.87)
2021-02-13 00:34:44.691 INFO  [http-nio-8081-exec-1]o.a.catalina.core.ContainerBase.[Tomcat].[localhost].[/].log:173 -Initializing Spring DispatcherServlet 'dispatcherServlet'
2021-02-13 00:34:44.691 INFO  [http-nio-8081-exec-1]org.springframework.web.servlet.DispatcherServlet.initServletBean:525 -Initializing Servlet 'dispatcherServlet'
2021-02-13 00:34:44.693 INFO  [http-nio-8081-exec-1]org.springframework.web.servlet.DispatcherServlet.initServletBean:547 -Completed initialization in 2 ms
2021-02-13 00:35:34.891 INFO  [background-preinit]org.hibernate.validator.internal.util.Version.<clinit>:30 -HV000001: Hibernate Validator 5.4.1.Final
2021-02-13 00:35:34.891 INFO  [restartedMain]com.fxys.opinion_plus.OpinionPlusApplication.logStarting:55 -Starting OpinionPlusApplication using Java 1.8.0_151 on LAPTOP-F69Q7ABG with PID 4004 (D:\springboot\opinion-plus\target\classes started by 14040 in D:\springboot\opinion-plus)
2021-02-13 00:35:34.895 INFO  [restartedMain]com.fxys.opinion_plus.OpinionPlusApplication.logStartupProfileInfo:660 -No active profile set, falling back to default profiles: default
2021-02-13 00:35:34.951 INFO  [restartedMain]org.springframework.boot.devtools.restart.ChangeableUrls.logTo:255 -The Class-Path manifest attribute in D:\repository\org\carrot2\morfologik-speller\1.9.0\morfologik-speller-1.9.0.jar referenced one or more files that do not exist: file:/D:/repository/org/carrot2/morfologik-speller/1.9.0/morfologik-stemming-1.9.0.jar,file:/D:/repository/org/carrot2/morfologik-speller/1.9.0/morfologik-fsa-1.9.0.jar
2021-02-13 00:35:34.951 INFO  [restartedMain]org.springframework.boot.devtools.restart.ChangeableUrls.logTo:255 -The Class-Path manifest attribute in D:\repository\org\carrot2\morfologik-stemming\1.9.0\morfologik-stemming-1.9.0.jar referenced one or more files that do not exist: file:/D:/repository/org/carrot2/morfologik-stemming/1.9.0/morfologik-fsa-1.9.0.jar
2021-02-13 00:35:34.952 INFO  [restartedMain]org.springframework.boot.devtools.restart.ChangeableUrls.logTo:255 -The Class-Path manifest attribute in D:\repository\org\apache\opennlp\opennlp-tools\1.5.3\opennlp-tools-1.5.3.jar referenced one or more files that do not exist: file:/D:/repository/org/apache/opennlp/opennlp-tools/1.5.3/opennlp-maxent-3.0.3.jar,file:/D:/repository/org/apache/opennlp/opennlp-tools/1.5.3/jwnl-1.3.3.jar
2021-02-13 00:35:34.952 INFO  [restartedMain]o.s.b.devtools.env.DevToolsPropertyDefaultsPostProcessor.logTo:255 -Devtools property defaults active! Set 'spring.devtools.add-properties' to 'false' to disable
2021-02-13 00:35:34.953 INFO  [restartedMain]o.s.b.devtools.env.DevToolsPropertyDefaultsPostProcessor.logTo:255 -For additional web related logging consider setting the 'logging.level.web' property to 'DEBUG'
2021-02-13 00:35:35.613 INFO  [restartedMain]o.s.d.repository.config.RepositoryConfigurationDelegate.multipleStoresDetected:250 -Multiple Spring Data modules found, entering strict repository configuration mode!
2021-02-13 00:35:35.614 INFO  [restartedMain]o.s.d.repository.config.RepositoryConfigurationDelegate.registerRepositoriesIn:128 -Bootstrapping Spring Data JDBC repositories in DEFAULT mode.
2021-02-13 00:35:35.631 INFO  [restartedMain]o.s.d.repository.config.RepositoryConfigurationDelegate.registerRepositoriesIn:188 -Finished Spring Data repository scanning in 13 ms. Found 0 JDBC repository interfaces.
2021-02-13 00:35:35.637 INFO  [restartedMain]o.s.d.repository.config.RepositoryConfigurationDelegate.multipleStoresDetected:250 -Multiple Spring Data modules found, entering strict repository configuration mode!
2021-02-13 00:35:35.638 INFO  [restartedMain]o.s.d.repository.config.RepositoryConfigurationDelegate.registerRepositoriesIn:128 -Bootstrapping Spring Data JPA repositories in DEFAULT mode.
2021-02-13 00:35:35.650 INFO  [restartedMain]o.s.d.repository.config.RepositoryConfigurationDelegate.registerRepositoriesIn:188 -Finished Spring Data repository scanning in 7 ms. Found 0 JPA repository interfaces.
2021-02-13 00:35:36.393 INFO  [restartedMain]o.s.boot.web.embedded.tomcat.TomcatWebServer.initialize:108 -Tomcat initialized with port(s): 8081 (http)
2021-02-13 00:35:36.400 INFO  [restartedMain]org.apache.coyote.http11.Http11NioProtocol.log:173 -Initializing ProtocolHandler ["http-nio-8081"]
2021-02-13 00:35:36.401 INFO  [restartedMain]org.apache.catalina.core.StandardService.log:173 -Starting service [Tomcat]
2021-02-13 00:35:36.402 INFO  [restartedMain]org.apache.catalina.core.StandardEngine.log:173 -Starting Servlet engine: [Apache Tomcat/9.0.41]
2021-02-13 00:35:36.515 INFO  [restartedMain]o.a.catalina.core.ContainerBase.[Tomcat].[localhost].[/].log:173 -Initializing Spring embedded WebApplicationContext
2021-02-13 00:35:36.516 INFO  [restartedMain]o.s.b.w.s.context.ServletWebServerApplicationContext.prepareWebApplicationContext:289 -Root WebApplicationContext: initialization completed in 1562 ms
2021-02-13 00:35:36.587 INFO  [restartedMain]c.a.d.s.boot.autoconfigure.DruidDataSourceAutoConfigure.dataSource:56 -Init DruidDataSource
2021-02-13 00:35:36.863 INFO  [restartedMain]com.alibaba.druid.pool.DruidDataSource.init:930 -{dataSource-1} inited
2021-02-13 00:35:36.992 INFO  [restartedMain]org.hibernate.jpa.internal.util.LogHelper.logPersistenceUnitInformation:31 -HHH000204: Processing PersistenceUnitInfo [name: default]
2021-02-13 00:35:37.032 INFO  [restartedMain]org.hibernate.Version.logVersion:44 -HHH000412: Hibernate ORM core version 5.4.27.Final
2021-02-13 00:35:37.131 INFO  [restartedMain]org.hibernate.annotations.common.Version.<clinit>:56 -HCANN000001: Hibernate Commons Annotations {5.1.2.Final}
2021-02-13 00:35:37.352 INFO  [restartedMain]org.hibernate.dialect.Dialect.<init>:175 -HHH000400: Using dialect: org.hibernate.dialect.MySQL5InnoDBDialect
2021-02-13 00:35:37.547 INFO  [restartedMain]o.h.e.t.jta.platform.internal.JtaPlatformInitiator.initiateService:52 -HHH000490: Using JtaPlatform implementation: [org.hibernate.engine.transaction.jta.platform.internal.NoJtaPlatform]
2021-02-13 00:35:37.556 INFO  [restartedMain]o.s.orm.jpa.LocalContainerEntityManagerFactoryBean.buildNativeEntityManagerFactory:437 -Initialized JPA EntityManagerFactory for persistence unit 'default'
2021-02-13 00:35:37.584 INFO  [restartedMain]o.s.boot.devtools.autoconfigure.OptionalLiveReloadServer.startServer:58 -LiveReload server is running on port 35729
2021-02-13 00:35:38.591 INFO  [restartedMain]org.apache.coyote.http11.Http11NioProtocol.log:173 -Starting ProtocolHandler ["http-nio-8081"]
2021-02-13 00:35:38.607 INFO  [restartedMain]o.s.boot.web.embedded.tomcat.TomcatWebServer.start:220 -Tomcat started on port(s): 8081 (http) with context path ''
2021-02-13 00:35:38.618 INFO  [restartedMain]com.fxys.opinion_plus.OpinionPlusApplication.logStarted:61 -Started OpinionPlusApplication in 4.369 seconds (JVM running for 5.91)
2021-02-13 00:35:48.085 INFO  [http-nio-8081-exec-1]o.a.catalina.core.ContainerBase.[Tomcat].[localhost].[/].log:173 -Initializing Spring DispatcherServlet 'dispatcherServlet'
2021-02-13 00:35:48.086 INFO  [http-nio-8081-exec-1]org.springframework.web.servlet.DispatcherServlet.initServletBean:525 -Initializing Servlet 'dispatcherServlet'
2021-02-13 00:35:48.087 INFO  [http-nio-8081-exec-1]org.springframework.web.servlet.DispatcherServlet.initServletBean:547 -Completed initialization in 1 ms
2021-02-13 00:37:10.651 INFO  [restartedMain]com.fxys.opinion_plus.OpinionPlusApplication.logStarting:55 -Starting OpinionPlusApplication using Java 1.8.0_151 on LAPTOP-F69Q7ABG with PID 15220 (D:\springboot\opinion-plus\target\classes started by 14040 in D:\springboot\opinion-plus)
2021-02-13 00:37:10.644 INFO  [background-preinit]org.hibernate.validator.internal.util.Version.<clinit>:30 -HV000001: Hibernate Validator 5.4.1.Final
2021-02-13 00:37:10.661 INFO  [restartedMain]com.fxys.opinion_plus.OpinionPlusApplication.logStartupProfileInfo:660 -No active profile set, falling back to default profiles: default
2021-02-13 00:37:10.849 INFO  [restartedMain]org.springframework.boot.devtools.restart.ChangeableUrls.logTo:255 -The Class-Path manifest attribute in D:\repository\org\carrot2\morfologik-speller\1.9.0\morfologik-speller-1.9.0.jar referenced one or more files that do not exist: file:/D:/repository/org/carrot2/morfologik-speller/1.9.0/morfologik-stemming-1.9.0.jar,file:/D:/repository/org/carrot2/morfologik-speller/1.9.0/morfologik-fsa-1.9.0.jar
2021-02-13 00:37:10.851 INFO  [restartedMain]org.springframework.boot.devtools.restart.ChangeableUrls.logTo:255 -The Class-Path manifest attribute in D:\repository\org\carrot2\morfologik-stemming\1.9.0\morfologik-stemming-1.9.0.jar referenced one or more files that do not exist: file:/D:/repository/org/carrot2/morfologik-stemming/1.9.0/morfologik-fsa-1.9.0.jar
2021-02-13 00:37:10.852 INFO  [restartedMain]org.springframework.boot.devtools.restart.ChangeableUrls.logTo:255 -The Class-Path manifest attribute in D:\repository\org\apache\opennlp\opennlp-tools\1.5.3\opennlp-tools-1.5.3.jar referenced one or more files that do not exist: file:/D:/repository/org/apache/opennlp/opennlp-tools/1.5.3/opennlp-maxent-3.0.3.jar,file:/D:/repository/org/apache/opennlp/opennlp-tools/1.5.3/jwnl-1.3.3.jar
2021-02-13 00:37:10.857 INFO  [restartedMain]o.s.b.devtools.env.DevToolsPropertyDefaultsPostProcessor.logTo:255 -Devtools property defaults active! Set 'spring.devtools.add-properties' to 'false' to disable
2021-02-13 00:37:10.858 INFO  [restartedMain]o.s.b.devtools.env.DevToolsPropertyDefaultsPostProcessor.logTo:255 -For additional web related logging consider setting the 'logging.level.web' property to 'DEBUG'
2021-02-13 00:37:12.978 INFO  [restartedMain]o.s.d.repository.config.RepositoryConfigurationDelegate.multipleStoresDetected:250 -Multiple Spring Data modules found, entering strict repository configuration mode!
2021-02-13 00:37:12.981 INFO  [restartedMain]o.s.d.repository.config.RepositoryConfigurationDelegate.registerRepositoriesIn:128 -Bootstrapping Spring Data JDBC repositories in DEFAULT mode.
2021-02-13 00:37:13.028 INFO  [restartedMain]o.s.d.repository.config.RepositoryConfigurationDelegate.registerRepositoriesIn:188 -Finished Spring Data repository scanning in 39 ms. Found 0 JDBC repository interfaces.
2021-02-13 00:37:13.047 INFO  [restartedMain]o.s.d.repository.config.RepositoryConfigurationDelegate.multipleStoresDetected:250 -Multiple Spring Data modules found, entering strict repository configuration mode!
2021-02-13 00:37:13.048 INFO  [restartedMain]o.s.d.repository.config.RepositoryConfigurationDelegate.registerRepositoriesIn:128 -Bootstrapping Spring Data JPA repositories in DEFAULT mode.
2021-02-13 00:37:13.078 INFO  [restartedMain]o.s.d.repository.config.RepositoryConfigurationDelegate.registerRepositoriesIn:188 -Finished Spring Data repository scanning in 18 ms. Found 0 JPA repository interfaces.
2021-02-13 00:37:15.117 INFO  [restartedMain]o.s.boot.web.embedded.tomcat.TomcatWebServer.initialize:108 -Tomcat initialized with port(s): 8081 (http)
2021-02-13 00:37:15.136 INFO  [restartedMain]org.apache.coyote.http11.Http11NioProtocol.log:173 -Initializing ProtocolHandler ["http-nio-8081"]
2021-02-13 00:37:15.138 INFO  [restartedMain]org.apache.catalina.core.StandardService.log:173 -Starting service [Tomcat]
2021-02-13 00:37:15.138 INFO  [restartedMain]org.apache.catalina.core.StandardEngine.log:173 -Starting Servlet engine: [Apache Tomcat/9.0.41]
2021-02-13 00:37:15.432 INFO  [restartedMain]o.a.catalina.core.ContainerBase.[Tomcat].[localhost].[/].log:173 -Initializing Spring embedded WebApplicationContext
2021-02-13 00:37:15.433 INFO  [restartedMain]o.s.b.w.s.context.ServletWebServerApplicationContext.prepareWebApplicationContext:289 -Root WebApplicationContext: initialization completed in 4572 ms
2021-02-13 00:37:15.619 INFO  [restartedMain]c.a.d.s.boot.autoconfigure.DruidDataSourceAutoConfigure.dataSource:56 -Init DruidDataSource
2021-02-13 00:37:16.207 INFO  [restartedMain]com.alibaba.druid.pool.DruidDataSource.init:930 -{dataSource-1} inited
2021-02-13 00:37:16.356 INFO  [restartedMain]org.hibernate.jpa.internal.util.LogHelper.logPersistenceUnitInformation:31 -HHH000204: Processing PersistenceUnitInfo [name: default]
2021-02-13 00:37:16.396 INFO  [restartedMain]org.hibernate.Version.logVersion:44 -HHH000412: Hibernate ORM core version 5.4.27.Final
2021-02-13 00:37:16.504 INFO  [restartedMain]org.hibernate.annotations.common.Version.<clinit>:56 -HCANN000001: Hibernate Commons Annotations {5.1.2.Final}
2021-02-13 00:37:16.741 INFO  [restartedMain]org.hibernate.dialect.Dialect.<init>:175 -HHH000400: Using dialect: org.hibernate.dialect.MySQL5InnoDBDialect
2021-02-13 00:37:16.964 INFO  [restartedMain]o.h.e.t.jta.platform.internal.JtaPlatformInitiator.initiateService:52 -HHH000490: Using JtaPlatform implementation: [org.hibernate.engine.transaction.jta.platform.internal.NoJtaPlatform]
2021-02-13 00:37:16.974 INFO  [restartedMain]o.s.orm.jpa.LocalContainerEntityManagerFactoryBean.buildNativeEntityManagerFactory:437 -Initialized JPA EntityManagerFactory for persistence unit 'default'
2021-02-13 00:37:17.008 INFO  [restartedMain]o.s.boot.devtools.autoconfigure.OptionalLiveReloadServer.startServer:58 -LiveReload server is running on port 35729
2021-02-13 00:37:18.110 INFO  [restartedMain]org.apache.coyote.http11.Http11NioProtocol.log:173 -Starting ProtocolHandler ["http-nio-8081"]
2021-02-13 00:37:18.126 INFO  [restartedMain]o.s.boot.web.embedded.tomcat.TomcatWebServer.start:220 -Tomcat started on port(s): 8081 (http) with context path ''
2021-02-13 00:37:18.136 INFO  [restartedMain]com.fxys.opinion_plus.OpinionPlusApplication.logStarted:61 -Started OpinionPlusApplication in 8.731 seconds (JVM running for 10.61)
2021-02-13 00:37:53.011 INFO  [http-nio-8081-exec-1]o.a.catalina.core.ContainerBase.[Tomcat].[localhost].[/].log:173 -Initializing Spring DispatcherServlet 'dispatcherServlet'
2021-02-13 00:37:53.011 INFO  [http-nio-8081-exec-1]org.springframework.web.servlet.DispatcherServlet.initServletBean:525 -Initializing Servlet 'dispatcherServlet'
2021-02-13 00:37:53.013 INFO  [http-nio-8081-exec-1]org.springframework.web.servlet.DispatcherServlet.initServletBean:547 -Completed initialization in 1 ms
2021-02-13 00:37:53.264 INFO  [http-nio-8081-exec-1]com.fxys.opinion_plus.aspect.RequestAspect.printRequestLog:129 -请求地址 : /api/user/login
2021-02-13 00:37:53.264 INFO  [http-nio-8081-exec-1]com.fxys.opinion_plus.aspect.RequestAspect.printRequestLog:130 -请求方式 : POST
2021-02-13 00:37:53.283 INFO  [http-nio-8081-exec-1]com.fxys.opinion_plus.aspect.RequestAspect.printRequestLog:133 -IP : 127.0.0.1
2021-02-13 00:37:53.284 INFO  [http-nio-8081-exec-1]com.fxys.opinion_plus.aspect.RequestAspect.printRequestLog:135 -方法 : com.fxys.opinion_plus.controller.UserController.login
2021-02-13 00:37:53.285 INFO  [http-nio-8081-exec-1]com.fxys.opinion_plus.aspect.RequestAspect.printRequestLog:138 -请求参数：[UserLogin(username=123456, password=e10adc3949ba59abbe56e057f20f883e)]
2021-02-13 00:37:54.656 INFO  [http-nio-8081-exec-1]com.fxys.opinion_plus.aspect.RequestAspect.doAfterReturning:84 -返回值：{"user":{"createTime":1612756370000,"dataVersion":9,"email":"1404031711@qq.com","id":10,"password":"","state":0,"updateTime":1612839292000,"username":"123456"},"token":"eyJhbGciOiJIUzI1NiJ9.eyJzdWIiOiIxMjM0NTYiLCJpZCI6MTAsImV4cCI6MTYxMzE1Mzg3MywiaWF0IjoxNjEzMTQ3ODczLCJqdGkiOiI4ZjFhYjIyOS00Zjk5LTQ4YzktYTg1Zi05NjdjMWQ2Y2JjY2EiLCJ1c2VybmFtZSI6IjEyMzQ1NiJ9.Ao-zPvWQ2eCynFPXFezw6uxIfEr0-bBQEo4njJwnIz8"}
2021-02-13 00:37:54.656 INFO  [http-nio-8081-exec-1]com.fxys.opinion_plus.aspect.RequestAspect.doAfterReturning:86 -length:400
2021-02-13 00:37:54.657 INFO  [http-nio-8081-exec-1]com.fxys.opinion_plus.aspect.RequestAspect.doAround:68 -耗时 : 1393
2021-02-13 00:37:55.602 INFO  [http-nio-8081-exec-2]com.fxys.opinion_plus.aspect.RequestAspect.printRequestLog:129 -请求地址 : /api/keyword/getByPage
2021-02-13 00:37:55.602 INFO  [http-nio-8081-exec-2]com.fxys.opinion_plus.aspect.RequestAspect.printRequestLog:130 -请求方式 : POST
2021-02-13 00:37:55.602 INFO  [http-nio-8081-exec-2]com.fxys.opinion_plus.aspect.RequestAspect.printRequestLog:133 -IP : 127.0.0.1
2021-02-13 00:37:55.602 INFO  [http-nio-8081-exec-2]com.fxys.opinion_plus.aspect.RequestAspect.printRequestLog:135 -方法 : com.fxys.opinion_plus.controller.KeywordController.getByPage
2021-02-13 00:37:55.603 INFO  [http-nio-8081-exec-2]com.fxys.opinion_plus.aspect.RequestAspect.printRequestLog:138 -请求参数：[Page{currentPage=1, pageSize=10, totalPage=0, totalCount=0, list=[], params={uid=10}, sortColumn='createTime', sortMethod='desc'}]
2021-02-13 00:37:55.641 INFO  [http-nio-8081-exec-2]com.fxys.opinion_plus.aspect.RequestAspect.doAfterReturning:84 -返回值：{"currentPage":1,"index":0,"list":[{"createTime":1612883325000,"dataVersion":1,"description":"22","id":6,"isLoading":false,"isOpen":1,"kname":"2","uid":10,"updateTime":1612889330000},{"createTime":1612861806000,"dataVersion":3,"description":"有点可怕","id":5,"isLoading":false,"isOpen":0,"kname":"肺炎","uid":10,"updateTime":1612879857000},{"createTime":1612860712000,"dataVersion":0,"description":"危险","id":2,"isLoading":false,"isOpen":1,"kname":"疫情","uid":10,"updateTime":1612860712000},{"createTime":1612860525000,"dataVersion":5,"description":"变态","id":1,"isLoading":false,"isOpen":1,"kname":"郑爽","uid":10,"updateTime":1613065143000}],"pageSize":10,"params":{"uid":10},"sortColumn":"createTime","sortMethod":"desc","totalCount":4,"totalPage":1}
2021-02-13 00:37:55.642 INFO  [http-nio-8081-exec-2]com.fxys.opinion_plus.aspect.RequestAspect.doAfterReturning:86 -length:742
2021-02-13 00:37:55.642 INFO  [http-nio-8081-exec-2]com.fxys.opinion_plus.aspect.RequestAspect.doAround:68 -耗时 : 40
2021-02-13 00:37:58.903 INFO  [http-nio-8081-exec-4]com.fxys.opinion_plus.aspect.RequestAspect.printRequestLog:129 -请求地址 : /api/user/get/10
2021-02-13 00:37:58.903 INFO  [http-nio-8081-exec-4]com.fxys.opinion_plus.aspect.RequestAspect.printRequestLog:130 -请求方式 : GET
2021-02-13 00:37:58.903 INFO  [http-nio-8081-exec-4]com.fxys.opinion_plus.aspect.RequestAspect.printRequestLog:133 -IP : 127.0.0.1
2021-02-13 00:37:58.904 INFO  [http-nio-8081-exec-4]com.fxys.opinion_plus.aspect.RequestAspect.printRequestLog:135 -方法 : com.fxys.opinion_plus.controller.UserController.get
2021-02-13 00:37:58.904 INFO  [http-nio-8081-exec-4]com.fxys.opinion_plus.aspect.RequestAspect.printRequestLog:138 -请求参数：[10]
2021-02-13 00:37:58.907 INFO  [http-nio-8081-exec-4]com.fxys.opinion_plus.aspect.RequestAspect.doAfterReturning:84 -返回值：{"createTime":1612756370000,"dataVersion":9,"email":"1404031711@qq.com","id":10,"password":"e10adc3949ba59abbe56e057f20f883e","state":0,"updateTime":1612839292000,"username":"123456"}
2021-02-13 00:37:58.907 INFO  [http-nio-8081-exec-4]com.fxys.opinion_plus.aspect.RequestAspect.doAfterReturning:86 -length:183
2021-02-13 00:37:58.908 INFO  [http-nio-8081-exec-4]com.fxys.opinion_plus.aspect.RequestAspect.doAround:68 -耗时 : 5
2021-02-13 00:38:01.762 INFO  [http-nio-8081-exec-3]com.fxys.opinion_plus.aspect.RequestAspect.printRequestLog:129 -请求地址 : /api/log/getByPage
2021-02-13 00:38:01.762 INFO  [http-nio-8081-exec-3]com.fxys.opinion_plus.aspect.RequestAspect.printRequestLog:130 -请求方式 : POST
2021-02-13 00:38:01.763 INFO  [http-nio-8081-exec-3]com.fxys.opinion_plus.aspect.RequestAspect.printRequestLog:133 -IP : 127.0.0.1
2021-02-13 00:38:01.763 INFO  [http-nio-8081-exec-3]com.fxys.opinion_plus.aspect.RequestAspect.printRequestLog:135 -方法 : com.fxys.opinion_plus.controller.LogController.getByPage
2021-02-13 00:38:01.763 INFO  [http-nio-8081-exec-3]com.fxys.opinion_plus.aspect.RequestAspect.printRequestLog:138 -请求参数：[Page{currentPage=1, pageSize=10, totalPage=0, totalCount=0, list=[], params={uid=10}, sortColumn='createTime', sortMethod='desc'}]
2021-02-13 00:38:01.782 INFO  [http-nio-8081-exec-3]com.fxys.opinion_plus.aspect.RequestAspect.doAfterReturning:84 -返回值：{"currentPage":1,"index":0,"list":[{"createTime":1613147878000,"id":1477,"ip":"127.0.0.1","message":"操作成功","method":"GET","params":"[10]","result":"{\"createTime\":1612756370000,\"dataVersion\":9,\"email\":\"1404031711@qq.com\",\"id\":10,\"password\":\"e10adc3949ba59abbe56e057f20f883e\",\"state\":0,\"updateTime\":1612839292000,\"username\":\"123456\"}","status":0,"time":5,"uid":10,"url":"/api/user/get/10"},{"createTime":1613147875000,"id":1476,"ip":"127.0.0.1","message":"操作成功","method":"POST","params":"[Page{currentPage=1, pageSize=10, totalPage=0, totalCount=0, list=[], params={uid=10}, sortColumn='createTime', sortMethod='desc'}]","result":"{\"currentPage\":1,\"index\":0,\"list\":[{\"createTime\":1612883325000,\"dataVersion\":1,\"description\":\"22\",\"id\":6,\"isLoading\":false,\"isOpen\":1,\"kname\":\"2\",\"uid\":10,\"updateTime\":1612889330000},{\"createTime\":1612861806000,\"dataVersion\":3,\"description\":\"有点可怕\",\"id\":5,\"isLoading\":false,\"isOpen\":0,\"kname\":\"肺炎\",\"uid\":10,\"updateTime\":1612879857000},{\"createTime\":1612860712000,\"dataVersion\":0,\"description\":\"危险\",\"id\":2,\"isLoading\":false,\"isOpen\":1,\"kname\":\"疫情\",\"uid\":10,\"updateTime\":1612860712000},{\"createTime\":1612860525000,\"dataVersion\":5,\"description\":\"变态\",\"id\":1,\"isLoading\":false,\"isOpen\":1,\"kname\":\"郑爽\",\"uid\":10,\"updateTime\":1613065143000}],\"pageSize\":10,\"params\":{\"uid\":10},\"sortColumn\":\"createTime\",\"sortMethod\":\"desc\",\"totalCount\":4,\"totalPage\":1}","status":0,"time":40,"uid":10,"url":"/api/keyword/getByPage"},{"createTime":1613065191000,"id":1474,"ip":"127.0.0.1","message":"操作成功","method":"POST","params":"[BlogBaseReq(day=seven, kid=1)]","result":"[{\"grade\":\"预警等级\",\"height\":3,\"low\":1,\"low_mid\":1,\"mid\":1,\"mid_hei\":1}]","status":0,"time":9,"uid":10,"url":"/api/blog/warning"},{"createTime":1613065190000,"id":1473,"ip":"127.0.0.1","message":"操作成功","method":"POST","params":"[BlogBaseReq(day=seven, kid=1)]","result":"[{\"grade\":\"预警等级\",\"height\":3,\"low\":1,\"low_mid\":1,\"mid\":1,\"mid_hei\":1}]","status":0,"time":7,"uid":10,"url":"/api/blog/warning"},{"createTime":1613065188000,"id":1472,"ip":"127.0.0.1","message":"操作成功","method":"POST","params":"[BlogBaseReq(day=seven, kid=1)]","result":"[{\"grade\":\"预警等级\",\"height\":3,\"low\":1,\"low_mid\":1,\"mid\":1,\"mid_hei\":1}]","status":0,"time":7,"uid":10,"url":"/api/blog/warning"},{"createTime":1613065185000,"id":1470,"ip":"127.0.0.1","message":"操作成功","method":"POST","params":"[Page{currentPage=1, pageSize=10, totalPage=0, totalCount=0, list=[], params={kid=1}, sortColumn='createTime', sortMethod='desc'}]","result":"class com.fxys.opinion_plus.resp.Page","status":0,"time":5,"uid":10,"url":"/api/blog/getByPage"},{"createTime":1613065185000,"id":1471,"ip":"127.0.0.1","message":"操作成功","method":"POST","params":"[BlogBaseReq(day=today, kid=1)]","result":"[{\"grade\":\"预警等级\",\"height\":0,\"low\":0,\"low_mid\":0,\"mid\":0,\"mid_hei\":0}]","status":0,"time":10,"uid":10,"url":"/api/blog/warning"},{"createTime":1613065182000,"id":1469,"ip":"127.0.0.1","message":"操作成功","method":"POST","params":"[BlogBaseReq(day=seven, kid=1)]","result":"[{\"count\":5,\"data\":\"正面舆情事件\"},{\"count\":2,\"data\":\"负面舆情事件\"}]","status":0,"time":5,"uid":10,"url":"/api/blog/getPositive"},{"createTime":1613065181000,"id":1468,"ip":"127.0.0.1","message":"操作成功","method":"POST","params":"[BlogBaseReq(day=three, kid=1)]","result":"[{\"count\":5,\"data\":\"正面舆情事件\"},{\"count\":0,\"data\":\"负面舆情事件\"}]","status":0,"time":4,"uid":10,"url":"/api/blog/getPositive"},{"createTime":1613065178000,"id":1467,"ip":"127.0.0.1","message":"操作成功","method":"POST","params":"[BlogBaseReq(day=today, kid=1)]","result":"[{\"count\":0,\"data\":\"正面舆情事件\"},{\"count\":0,\"data\":\"负面舆情事件\"}]","status":0,"time":3,"uid":10,"url":"/api/blog/getPositive"}],"pageSize":10,"params":{"uid":10},"sortColumn":"createTime","sortMethod":"desc","totalCount":1357,"totalPage":136}
2021-02-13 00:38:01.787 INFO  [http-nio-8081-exec-3]com.fxys.opinion_plus.aspect.RequestAspect.doAfterReturning:86 -length:3966
2021-02-13 00:38:01.787 INFO  [http-nio-8081-exec-3]com.fxys.opinion_plus.aspect.RequestAspect.doAround:68 -耗时 : 25
2021-02-13 00:38:02.127 INFO  [http-nio-8081-exec-5]com.fxys.opinion_plus.aspect.RequestAspect.printRequestLog:129 -请求地址 : /api/keyword/getByPage
2021-02-13 00:38:02.127 INFO  [http-nio-8081-exec-5]com.fxys.opinion_plus.aspect.RequestAspect.printRequestLog:130 -请求方式 : POST
2021-02-13 00:38:02.127 INFO  [http-nio-8081-exec-5]com.fxys.opinion_plus.aspect.RequestAspect.printRequestLog:133 -IP : 127.0.0.1
2021-02-13 00:38:02.127 INFO  [http-nio-8081-exec-5]com.fxys.opinion_plus.aspect.RequestAspect.printRequestLog:135 -方法 : com.fxys.opinion_plus.controller.KeywordController.getByPage
2021-02-13 00:38:02.128 INFO  [http-nio-8081-exec-5]com.fxys.opinion_plus.aspect.RequestAspect.printRequestLog:138 -请求参数：[Page{currentPage=1, pageSize=10, totalPage=0, totalCount=0, list=[], params={uid=10}, sortColumn='createTime', sortMethod='desc'}]
2021-02-13 00:38:02.138 INFO  [http-nio-8081-exec-5]com.fxys.opinion_plus.aspect.RequestAspect.doAfterReturning:84 -返回值：{"currentPage":1,"index":0,"list":[{"createTime":1612883325000,"dataVersion":1,"description":"22","id":6,"isLoading":false,"isOpen":1,"kname":"2","uid":10,"updateTime":1612889330000},{"createTime":1612861806000,"dataVersion":3,"description":"有点可怕","id":5,"isLoading":false,"isOpen":0,"kname":"肺炎","uid":10,"updateTime":1612879857000},{"createTime":1612860712000,"dataVersion":0,"description":"危险","id":2,"isLoading":false,"isOpen":1,"kname":"疫情","uid":10,"updateTime":1612860712000},{"createTime":1612860525000,"dataVersion":5,"description":"变态","id":1,"isLoading":false,"isOpen":1,"kname":"郑爽","uid":10,"updateTime":1613065143000}],"pageSize":10,"params":{"uid":10},"sortColumn":"createTime","sortMethod":"desc","totalCount":4,"totalPage":1}
2021-02-13 00:38:02.138 INFO  [http-nio-8081-exec-5]com.fxys.opinion_plus.aspect.RequestAspect.doAfterReturning:86 -length:742
2021-02-13 00:38:02.138 INFO  [http-nio-8081-exec-5]com.fxys.opinion_plus.aspect.RequestAspect.doAround:68 -耗时 : 12
2021-02-13 00:38:03.221 INFO  [http-nio-8081-exec-6]com.fxys.opinion_plus.aspect.RequestAspect.printRequestLog:129 -请求地址 : /api/blog/getEvent
2021-02-13 00:38:03.222 INFO  [http-nio-8081-exec-6]com.fxys.opinion_plus.aspect.RequestAspect.printRequestLog:130 -请求方式 : POST
2021-02-13 00:38:03.223 INFO  [http-nio-8081-exec-6]com.fxys.opinion_plus.aspect.RequestAspect.printRequestLog:133 -IP : 127.0.0.1
2021-02-13 00:38:03.223 INFO  [http-nio-8081-exec-6]com.fxys.opinion_plus.aspect.RequestAspect.printRequestLog:135 -方法 : com.fxys.opinion_plus.controller.BlogController.login
2021-02-13 00:38:03.224 INFO  [http-nio-8081-exec-6]com.fxys.opinion_plus.aspect.RequestAspect.printRequestLog:138 -请求参数：[BlogBaseReq(day=today, kid=1)]
2021-02-13 00:38:03.411 INFO  [http-nio-8081-exec-6]com.fxys.opinion_plus.aspect.RequestAspect.doAfterReturning:84 -返回值：{"top":0,"total":0,"avl":0.0}
2021-02-13 00:38:03.412 INFO  [http-nio-8081-exec-6]com.fxys.opinion_plus.aspect.RequestAspect.doAfterReturning:86 -length:29
2021-02-13 00:38:03.412 INFO  [http-nio-8081-exec-6]com.fxys.opinion_plus.aspect.RequestAspect.doAround:68 -耗时 : 191
2021-02-13 00:38:03.527 INFO  [http-nio-8081-exec-8]com.fxys.opinion_plus.aspect.RequestAspect.printRequestLog:129 -请求地址 : /api/blog/getSensitive
2021-02-13 00:38:03.528 INFO  [http-nio-8081-exec-8]com.fxys.opinion_plus.aspect.RequestAspect.printRequestLog:130 -请求方式 : POST
2021-02-13 00:38:03.529 INFO  [http-nio-8081-exec-8]com.fxys.opinion_plus.aspect.RequestAspect.printRequestLog:133 -IP : 127.0.0.1
2021-02-13 00:38:03.530 INFO  [http-nio-8081-exec-8]com.fxys.opinion_plus.aspect.RequestAspect.printRequestLog:135 -方法 : com.fxys.opinion_plus.controller.BlogController.getSensitive
2021-02-13 00:38:03.530 INFO  [http-nio-8081-exec-7]com.fxys.opinion_plus.aspect.RequestAspect.printRequestLog:129 -请求地址 : /api/blog/getPositive
2021-02-13 00:38:03.531 INFO  [http-nio-8081-exec-7]com.fxys.opinion_plus.aspect.RequestAspect.printRequestLog:130 -请求方式 : POST
2021-02-13 00:38:03.531 INFO  [http-nio-8081-exec-7]com.fxys.opinion_plus.aspect.RequestAspect.printRequestLog:133 -IP : 127.0.0.1
2021-02-13 00:38:03.530 INFO  [http-nio-8081-exec-8]com.fxys.opinion_plus.aspect.RequestAspect.printRequestLog:138 -请求参数：[BlogBaseReq(day=today, kid=1)]
2021-02-13 00:38:03.532 INFO  [http-nio-8081-exec-7]com.fxys.opinion_plus.aspect.RequestAspect.printRequestLog:135 -方法 : com.fxys.opinion_plus.controller.BlogController.getPositive
2021-02-13 00:38:03.532 INFO  [http-nio-8081-exec-7]com.fxys.opinion_plus.aspect.RequestAspect.printRequestLog:138 -请求参数：[BlogBaseReq(day=today, kid=1)]
2021-02-13 00:38:03.536 INFO  [http-nio-8081-exec-9]com.fxys.opinion_plus.aspect.RequestAspect.printRequestLog:129 -请求地址 : /api/blog/getOrigin
2021-02-13 00:38:03.537 INFO  [http-nio-8081-exec-9]com.fxys.opinion_plus.aspect.RequestAspect.printRequestLog:130 -请求方式 : POST
2021-02-13 00:38:03.538 INFO  [http-nio-8081-exec-9]com.fxys.opinion_plus.aspect.RequestAspect.printRequestLog:133 -IP : 127.0.0.1
2021-02-13 00:38:03.538 INFO  [http-nio-8081-exec-9]com.fxys.opinion_plus.aspect.RequestAspect.printRequestLog:135 -方法 : com.fxys.opinion_plus.controller.BlogController.getOrigin
2021-02-13 00:38:03.539 INFO  [http-nio-8081-exec-9]com.fxys.opinion_plus.aspect.RequestAspect.printRequestLog:138 -请求参数：[BlogBaseReq(day=today, kid=1)]
2021-02-13 00:38:03.541 INFO  [http-nio-8081-exec-10]com.fxys.opinion_plus.aspect.RequestAspect.printRequestLog:129 -请求地址 : /api/blog/getTendency
2021-02-13 00:38:03.541 INFO  [http-nio-8081-exec-10]com.fxys.opinion_plus.aspect.RequestAspect.printRequestLog:130 -请求方式 : POST
2021-02-13 00:38:03.542 INFO  [http-nio-8081-exec-1]com.fxys.opinion_plus.aspect.RequestAspect.printRequestLog:129 -请求地址 : /api/blog/getMap
2021-02-13 00:38:03.542 INFO  [http-nio-8081-exec-10]com.fxys.opinion_plus.aspect.RequestAspect.printRequestLog:133 -IP : 127.0.0.1
2021-02-13 00:38:03.542 INFO  [http-nio-8081-exec-1]com.fxys.opinion_plus.aspect.RequestAspect.printRequestLog:130 -请求方式 : POST
2021-02-13 00:38:03.543 INFO  [http-nio-8081-exec-10]com.fxys.opinion_plus.aspect.RequestAspect.printRequestLog:135 -方法 : com.fxys.opinion_plus.controller.BlogController.getTendency
2021-02-13 00:38:03.543 INFO  [http-nio-8081-exec-1]com.fxys.opinion_plus.aspect.RequestAspect.printRequestLog:133 -IP : 127.0.0.1
2021-02-13 00:38:03.543 INFO  [http-nio-8081-exec-10]com.fxys.opinion_plus.aspect.RequestAspect.printRequestLog:138 -请求参数：[BlogBaseReq(day=today, kid=1)]
2021-02-13 00:38:03.543 INFO  [http-nio-8081-exec-1]com.fxys.opinion_plus.aspect.RequestAspect.printRequestLog:135 -方法 : com.fxys.opinion_plus.controller.BlogController.getMap
2021-02-13 00:38:03.544 INFO  [http-nio-8081-exec-1]com.fxys.opinion_plus.aspect.RequestAspect.printRequestLog:138 -请求参数：[BlogBaseReq(day=today, kid=1)]
2021-02-13 00:38:03.549 INFO  [http-nio-8081-exec-9]com.fxys.opinion_plus.aspect.RequestAspect.doAfterReturning:84 -返回值：[]
2021-02-13 00:38:03.549 INFO  [http-nio-8081-exec-9]com.fxys.opinion_plus.aspect.RequestAspect.doAfterReturning:86 -length:2
2021-02-13 00:38:03.549 INFO  [http-nio-8081-exec-9]com.fxys.opinion_plus.aspect.RequestAspect.doAround:68 -耗时 : 13
2021-02-13 00:38:03.562 INFO  [http-nio-8081-exec-7]com.fxys.opinion_plus.aspect.RequestAspect.doAfterReturning:84 -返回值：[{"count":0,"data":"正面舆情事件"},{"count":0,"data":"负面舆情事件"}]
2021-02-13 00:38:03.562 INFO  [http-nio-8081-exec-7]com.fxys.opinion_plus.aspect.RequestAspect.doAfterReturning:86 -length:57
2021-02-13 00:38:03.563 INFO  [http-nio-8081-exec-7]com.fxys.opinion_plus.aspect.RequestAspect.doAround:68 -耗时 : 33
2021-02-13 00:38:03.569 INFO  [http-nio-8081-exec-8]com.fxys.opinion_plus.aspect.RequestAspect.doAfterReturning:84 -返回值：[{"count":0,"data":"敏感事件"},{"count":0,"data":"非敏感事件"}]
2021-02-13 00:38:03.570 INFO  [http-nio-8081-exec-8]com.fxys.opinion_plus.aspect.RequestAspect.doAfterReturning:86 -length:54
2021-02-13 00:38:03.570 INFO  [http-nio-8081-exec-8]com.fxys.opinion_plus.aspect.RequestAspect.doAround:68 -耗时 : 43
2021-02-13 00:38:03.700 INFO  [http-nio-8081-exec-1]com.fxys.opinion_plus.aspect.RequestAspect.doAfterReturning:84 -返回值：[{"count":0,"data":"黑龙江"},{"count":0,"data":"吉林"},{"count":0,"data":"辽宁"},{"count":0,"data":"内蒙古"},{"count":0,"data":"河北"},{"count":0,"data":"天津"},{"count":0,"data":"山东"},{"count":0,"data":"北京"},{"count":0,"data":"山西"},{"count":0,"data":"河南"},{"count":0,"data":"安徽"},{"count":0,"data":"江苏"},{"count":0,"data":"上海"},{"count":0,"data":"浙江"},{"count":0,"data":"宁夏"},{"count":0,"data":"陕西"},{"count":0,"data":"湖北"},{"count":0,"data":"江西"},{"count":0,"data":"福建"},{"count":0,"data":"台湾"},{"count":0,"data":"甘肃"},{"count":0,"data":"四川"},{"count":0,"data":"重庆"},{"count":0,"data":"湖南"},{"count":0,"data":"广东"},{"count":0,"data":"澳门"},{"count":0,"data":"香港"},{"count":0,"data":"贵州"},{"count":0,"data":"广西"},{"count":0,"data":"海南"},{"count":0,"data":"青海"},{"count":0,"data":"西藏"},{"count":0,"data":"新疆"},{"count":0,"data":"云南"}]
2021-02-13 00:38:03.702 INFO  [http-nio-8081-exec-1]com.fxys.opinion_plus.aspect.RequestAspect.doAfterReturning:86 -length:819
2021-02-13 00:38:03.702 INFO  [http-nio-8081-exec-1]com.fxys.opinion_plus.aspect.RequestAspect.doAround:68 -耗时 : 160
2021-02-13 00:38:03.729 INFO  [http-nio-8081-exec-10]com.fxys.opinion_plus.aspect.RequestAspect.doAfterReturning:84 -返回值：[{"negative":0,"nonsensitive":0,"positive":0,"sensitive":0,"time":"0点","total":0},{"negative":0,"nonsensitive":0,"positive":0,"sensitive":0,"time":"2点","total":0},{"negative":0,"nonsensitive":0,"positive":0,"sensitive":0,"time":"4点","total":0},{"negative":0,"nonsensitive":0,"positive":0,"sensitive":0,"time":"6点","total":0},{"negative":0,"nonsensitive":0,"positive":0,"sensitive":0,"time":"8点","total":0},{"negative":0,"nonsensitive":0,"positive":0,"sensitive":0,"time":"10点","total":0},{"negative":0,"nonsensitive":0,"positive":0,"sensitive":0,"time":"12点","total":0},{"negative":0,"nonsensitive":0,"positive":0,"sensitive":0,"time":"14点","total":0},{"negative":0,"nonsensitive":0,"positive":0,"sensitive":0,"time":"16点","total":0},{"negative":0,"nonsensitive":0,"positive":0,"sensitive":0,"time":"18点","total":0},{"negative":0,"nonsensitive":0,"positive":0,"sensitive":0,"time":"20点","total":0},{"negative":0,"nonsensitive":0,"positive":0,"sensitive":0,"time":"22点","total":0},{"negative":0,"nonsensitive":0,"positive":0,"sensitive":0,"time":"24点","total":0}]
2021-02-13 00:38:03.730 INFO  [http-nio-8081-exec-10]com.fxys.opinion_plus.aspect.RequestAspect.doAfterReturning:86 -length:1062
2021-02-13 00:38:03.730 INFO  [http-nio-8081-exec-10]com.fxys.opinion_plus.aspect.RequestAspect.doAround:68 -耗时 : 189
2021-02-13 00:38:05.306 INFO  [http-nio-8081-exec-2]com.fxys.opinion_plus.aspect.RequestAspect.printRequestLog:129 -请求地址 : /api/blog/frequency
2021-02-13 00:38:05.307 INFO  [http-nio-8081-exec-2]com.fxys.opinion_plus.aspect.RequestAspect.printRequestLog:130 -请求方式 : POST
2021-02-13 00:38:05.307 INFO  [http-nio-8081-exec-2]com.fxys.opinion_plus.aspect.RequestAspect.printRequestLog:133 -IP : 127.0.0.1
2021-02-13 00:38:05.307 INFO  [http-nio-8081-exec-2]com.fxys.opinion_plus.aspect.RequestAspect.printRequestLog:135 -方法 : com.fxys.opinion_plus.controller.BlogController.getFrequency
2021-02-13 00:38:05.308 INFO  [http-nio-8081-exec-2]com.fxys.opinion_plus.aspect.RequestAspect.printRequestLog:138 -请求参数：[BlogBaseReq(day=today, kid=1)]
2021-02-13 00:38:05.398 INFO  [http-nio-8081-exec-2]com.fxys.opinion_plus.aspect.RequestAspect.doAfterReturning:84 -返回值：[]
2021-02-13 00:38:05.398 INFO  [http-nio-8081-exec-2]com.fxys.opinion_plus.aspect.RequestAspect.doAfterReturning:86 -length:2
2021-02-13 00:38:05.398 INFO  [http-nio-8081-exec-2]com.fxys.opinion_plus.aspect.RequestAspect.doAround:68 -耗时 : 92
2021-02-13 00:38:07.346 INFO  [http-nio-8081-exec-5]com.fxys.opinion_plus.aspect.RequestAspect.printRequestLog:129 -请求地址 : /api/blog/frequency
2021-02-13 00:38:07.346 INFO  [http-nio-8081-exec-5]com.fxys.opinion_plus.aspect.RequestAspect.printRequestLog:130 -请求方式 : POST
2021-02-13 00:38:07.346 INFO  [http-nio-8081-exec-5]com.fxys.opinion_plus.aspect.RequestAspect.printRequestLog:133 -IP : 127.0.0.1
2021-02-13 00:38:07.347 INFO  [http-nio-8081-exec-5]com.fxys.opinion_plus.aspect.RequestAspect.printRequestLog:135 -方法 : com.fxys.opinion_plus.controller.BlogController.getFrequency
2021-02-13 00:38:07.347 INFO  [http-nio-8081-exec-5]com.fxys.opinion_plus.aspect.RequestAspect.printRequestLog:138 -请求参数：[BlogBaseReq(day=three, kid=1)]
2021-02-13 00:38:09.369 INFO  [http-nio-8081-exec-5]com.fxys.opinion_plus.aspect.RequestAspect.doAfterReturning:84 -返回值：[{"count":3,"data":"问题"},{"count":1,"data":"纯属"},{"count":1,"data":"帮忙"},{"count":1,"data":"解答"},{"count":1,"data":"好奇"},{"count":1,"data":"广大"}]
2021-02-13 00:38:09.370 INFO  [http-nio-8081-exec-5]com.fxys.opinion_plus.aspect.RequestAspect.doAfterReturning:86 -length:145
2021-02-13 00:38:09.370 INFO  [http-nio-8081-exec-5]com.fxys.opinion_plus.aspect.RequestAspect.doAround:68 -耗时 : 2024
2021-02-13 00:38:10.106 INFO  [http-nio-8081-exec-3]com.kennycason.kumo.WordCloud.build:85 -placed: 问题 (1/19)
2021-02-13 00:38:10.107 INFO  [http-nio-8081-exec-3]com.kennycason.kumo.WordCloud.build:85 -placed: 纯属 (2/19)
2021-02-13 00:38:10.108 INFO  [http-nio-8081-exec-3]com.kennycason.kumo.WordCloud.build:85 -placed: 帮忙 (3/19)
2021-02-13 00:38:10.112 INFO  [http-nio-8081-exec-3]com.kennycason.kumo.WordCloud.build:85 -placed: 解答 (4/19)
2021-02-13 00:38:10.113 INFO  [http-nio-8081-exec-3]com.kennycason.kumo.WordCloud.build:85 -placed: 好奇 (5/19)
2021-02-13 00:38:10.113 INFO  [http-nio-8081-exec-3]com.kennycason.kumo.WordCloud.build:85 -placed: 广大 (6/19)
2021-02-13 00:38:10.114 INFO  [http-nio-8081-exec-3]com.kennycason.kumo.WordCloud.build:85 -placed: 提出 (7/19)
2021-02-13 00:38:10.115 INFO  [http-nio-8081-exec-3]com.kennycason.kumo.WordCloud.build:85 -placed: 以上 (8/19)
2021-02-13 00:38:10.116 INFO  [http-nio-8081-exec-3]com.kennycason.kumo.WordCloud.build:85 -placed: 孩子 (9/19)
2021-02-13 00:38:10.119 INFO  [http-nio-8081-exec-3]com.kennycason.kumo.WordCloud.build:85 -placed: 害人 (10/19)
2021-02-13 00:38:10.124 INFO  [http-nio-8081-exec-3]com.kennycason.kumo.WordCloud.build:85 -placed: 可恶 (11/19)
2021-02-13 00:38:10.124 INFO  [http-nio-8081-exec-3]com.kennycason.kumo.WordCloud.build:85 -placed: 正视 (12/19)
2021-02-13 00:38:10.127 INFO  [http-nio-8081-exec-3]com.kennycason.kumo.WordCloud.build:85 -placed: 到底 (13/19)
2021-02-13 00:38:10.129 INFO  [http-nio-8081-exec-3]com.kennycason.kumo.WordCloud.build:85 -placed: 回家 (14/19)
2021-02-13 00:38:10.132 INFO  [http-nio-8081-exec-3]com.kennycason.kumo.WordCloud.build:85 -placed: 总结 (15/19)
2021-02-13 00:38:10.133 INFO  [http-nio-8081-exec-3]com.kennycason.kumo.WordCloud.build:85 -placed: 网友 (16/19)
2021-02-13 00:38:10.134 INFO  [http-nio-8081-exec-3]com.kennycason.kumo.WordCloud.build:85 -placed: 作为 (17/19)
2021-02-13 00:38:10.135 INFO  [http-nio-8081-exec-3]com.kennycason.kumo.WordCloud.build:85 -placed: 郑爽 (18/19)
2021-02-13 00:38:10.136 INFO  [http-nio-8081-exec-3]com.kennycason.kumo.WordCloud.build:85 -placed: 对于 (19/19)
2021-02-13 00:39:32.212 INFO  [main]com.fxys.opinion_plus.OpinionPlusApplicationTests.logStarting:55 -Starting OpinionPlusApplicationTests using Java 1.8.0_151 on LAPTOP-F69Q7ABG with PID 1452 (started by 14040 in D:\springboot\opinion-plus)
2021-02-13 00:39:32.217 INFO  [main]com.fxys.opinion_plus.OpinionPlusApplicationTests.logStartupProfileInfo:660 -No active profile set, falling back to default profiles: default
2021-02-13 00:39:32.222 INFO  [background-preinit]org.hibernate.validator.internal.util.Version.<clinit>:30 -HV000001: Hibernate Validator 5.4.1.Final
2021-02-13 00:39:33.486 INFO  [main]o.s.d.repository.config.RepositoryConfigurationDelegate.multipleStoresDetected:250 -Multiple Spring Data modules found, entering strict repository configuration mode!
2021-02-13 00:39:33.490 INFO  [main]o.s.d.repository.config.RepositoryConfigurationDelegate.registerRepositoriesIn:128 -Bootstrapping Spring Data JDBC repositories in DEFAULT mode.
2021-02-13 00:39:33.520 INFO  [main]o.s.d.repository.config.RepositoryConfigurationDelegate.registerRepositoriesIn:188 -Finished Spring Data repository scanning in 20 ms. Found 0 JDBC repository interfaces.
2021-02-13 00:39:33.543 INFO  [main]o.s.d.repository.config.RepositoryConfigurationDelegate.multipleStoresDetected:250 -Multiple Spring Data modules found, entering strict repository configuration mode!
2021-02-13 00:39:33.545 INFO  [main]o.s.d.repository.config.RepositoryConfigurationDelegate.registerRepositoriesIn:128 -Bootstrapping Spring Data JPA repositories in DEFAULT mode.
2021-02-13 00:39:33.560 INFO  [main]o.s.d.repository.config.RepositoryConfigurationDelegate.registerRepositoriesIn:188 -Finished Spring Data repository scanning in 7 ms. Found 0 JPA repository interfaces.
2021-02-13 00:39:34.448 INFO  [main]c.a.d.s.boot.autoconfigure.DruidDataSourceAutoConfigure.dataSource:56 -Init DruidDataSource
2021-02-13 00:39:35.134 INFO  [main]com.alibaba.druid.pool.DruidDataSource.init:930 -{dataSource-1} inited
2021-02-13 00:39:35.508 INFO  [main]org.hibernate.jpa.internal.util.LogHelper.logPersistenceUnitInformation:31 -HHH000204: Processing PersistenceUnitInfo [name: default]
2021-02-13 00:39:35.659 INFO  [main]org.hibernate.Version.logVersion:44 -HHH000412: Hibernate ORM core version 5.4.27.Final
2021-02-13 00:39:36.020 INFO  [main]org.hibernate.annotations.common.Version.<clinit>:56 -HCANN000001: Hibernate Commons Annotations {5.1.2.Final}
2021-02-13 00:39:37.228 INFO  [main]org.hibernate.dialect.Dialect.<init>:175 -HHH000400: Using dialect: org.hibernate.dialect.MySQL5InnoDBDialect
2021-02-13 00:39:37.692 INFO  [main]o.h.e.t.jta.platform.internal.JtaPlatformInitiator.initiateService:52 -HHH000490: Using JtaPlatform implementation: [org.hibernate.engine.transaction.jta.platform.internal.NoJtaPlatform]
2021-02-13 00:39:37.724 INFO  [main]o.s.orm.jpa.LocalContainerEntityManagerFactoryBean.buildNativeEntityManagerFactory:437 -Initialized JPA EntityManagerFactory for persistence unit 'default'
2021-02-13 00:39:41.304 INFO  [main]com.fxys.opinion_plus.OpinionPlusApplicationTests.logStarted:61 -Started OpinionPlusApplicationTests in 9.678 seconds (JVM running for 11.15)
2021-02-13 00:39:41.646 INFO  [SpringContextShutdownHook]o.s.orm.jpa.LocalContainerEntityManagerFactoryBean.destroy:651 -Closing JPA EntityManagerFactory for persistence unit 'default'
2021-02-13 00:39:41.681 INFO  [SpringContextShutdownHook]com.alibaba.druid.pool.DruidDataSource.close:1825 -{dataSource-1} closed
2021-02-13 11:01:28.474 INFO  [main]com.fxys.opinion_plus.OpinionPlusApplicationTests.logStarting:55 -Starting OpinionPlusApplicationTests using Java 1.8.0_151 on LAPTOP-F69Q7ABG with PID 23360 (started by 14040 in D:\springboot\opinion-plus)
2021-02-13 11:01:28.481 INFO  [background-preinit]org.hibernate.validator.internal.util.Version.<clinit>:30 -HV000001: Hibernate Validator 5.4.1.Final
2021-02-13 11:01:28.504 INFO  [main]com.fxys.opinion_plus.OpinionPlusApplicationTests.logStartupProfileInfo:660 -No active profile set, falling back to default profiles: default
2021-02-13 11:01:29.405 INFO  [main]o.s.d.repository.config.RepositoryConfigurationDelegate.multipleStoresDetected:250 -Multiple Spring Data modules found, entering strict repository configuration mode!
2021-02-13 11:01:29.409 INFO  [main]o.s.d.repository.config.RepositoryConfigurationDelegate.registerRepositoriesIn:128 -Bootstrapping Spring Data JDBC repositories in DEFAULT mode.
2021-02-13 11:01:29.447 INFO  [main]o.s.d.repository.config.RepositoryConfigurationDelegate.registerRepositoriesIn:188 -Finished Spring Data repository scanning in 30 ms. Found 0 JDBC repository interfaces.
2021-02-13 11:01:29.463 INFO  [main]o.s.d.repository.config.RepositoryConfigurationDelegate.multipleStoresDetected:250 -Multiple Spring Data modules found, entering strict repository configuration mode!
2021-02-13 11:01:29.466 INFO  [main]o.s.d.repository.config.RepositoryConfigurationDelegate.registerRepositoriesIn:128 -Bootstrapping Spring Data JPA repositories in DEFAULT mode.
2021-02-13 11:01:29.482 INFO  [main]o.s.d.repository.config.RepositoryConfigurationDelegate.registerRepositoriesIn:188 -Finished Spring Data repository scanning in 8 ms. Found 0 JPA repository interfaces.
2021-02-13 11:01:30.173 INFO  [main]c.a.d.s.boot.autoconfigure.DruidDataSourceAutoConfigure.dataSource:56 -Init DruidDataSource
2021-02-13 11:01:30.705 INFO  [main]com.alibaba.druid.pool.DruidDataSource.init:930 -{dataSource-1} inited
2021-02-13 11:01:31.075 INFO  [main]org.hibernate.jpa.internal.util.LogHelper.logPersistenceUnitInformation:31 -HHH000204: Processing PersistenceUnitInfo [name: default]
2021-02-13 11:01:31.232 INFO  [main]org.hibernate.Version.logVersion:44 -HHH000412: Hibernate ORM core version 5.4.27.Final
2021-02-13 11:01:31.600 INFO  [main]org.hibernate.annotations.common.Version.<clinit>:56 -HCANN000001: Hibernate Commons Annotations {5.1.2.Final}
2021-02-13 11:01:32.989 INFO  [main]org.hibernate.dialect.Dialect.<init>:175 -HHH000400: Using dialect: org.hibernate.dialect.MySQL5InnoDBDialect
2021-02-13 11:01:33.469 INFO  [main]o.h.e.t.jta.platform.internal.JtaPlatformInitiator.initiateService:52 -HHH000490: Using JtaPlatform implementation: [org.hibernate.engine.transaction.jta.platform.internal.NoJtaPlatform]
2021-02-13 11:01:33.478 INFO  [main]o.s.orm.jpa.LocalContainerEntityManagerFactoryBean.buildNativeEntityManagerFactory:437 -Initialized JPA EntityManagerFactory for persistence unit 'default'
2021-02-13 11:01:36.278 INFO  [main]com.fxys.opinion_plus.OpinionPlusApplicationTests.logStarted:61 -Started OpinionPlusApplicationTests in 8.315 seconds (JVM running for 9.415)
2021-02-13 11:01:36.551 INFO  [SpringContextShutdownHook]o.s.orm.jpa.LocalContainerEntityManagerFactoryBean.destroy:651 -Closing JPA EntityManagerFactory for persistence unit 'default'
2021-02-13 11:01:36.583 INFO  [SpringContextShutdownHook]com.alibaba.druid.pool.DruidDataSource.close:1825 -{dataSource-1} closed
