2021-02-08 22:13:42.572 DEBUG [restartedMain]com.fxys.opinion_plus.OpinionPlusApplication.logStarting:56 -Running with Spring Boot v2.4.2, Spring v5.3.3
2021-02-08 22:45:02.677 DEBUG [http-nio-8081-exec-1]com.fxys.opinion_plus.mapper.UserMapper.selectByUsername.debug:137 -==>  Preparing: select id, username, email, `state`, createTime, updateTime, dataVersion from `user` where username=?
2021-02-08 22:45:02.728 DEBUG [http-nio-8081-exec-1]com.fxys.opinion_plus.mapper.UserMapper.selectByUsername.debug:137 -==> Parameters: 123456(String)
2021-02-08 22:45:02.753 DEBUG [http-nio-8081-exec-1]com.fxys.opinion_plus.mapper.UserMapper.selectByUsername.debug:137 -<==      Total: 1
2021-02-08 22:45:02.814 DEBUG [http-nio-8081-exec-1]com.fxys.opinion_plus.mapper.LogMapper.insertSelective.debug:137 -==>  Preparing: insert into log ( url, params, status, message, `method`, `time`, ip, createTime, result ) values ( ?, ?, ?, ?, ?, ?, ?, ?, ? )
2021-02-08 22:45:02.842 DEBUG [http-nio-8081-exec-1]com.fxys.opinion_plus.mapper.LogMapper.insertSelective.debug:137 -==> Parameters: /api/user/register(String), [UserRegister(email=123456)](String), 1(Integer), 	at com.fxys.opinion_plus.service.impl.UserServiceImpl.addUser(UserServiceImpl.java:34)
	at com.fxys.opinion_plus.controller.UserController.register(UserController.java:27)
	at com.fxys.opinion_plus.controller.UserController$$FastClassBySpringCGLIB$$28b36b57.invoke(<generated>)
	at com.fxys.opinion_plus.aspect.RequestAspect.doAround(RequestAspect.java:66)
	at com.fxys.opinion_plus.controller.UserController$$EnhancerBySpringCGLIB$$8df224b3.register(<generated>)
(String), POST(String), 0(Long), 127.0.0.1(String), 2021-02-08 22:45:02.797(Timestamp), OpinionException(code=20001, message=用户名已存在)
(String)
2021-02-08 22:45:02.854 DEBUG [http-nio-8081-exec-1]com.fxys.opinion_plus.mapper.LogMapper.insertSelective.debug:137 -<==    Updates: 1
2021-02-08 22:45:40.497 DEBUG [http-nio-8081-exec-5]com.fxys.opinion_plus.mapper.UserMapper.selectByUsername.debug:137 -==>  Preparing: select id, username, email, `state`, createTime, updateTime, dataVersion from `user` where username=?
2021-02-08 22:45:40.497 DEBUG [http-nio-8081-exec-5]com.fxys.opinion_plus.mapper.UserMapper.selectByUsername.debug:137 -==> Parameters: 1234568(String)
2021-02-08 22:45:40.499 DEBUG [http-nio-8081-exec-5]com.fxys.opinion_plus.mapper.UserMapper.selectByUsername.debug:137 -<==      Total: 0
2021-02-08 22:45:40.500 DEBUG [http-nio-8081-exec-5]com.fxys.opinion_plus.mapper.UserMapper.selectByEmail.debug:137 -==>  Preparing: select id, username, email, `state`, createTime, updateTime, dataVersion from `user` where email=?
2021-02-08 22:45:40.501 DEBUG [http-nio-8081-exec-5]com.fxys.opinion_plus.mapper.UserMapper.selectByEmail.debug:137 -==> Parameters: 1234568(String)
2021-02-08 22:45:40.502 DEBUG [http-nio-8081-exec-5]com.fxys.opinion_plus.mapper.UserMapper.selectByEmail.debug:137 -<==      Total: 0
2021-02-08 22:45:40.502 DEBUG [http-nio-8081-exec-5]com.fxys.opinion_plus.mapper.UserMapper.insert.debug:137 -==>  Preparing: insert into `user` (username, email, `password`, `state`, createTime, updateTime, dataVersion) values (?, ?, ?, ?, ?, ?, ?)
2021-02-08 22:45:40.504 DEBUG [http-nio-8081-exec-5]com.fxys.opinion_plus.mapper.UserMapper.insert.debug:137 -==> Parameters: 1234568(String), 1234568(String), fe743d8d97aa7dfc6c93ccdc2e749513(String), 0(Integer), 2021-02-08 22:45:40.502(Timestamp), 2021-02-08 22:45:40.502(Timestamp), 0(Integer)
2021-02-08 22:45:40.506 DEBUG [http-nio-8081-exec-5]com.fxys.opinion_plus.mapper.UserMapper.insert.debug:137 -<==    Updates: 1
2021-02-08 22:45:40.735 DEBUG [http-nio-8081-exec-5]com.fxys.opinion_plus.mapper.LogMapper.insertSelective.debug:137 -==>  Preparing: insert into log ( url, params, status, message, `method`, `time`, ip, createTime, result ) values ( ?, ?, ?, ?, ?, ?, ?, ?, ? )
2021-02-08 22:45:40.738 DEBUG [http-nio-8081-exec-5]com.fxys.opinion_plus.mapper.LogMapper.insertSelective.debug:137 -==> Parameters: /api/user/register(String), [UserRegister(email=1234568)](String), 0(Integer), 操作成功(String), POST(String), 238(Long), 127.0.0.1(String), 2021-02-08 22:45:40.733(Timestamp), "注册成功"(String)
2021-02-08 22:45:40.741 DEBUG [http-nio-8081-exec-5]com.fxys.opinion_plus.mapper.LogMapper.insertSelective.debug:137 -<==    Updates: 1
2021-02-08 22:51:40.971 DEBUG [restartedMain]com.fxys.opinion_plus.OpinionPlusApplication.logStarting:56 -Running with Spring Boot v2.4.2, Spring v5.3.3
2021-02-08 22:56:05.901 DEBUG [restartedMain]com.fxys.opinion_plus.OpinionPlusApplication.logStarting:56 -Running with Spring Boot v2.4.2, Spring v5.3.3
2021-02-08 23:01:00.870 DEBUG [restartedMain]com.fxys.opinion_plus.OpinionPlusApplication.logStarting:56 -Running with Spring Boot v2.4.2, Spring v5.3.3
2021-02-08 23:01:34.007 DEBUG [http-nio-8081-exec-1]c.f.o.mapper.UserMapper.selectByUsernameAndPad.debug:137 -==>  Preparing: select id, username, email, `state`, createTime, updateTime, dataVersion from `user` where username=? and password=?
2021-02-08 23:01:34.025 DEBUG [http-nio-8081-exec-1]c.f.o.mapper.UserMapper.selectByUsernameAndPad.debug:137 -==> Parameters: 123456(String), e10adc3949ba59abbe56e057f20f883e(String)
2021-02-08 23:01:34.039 DEBUG [http-nio-8081-exec-1]c.f.o.mapper.UserMapper.selectByUsernameAndPad.debug:137 -<==      Total: 1
2021-02-08 23:01:34.691 DEBUG [http-nio-8081-exec-1]com.fxys.opinion_plus.mapper.LogMapper.insertSelective.debug:137 -==>  Preparing: insert into log ( `uid`, url, params, status, message, `method`, `time`, ip, createTime, result ) values ( ?, ?, ?, ?, ?, ?, ?, ?, ?, ? )
2021-02-08 23:01:34.694 DEBUG [http-nio-8081-exec-1]com.fxys.opinion_plus.mapper.LogMapper.insertSelective.debug:137 -==> Parameters: 10(Long), /api/user/login(String), [UserLogin(username=123456, password=e10adc3949ba59abbe56e057f20f883e)](String), 0(Integer), 操作成功(String), POST(String), 815(Long), 127.0.0.1(String), 2021-02-08 23:01:34.678(Timestamp), {"user":{"createTime":1612756370000,"dataVersion":0,"email":"1404031711@qq.com","id":10,"state":0,"updateTime":1612756370000,"username":"123456"},"token":"eyJhbGciOiJIUzI1NiJ9.eyJzdWIiOiIxMjM0NTYiLCJpZCI6MTAsImV4cCI6MTYxMjgwMjQ5NCwiaWF0IjoxNjEyNzk2NDk0LCJqdGkiOiIyMGRkZGMwMy04MGZiLTRlYWQtYjQ0ZC02M2YxZGI5YzFjOTIiLCJ1c2VybmFtZSI6IjEyMzQ1NiJ9.S19UpHrtblduWEh6NbEF3uayGIjz6Ah3RRJE9eyU5Ng"}(String)
2021-02-08 23:01:34.696 DEBUG [http-nio-8081-exec-1]com.fxys.opinion_plus.mapper.LogMapper.insertSelective.debug:137 -<==    Updates: 1
2021-02-08 23:02:17.605 DEBUG [http-nio-8081-exec-3]c.f.o.mapper.UserMapper.selectByUsernameAndPad.debug:137 -==>  Preparing: select id, username, email, `state`, createTime, updateTime, dataVersion from `user` where username=? and password=?
2021-02-08 23:02:17.606 DEBUG [http-nio-8081-exec-3]c.f.o.mapper.UserMapper.selectByUsernameAndPad.debug:137 -==> Parameters: 123456(String), e10adc3949ba59abbe56e057f20f883e(String)
2021-02-08 23:02:17.608 DEBUG [http-nio-8081-exec-3]c.f.o.mapper.UserMapper.selectByUsernameAndPad.debug:137 -<==      Total: 1
2021-02-08 23:02:17.611 DEBUG [http-nio-8081-exec-3]com.fxys.opinion_plus.mapper.LogMapper.insertSelective.debug:137 -==>  Preparing: insert into log ( url, params, status, message, `method`, `time`, ip, createTime, result ) values ( ?, ?, ?, ?, ?, ?, ?, ?, ? )
2021-02-08 23:02:17.613 DEBUG [http-nio-8081-exec-3]com.fxys.opinion_plus.mapper.LogMapper.insertSelective.debug:137 -==> Parameters: /api/user/login(String), [UserLogin(username=123456, password=e10adc3949ba59abbe56e057f20f883e)](String), 0(Integer), 操作成功(String), POST(String), 8(Long), 127.0.0.1(String), 2021-02-08 23:02:17.61(Timestamp), {"user":{"createTime":1612756370000,"dataVersion":0,"email":"1404031711@qq.com","id":10,"state":0,"updateTime":1612756370000,"username":"123456"},"token":"eyJhbGciOiJIUzI1NiJ9.eyJzdWIiOiIxMjM0NTYiLCJpZCI6MTAsImV4cCI6MTYxMjgwMjUzNywiaWF0IjoxNjEyNzk2NTM3LCJqdGkiOiJmMTBlZWJhOC1iYzRhLTQwOTYtOWU2Zi1jYTEwNTA1MTdkOTMiLCJ1c2VybmFtZSI6IjEyMzQ1NiJ9.3KEJFzRIAaJ5aGLTMMlUKHuM6HaEAT-Hg3FP-ry1oqQ"}(String)
2021-02-08 23:02:17.616 DEBUG [http-nio-8081-exec-3]com.fxys.opinion_plus.mapper.LogMapper.insertSelective.debug:137 -<==    Updates: 1
2021-02-08 23:05:26.453 DEBUG [http-nio-8081-exec-2]c.f.o.mapper.UserMapper.selectByUsernameAndPad.debug:137 -==>  Preparing: select id, username, email, `state`, createTime, updateTime, dataVersion from `user` where username=? and password=?
2021-02-08 23:05:26.468 DEBUG [http-nio-8081-exec-2]c.f.o.mapper.UserMapper.selectByUsernameAndPad.debug:137 -==> Parameters: 123456(String), e10adc3949ba59abbe56e057f20f883e(String)
2021-02-08 23:05:26.471 DEBUG [http-nio-8081-exec-2]c.f.o.mapper.UserMapper.selectByUsernameAndPad.debug:137 -<==      Total: 1
2021-02-08 23:05:26.473 DEBUG [http-nio-8081-exec-2]com.fxys.opinion_plus.mapper.LogMapper.insertSelective.debug:137 -==>  Preparing: insert into log ( `uid`, url, params, status, message, `method`, `time`, ip, createTime, result ) values ( ?, ?, ?, ?, ?, ?, ?, ?, ?, ? )
2021-02-08 23:05:26.474 DEBUG [http-nio-8081-exec-2]com.fxys.opinion_plus.mapper.LogMapper.insertSelective.debug:137 -==> Parameters: 10(Long), /api/user/login(String), [UserLogin(username=123456, password=e10adc3949ba59abbe56e057f20f883e)](String), 0(Integer), 操作成功(String), POST(String), 51(Long), 127.0.0.1(String), 2021-02-08 23:05:26.473(Timestamp), {"user":{"createTime":1612756370000,"dataVersion":0,"email":"1404031711@qq.com","id":10,"state":0,"updateTime":1612756370000,"username":"123456"},"token":"eyJhbGciOiJIUzI1NiJ9.eyJzdWIiOiIxMjM0NTYiLCJpZCI6MTAsImV4cCI6MTYxMjgwMjcyNiwiaWF0IjoxNjEyNzk2NzI2LCJqdGkiOiI0ZGQ1MTYwNS04OWZkLTQ0NzMtYjYwZC05NWU4M2MwNzU4MmQiLCJ1c2VybmFtZSI6IjEyMzQ1NiJ9.UOwaL8Y0UnxLjn1tfXC84hOqxZ6ISgoPHjPzAd7aivk"}(String)
2021-02-08 23:05:26.476 DEBUG [http-nio-8081-exec-2]com.fxys.opinion_plus.mapper.LogMapper.insertSelective.debug:137 -<==    Updates: 1
2021-02-08 23:07:11.937 DEBUG [http-nio-8081-exec-7]c.f.o.mapper.UserMapper.selectByUsernameAndPad.debug:137 -==>  Preparing: select id, username, email, `state`, createTime, updateTime, dataVersion from `user` where username=? and password=?
2021-02-08 23:07:11.937 DEBUG [http-nio-8081-exec-7]c.f.o.mapper.UserMapper.selectByUsernameAndPad.debug:137 -==> Parameters: 123456(String), e10adc3949ba59abbe56e057f20f883e(String)
2021-02-08 23:07:11.939 DEBUG [http-nio-8081-exec-7]c.f.o.mapper.UserMapper.selectByUsernameAndPad.debug:137 -<==      Total: 1
2021-02-08 23:07:11.941 DEBUG [http-nio-8081-exec-7]com.fxys.opinion_plus.mapper.LogMapper.insertSelective.debug:137 -==>  Preparing: insert into log ( `uid`, url, params, status, message, `method`, `time`, ip, createTime, result ) values ( ?, ?, ?, ?, ?, ?, ?, ?, ?, ? )
2021-02-08 23:07:11.942 DEBUG [http-nio-8081-exec-7]com.fxys.opinion_plus.mapper.LogMapper.insertSelective.debug:137 -==> Parameters: 10(Long), /api/user/login(String), [UserLogin(username=123456, password=e10adc3949ba59abbe56e057f20f883e)](String), 0(Integer), 操作成功(String), POST(String), 10(Long), 127.0.0.1(String), 2021-02-08 23:07:11.94(Timestamp), {"user":{"createTime":1612756370000,"dataVersion":0,"email":"1404031711@qq.com","id":10,"state":0,"updateTime":1612756370000,"username":"123456"},"token":"eyJhbGciOiJIUzI1NiJ9.eyJzdWIiOiIxMjM0NTYiLCJpZCI6MTAsImV4cCI6MTYxMjgwMjgzMSwiaWF0IjoxNjEyNzk2ODMxLCJqdGkiOiIwNDljNmJmNi1lMWZiLTRmZDQtYjM4Yy1hZTQwMDRhZmQ1OTQiLCJ1c2VybmFtZSI6IjEyMzQ1NiJ9.xFTqh1hKZHSeHpvIZH7t2DBakYIREHOFF8O0vLEfWZ4"}(String)
2021-02-08 23:07:11.944 DEBUG [http-nio-8081-exec-7]com.fxys.opinion_plus.mapper.LogMapper.insertSelective.debug:137 -<==    Updates: 1
2021-02-08 23:08:12.145 DEBUG [http-nio-8081-exec-9]c.f.o.mapper.UserMapper.selectByUsernameAndPad.debug:137 -==>  Preparing: select id, username, email, `state`, createTime, updateTime, dataVersion from `user` where username=? and password=?
2021-02-08 23:08:12.145 DEBUG [http-nio-8081-exec-9]c.f.o.mapper.UserMapper.selectByUsernameAndPad.debug:137 -==> Parameters: 123456(String), e10adc3949ba59abbe56e057f20f883e(String)
2021-02-08 23:08:12.146 DEBUG [http-nio-8081-exec-9]c.f.o.mapper.UserMapper.selectByUsernameAndPad.debug:137 -<==      Total: 1
2021-02-08 23:08:12.148 DEBUG [http-nio-8081-exec-9]com.fxys.opinion_plus.mapper.LogMapper.insertSelective.debug:137 -==>  Preparing: insert into log ( `uid`, url, params, status, message, `method`, `time`, ip, createTime, result ) values ( ?, ?, ?, ?, ?, ?, ?, ?, ?, ? )
2021-02-08 23:08:12.150 DEBUG [http-nio-8081-exec-9]com.fxys.opinion_plus.mapper.LogMapper.insertSelective.debug:137 -==> Parameters: 10(Long), /api/user/login(String), [UserLogin(username=123456, password=e10adc3949ba59abbe56e057f20f883e)](String), 0(Integer), 操作成功(String), POST(String), 9(Long), 127.0.0.1(String), 2021-02-08 23:08:12.147(Timestamp), {"user":{"createTime":1612756370000,"dataVersion":0,"email":"1404031711@qq.com","id":10,"state":0,"updateTime":1612756370000,"username":"123456"},"token":"eyJhbGciOiJIUzI1NiJ9.eyJzdWIiOiIxMjM0NTYiLCJpZCI6MTAsImV4cCI6MTYxMjgwMjg5MiwiaWF0IjoxNjEyNzk2ODkyLCJqdGkiOiIxOTU4MDMxNi0zODliLTQ2ZWYtOWQwYy1iMGY0MzY4MDE0NWEiLCJ1c2VybmFtZSI6IjEyMzQ1NiJ9.ij24qFQAgQtjEd8ERoSksyw7vzOjpC-tCwoNsevlppE"}(String)
2021-02-08 23:08:12.152 DEBUG [http-nio-8081-exec-9]com.fxys.opinion_plus.mapper.LogMapper.insertSelective.debug:137 -<==    Updates: 1
2021-02-08 23:09:38.048 DEBUG [restartedMain]com.fxys.opinion_plus.OpinionPlusApplication.logStarting:56 -Running with Spring Boot v2.4.2, Spring v5.3.3
2021-02-08 23:10:17.987 DEBUG [http-nio-8081-exec-1]c.f.o.mapper.UserMapper.selectByUsernameAndPad.debug:137 -==>  Preparing: select id, username, email, `state`, createTime, updateTime, dataVersion from `user` where username=? and password=?
2021-02-08 23:10:18.008 DEBUG [http-nio-8081-exec-1]c.f.o.mapper.UserMapper.selectByUsernameAndPad.debug:137 -==> Parameters: 123456(String), e10adc3949ba59abbe56e057f20f883e(String)
2021-02-08 23:10:18.025 DEBUG [http-nio-8081-exec-1]c.f.o.mapper.UserMapper.selectByUsernameAndPad.debug:137 -<==      Total: 1
2021-02-08 23:10:18.768 DEBUG [http-nio-8081-exec-1]com.fxys.opinion_plus.mapper.LogMapper.insertSelective.debug:137 -==>  Preparing: insert into log ( `uid`, url, params, status, message, `method`, `time`, ip, createTime, result ) values ( ?, ?, ?, ?, ?, ?, ?, ?, ?, ? )
2021-02-08 23:10:18.772 DEBUG [http-nio-8081-exec-1]com.fxys.opinion_plus.mapper.LogMapper.insertSelective.debug:137 -==> Parameters: 10(Long), /api/user/login(String), [UserLogin(username=123456, password=e10adc3949ba59abbe56e057f20f883e)](String), 0(Integer), 操作成功(String), POST(String), 817(Long), 127.0.0.1(String), 2021-02-08 23:10:18.754(Timestamp), {"user":{"createTime":1612756370000,"dataVersion":0,"email":"1404031711@qq.com","id":10,"state":0,"updateTime":1612756370000,"username":"123456"},"token":"eyJhbGciOiJIUzI1NiJ9.eyJzdWIiOiIxMjM0NTYiLCJpZCI6MTAsImV4cCI6MTYxMjgwMzAxOCwiaWF0IjoxNjEyNzk3MDE4LCJqdGkiOiJiY2NjZmNmNC05ODgxLTQwMTctYTdlNy00ZjI2MTFmYTExNzAiLCJ1c2VybmFtZSI6IjEyMzQ1NiJ9.Z1VJ0wLwqMUzFS5rS37LTwriBlwode-MG3p6cwNt6o0"}(String)
2021-02-08 23:10:18.774 DEBUG [http-nio-8081-exec-1]com.fxys.opinion_plus.mapper.LogMapper.insertSelective.debug:137 -<==    Updates: 1
2021-02-08 23:11:06.123 DEBUG [http-nio-8081-exec-2]c.f.o.mapper.UserMapper.selectByUsernameAndPad.debug:137 -==>  Preparing: select id, username, email, `state`, createTime, updateTime, dataVersion from `user` where username=? and password=?
2021-02-08 23:11:06.124 DEBUG [http-nio-8081-exec-2]c.f.o.mapper.UserMapper.selectByUsernameAndPad.debug:137 -==> Parameters: 123456(String), e10adc3949ba59abbe56e057f20f883e(String)
2021-02-08 23:11:06.125 DEBUG [http-nio-8081-exec-2]c.f.o.mapper.UserMapper.selectByUsernameAndPad.debug:137 -<==      Total: 1
2021-02-08 23:11:06.129 DEBUG [http-nio-8081-exec-2]com.fxys.opinion_plus.mapper.LogMapper.insertSelective.debug:137 -==>  Preparing: insert into log ( `uid`, url, params, status, message, `method`, `time`, ip, createTime, result ) values ( ?, ?, ?, ?, ?, ?, ?, ?, ?, ? )
2021-02-08 23:11:06.132 DEBUG [http-nio-8081-exec-2]com.fxys.opinion_plus.mapper.LogMapper.insertSelective.debug:137 -==> Parameters: 10(Long), /api/user/login(String), [UserLogin(username=123456, password=e10adc3949ba59abbe56e057f20f883e)](String), 0(Integer), 操作成功(String), POST(String), 6(Long), 127.0.0.1(String), 2021-02-08 23:11:06.127(Timestamp), {"user":{"createTime":1612756370000,"dataVersion":0,"email":"1404031711@qq.com","id":10,"state":0,"updateTime":1612756370000,"username":"123456"},"token":"eyJhbGciOiJIUzI1NiJ9.eyJzdWIiOiIxMjM0NTYiLCJpZCI6MTAsImV4cCI6MTYxMjgwMzA2NiwiaWF0IjoxNjEyNzk3MDY2LCJqdGkiOiI0ODI3MGFmYS1mMGE4LTQ1ZTAtOTNlYi1iMTA3MTlkZmNjMTQiLCJ1c2VybmFtZSI6IjEyMzQ1NiJ9.sMpaxRVBUyMPAjjZZJKh6tdENGWZIxlvEjJRRaqbUm8"}(String)
2021-02-08 23:11:06.134 DEBUG [http-nio-8081-exec-2]com.fxys.opinion_plus.mapper.LogMapper.insertSelective.debug:137 -<==    Updates: 1
2021-02-08 23:12:28.581 DEBUG [http-nio-8081-exec-7]c.f.o.mapper.UserMapper.selectByUsernameAndPad.debug:137 -==>  Preparing: select id, username, email, `state`, createTime, updateTime, dataVersion from `user` where username=? and password=?
2021-02-08 23:12:28.582 DEBUG [http-nio-8081-exec-7]c.f.o.mapper.UserMapper.selectByUsernameAndPad.debug:137 -==> Parameters: 123456(String), e10adc3949ba59abbe56e057f20f883e(String)
2021-02-08 23:12:28.584 DEBUG [http-nio-8081-exec-7]c.f.o.mapper.UserMapper.selectByUsernameAndPad.debug:137 -<==      Total: 1
2021-02-08 23:12:28.586 DEBUG [http-nio-8081-exec-7]com.fxys.opinion_plus.mapper.LogMapper.insertSelective.debug:137 -==>  Preparing: insert into log ( `uid`, url, params, status, message, `method`, `time`, ip, createTime, result ) values ( ?, ?, ?, ?, ?, ?, ?, ?, ?, ? )
2021-02-08 23:12:28.587 DEBUG [http-nio-8081-exec-7]com.fxys.opinion_plus.mapper.LogMapper.insertSelective.debug:137 -==> Parameters: 10(Long), /api/user/login(String), [UserLogin(username=123456, password=e10adc3949ba59abbe56e057f20f883e)](String), 0(Integer), 操作成功(String), POST(String), 12(Long), 127.0.0.1(String), 2021-02-08 23:12:28.586(Timestamp), {"user":{"createTime":1612756370000,"dataVersion":0,"email":"1404031711@qq.com","id":10,"state":0,"updateTime":1612756370000,"username":"123456"},"token":"eyJhbGciOiJIUzI1NiJ9.eyJzdWIiOiIxMjM0NTYiLCJpZCI6MTAsImV4cCI6MTYxMjgwMzE0OCwiaWF0IjoxNjEyNzk3MTQ4LCJqdGkiOiJkYTYyYWI3Yy0zNTNjLTQ0ZDAtYjFmNS02Y2EzNTdkNjRiMzYiLCJ1c2VybmFtZSI6IjEyMzQ1NiJ9.SKocPhn09n2ObModu8hAJi2wx3JlVq272oyOHvhHZpQ"}(String)
2021-02-08 23:12:28.589 DEBUG [http-nio-8081-exec-7]com.fxys.opinion_plus.mapper.LogMapper.insertSelective.debug:137 -<==    Updates: 1
2021-02-08 23:15:01.792 DEBUG [http-nio-8081-exec-8]c.f.o.mapper.UserMapper.selectByUsernameAndPad.debug:137 -==>  Preparing: select id, username, email, `state`, createTime, updateTime, dataVersion from `user` where username=? and password=?
2021-02-08 23:15:01.792 DEBUG [http-nio-8081-exec-8]c.f.o.mapper.UserMapper.selectByUsernameAndPad.debug:137 -==> Parameters: 123456(String), e10adc3949ba59abbe56e057f20f883e(String)
2021-02-08 23:15:01.796 DEBUG [http-nio-8081-exec-8]c.f.o.mapper.UserMapper.selectByUsernameAndPad.debug:137 -<==      Total: 1
2021-02-08 23:15:01.799 DEBUG [http-nio-8081-exec-8]com.fxys.opinion_plus.mapper.LogMapper.insertSelective.debug:137 -==>  Preparing: insert into log ( `uid`, url, params, status, message, `method`, `time`, ip, createTime, result ) values ( ?, ?, ?, ?, ?, ?, ?, ?, ?, ? )
2021-02-08 23:15:01.801 DEBUG [http-nio-8081-exec-8]com.fxys.opinion_plus.mapper.LogMapper.insertSelective.debug:137 -==> Parameters: 10(Long), /api/user/login(String), [UserLogin(username=123456, password=e10adc3949ba59abbe56e057f20f883e)](String), 0(Integer), 操作成功(String), POST(String), 14(Long), 127.0.0.1(String), 2021-02-08 23:15:01.798(Timestamp), {"user":{"createTime":1612756370000,"dataVersion":0,"email":"1404031711@qq.com","id":10,"state":0,"updateTime":1612756370000,"username":"123456"},"token":"eyJhbGciOiJIUzI1NiJ9.eyJzdWIiOiIxMjM0NTYiLCJpZCI6MTAsImV4cCI6MTYxMjgwMzMwMSwiaWF0IjoxNjEyNzk3MzAxLCJqdGkiOiIwMTNkZmJlZS1iNTAzLTQ4NTktOTAxNi05YjM1ZWVjMTU1YmEiLCJ1c2VybmFtZSI6IjEyMzQ1NiJ9.dg2ifBCdQxQfJtrVxyCWNHPWJl65AJiOGMbKjYTE_-c"}(String)
2021-02-08 23:15:01.804 DEBUG [http-nio-8081-exec-8]com.fxys.opinion_plus.mapper.LogMapper.insertSelective.debug:137 -<==    Updates: 1
2021-02-08 23:16:25.709 DEBUG [http-nio-8081-exec-5]c.f.o.mapper.UserMapper.selectByUsernameAndPad.debug:137 -==>  Preparing: select id, username, email, `state`, createTime, updateTime, dataVersion from `user` where username=? and password=?
2021-02-08 23:16:25.710 DEBUG [http-nio-8081-exec-5]c.f.o.mapper.UserMapper.selectByUsernameAndPad.debug:137 -==> Parameters: 123456(String), e10adc3949ba59abbe56e057f20f883e(String)
2021-02-08 23:16:25.711 DEBUG [http-nio-8081-exec-5]c.f.o.mapper.UserMapper.selectByUsernameAndPad.debug:137 -<==      Total: 1
2021-02-08 23:16:25.713 DEBUG [http-nio-8081-exec-5]com.fxys.opinion_plus.mapper.LogMapper.insertSelective.debug:137 -==>  Preparing: insert into log ( `uid`, url, params, status, message, `method`, `time`, ip, createTime, result ) values ( ?, ?, ?, ?, ?, ?, ?, ?, ?, ? )
2021-02-08 23:16:25.713 DEBUG [http-nio-8081-exec-5]com.fxys.opinion_plus.mapper.LogMapper.insertSelective.debug:137 -==> Parameters: 10(Long), /api/user/login(String), [UserLogin(username=123456, password=e10adc3949ba59abbe56e057f20f883e)](String), 0(Integer), 操作成功(String), POST(String), 9(Long), 127.0.0.1(String), 2021-02-08 23:16:25.712(Timestamp), {"user":{"createTime":1612756370000,"dataVersion":0,"email":"1404031711@qq.com","id":10,"state":0,"updateTime":1612756370000,"username":"123456"},"token":"eyJhbGciOiJIUzI1NiJ9.eyJzdWIiOiIxMjM0NTYiLCJpZCI6MTAsImV4cCI6MTYxMjgwMzM4NSwiaWF0IjoxNjEyNzk3Mzg1LCJqdGkiOiI5NTEzYTk4ZS1iZGQwLTQ5ZDEtYWJkNC0zZGM3YmZhZTg1MTMiLCJ1c2VybmFtZSI6IjEyMzQ1NiJ9.BO0MOaYrebJpXYAO8R_q8CSXFScD9heB6eKvano-in0"}(String)
2021-02-08 23:16:25.715 DEBUG [http-nio-8081-exec-5]com.fxys.opinion_plus.mapper.LogMapper.insertSelective.debug:137 -<==    Updates: 1
2021-02-08 23:17:49.556 DEBUG [http-nio-8081-exec-6]c.f.o.mapper.UserMapper.selectByUsernameAndPad.debug:137 -==>  Preparing: select id, username, email, `state`, createTime, updateTime, dataVersion from `user` where username=? and password=?
2021-02-08 23:17:49.556 DEBUG [http-nio-8081-exec-6]c.f.o.mapper.UserMapper.selectByUsernameAndPad.debug:137 -==> Parameters: 123456(String), e10adc3949ba59abbe56e057f20f883e(String)
2021-02-08 23:17:49.558 DEBUG [http-nio-8081-exec-6]c.f.o.mapper.UserMapper.selectByUsernameAndPad.debug:137 -<==      Total: 1
2021-02-08 23:17:49.564 DEBUG [http-nio-8081-exec-6]com.fxys.opinion_plus.mapper.LogMapper.insertSelective.debug:137 -==>  Preparing: insert into log ( `uid`, url, params, status, message, `method`, `time`, ip, createTime, result ) values ( ?, ?, ?, ?, ?, ?, ?, ?, ?, ? )
2021-02-08 23:17:49.565 DEBUG [http-nio-8081-exec-6]com.fxys.opinion_plus.mapper.LogMapper.insertSelective.debug:137 -==> Parameters: 10(Long), /api/user/login(String), [UserLogin(username=123456, password=e10adc3949ba59abbe56e057f20f883e)](String), 0(Integer), 操作成功(String), POST(String), 10(Long), 127.0.0.1(String), 2021-02-08 23:17:49.56(Timestamp), {"user":{"createTime":1612756370000,"dataVersion":0,"email":"1404031711@qq.com","id":10,"state":0,"updateTime":1612756370000,"username":"123456"},"token":"eyJhbGciOiJIUzI1NiJ9.eyJzdWIiOiIxMjM0NTYiLCJpZCI6MTAsImV4cCI6MTYxMjgwMzQ2OSwiaWF0IjoxNjEyNzk3NDY5LCJqdGkiOiI3NjMzZGE2MC05MDNiLTQzNmUtODI1YS04YzFjYzJiNzk3NDciLCJ1c2VybmFtZSI6IjEyMzQ1NiJ9.vpC1hACmPCww8O9xIHx6rTbe8OBRITHEWzBxhj8DOAY"}(String)
2021-02-08 23:17:49.567 DEBUG [http-nio-8081-exec-6]com.fxys.opinion_plus.mapper.LogMapper.insertSelective.debug:137 -<==    Updates: 1
2021-02-08 23:19:03.474 DEBUG [http-nio-8081-exec-3]c.f.o.mapper.UserMapper.selectByUsernameAndPad.debug:137 -==>  Preparing: select id, username, email, `state`, createTime, updateTime, dataVersion from `user` where username=? and password=?
2021-02-08 23:19:03.475 DEBUG [http-nio-8081-exec-3]c.f.o.mapper.UserMapper.selectByUsernameAndPad.debug:137 -==> Parameters: 123456(String), e10adc3949ba59abbe56e057f20f883e(String)
2021-02-08 23:19:03.477 DEBUG [http-nio-8081-exec-3]c.f.o.mapper.UserMapper.selectByUsernameAndPad.debug:137 -<==      Total: 1
2021-02-08 23:19:03.480 DEBUG [http-nio-8081-exec-3]com.fxys.opinion_plus.mapper.LogMapper.insertSelective.debug:137 -==>  Preparing: insert into log ( `uid`, url, params, status, message, `method`, `time`, ip, createTime, result ) values ( ?, ?, ?, ?, ?, ?, ?, ?, ?, ? )
2021-02-08 23:19:03.482 DEBUG [http-nio-8081-exec-3]com.fxys.opinion_plus.mapper.LogMapper.insertSelective.debug:137 -==> Parameters: 10(Long), /api/user/login(String), [UserLogin(username=123456, password=e10adc3949ba59abbe56e057f20f883e)](String), 0(Integer), 操作成功(String), POST(String), 31(Long), 127.0.0.1(String), 2021-02-08 23:19:03.479(Timestamp), {"user":{"createTime":1612756370000,"dataVersion":0,"email":"1404031711@qq.com","id":10,"state":0,"updateTime":1612756370000,"username":"123456"},"token":"eyJhbGciOiJIUzI1NiJ9.eyJzdWIiOiIxMjM0NTYiLCJpZCI6MTAsImV4cCI6MTYxMjgwMzU0MywiaWF0IjoxNjEyNzk3NTQzLCJqdGkiOiJkZjUyMjU2MS04YzUzLTQ1MWQtOGQxZC1lNzk1MmQwOTgzMjYiLCJ1c2VybmFtZSI6IjEyMzQ1NiJ9.pjB9QfTgHE0YzBx6uo1t1K-9aKVlZx1UzLHBW6HrBZs"}(String)
2021-02-08 23:19:03.484 DEBUG [http-nio-8081-exec-3]com.fxys.opinion_plus.mapper.LogMapper.insertSelective.debug:137 -<==    Updates: 1
2021-02-08 23:22:04.390 DEBUG [http-nio-8081-exec-4]c.f.o.mapper.UserMapper.selectByUsernameAndPad.debug:137 -==>  Preparing: select id, username, email, `state`, createTime, updateTime, dataVersion from `user` where username=? and password=?
2021-02-08 23:22:04.393 DEBUG [http-nio-8081-exec-4]c.f.o.mapper.UserMapper.selectByUsernameAndPad.debug:137 -==> Parameters: 123456(String), e10adc3949ba59abbe56e057f20f883e(String)
2021-02-08 23:22:04.401 DEBUG [http-nio-8081-exec-4]c.f.o.mapper.UserMapper.selectByUsernameAndPad.debug:137 -<==      Total: 1
2021-02-08 23:22:04.405 DEBUG [http-nio-8081-exec-4]com.fxys.opinion_plus.mapper.LogMapper.insertSelective.debug:137 -==>  Preparing: insert into log ( `uid`, url, params, status, message, `method`, `time`, ip, createTime, result ) values ( ?, ?, ?, ?, ?, ?, ?, ?, ?, ? )
2021-02-08 23:22:04.408 DEBUG [http-nio-8081-exec-4]com.fxys.opinion_plus.mapper.LogMapper.insertSelective.debug:137 -==> Parameters: 10(Long), /api/user/login(String), [UserLogin(username=123456, password=e10adc3949ba59abbe56e057f20f883e)](String), 0(Integer), 操作成功(String), POST(String), 37(Long), 127.0.0.1(String), 2021-02-08 23:22:04.404(Timestamp), {"user":{"createTime":1612756370000,"dataVersion":0,"email":"1404031711@qq.com","id":10,"state":0,"updateTime":1612756370000,"username":"123456"},"token":"eyJhbGciOiJIUzI1NiJ9.eyJzdWIiOiIxMjM0NTYiLCJpZCI6MTAsImV4cCI6MTYxMjgwMzcyNCwiaWF0IjoxNjEyNzk3NzI0LCJqdGkiOiI2OWI1YTA4NC1jY2M0LTRjNTQtYWRhZi1hYWQ5ZTU2ODE3ZjYiLCJ1c2VybmFtZSI6IjEyMzQ1NiJ9.peuWQGdHijtVY2jxIA8ByDMnTZXQ2S1S1zeDHLuj-v4"}(String)
2021-02-08 23:22:04.410 DEBUG [http-nio-8081-exec-4]com.fxys.opinion_plus.mapper.LogMapper.insertSelective.debug:137 -<==    Updates: 1
2021-02-08 23:26:09.251 DEBUG [http-nio-8081-exec-9]c.f.o.mapper.UserMapper.selectByUsernameAndPad.debug:137 -==>  Preparing: select id, username, email, `state`, createTime, updateTime, dataVersion from `user` where username=? and password=?
2021-02-08 23:26:09.251 DEBUG [http-nio-8081-exec-9]c.f.o.mapper.UserMapper.selectByUsernameAndPad.debug:137 -==> Parameters: 123456(String), e10adc3949ba59abbe56e057f20f883e(String)
2021-02-08 23:26:09.253 DEBUG [http-nio-8081-exec-9]c.f.o.mapper.UserMapper.selectByUsernameAndPad.debug:137 -<==      Total: 1
2021-02-08 23:26:09.255 DEBUG [http-nio-8081-exec-9]com.fxys.opinion_plus.mapper.LogMapper.insertSelective.debug:137 -==>  Preparing: insert into log ( url, params, status, message, `method`, `time`, ip, createTime, result ) values ( ?, ?, ?, ?, ?, ?, ?, ?, ? )
2021-02-08 23:26:09.255 DEBUG [http-nio-8081-exec-9]com.fxys.opinion_plus.mapper.LogMapper.insertSelective.debug:137 -==> Parameters: /api/user/login(String), [UserLogin(username=123456, password=e10adc3949ba59abbe56e057f20f883e)](String), 0(Integer), 操作成功(String), POST(String), 10(Long), 127.0.0.1(String), 2021-02-08 23:26:09.254(Timestamp), {"user":{"createTime":1612756370000,"dataVersion":0,"email":"1404031711@qq.com","id":10,"state":0,"updateTime":1612756370000,"username":"123456"},"token":"eyJhbGciOiJIUzI1NiJ9.eyJzdWIiOiIxMjM0NTYiLCJpZCI6MTAsImV4cCI6MTYxMjgwMzk2OSwiaWF0IjoxNjEyNzk3OTY5LCJqdGkiOiJjZDIwYmYxYy03NzhlLTQ4MTAtYTY2ZC03NTRmNDU3MGYzZjYiLCJ1c2VybmFtZSI6IjEyMzQ1NiJ9.SMK4IDkaEJ8MoBdrl2TtLlX5JWrFnPbRPxOb5GUV3Js"}(String)
2021-02-08 23:26:09.257 DEBUG [http-nio-8081-exec-9]com.fxys.opinion_plus.mapper.LogMapper.insertSelective.debug:137 -<==    Updates: 1
2021-02-08 23:27:42.308 DEBUG [restartedMain]com.fxys.opinion_plus.OpinionPlusApplication.logStarting:56 -Running with Spring Boot v2.4.2, Spring v5.3.3
2021-02-08 23:28:30.278 DEBUG [http-nio-8081-exec-1]c.f.o.mapper.UserMapper.selectByUsernameAndPad.debug:137 -==>  Preparing: select id, username, email, `state`, createTime, updateTime, dataVersion from `user` where username=? and password=?
2021-02-08 23:28:30.314 DEBUG [http-nio-8081-exec-1]c.f.o.mapper.UserMapper.selectByUsernameAndPad.debug:137 -==> Parameters: 123456(String), e10adc3949ba59abbe56e057f20f883e(String)
2021-02-08 23:28:30.340 DEBUG [http-nio-8081-exec-1]c.f.o.mapper.UserMapper.selectByUsernameAndPad.debug:137 -<==      Total: 1
2021-02-08 23:28:31.121 DEBUG [http-nio-8081-exec-1]com.fxys.opinion_plus.mapper.LogMapper.insertSelective.debug:137 -==>  Preparing: insert into log ( `uid`, url, params, status, message, `method`, `time`, ip, createTime, result ) values ( ?, ?, ?, ?, ?, ?, ?, ?, ?, ? )
2021-02-08 23:28:31.125 DEBUG [http-nio-8081-exec-1]com.fxys.opinion_plus.mapper.LogMapper.insertSelective.debug:137 -==> Parameters: 10(Long), /api/user/login(String), [UserLogin(username=123456, password=e10adc3949ba59abbe56e057f20f883e)](String), 0(Integer), 操作成功(String), POST(String), 920(Long), 127.0.0.1(String), 2021-02-08 23:28:31.108(Timestamp), {"user":{"createTime":1612756370000,"dataVersion":0,"email":"1404031711@qq.com","id":10,"state":0,"updateTime":1612756370000,"username":"123456"},"token":"eyJhbGciOiJIUzI1NiJ9.eyJzdWIiOiIxMjM0NTYiLCJpZCI6MTAsImV4cCI6MTYxMjgwNDExMCwiaWF0IjoxNjEyNzk4MTEwLCJqdGkiOiI0OThiNTcwMC0wZmYyLTRhM2QtYjc4Ni0xMjJhYzAyODUwNjUiLCJ1c2VybmFtZSI6IjEyMzQ1NiJ9.mslnYcnNXoiwM5KfrIZeUfTQGmvtFW4PTIOi8lhbwd4"}(String)
2021-02-08 23:28:31.128 DEBUG [http-nio-8081-exec-1]com.fxys.opinion_plus.mapper.LogMapper.insertSelective.debug:137 -<==    Updates: 1
2021-02-08 23:29:54.540 DEBUG [restartedMain]com.fxys.opinion_plus.OpinionPlusApplication.logStarting:56 -Running with Spring Boot v2.4.2, Spring v5.3.3
2021-02-08 23:30:17.700 DEBUG [http-nio-8081-exec-1]c.f.o.mapper.UserMapper.selectByUsernameAndPad.debug:137 -==>  Preparing: select id, username, email, `state`, createTime, updateTime, dataVersion from `user` where username=? and password=?
2021-02-08 23:30:17.718 DEBUG [http-nio-8081-exec-1]c.f.o.mapper.UserMapper.selectByUsernameAndPad.debug:137 -==> Parameters: 123456(String), e10adc3949ba59abbe56e057f20f883e(String)
2021-02-08 23:30:17.732 DEBUG [http-nio-8081-exec-1]c.f.o.mapper.UserMapper.selectByUsernameAndPad.debug:137 -<==      Total: 1
2021-02-08 23:30:18.417 DEBUG [http-nio-8081-exec-1]com.fxys.opinion_plus.mapper.LogMapper.insertSelective.debug:137 -==>  Preparing: insert into log ( `uid`, url, params, status, message, `method`, `time`, ip, createTime, result ) values ( ?, ?, ?, ?, ?, ?, ?, ?, ?, ? )
2021-02-08 23:30:18.420 DEBUG [http-nio-8081-exec-1]com.fxys.opinion_plus.mapper.LogMapper.insertSelective.debug:137 -==> Parameters: 10(Long), /api/user/login(String), [UserLogin(username=123456, password=e10adc3949ba59abbe56e057f20f883e)](String), 0(Integer), 操作成功(String), POST(String), 750(Long), 127.0.0.1(String), 2021-02-08 23:30:18.404(Timestamp), {"user":{"createTime":1612756370000,"dataVersion":0,"email":"1404031711@qq.com","id":10,"state":0,"updateTime":1612756370000,"username":"123456"},"token":"eyJhbGciOiJIUzI1NiJ9.eyJzdWIiOiIxMjM0NTYiLCJpZCI6MTAsImV4cCI6MTYxMjgwNDIxNywiaWF0IjoxNjEyNzk4MjE3LCJqdGkiOiI4MTBjZWRiYi03ZWIxLTRiNWUtOTFiYi00NjljODQ4YjhkYmIiLCJ1c2VybmFtZSI6IjEyMzQ1NiJ9.IOREsqjjYcZL_hmODI8VmH-gEEV-luuf-V4rmQ5e9E8"}(String)
2021-02-08 23:30:18.421 DEBUG [http-nio-8081-exec-1]com.fxys.opinion_plus.mapper.LogMapper.insertSelective.debug:137 -<==    Updates: 1
2021-02-08 23:37:07.990 DEBUG [restartedMain]com.fxys.opinion_plus.OpinionPlusApplication.logStarting:56 -Running with Spring Boot v2.4.2, Spring v5.3.3
2021-02-08 23:37:27.563 DEBUG [http-nio-8081-exec-1]c.f.o.mapper.UserMapper.selectByUsernameAndPad.debug:137 -==>  Preparing: select id, username, email, `state`, createTime, updateTime, dataVersion from `user` where username=? and password=?
2021-02-08 23:37:27.582 DEBUG [http-nio-8081-exec-1]c.f.o.mapper.UserMapper.selectByUsernameAndPad.debug:137 -==> Parameters: 123456(String), e10adc3949ba59abbe56e057f20f883e(String)
2021-02-08 23:37:27.597 DEBUG [http-nio-8081-exec-1]c.f.o.mapper.UserMapper.selectByUsernameAndPad.debug:137 -<==      Total: 1
2021-02-08 23:37:28.276 DEBUG [http-nio-8081-exec-1]com.fxys.opinion_plus.mapper.LogMapper.insertSelective.debug:137 -==>  Preparing: insert into log ( `uid`, url, params, status, message, `method`, `time`, ip, createTime, result ) values ( ?, ?, ?, ?, ?, ?, ?, ?, ?, ? )
2021-02-08 23:37:28.279 DEBUG [http-nio-8081-exec-1]com.fxys.opinion_plus.mapper.LogMapper.insertSelective.debug:137 -==> Parameters: 10(Long), /api/user/login(String), [UserLogin(username=123456, password=e10adc3949ba59abbe56e057f20f883e)](String), 0(Integer), 操作成功(String), POST(String), 749(Long), 127.0.0.1(String), 2021-02-08 23:37:28.263(Timestamp), {"user":{"createTime":1612756370000,"dataVersion":0,"email":"1404031711@qq.com","id":10,"state":0,"updateTime":1612756370000,"username":"123456"},"token":"eyJhbGciOiJIUzI1NiJ9.eyJzdWIiOiIxMjM0NTYiLCJpZCI6MTAsImV4cCI6MTYxMjgwNDY0NywiaWF0IjoxNjEyNzk4NjQ3LCJqdGkiOiJmOGE1ZjQxOC0wNjNlLTQ3MTctODY2MS02NmI1MDZmMGIwZTciLCJ1c2VybmFtZSI6IjEyMzQ1NiJ9.-vhCwkEgrobrkEuCm8yLo6tCwL0kK5jtDdo5G3HeNuE"}(String)
2021-02-08 23:37:28.281 DEBUG [http-nio-8081-exec-1]com.fxys.opinion_plus.mapper.LogMapper.insertSelective.debug:137 -<==    Updates: 1
