2021-02-13 00:32:37.651 DEBUG [restartedMain]com.fxys.opinion_plus.OpinionPlusApplication.logStarting:56 -Running with Spring Boot v2.4.2, Spring v5.3.3
2021-02-13 00:34:20.962 DEBUG [restartedMain]com.fxys.opinion_plus.OpinionPlusApplication.logStarting:56 -Running with Spring Boot v2.4.2, Spring v5.3.3
2021-02-13 00:35:34.894 DEBUG [restartedMain]com.fxys.opinion_plus.OpinionPlusApplication.logStarting:56 -Running with Spring Boot v2.4.2, Spring v5.3.3
2021-02-13 00:37:10.659 DEBUG [restartedMain]com.fxys.opinion_plus.OpinionPlusApplication.logStarting:56 -Running with Spring Boot v2.4.2, Spring v5.3.3
2021-02-13 00:37:53.380 DEBUG [http-nio-8081-exec-1]c.f.o.mapper.UserMapper.selectByUsernameAndPad.debug:137 -==>  Preparing: select id, username, email, `state`, createTime, updateTime, dataVersion,password from `user` where username=? and password=?
2021-02-13 00:37:53.436 DEBUG [http-nio-8081-exec-1]c.f.o.mapper.UserMapper.selectByUsernameAndPad.debug:137 -==> Parameters: 123456(String), e10adc3949ba59abbe56e057f20f883e(String)
2021-02-13 00:37:53.471 DEBUG [http-nio-8081-exec-1]c.f.o.mapper.UserMapper.selectByUsernameAndPad.debug:137 -<==      Total: 1
2021-02-13 00:37:54.861 DEBUG [http-nio-8081-exec-1]com.fxys.opinion_plus.mapper.LogMapper.insertSelective.debug:137 -==>  Preparing: insert into log ( url, params, status, message, `method`, `time`, ip, createTime, result ) values ( ?, ?, ?, ?, ?, ?, ?, ?, ? )
2021-02-13 00:37:54.880 DEBUG [http-nio-8081-exec-1]com.fxys.opinion_plus.mapper.LogMapper.insertSelective.debug:137 -==> Parameters: /api/user/login(String), [UserLogin(username=123456, password=e10adc3949ba59abbe56e057f20f883e)](String), 0(Integer), 操作成功(String), POST(String), 1393(Long), 127.0.0.1(String), 2021-02-13 00:37:54.656(Timestamp), {"user":{"createTime":1612756370000,"dataVersion":9,"email":"1404031711@qq.com","id":10,"password":"","state":0,"updateTime":1612839292000,"username":"123456"},"token":"eyJhbGciOiJIUzI1NiJ9.eyJzdWIiOiIxMjM0NTYiLCJpZCI6MTAsImV4cCI6MTYxMzE1Mzg3MywiaWF0IjoxNjEzMTQ3ODczLCJqdGkiOiI4ZjFhYjIyOS00Zjk5LTQ4YzktYTg1Zi05NjdjMWQ2Y2JjY2EiLCJ1c2VybmFtZSI6IjEyMzQ1NiJ9.Ao-zPvWQ2eCynFPXFezw6uxIfEr0-bBQEo4njJwnIz8"}(String)
2021-02-13 00:37:54.889 DEBUG [http-nio-8081-exec-1]com.fxys.opinion_plus.mapper.LogMapper.insertSelective.debug:137 -<==    Updates: 1
2021-02-13 00:37:55.585 DEBUG [http-nio-8081-exec-2]c.fxys.opinion_plus.mapper.UserMapper.selectByPrimaryKey.debug:137 -==>  Preparing: select id, username, email, `state`, createTime, updateTime, dataVersion,password from `user` where id = ?
2021-02-13 00:37:55.585 DEBUG [http-nio-8081-exec-2]c.fxys.opinion_plus.mapper.UserMapper.selectByPrimaryKey.debug:137 -==> Parameters: 10(Long)
2021-02-13 00:37:55.587 DEBUG [http-nio-8081-exec-2]c.fxys.opinion_plus.mapper.UserMapper.selectByPrimaryKey.debug:137 -<==      Total: 1
2021-02-13 00:37:55.625 DEBUG [http-nio-8081-exec-2]com.fxys.opinion_plus.mapper.KeywordMapper.getByPage.debug:137 -==>  Preparing: select id, `uid`, kname, description, createTime, updateTime, dataVersion, isOpen,isLoading from keyword WHERE uid =? order by createTime desc limit ?, ?
2021-02-13 00:37:55.625 DEBUG [http-nio-8081-exec-2]com.fxys.opinion_plus.mapper.KeywordMapper.getByPage.debug:137 -==> Parameters: 10(Integer), 0(Integer), 10(Integer)
2021-02-13 00:37:55.630 DEBUG [http-nio-8081-exec-2]com.fxys.opinion_plus.mapper.KeywordMapper.getByPage.debug:137 -<==      Total: 4
2021-02-13 00:37:55.631 DEBUG [http-nio-8081-exec-2]c.fxys.opinion_plus.mapper.KeywordMapper.getCountByPage.debug:137 -==>  Preparing: select count(*) from keyword WHERE uid =?
2021-02-13 00:37:55.632 DEBUG [http-nio-8081-exec-2]c.fxys.opinion_plus.mapper.KeywordMapper.getCountByPage.debug:137 -==> Parameters: 10(Integer)
2021-02-13 00:37:55.634 DEBUG [http-nio-8081-exec-2]c.fxys.opinion_plus.mapper.KeywordMapper.getCountByPage.debug:137 -<==      Total: 1
2021-02-13 00:37:55.643 DEBUG [http-nio-8081-exec-2]com.fxys.opinion_plus.mapper.LogMapper.insertSelective.debug:137 -==>  Preparing: insert into log ( `uid`, url, params, status, message, `method`, `time`, ip, createTime, result ) values ( ?, ?, ?, ?, ?, ?, ?, ?, ?, ? )
2021-02-13 00:37:55.644 DEBUG [http-nio-8081-exec-2]com.fxys.opinion_plus.mapper.LogMapper.insertSelective.debug:137 -==> Parameters: 10(Long), /api/keyword/getByPage(String), [Page{currentPage=1, pageSize=10, totalPage=0, totalCount=0, list=[], params={uid=10}, sortColumn='createTime', sortMethod='desc'}](String), 0(Integer), 操作成功(String), POST(String), 40(Long), 127.0.0.1(String), 2021-02-13 00:37:55.642(Timestamp), {"currentPage":1,"index":0,"list":[{"createTime":1612883325000,"dataVersion":1,"description":"22","id":6,"isLoading":false,"isOpen":1,"kname":"2","uid":10,"updateTime":1612889330000},{"createTime":1612861806000,"dataVersion":3,"description":"有点可怕","id":5,"isLoading":false,"isOpen":0,"kname":"肺炎","uid":10,"updateTime":1612879857000},{"createTime":1612860712000,"dataVersion":0,"description":"危险","id":2,"isLoading":false,"isOpen":1,"kname":"疫情","uid":10,"updateTime":1612860712000},{"createTime":1612860525000,"dataVersion":5,"description":"变态","id":1,"isLoading":false,"isOpen":1,"kname":"郑爽","uid":10,"updateTime":1613065143000}],"pageSize":10,"params":{"uid":10},"sortColumn":"createTime","sortMethod":"desc","totalCount":4,"totalPage":1}(String)
2021-02-13 00:37:55.649 DEBUG [http-nio-8081-exec-2]com.fxys.opinion_plus.mapper.LogMapper.insertSelective.debug:137 -<==    Updates: 1
2021-02-13 00:37:58.889 DEBUG [http-nio-8081-exec-4]c.fxys.opinion_plus.mapper.UserMapper.selectByPrimaryKey.debug:137 -==>  Preparing: select id, username, email, `state`, createTime, updateTime, dataVersion,password from `user` where id = ?
2021-02-13 00:37:58.890 DEBUG [http-nio-8081-exec-4]c.fxys.opinion_plus.mapper.UserMapper.selectByPrimaryKey.debug:137 -==> Parameters: 10(Long)
2021-02-13 00:37:58.891 DEBUG [http-nio-8081-exec-4]c.fxys.opinion_plus.mapper.UserMapper.selectByPrimaryKey.debug:137 -<==      Total: 1
2021-02-13 00:37:58.905 DEBUG [http-nio-8081-exec-4]c.fxys.opinion_plus.mapper.UserMapper.selectByPrimaryKey.debug:137 -==>  Preparing: select id, username, email, `state`, createTime, updateTime, dataVersion,password from `user` where id = ?
2021-02-13 00:37:58.905 DEBUG [http-nio-8081-exec-4]c.fxys.opinion_plus.mapper.UserMapper.selectByPrimaryKey.debug:137 -==> Parameters: 10(Long)
2021-02-13 00:37:58.907 DEBUG [http-nio-8081-exec-4]c.fxys.opinion_plus.mapper.UserMapper.selectByPrimaryKey.debug:137 -<==      Total: 1
2021-02-13 00:37:58.908 DEBUG [http-nio-8081-exec-4]com.fxys.opinion_plus.mapper.LogMapper.insertSelective.debug:137 -==>  Preparing: insert into log ( `uid`, url, params, status, message, `method`, `time`, ip, createTime, result ) values ( ?, ?, ?, ?, ?, ?, ?, ?, ?, ? )
2021-02-13 00:37:58.910 DEBUG [http-nio-8081-exec-4]com.fxys.opinion_plus.mapper.LogMapper.insertSelective.debug:137 -==> Parameters: 10(Long), /api/user/get/10(String), [10](String), 0(Integer), 操作成功(String), GET(String), 5(Long), 127.0.0.1(String), 2021-02-13 00:37:58.908(Timestamp), {"createTime":1612756370000,"dataVersion":9,"email":"1404031711@qq.com","id":10,"password":"e10adc3949ba59abbe56e057f20f883e","state":0,"updateTime":1612839292000,"username":"123456"}(String)
2021-02-13 00:37:58.913 DEBUG [http-nio-8081-exec-4]com.fxys.opinion_plus.mapper.LogMapper.insertSelective.debug:137 -<==    Updates: 1
2021-02-13 00:38:01.750 DEBUG [http-nio-8081-exec-3]c.fxys.opinion_plus.mapper.UserMapper.selectByPrimaryKey.debug:137 -==>  Preparing: select id, username, email, `state`, createTime, updateTime, dataVersion,password from `user` where id = ?
2021-02-13 00:38:01.751 DEBUG [http-nio-8081-exec-3]c.fxys.opinion_plus.mapper.UserMapper.selectByPrimaryKey.debug:137 -==> Parameters: 10(Long)
2021-02-13 00:38:01.754 DEBUG [http-nio-8081-exec-3]c.fxys.opinion_plus.mapper.UserMapper.selectByPrimaryKey.debug:137 -<==      Total: 1
2021-02-13 00:38:01.766 DEBUG [http-nio-8081-exec-3]com.fxys.opinion_plus.mapper.LogMapper.getByPage.debug:137 -==>  Preparing: select id, `uid`, url, params, status, message, `method`, `time`, ip, createTime,result from log WHERE uid =? order by createTime desc limit ?, ?
2021-02-13 00:38:01.767 DEBUG [http-nio-8081-exec-3]com.fxys.opinion_plus.mapper.LogMapper.getByPage.debug:137 -==> Parameters: 10(Integer), 0(Integer), 10(Integer)
2021-02-13 00:38:01.775 DEBUG [http-nio-8081-exec-3]com.fxys.opinion_plus.mapper.LogMapper.getByPage.debug:137 -<==      Total: 10
2021-02-13 00:38:01.776 DEBUG [http-nio-8081-exec-3]com.fxys.opinion_plus.mapper.LogMapper.getCountByPage.debug:137 -==>  Preparing: select count(*) from log WHERE uid =?
2021-02-13 00:38:01.777 DEBUG [http-nio-8081-exec-3]com.fxys.opinion_plus.mapper.LogMapper.getCountByPage.debug:137 -==> Parameters: 10(Integer)
2021-02-13 00:38:01.778 DEBUG [http-nio-8081-exec-3]com.fxys.opinion_plus.mapper.LogMapper.getCountByPage.debug:137 -<==      Total: 1
2021-02-13 00:38:01.788 DEBUG [http-nio-8081-exec-3]com.fxys.opinion_plus.mapper.LogMapper.insertSelective.debug:137 -==>  Preparing: insert into log ( `uid`, url, params, status, message, `method`, `time`, ip, createTime, result ) values ( ?, ?, ?, ?, ?, ?, ?, ?, ?, ? )
2021-02-13 00:38:01.789 DEBUG [http-nio-8081-exec-3]com.fxys.opinion_plus.mapper.LogMapper.insertSelective.debug:137 -==> Parameters: 10(Long), /api/log/getByPage(String), [Page{currentPage=1, pageSize=10, totalPage=0, totalCount=0, list=[], params={uid=10}, sortColumn='createTime', sortMethod='desc'}](String), 0(Integer), 操作成功(String), POST(String), 25(Long), 127.0.0.1(String), 2021-02-13 00:38:01.787(Timestamp), class com.fxys.opinion_plus.resp.Page(String)
2021-02-13 00:38:01.790 DEBUG [http-nio-8081-exec-3]com.fxys.opinion_plus.mapper.LogMapper.insertSelective.debug:137 -<==    Updates: 1
2021-02-13 00:38:02.122 DEBUG [http-nio-8081-exec-5]c.fxys.opinion_plus.mapper.UserMapper.selectByPrimaryKey.debug:137 -==>  Preparing: select id, username, email, `state`, createTime, updateTime, dataVersion,password from `user` where id = ?
2021-02-13 00:38:02.123 DEBUG [http-nio-8081-exec-5]c.fxys.opinion_plus.mapper.UserMapper.selectByPrimaryKey.debug:137 -==> Parameters: 10(Long)
2021-02-13 00:38:02.125 DEBUG [http-nio-8081-exec-5]c.fxys.opinion_plus.mapper.UserMapper.selectByPrimaryKey.debug:137 -<==      Total: 1
2021-02-13 00:38:02.129 DEBUG [http-nio-8081-exec-5]com.fxys.opinion_plus.mapper.KeywordMapper.getByPage.debug:137 -==>  Preparing: select id, `uid`, kname, description, createTime, updateTime, dataVersion, isOpen,isLoading from keyword WHERE uid =? order by createTime desc limit ?, ?
2021-02-13 00:38:02.130 DEBUG [http-nio-8081-exec-5]com.fxys.opinion_plus.mapper.KeywordMapper.getByPage.debug:137 -==> Parameters: 10(Integer), 0(Integer), 10(Integer)
2021-02-13 00:38:02.132 DEBUG [http-nio-8081-exec-5]com.fxys.opinion_plus.mapper.KeywordMapper.getByPage.debug:137 -<==      Total: 4
2021-02-13 00:38:02.134 DEBUG [http-nio-8081-exec-5]c.fxys.opinion_plus.mapper.KeywordMapper.getCountByPage.debug:137 -==>  Preparing: select count(*) from keyword WHERE uid =?
2021-02-13 00:38:02.135 DEBUG [http-nio-8081-exec-5]c.fxys.opinion_plus.mapper.KeywordMapper.getCountByPage.debug:137 -==> Parameters: 10(Integer)
2021-02-13 00:38:02.136 DEBUG [http-nio-8081-exec-5]c.fxys.opinion_plus.mapper.KeywordMapper.getCountByPage.debug:137 -<==      Total: 1
2021-02-13 00:38:02.139 DEBUG [http-nio-8081-exec-5]com.fxys.opinion_plus.mapper.LogMapper.insertSelective.debug:137 -==>  Preparing: insert into log ( `uid`, url, params, status, message, `method`, `time`, ip, createTime, result ) values ( ?, ?, ?, ?, ?, ?, ?, ?, ?, ? )
2021-02-13 00:38:02.140 DEBUG [http-nio-8081-exec-5]com.fxys.opinion_plus.mapper.LogMapper.insertSelective.debug:137 -==> Parameters: 10(Long), /api/keyword/getByPage(String), [Page{currentPage=1, pageSize=10, totalPage=0, totalCount=0, list=[], params={uid=10}, sortColumn='createTime', sortMethod='desc'}](String), 0(Integer), 操作成功(String), POST(String), 12(Long), 127.0.0.1(String), 2021-02-13 00:38:02.138(Timestamp), {"currentPage":1,"index":0,"list":[{"createTime":1612883325000,"dataVersion":1,"description":"22","id":6,"isLoading":false,"isOpen":1,"kname":"2","uid":10,"updateTime":1612889330000},{"createTime":1612861806000,"dataVersion":3,"description":"有点可怕","id":5,"isLoading":false,"isOpen":0,"kname":"肺炎","uid":10,"updateTime":1612879857000},{"createTime":1612860712000,"dataVersion":0,"description":"危险","id":2,"isLoading":false,"isOpen":1,"kname":"疫情","uid":10,"updateTime":1612860712000},{"createTime":1612860525000,"dataVersion":5,"description":"变态","id":1,"isLoading":false,"isOpen":1,"kname":"郑爽","uid":10,"updateTime":1613065143000}],"pageSize":10,"params":{"uid":10},"sortColumn":"createTime","sortMethod":"desc","totalCount":4,"totalPage":1}(String)
2021-02-13 00:38:02.142 DEBUG [http-nio-8081-exec-5]com.fxys.opinion_plus.mapper.LogMapper.insertSelective.debug:137 -<==    Updates: 1
2021-02-13 00:38:03.213 DEBUG [http-nio-8081-exec-6]c.fxys.opinion_plus.mapper.UserMapper.selectByPrimaryKey.debug:137 -==>  Preparing: select id, username, email, `state`, createTime, updateTime, dataVersion,password from `user` where id = ?
2021-02-13 00:38:03.214 DEBUG [http-nio-8081-exec-6]c.fxys.opinion_plus.mapper.UserMapper.selectByPrimaryKey.debug:137 -==> Parameters: 10(Long)
2021-02-13 00:38:03.217 DEBUG [http-nio-8081-exec-6]c.fxys.opinion_plus.mapper.UserMapper.selectByPrimaryKey.debug:137 -<==      Total: 1
2021-02-13 00:38:03.250 DEBUG [http-nio-8081-exec-6]com.fxys.opinion_plus.mapper.BlogMapper.selectByTime.debug:137 -==>  Preparing: select count(*) from blog where kid=? and createTime >? and createTime <?
2021-02-13 00:38:03.251 DEBUG [http-nio-8081-exec-6]com.fxys.opinion_plus.mapper.BlogMapper.selectByTime.debug:137 -==> Parameters: 1(Long), 2021-02-13 00:00:00.249(Timestamp), 2021-02-14 00:00:00.249(Timestamp)
2021-02-13 00:38:03.254 DEBUG [http-nio-8081-exec-6]com.fxys.opinion_plus.mapper.BlogMapper.selectByTime.debug:137 -<==      Total: 1
2021-02-13 00:38:03.314 DEBUG [http-nio-8081-exec-6]com.fxys.opinion_plus.mapper.BlogMapper.selectByCountAll.debug:137 -==>  Preparing: select count(*) from blog where kid=? and createTime >? and createTime <?
2021-02-13 00:38:03.315 DEBUG [http-nio-8081-exec-6]com.fxys.opinion_plus.mapper.BlogMapper.selectByCountAll.debug:137 -==> Parameters: 1(Long), 2021-02-13 00:00:00.314(Timestamp), 2021-02-13 02:00:00.314(Timestamp)
2021-02-13 00:38:03.316 DEBUG [http-nio-8081-exec-6]com.fxys.opinion_plus.mapper.BlogMapper.selectByCountAll.debug:137 -<==      Total: 1
2021-02-13 00:38:03.317 DEBUG [http-nio-8081-exec-6]c.fxys.opinion_plus.mapper.BlogMapper.selectBySensitive.debug:137 -==>  Preparing: select count(*) from blog where kid=? and createTime >? and createTime <? and reason is not null
2021-02-13 00:38:03.318 DEBUG [http-nio-8081-exec-6]c.fxys.opinion_plus.mapper.BlogMapper.selectBySensitive.debug:137 -==> Parameters: 1(Long), 2021-02-13 00:00:00.317(Timestamp), 2021-02-13 02:00:00.317(Timestamp)
2021-02-13 00:38:03.319 DEBUG [http-nio-8081-exec-6]c.fxys.opinion_plus.mapper.BlogMapper.selectBySensitive.debug:137 -<==      Total: 1
2021-02-13 00:38:03.320 DEBUG [http-nio-8081-exec-6]com.fxys.opinion_plus.mapper.BlogMapper.selectByPositive.debug:137 -==>  Preparing: select count(*) from blog where kid=? and createTime >? and createTime <? and posOrNeg > 0
2021-02-13 00:38:03.321 DEBUG [http-nio-8081-exec-6]com.fxys.opinion_plus.mapper.BlogMapper.selectByPositive.debug:137 -==> Parameters: 1(Long), 2021-02-13 00:00:00.32(Timestamp), 2021-02-13 02:00:00.32(Timestamp)
2021-02-13 00:38:03.322 DEBUG [http-nio-8081-exec-6]com.fxys.opinion_plus.mapper.BlogMapper.selectByPositive.debug:137 -<==      Total: 1
2021-02-13 00:38:03.323 DEBUG [http-nio-8081-exec-6]com.fxys.opinion_plus.mapper.BlogMapper.selectByCountAll.debug:137 -==>  Preparing: select count(*) from blog where kid=? and createTime >? and createTime <?
2021-02-13 00:38:03.323 DEBUG [http-nio-8081-exec-6]com.fxys.opinion_plus.mapper.BlogMapper.selectByCountAll.debug:137 -==> Parameters: 1(Long), 2021-02-13 02:00:00.323(Timestamp), 2021-02-13 04:00:00.323(Timestamp)
2021-02-13 00:38:03.324 DEBUG [http-nio-8081-exec-6]com.fxys.opinion_plus.mapper.BlogMapper.selectByCountAll.debug:137 -<==      Total: 1
2021-02-13 00:38:03.325 DEBUG [http-nio-8081-exec-6]c.fxys.opinion_plus.mapper.BlogMapper.selectBySensitive.debug:137 -==>  Preparing: select count(*) from blog where kid=? and createTime >? and createTime <? and reason is not null
2021-02-13 00:38:03.327 DEBUG [http-nio-8081-exec-6]c.fxys.opinion_plus.mapper.BlogMapper.selectBySensitive.debug:137 -==> Parameters: 1(Long), 2021-02-13 02:00:00.325(Timestamp), 2021-02-13 04:00:00.325(Timestamp)
2021-02-13 00:38:03.328 DEBUG [http-nio-8081-exec-6]c.fxys.opinion_plus.mapper.BlogMapper.selectBySensitive.debug:137 -<==      Total: 1
2021-02-13 00:38:03.329 DEBUG [http-nio-8081-exec-6]com.fxys.opinion_plus.mapper.BlogMapper.selectByPositive.debug:137 -==>  Preparing: select count(*) from blog where kid=? and createTime >? and createTime <? and posOrNeg > 0
2021-02-13 00:38:03.329 DEBUG [http-nio-8081-exec-6]com.fxys.opinion_plus.mapper.BlogMapper.selectByPositive.debug:137 -==> Parameters: 1(Long), 2021-02-13 02:00:00.328(Timestamp), 2021-02-13 04:00:00.328(Timestamp)
2021-02-13 00:38:03.330 DEBUG [http-nio-8081-exec-6]com.fxys.opinion_plus.mapper.BlogMapper.selectByPositive.debug:137 -<==      Total: 1
2021-02-13 00:38:03.331 DEBUG [http-nio-8081-exec-6]com.fxys.opinion_plus.mapper.BlogMapper.selectByCountAll.debug:137 -==>  Preparing: select count(*) from blog where kid=? and createTime >? and createTime <?
2021-02-13 00:38:03.332 DEBUG [http-nio-8081-exec-6]com.fxys.opinion_plus.mapper.BlogMapper.selectByCountAll.debug:137 -==> Parameters: 1(Long), 2021-02-13 04:00:00.331(Timestamp), 2021-02-13 06:00:00.331(Timestamp)
2021-02-13 00:38:03.332 DEBUG [http-nio-8081-exec-6]com.fxys.opinion_plus.mapper.BlogMapper.selectByCountAll.debug:137 -<==      Total: 1
2021-02-13 00:38:03.333 DEBUG [http-nio-8081-exec-6]c.fxys.opinion_plus.mapper.BlogMapper.selectBySensitive.debug:137 -==>  Preparing: select count(*) from blog where kid=? and createTime >? and createTime <? and reason is not null
2021-02-13 00:38:03.334 DEBUG [http-nio-8081-exec-6]c.fxys.opinion_plus.mapper.BlogMapper.selectBySensitive.debug:137 -==> Parameters: 1(Long), 2021-02-13 04:00:00.333(Timestamp), 2021-02-13 06:00:00.333(Timestamp)
2021-02-13 00:38:03.336 DEBUG [http-nio-8081-exec-6]c.fxys.opinion_plus.mapper.BlogMapper.selectBySensitive.debug:137 -<==      Total: 1
2021-02-13 00:38:03.337 DEBUG [http-nio-8081-exec-6]com.fxys.opinion_plus.mapper.BlogMapper.selectByPositive.debug:137 -==>  Preparing: select count(*) from blog where kid=? and createTime >? and createTime <? and posOrNeg > 0
2021-02-13 00:38:03.338 DEBUG [http-nio-8081-exec-6]com.fxys.opinion_plus.mapper.BlogMapper.selectByPositive.debug:137 -==> Parameters: 1(Long), 2021-02-13 04:00:00.336(Timestamp), 2021-02-13 06:00:00.337(Timestamp)
2021-02-13 00:38:03.339 DEBUG [http-nio-8081-exec-6]com.fxys.opinion_plus.mapper.BlogMapper.selectByPositive.debug:137 -<==      Total: 1
2021-02-13 00:38:03.340 DEBUG [http-nio-8081-exec-6]com.fxys.opinion_plus.mapper.BlogMapper.selectByCountAll.debug:137 -==>  Preparing: select count(*) from blog where kid=? and createTime >? and createTime <?
2021-02-13 00:38:03.341 DEBUG [http-nio-8081-exec-6]com.fxys.opinion_plus.mapper.BlogMapper.selectByCountAll.debug:137 -==> Parameters: 1(Long), 2021-02-13 06:00:00.34(Timestamp), 2021-02-13 08:00:00.34(Timestamp)
2021-02-13 00:38:03.343 DEBUG [http-nio-8081-exec-6]com.fxys.opinion_plus.mapper.BlogMapper.selectByCountAll.debug:137 -<==      Total: 1
2021-02-13 00:38:03.344 DEBUG [http-nio-8081-exec-6]c.fxys.opinion_plus.mapper.BlogMapper.selectBySensitive.debug:137 -==>  Preparing: select count(*) from blog where kid=? and createTime >? and createTime <? and reason is not null
2021-02-13 00:38:03.344 DEBUG [http-nio-8081-exec-6]c.fxys.opinion_plus.mapper.BlogMapper.selectBySensitive.debug:137 -==> Parameters: 1(Long), 2021-02-13 06:00:00.343(Timestamp), 2021-02-13 08:00:00.343(Timestamp)
2021-02-13 00:38:03.346 DEBUG [http-nio-8081-exec-6]c.fxys.opinion_plus.mapper.BlogMapper.selectBySensitive.debug:137 -<==      Total: 1
2021-02-13 00:38:03.347 DEBUG [http-nio-8081-exec-6]com.fxys.opinion_plus.mapper.BlogMapper.selectByPositive.debug:137 -==>  Preparing: select count(*) from blog where kid=? and createTime >? and createTime <? and posOrNeg > 0
2021-02-13 00:38:03.347 DEBUG [http-nio-8081-exec-6]com.fxys.opinion_plus.mapper.BlogMapper.selectByPositive.debug:137 -==> Parameters: 1(Long), 2021-02-13 06:00:00.346(Timestamp), 2021-02-13 08:00:00.346(Timestamp)
2021-02-13 00:38:03.348 DEBUG [http-nio-8081-exec-6]com.fxys.opinion_plus.mapper.BlogMapper.selectByPositive.debug:137 -<==      Total: 1
2021-02-13 00:38:03.349 DEBUG [http-nio-8081-exec-6]com.fxys.opinion_plus.mapper.BlogMapper.selectByCountAll.debug:137 -==>  Preparing: select count(*) from blog where kid=? and createTime >? and createTime <?
2021-02-13 00:38:03.350 DEBUG [http-nio-8081-exec-6]com.fxys.opinion_plus.mapper.BlogMapper.selectByCountAll.debug:137 -==> Parameters: 1(Long), 2021-02-13 08:00:00.349(Timestamp), 2021-02-13 10:00:00.349(Timestamp)
2021-02-13 00:38:03.351 DEBUG [http-nio-8081-exec-6]com.fxys.opinion_plus.mapper.BlogMapper.selectByCountAll.debug:137 -<==      Total: 1
2021-02-13 00:38:03.352 DEBUG [http-nio-8081-exec-6]c.fxys.opinion_plus.mapper.BlogMapper.selectBySensitive.debug:137 -==>  Preparing: select count(*) from blog where kid=? and createTime >? and createTime <? and reason is not null
2021-02-13 00:38:03.353 DEBUG [http-nio-8081-exec-6]c.fxys.opinion_plus.mapper.BlogMapper.selectBySensitive.debug:137 -==> Parameters: 1(Long), 2021-02-13 08:00:00.352(Timestamp), 2021-02-13 10:00:00.352(Timestamp)
2021-02-13 00:38:03.354 DEBUG [http-nio-8081-exec-6]c.fxys.opinion_plus.mapper.BlogMapper.selectBySensitive.debug:137 -<==      Total: 1
2021-02-13 00:38:03.355 DEBUG [http-nio-8081-exec-6]com.fxys.opinion_plus.mapper.BlogMapper.selectByPositive.debug:137 -==>  Preparing: select count(*) from blog where kid=? and createTime >? and createTime <? and posOrNeg > 0
2021-02-13 00:38:03.356 DEBUG [http-nio-8081-exec-6]com.fxys.opinion_plus.mapper.BlogMapper.selectByPositive.debug:137 -==> Parameters: 1(Long), 2021-02-13 08:00:00.355(Timestamp), 2021-02-13 10:00:00.355(Timestamp)
2021-02-13 00:38:03.357 DEBUG [http-nio-8081-exec-6]com.fxys.opinion_plus.mapper.BlogMapper.selectByPositive.debug:137 -<==      Total: 1
2021-02-13 00:38:03.358 DEBUG [http-nio-8081-exec-6]com.fxys.opinion_plus.mapper.BlogMapper.selectByCountAll.debug:137 -==>  Preparing: select count(*) from blog where kid=? and createTime >? and createTime <?
2021-02-13 00:38:03.359 DEBUG [http-nio-8081-exec-6]com.fxys.opinion_plus.mapper.BlogMapper.selectByCountAll.debug:137 -==> Parameters: 1(Long), 2021-02-13 10:00:00.358(Timestamp), 2021-02-13 12:00:00.358(Timestamp)
2021-02-13 00:38:03.360 DEBUG [http-nio-8081-exec-6]com.fxys.opinion_plus.mapper.BlogMapper.selectByCountAll.debug:137 -<==      Total: 1
2021-02-13 00:38:03.361 DEBUG [http-nio-8081-exec-6]c.fxys.opinion_plus.mapper.BlogMapper.selectBySensitive.debug:137 -==>  Preparing: select count(*) from blog where kid=? and createTime >? and createTime <? and reason is not null
2021-02-13 00:38:03.361 DEBUG [http-nio-8081-exec-6]c.fxys.opinion_plus.mapper.BlogMapper.selectBySensitive.debug:137 -==> Parameters: 1(Long), 2021-02-13 10:00:00.36(Timestamp), 2021-02-13 12:00:00.361(Timestamp)
2021-02-13 00:38:03.362 DEBUG [http-nio-8081-exec-6]c.fxys.opinion_plus.mapper.BlogMapper.selectBySensitive.debug:137 -<==      Total: 1
2021-02-13 00:38:03.363 DEBUG [http-nio-8081-exec-6]com.fxys.opinion_plus.mapper.BlogMapper.selectByPositive.debug:137 -==>  Preparing: select count(*) from blog where kid=? and createTime >? and createTime <? and posOrNeg > 0
2021-02-13 00:38:03.364 DEBUG [http-nio-8081-exec-6]com.fxys.opinion_plus.mapper.BlogMapper.selectByPositive.debug:137 -==> Parameters: 1(Long), 2021-02-13 10:00:00.363(Timestamp), 2021-02-13 12:00:00.363(Timestamp)
2021-02-13 00:38:03.365 DEBUG [http-nio-8081-exec-6]com.fxys.opinion_plus.mapper.BlogMapper.selectByPositive.debug:137 -<==      Total: 1
2021-02-13 00:38:03.366 DEBUG [http-nio-8081-exec-6]com.fxys.opinion_plus.mapper.BlogMapper.selectByCountAll.debug:137 -==>  Preparing: select count(*) from blog where kid=? and createTime >? and createTime <?
2021-02-13 00:38:03.367 DEBUG [http-nio-8081-exec-6]com.fxys.opinion_plus.mapper.BlogMapper.selectByCountAll.debug:137 -==> Parameters: 1(Long), 2021-02-13 12:00:00.366(Timestamp), 2021-02-13 14:00:00.366(Timestamp)
2021-02-13 00:38:03.368 DEBUG [http-nio-8081-exec-6]com.fxys.opinion_plus.mapper.BlogMapper.selectByCountAll.debug:137 -<==      Total: 1
2021-02-13 00:38:03.369 DEBUG [http-nio-8081-exec-6]c.fxys.opinion_plus.mapper.BlogMapper.selectBySensitive.debug:137 -==>  Preparing: select count(*) from blog where kid=? and createTime >? and createTime <? and reason is not null
2021-02-13 00:38:03.370 DEBUG [http-nio-8081-exec-6]c.fxys.opinion_plus.mapper.BlogMapper.selectBySensitive.debug:137 -==> Parameters: 1(Long), 2021-02-13 12:00:00.369(Timestamp), 2021-02-13 14:00:00.369(Timestamp)
2021-02-13 00:38:03.370 DEBUG [http-nio-8081-exec-6]c.fxys.opinion_plus.mapper.BlogMapper.selectBySensitive.debug:137 -<==      Total: 1
2021-02-13 00:38:03.371 DEBUG [http-nio-8081-exec-6]com.fxys.opinion_plus.mapper.BlogMapper.selectByPositive.debug:137 -==>  Preparing: select count(*) from blog where kid=? and createTime >? and createTime <? and posOrNeg > 0
2021-02-13 00:38:03.372 DEBUG [http-nio-8081-exec-6]com.fxys.opinion_plus.mapper.BlogMapper.selectByPositive.debug:137 -==> Parameters: 1(Long), 2021-02-13 12:00:00.371(Timestamp), 2021-02-13 14:00:00.371(Timestamp)
2021-02-13 00:38:03.373 DEBUG [http-nio-8081-exec-6]com.fxys.opinion_plus.mapper.BlogMapper.selectByPositive.debug:137 -<==      Total: 1
2021-02-13 00:38:03.374 DEBUG [http-nio-8081-exec-6]com.fxys.opinion_plus.mapper.BlogMapper.selectByCountAll.debug:137 -==>  Preparing: select count(*) from blog where kid=? and createTime >? and createTime <?
2021-02-13 00:38:03.374 DEBUG [http-nio-8081-exec-6]com.fxys.opinion_plus.mapper.BlogMapper.selectByCountAll.debug:137 -==> Parameters: 1(Long), 2021-02-13 14:00:00.373(Timestamp), 2021-02-13 16:00:00.373(Timestamp)
2021-02-13 00:38:03.375 DEBUG [http-nio-8081-exec-6]com.fxys.opinion_plus.mapper.BlogMapper.selectByCountAll.debug:137 -<==      Total: 1
2021-02-13 00:38:03.376 DEBUG [http-nio-8081-exec-6]c.fxys.opinion_plus.mapper.BlogMapper.selectBySensitive.debug:137 -==>  Preparing: select count(*) from blog where kid=? and createTime >? and createTime <? and reason is not null
2021-02-13 00:38:03.377 DEBUG [http-nio-8081-exec-6]c.fxys.opinion_plus.mapper.BlogMapper.selectBySensitive.debug:137 -==> Parameters: 1(Long), 2021-02-13 14:00:00.376(Timestamp), 2021-02-13 16:00:00.376(Timestamp)
2021-02-13 00:38:03.378 DEBUG [http-nio-8081-exec-6]c.fxys.opinion_plus.mapper.BlogMapper.selectBySensitive.debug:137 -<==      Total: 1
2021-02-13 00:38:03.378 DEBUG [http-nio-8081-exec-6]com.fxys.opinion_plus.mapper.BlogMapper.selectByPositive.debug:137 -==>  Preparing: select count(*) from blog where kid=? and createTime >? and createTime <? and posOrNeg > 0
2021-02-13 00:38:03.379 DEBUG [http-nio-8081-exec-6]com.fxys.opinion_plus.mapper.BlogMapper.selectByPositive.debug:137 -==> Parameters: 1(Long), 2021-02-13 14:00:00.378(Timestamp), 2021-02-13 16:00:00.378(Timestamp)
2021-02-13 00:38:03.380 DEBUG [http-nio-8081-exec-6]com.fxys.opinion_plus.mapper.BlogMapper.selectByPositive.debug:137 -<==      Total: 1
2021-02-13 00:38:03.381 DEBUG [http-nio-8081-exec-6]com.fxys.opinion_plus.mapper.BlogMapper.selectByCountAll.debug:137 -==>  Preparing: select count(*) from blog where kid=? and createTime >? and createTime <?
2021-02-13 00:38:03.382 DEBUG [http-nio-8081-exec-6]com.fxys.opinion_plus.mapper.BlogMapper.selectByCountAll.debug:137 -==> Parameters: 1(Long), 2021-02-13 16:00:00.381(Timestamp), 2021-02-13 18:00:00.381(Timestamp)
2021-02-13 00:38:03.383 DEBUG [http-nio-8081-exec-6]com.fxys.opinion_plus.mapper.BlogMapper.selectByCountAll.debug:137 -<==      Total: 1
2021-02-13 00:38:03.384 DEBUG [http-nio-8081-exec-6]c.fxys.opinion_plus.mapper.BlogMapper.selectBySensitive.debug:137 -==>  Preparing: select count(*) from blog where kid=? and createTime >? and createTime <? and reason is not null
2021-02-13 00:38:03.384 DEBUG [http-nio-8081-exec-6]c.fxys.opinion_plus.mapper.BlogMapper.selectBySensitive.debug:137 -==> Parameters: 1(Long), 2021-02-13 16:00:00.383(Timestamp), 2021-02-13 18:00:00.383(Timestamp)
2021-02-13 00:38:03.385 DEBUG [http-nio-8081-exec-6]c.fxys.opinion_plus.mapper.BlogMapper.selectBySensitive.debug:137 -<==      Total: 1
2021-02-13 00:38:03.386 DEBUG [http-nio-8081-exec-6]com.fxys.opinion_plus.mapper.BlogMapper.selectByPositive.debug:137 -==>  Preparing: select count(*) from blog where kid=? and createTime >? and createTime <? and posOrNeg > 0
2021-02-13 00:38:03.387 DEBUG [http-nio-8081-exec-6]com.fxys.opinion_plus.mapper.BlogMapper.selectByPositive.debug:137 -==> Parameters: 1(Long), 2021-02-13 16:00:00.386(Timestamp), 2021-02-13 18:00:00.386(Timestamp)
2021-02-13 00:38:03.388 DEBUG [http-nio-8081-exec-6]com.fxys.opinion_plus.mapper.BlogMapper.selectByPositive.debug:137 -<==      Total: 1
2021-02-13 00:38:03.389 DEBUG [http-nio-8081-exec-6]com.fxys.opinion_plus.mapper.BlogMapper.selectByCountAll.debug:137 -==>  Preparing: select count(*) from blog where kid=? and createTime >? and createTime <?
2021-02-13 00:38:03.389 DEBUG [http-nio-8081-exec-6]com.fxys.opinion_plus.mapper.BlogMapper.selectByCountAll.debug:137 -==> Parameters: 1(Long), 2021-02-13 18:00:00.388(Timestamp), 2021-02-13 20:00:00.389(Timestamp)
2021-02-13 00:38:03.390 DEBUG [http-nio-8081-exec-6]com.fxys.opinion_plus.mapper.BlogMapper.selectByCountAll.debug:137 -<==      Total: 1
2021-02-13 00:38:03.391 DEBUG [http-nio-8081-exec-6]c.fxys.opinion_plus.mapper.BlogMapper.selectBySensitive.debug:137 -==>  Preparing: select count(*) from blog where kid=? and createTime >? and createTime <? and reason is not null
2021-02-13 00:38:03.391 DEBUG [http-nio-8081-exec-6]c.fxys.opinion_plus.mapper.BlogMapper.selectBySensitive.debug:137 -==> Parameters: 1(Long), 2021-02-13 18:00:00.391(Timestamp), 2021-02-13 20:00:00.391(Timestamp)
2021-02-13 00:38:03.393 DEBUG [http-nio-8081-exec-6]c.fxys.opinion_plus.mapper.BlogMapper.selectBySensitive.debug:137 -<==      Total: 1
2021-02-13 00:38:03.393 DEBUG [http-nio-8081-exec-6]com.fxys.opinion_plus.mapper.BlogMapper.selectByPositive.debug:137 -==>  Preparing: select count(*) from blog where kid=? and createTime >? and createTime <? and posOrNeg > 0
2021-02-13 00:38:03.394 DEBUG [http-nio-8081-exec-6]com.fxys.opinion_plus.mapper.BlogMapper.selectByPositive.debug:137 -==> Parameters: 1(Long), 2021-02-13 18:00:00.393(Timestamp), 2021-02-13 20:00:00.393(Timestamp)
2021-02-13 00:38:03.395 DEBUG [http-nio-8081-exec-6]com.fxys.opinion_plus.mapper.BlogMapper.selectByPositive.debug:137 -<==      Total: 1
2021-02-13 00:38:03.396 DEBUG [http-nio-8081-exec-6]com.fxys.opinion_plus.mapper.BlogMapper.selectByCountAll.debug:137 -==>  Preparing: select count(*) from blog where kid=? and createTime >? and createTime <?
2021-02-13 00:38:03.396 DEBUG [http-nio-8081-exec-6]com.fxys.opinion_plus.mapper.BlogMapper.selectByCountAll.debug:137 -==> Parameters: 1(Long), 2021-02-13 20:00:00.395(Timestamp), 2021-02-13 22:00:00.395(Timestamp)
2021-02-13 00:38:03.397 DEBUG [http-nio-8081-exec-6]com.fxys.opinion_plus.mapper.BlogMapper.selectByCountAll.debug:137 -<==      Total: 1
2021-02-13 00:38:03.398 DEBUG [http-nio-8081-exec-6]c.fxys.opinion_plus.mapper.BlogMapper.selectBySensitive.debug:137 -==>  Preparing: select count(*) from blog where kid=? and createTime >? and createTime <? and reason is not null
2021-02-13 00:38:03.399 DEBUG [http-nio-8081-exec-6]c.fxys.opinion_plus.mapper.BlogMapper.selectBySensitive.debug:137 -==> Parameters: 1(Long), 2021-02-13 20:00:00.398(Timestamp), 2021-02-13 22:00:00.398(Timestamp)
2021-02-13 00:38:03.400 DEBUG [http-nio-8081-exec-6]c.fxys.opinion_plus.mapper.BlogMapper.selectBySensitive.debug:137 -<==      Total: 1
2021-02-13 00:38:03.400 DEBUG [http-nio-8081-exec-6]com.fxys.opinion_plus.mapper.BlogMapper.selectByPositive.debug:137 -==>  Preparing: select count(*) from blog where kid=? and createTime >? and createTime <? and posOrNeg > 0
2021-02-13 00:38:03.401 DEBUG [http-nio-8081-exec-6]com.fxys.opinion_plus.mapper.BlogMapper.selectByPositive.debug:137 -==> Parameters: 1(Long), 2021-02-13 20:00:00.4(Timestamp), 2021-02-13 22:00:00.4(Timestamp)
2021-02-13 00:38:03.402 DEBUG [http-nio-8081-exec-6]com.fxys.opinion_plus.mapper.BlogMapper.selectByPositive.debug:137 -<==      Total: 1
2021-02-13 00:38:03.402 DEBUG [http-nio-8081-exec-6]com.fxys.opinion_plus.mapper.BlogMapper.selectByCountAll.debug:137 -==>  Preparing: select count(*) from blog where kid=? and createTime >? and createTime <?
2021-02-13 00:38:03.403 DEBUG [http-nio-8081-exec-6]com.fxys.opinion_plus.mapper.BlogMapper.selectByCountAll.debug:137 -==> Parameters: 1(Long), 2021-02-13 22:00:00.402(Timestamp), 2021-02-14 00:00:00.402(Timestamp)
2021-02-13 00:38:03.404 DEBUG [http-nio-8081-exec-6]com.fxys.opinion_plus.mapper.BlogMapper.selectByCountAll.debug:137 -<==      Total: 1
2021-02-13 00:38:03.405 DEBUG [http-nio-8081-exec-6]c.fxys.opinion_plus.mapper.BlogMapper.selectBySensitive.debug:137 -==>  Preparing: select count(*) from blog where kid=? and createTime >? and createTime <? and reason is not null
2021-02-13 00:38:03.406 DEBUG [http-nio-8081-exec-6]c.fxys.opinion_plus.mapper.BlogMapper.selectBySensitive.debug:137 -==> Parameters: 1(Long), 2021-02-13 22:00:00.405(Timestamp), 2021-02-14 00:00:00.405(Timestamp)
2021-02-13 00:38:03.407 DEBUG [http-nio-8081-exec-6]c.fxys.opinion_plus.mapper.BlogMapper.selectBySensitive.debug:137 -<==      Total: 1
2021-02-13 00:38:03.408 DEBUG [http-nio-8081-exec-6]com.fxys.opinion_plus.mapper.BlogMapper.selectByPositive.debug:137 -==>  Preparing: select count(*) from blog where kid=? and createTime >? and createTime <? and posOrNeg > 0
2021-02-13 00:38:03.409 DEBUG [http-nio-8081-exec-6]com.fxys.opinion_plus.mapper.BlogMapper.selectByPositive.debug:137 -==> Parameters: 1(Long), 2021-02-13 22:00:00.408(Timestamp), 2021-02-14 00:00:00.408(Timestamp)
2021-02-13 00:38:03.410 DEBUG [http-nio-8081-exec-6]com.fxys.opinion_plus.mapper.BlogMapper.selectByPositive.debug:137 -<==      Total: 1
2021-02-13 00:38:03.413 DEBUG [http-nio-8081-exec-6]com.fxys.opinion_plus.mapper.LogMapper.insertSelective.debug:137 -==>  Preparing: insert into log ( `uid`, url, params, status, message, `method`, `time`, ip, createTime, result ) values ( ?, ?, ?, ?, ?, ?, ?, ?, ?, ? )
2021-02-13 00:38:03.413 DEBUG [http-nio-8081-exec-6]com.fxys.opinion_plus.mapper.LogMapper.insertSelective.debug:137 -==> Parameters: 10(Long), /api/blog/getEvent(String), [BlogBaseReq(day=today, kid=1)](String), 0(Integer), 操作成功(String), POST(String), 191(Long), 127.0.0.1(String), 2021-02-13 00:38:03.412(Timestamp), {"top":0,"total":0,"avl":0.0}(String)
2021-02-13 00:38:03.415 DEBUG [http-nio-8081-exec-6]com.fxys.opinion_plus.mapper.LogMapper.insertSelective.debug:137 -<==    Updates: 1
2021-02-13 00:38:03.516 DEBUG [http-nio-8081-exec-8]c.fxys.opinion_plus.mapper.UserMapper.selectByPrimaryKey.debug:137 -==>  Preparing: select id, username, email, `state`, createTime, updateTime, dataVersion,password from `user` where id = ?
2021-02-13 00:38:03.518 DEBUG [http-nio-8081-exec-8]c.fxys.opinion_plus.mapper.UserMapper.selectByPrimaryKey.debug:137 -==> Parameters: 10(Long)
2021-02-13 00:38:03.522 DEBUG [http-nio-8081-exec-8]c.fxys.opinion_plus.mapper.UserMapper.selectByPrimaryKey.debug:137 -<==      Total: 1
2021-02-13 00:38:03.524 DEBUG [http-nio-8081-exec-7]c.fxys.opinion_plus.mapper.UserMapper.selectByPrimaryKey.debug:137 -==>  Preparing: select id, username, email, `state`, createTime, updateTime, dataVersion,password from `user` where id = ?
2021-02-13 00:38:03.527 DEBUG [http-nio-8081-exec-7]c.fxys.opinion_plus.mapper.UserMapper.selectByPrimaryKey.debug:137 -==> Parameters: 10(Long)
2021-02-13 00:38:03.529 DEBUG [http-nio-8081-exec-7]c.fxys.opinion_plus.mapper.UserMapper.selectByPrimaryKey.debug:137 -<==      Total: 1
2021-02-13 00:38:03.530 DEBUG [http-nio-8081-exec-9]c.fxys.opinion_plus.mapper.UserMapper.selectByPrimaryKey.debug:137 -==>  Preparing: select id, username, email, `state`, createTime, updateTime, dataVersion,password from `user` where id = ?
2021-02-13 00:38:03.532 DEBUG [http-nio-8081-exec-9]c.fxys.opinion_plus.mapper.UserMapper.selectByPrimaryKey.debug:137 -==> Parameters: 10(Long)
2021-02-13 00:38:03.534 DEBUG [http-nio-8081-exec-9]c.fxys.opinion_plus.mapper.UserMapper.selectByPrimaryKey.debug:137 -<==      Total: 1
2021-02-13 00:38:03.533 DEBUG [http-nio-8081-exec-10]c.fxys.opinion_plus.mapper.UserMapper.selectByPrimaryKey.debug:137 -==>  Preparing: select id, username, email, `state`, createTime, updateTime, dataVersion,password from `user` where id = ?
2021-02-13 00:38:03.534 DEBUG [http-nio-8081-exec-1]c.fxys.opinion_plus.mapper.UserMapper.selectByPrimaryKey.debug:137 -==>  Preparing: select id, username, email, `state`, createTime, updateTime, dataVersion,password from `user` where id = ?
2021-02-13 00:38:03.535 DEBUG [http-nio-8081-exec-10]c.fxys.opinion_plus.mapper.UserMapper.selectByPrimaryKey.debug:137 -==> Parameters: 10(Long)
2021-02-13 00:38:03.537 DEBUG [http-nio-8081-exec-1]c.fxys.opinion_plus.mapper.UserMapper.selectByPrimaryKey.debug:137 -==> Parameters: 10(Long)
2021-02-13 00:38:03.539 DEBUG [http-nio-8081-exec-10]c.fxys.opinion_plus.mapper.UserMapper.selectByPrimaryKey.debug:137 -<==      Total: 1
2021-02-13 00:38:03.540 DEBUG [http-nio-8081-exec-1]c.fxys.opinion_plus.mapper.UserMapper.selectByPrimaryKey.debug:137 -<==      Total: 1
2021-02-13 00:38:03.542 DEBUG [http-nio-8081-exec-9]com.fxys.opinion_plus.mapper.BlogMapper.selectByAll.debug:137 -==>  Preparing: select id, kid, content, posOrNeg, reason, href, grade, createTime, area, author from blog where kid=? and createTime >? and createTime <?
2021-02-13 00:38:03.543 DEBUG [http-nio-8081-exec-9]com.fxys.opinion_plus.mapper.BlogMapper.selectByAll.debug:137 -==> Parameters: 1(Long), 2021-02-13 00:00:00.541(Timestamp), 2021-02-14 00:00:00.541(Timestamp)
2021-02-13 00:38:03.544 DEBUG [http-nio-8081-exec-7]com.fxys.opinion_plus.mapper.BlogMapper.selectByPositive.debug:137 -==>  Preparing: select count(*) from blog where kid=? and createTime >? and createTime <? and posOrNeg > 0
2021-02-13 00:38:03.545 DEBUG [http-nio-8081-exec-9]com.fxys.opinion_plus.mapper.BlogMapper.selectByAll.debug:137 -<==      Total: 0
2021-02-13 00:38:03.545 DEBUG [http-nio-8081-exec-7]com.fxys.opinion_plus.mapper.BlogMapper.selectByPositive.debug:137 -==> Parameters: 1(Long), 2021-02-13 00:00:00.533(Timestamp), 2021-02-14 00:00:00.533(Timestamp)
2021-02-13 00:38:03.546 DEBUG [http-nio-8081-exec-10]com.fxys.opinion_plus.mapper.BlogMapper.selectByCountAll.debug:137 -==>  Preparing: select count(*) from blog where kid=? and createTime >? and createTime <?
2021-02-13 00:38:03.548 DEBUG [http-nio-8081-exec-7]com.fxys.opinion_plus.mapper.BlogMapper.selectByPositive.debug:137 -<==      Total: 1
2021-02-13 00:38:03.548 DEBUG [http-nio-8081-exec-10]com.fxys.opinion_plus.mapper.BlogMapper.selectByCountAll.debug:137 -==> Parameters: 1(Long), 2021-02-13 00:00:00.544(Timestamp), 2021-02-13 02:00:00.545(Timestamp)
2021-02-13 00:38:03.548 DEBUG [http-nio-8081-exec-1]com.fxys.opinion_plus.mapper.BlogMapper.selectByArea.debug:137 -==>  Preparing: select count(*) from blog where kid=? and createTime >? and createTime <? and area=?
2021-02-13 00:38:03.547 DEBUG [http-nio-8081-exec-8]c.fxys.opinion_plus.mapper.BlogMapper.selectBySensitive.debug:137 -==>  Preparing: select count(*) from blog where kid=? and createTime >? and createTime <? and reason is not null
2021-02-13 00:38:03.550 DEBUG [http-nio-8081-exec-10]com.fxys.opinion_plus.mapper.BlogMapper.selectByCountAll.debug:137 -<==      Total: 1
2021-02-13 00:38:03.550 DEBUG [http-nio-8081-exec-1]com.fxys.opinion_plus.mapper.BlogMapper.selectByArea.debug:137 -==> Parameters: 1(Long), 2021-02-13 00:00:00.545(Timestamp), 2021-02-14 00:00:00.545(Timestamp), 黑龙江(String)
2021-02-13 00:38:03.550 DEBUG [http-nio-8081-exec-7]com.fxys.opinion_plus.mapper.BlogMapper.selectByNegative.debug:137 -==>  Preparing: select count(*) from blog where kid=? and createTime >? and createTime <? and posOrNeg < 0
2021-02-13 00:38:03.551 DEBUG [http-nio-8081-exec-8]c.fxys.opinion_plus.mapper.BlogMapper.selectBySensitive.debug:137 -==> Parameters: 1(Long), 2021-02-13 00:00:00.533(Timestamp), 2021-02-14 00:00:00.533(Timestamp)
2021-02-13 00:38:03.551 DEBUG [http-nio-8081-exec-1]com.fxys.opinion_plus.mapper.BlogMapper.selectByArea.debug:137 -<==      Total: 1
2021-02-13 00:38:03.551 DEBUG [http-nio-8081-exec-7]com.fxys.opinion_plus.mapper.BlogMapper.selectByNegative.debug:137 -==> Parameters: 1(Long), 2021-02-13 00:00:00.548(Timestamp), 2021-02-14 00:00:00.548(Timestamp)
2021-02-13 00:38:03.552 DEBUG [http-nio-8081-exec-9]com.fxys.opinion_plus.mapper.LogMapper.insertSelective.debug:137 -==>  Preparing: insert into log ( `uid`, url, params, status, message, `method`, `time`, ip, createTime, result ) values ( ?, ?, ?, ?, ?, ?, ?, ?, ?, ? )
2021-02-13 00:38:03.555 DEBUG [http-nio-8081-exec-10]c.fxys.opinion_plus.mapper.BlogMapper.selectBySensitive.debug:137 -==>  Preparing: select count(*) from blog where kid=? and createTime >? and createTime <? and reason is not null
2021-02-13 00:38:03.555 DEBUG [http-nio-8081-exec-9]com.fxys.opinion_plus.mapper.LogMapper.insertSelective.debug:137 -==> Parameters: 10(Long), /api/blog/getOrigin(String), [BlogBaseReq(day=today, kid=1)](String), 0(Integer), 操作成功(String), POST(String), 13(Long), 127.0.0.1(String), 2021-02-13 00:38:03.549(Timestamp), [](String)
2021-02-13 00:38:03.557 DEBUG [http-nio-8081-exec-7]com.fxys.opinion_plus.mapper.BlogMapper.selectByNegative.debug:137 -<==      Total: 1
2021-02-13 00:38:03.557 DEBUG [http-nio-8081-exec-10]c.fxys.opinion_plus.mapper.BlogMapper.selectBySensitive.debug:137 -==> Parameters: 1(Long), 2021-02-13 00:00:00.55(Timestamp), 2021-02-13 02:00:00.55(Timestamp)
2021-02-13 00:38:03.559 DEBUG [http-nio-8081-exec-1]com.fxys.opinion_plus.mapper.BlogMapper.selectByArea.debug:137 -==>  Preparing: select count(*) from blog where kid=? and createTime >? and createTime <? and area=?
2021-02-13 00:38:03.560 DEBUG [http-nio-8081-exec-9]com.fxys.opinion_plus.mapper.LogMapper.insertSelective.debug:137 -<==    Updates: 1
2021-02-13 00:38:03.560 DEBUG [http-nio-8081-exec-1]com.fxys.opinion_plus.mapper.BlogMapper.selectByArea.debug:137 -==> Parameters: 1(Long), 2021-02-13 00:00:00.545(Timestamp), 2021-02-14 00:00:00.545(Timestamp), 吉林(String)
2021-02-13 00:38:03.560 DEBUG [http-nio-8081-exec-10]c.fxys.opinion_plus.mapper.BlogMapper.selectBySensitive.debug:137 -<==      Total: 1
2021-02-13 00:38:03.562 DEBUG [http-nio-8081-exec-10]com.fxys.opinion_plus.mapper.BlogMapper.selectByPositive.debug:137 -==>  Preparing: select count(*) from blog where kid=? and createTime >? and createTime <? and posOrNeg > 0
2021-02-13 00:38:03.562 DEBUG [http-nio-8081-exec-1]com.fxys.opinion_plus.mapper.BlogMapper.selectByArea.debug:137 -<==      Total: 1
2021-02-13 00:38:03.563 DEBUG [http-nio-8081-exec-1]com.fxys.opinion_plus.mapper.BlogMapper.selectByArea.debug:137 -==>  Preparing: select count(*) from blog where kid=? and createTime >? and createTime <? and area=?
2021-02-13 00:38:03.563 DEBUG [http-nio-8081-exec-10]com.fxys.opinion_plus.mapper.BlogMapper.selectByPositive.debug:137 -==> Parameters: 1(Long), 2021-02-13 00:00:00.561(Timestamp), 2021-02-13 02:00:00.561(Timestamp)
2021-02-13 00:38:03.564 DEBUG [http-nio-8081-exec-1]com.fxys.opinion_plus.mapper.BlogMapper.selectByArea.debug:137 -==> Parameters: 1(Long), 2021-02-13 00:00:00.545(Timestamp), 2021-02-14 00:00:00.545(Timestamp), 辽宁(String)
2021-02-13 00:38:03.564 DEBUG [http-nio-8081-exec-7]com.fxys.opinion_plus.mapper.LogMapper.insertSelective.debug:137 -==>  Preparing: insert into log ( `uid`, url, params, status, message, `method`, `time`, ip, createTime, result ) values ( ?, ?, ?, ?, ?, ?, ?, ?, ?, ? )
2021-02-13 00:38:03.562 DEBUG [http-nio-8081-exec-8]c.fxys.opinion_plus.mapper.BlogMapper.selectBySensitive.debug:137 -<==      Total: 1
2021-02-13 00:38:03.565 DEBUG [http-nio-8081-exec-7]com.fxys.opinion_plus.mapper.LogMapper.insertSelective.debug:137 -==> Parameters: 10(Long), /api/blog/getPositive(String), [BlogBaseReq(day=today, kid=1)](String), 0(Integer), 操作成功(String), POST(String), 33(Long), 127.0.0.1(String), 2021-02-13 00:38:03.563(Timestamp), [{"count":0,"data":"正面舆情事件"},{"count":0,"data":"负面舆情事件"}](String)
2021-02-13 00:38:03.565 DEBUG [http-nio-8081-exec-10]com.fxys.opinion_plus.mapper.BlogMapper.selectByPositive.debug:137 -<==      Total: 1
2021-02-13 00:38:03.565 DEBUG [http-nio-8081-exec-1]com.fxys.opinion_plus.mapper.BlogMapper.selectByArea.debug:137 -<==      Total: 1
2021-02-13 00:38:03.566 DEBUG [http-nio-8081-exec-8]com.fxys.opinion_plus.mapper.BlogMapper.selectByNontive.debug:137 -==>  Preparing: select count(*) from blog where kid=? and createTime >? and createTime <? and reason is null
2021-02-13 00:38:03.567 DEBUG [http-nio-8081-exec-1]com.fxys.opinion_plus.mapper.BlogMapper.selectByArea.debug:137 -==>  Preparing: select count(*) from blog where kid=? and createTime >? and createTime <? and area=?
2021-02-13 00:38:03.567 DEBUG [http-nio-8081-exec-10]com.fxys.opinion_plus.mapper.BlogMapper.selectByCountAll.debug:137 -==>  Preparing: select count(*) from blog where kid=? and createTime >? and createTime <?
2021-02-13 00:38:03.567 DEBUG [http-nio-8081-exec-7]com.fxys.opinion_plus.mapper.LogMapper.insertSelective.debug:137 -<==    Updates: 1
2021-02-13 00:38:03.567 DEBUG [http-nio-8081-exec-10]com.fxys.opinion_plus.mapper.BlogMapper.selectByCountAll.debug:137 -==> Parameters: 1(Long), 2021-02-13 02:00:00.566(Timestamp), 2021-02-13 04:00:00.566(Timestamp)
2021-02-13 00:38:03.567 DEBUG [http-nio-8081-exec-1]com.fxys.opinion_plus.mapper.BlogMapper.selectByArea.debug:137 -==> Parameters: 1(Long), 2021-02-13 00:00:00.545(Timestamp), 2021-02-14 00:00:00.545(Timestamp), 内蒙古(String)
2021-02-13 00:38:03.567 DEBUG [http-nio-8081-exec-8]com.fxys.opinion_plus.mapper.BlogMapper.selectByNontive.debug:137 -==> Parameters: 1(Long), 2021-02-13 00:00:00.565(Timestamp), 2021-02-14 00:00:00.565(Timestamp)
2021-02-13 00:38:03.569 DEBUG [http-nio-8081-exec-10]com.fxys.opinion_plus.mapper.BlogMapper.selectByCountAll.debug:137 -<==      Total: 1
2021-02-13 00:38:03.569 DEBUG [http-nio-8081-exec-8]com.fxys.opinion_plus.mapper.BlogMapper.selectByNontive.debug:137 -<==      Total: 1
2021-02-13 00:38:03.570 DEBUG [http-nio-8081-exec-10]c.fxys.opinion_plus.mapper.BlogMapper.selectBySensitive.debug:137 -==>  Preparing: select count(*) from blog where kid=? and createTime >? and createTime <? and reason is not null
2021-02-13 00:38:03.570 DEBUG [http-nio-8081-exec-10]c.fxys.opinion_plus.mapper.BlogMapper.selectBySensitive.debug:137 -==> Parameters: 1(Long), 2021-02-13 02:00:00.569(Timestamp), 2021-02-13 04:00:00.569(Timestamp)
2021-02-13 00:38:03.579 DEBUG [http-nio-8081-exec-1]com.fxys.opinion_plus.mapper.BlogMapper.selectByArea.debug:137 -<==      Total: 1
2021-02-13 00:38:03.584 DEBUG [http-nio-8081-exec-1]com.fxys.opinion_plus.mapper.BlogMapper.selectByArea.debug:137 -==>  Preparing: select count(*) from blog where kid=? and createTime >? and createTime <? and area=?
2021-02-13 00:38:03.584 DEBUG [http-nio-8081-exec-8]com.fxys.opinion_plus.mapper.LogMapper.insertSelective.debug:137 -==>  Preparing: insert into log ( `uid`, url, params, status, message, `method`, `time`, ip, createTime, result ) values ( ?, ?, ?, ?, ?, ?, ?, ?, ?, ? )
2021-02-13 00:38:03.585 DEBUG [http-nio-8081-exec-10]c.fxys.opinion_plus.mapper.BlogMapper.selectBySensitive.debug:137 -<==      Total: 1
2021-02-13 00:38:03.586 DEBUG [http-nio-8081-exec-1]com.fxys.opinion_plus.mapper.BlogMapper.selectByArea.debug:137 -==> Parameters: 1(Long), 2021-02-13 00:00:00.545(Timestamp), 2021-02-14 00:00:00.545(Timestamp), 河北(String)
2021-02-13 00:38:03.586 DEBUG [http-nio-8081-exec-8]com.fxys.opinion_plus.mapper.LogMapper.insertSelective.debug:137 -==> Parameters: 10(Long), /api/blog/getSensitive(String), [BlogBaseReq(day=today, kid=1)](String), 0(Integer), 操作成功(String), POST(String), 43(Long), 127.0.0.1(String), 2021-02-13 00:38:03.57(Timestamp), [{"count":0,"data":"敏感事件"},{"count":0,"data":"非敏感事件"}](String)
2021-02-13 00:38:03.586 DEBUG [http-nio-8081-exec-10]com.fxys.opinion_plus.mapper.BlogMapper.selectByPositive.debug:137 -==>  Preparing: select count(*) from blog where kid=? and createTime >? and createTime <? and posOrNeg > 0
2021-02-13 00:38:03.587 DEBUG [http-nio-8081-exec-1]com.fxys.opinion_plus.mapper.BlogMapper.selectByArea.debug:137 -<==      Total: 1
2021-02-13 00:38:03.587 DEBUG [http-nio-8081-exec-8]com.fxys.opinion_plus.mapper.LogMapper.insertSelective.debug:137 -<==    Updates: 1
2021-02-13 00:38:03.587 DEBUG [http-nio-8081-exec-10]com.fxys.opinion_plus.mapper.BlogMapper.selectByPositive.debug:137 -==> Parameters: 1(Long), 2021-02-13 02:00:00.586(Timestamp), 2021-02-13 04:00:00.586(Timestamp)
2021-02-13 00:38:03.588 DEBUG [http-nio-8081-exec-1]com.fxys.opinion_plus.mapper.BlogMapper.selectByArea.debug:137 -==>  Preparing: select count(*) from blog where kid=? and createTime >? and createTime <? and area=?
2021-02-13 00:38:03.589 DEBUG [http-nio-8081-exec-1]com.fxys.opinion_plus.mapper.BlogMapper.selectByArea.debug:137 -==> Parameters: 1(Long), 2021-02-13 00:00:00.545(Timestamp), 2021-02-14 00:00:00.545(Timestamp), 天津(String)
2021-02-13 00:38:03.591 DEBUG [http-nio-8081-exec-1]com.fxys.opinion_plus.mapper.BlogMapper.selectByArea.debug:137 -<==      Total: 1
2021-02-13 00:38:03.592 DEBUG [http-nio-8081-exec-1]com.fxys.opinion_plus.mapper.BlogMapper.selectByArea.debug:137 -==>  Preparing: select count(*) from blog where kid=? and createTime >? and createTime <? and area=?
2021-02-13 00:38:03.593 DEBUG [http-nio-8081-exec-1]com.fxys.opinion_plus.mapper.BlogMapper.selectByArea.debug:137 -==> Parameters: 1(Long), 2021-02-13 00:00:00.545(Timestamp), 2021-02-14 00:00:00.545(Timestamp), 山东(String)
2021-02-13 00:38:03.594 DEBUG [http-nio-8081-exec-1]com.fxys.opinion_plus.mapper.BlogMapper.selectByArea.debug:137 -<==      Total: 1
2021-02-13 00:38:03.596 DEBUG [http-nio-8081-exec-1]com.fxys.opinion_plus.mapper.BlogMapper.selectByArea.debug:137 -==>  Preparing: select count(*) from blog where kid=? and createTime >? and createTime <? and area=?
2021-02-13 00:38:03.597 DEBUG [http-nio-8081-exec-1]com.fxys.opinion_plus.mapper.BlogMapper.selectByArea.debug:137 -==> Parameters: 1(Long), 2021-02-13 00:00:00.545(Timestamp), 2021-02-14 00:00:00.545(Timestamp), 北京(String)
2021-02-13 00:38:03.598 DEBUG [http-nio-8081-exec-10]com.fxys.opinion_plus.mapper.BlogMapper.selectByPositive.debug:137 -<==      Total: 1
2021-02-13 00:38:03.599 DEBUG [http-nio-8081-exec-1]com.fxys.opinion_plus.mapper.BlogMapper.selectByArea.debug:137 -<==      Total: 1
2021-02-13 00:38:03.599 DEBUG [http-nio-8081-exec-10]com.fxys.opinion_plus.mapper.BlogMapper.selectByCountAll.debug:137 -==>  Preparing: select count(*) from blog where kid=? and createTime >? and createTime <?
2021-02-13 00:38:03.599 DEBUG [http-nio-8081-exec-1]com.fxys.opinion_plus.mapper.BlogMapper.selectByArea.debug:137 -==>  Preparing: select count(*) from blog where kid=? and createTime >? and createTime <? and area=?
2021-02-13 00:38:03.600 DEBUG [http-nio-8081-exec-10]com.fxys.opinion_plus.mapper.BlogMapper.selectByCountAll.debug:137 -==> Parameters: 1(Long), 2021-02-13 04:00:00.599(Timestamp), 2021-02-13 06:00:00.599(Timestamp)
2021-02-13 00:38:03.600 DEBUG [http-nio-8081-exec-1]com.fxys.opinion_plus.mapper.BlogMapper.selectByArea.debug:137 -==> Parameters: 1(Long), 2021-02-13 00:00:00.545(Timestamp), 2021-02-14 00:00:00.545(Timestamp), 山西(String)
2021-02-13 00:38:03.601 DEBUG [http-nio-8081-exec-10]com.fxys.opinion_plus.mapper.BlogMapper.selectByCountAll.debug:137 -<==      Total: 1
2021-02-13 00:38:03.601 DEBUG [http-nio-8081-exec-1]com.fxys.opinion_plus.mapper.BlogMapper.selectByArea.debug:137 -<==      Total: 1
2021-02-13 00:38:03.602 DEBUG [http-nio-8081-exec-1]com.fxys.opinion_plus.mapper.BlogMapper.selectByArea.debug:137 -==>  Preparing: select count(*) from blog where kid=? and createTime >? and createTime <? and area=?
2021-02-13 00:38:03.602 DEBUG [http-nio-8081-exec-10]c.fxys.opinion_plus.mapper.BlogMapper.selectBySensitive.debug:137 -==>  Preparing: select count(*) from blog where kid=? and createTime >? and createTime <? and reason is not null
2021-02-13 00:38:03.603 DEBUG [http-nio-8081-exec-10]c.fxys.opinion_plus.mapper.BlogMapper.selectBySensitive.debug:137 -==> Parameters: 1(Long), 2021-02-13 04:00:00.602(Timestamp), 2021-02-13 06:00:00.602(Timestamp)
2021-02-13 00:38:03.603 DEBUG [http-nio-8081-exec-1]com.fxys.opinion_plus.mapper.BlogMapper.selectByArea.debug:137 -==> Parameters: 1(Long), 2021-02-13 00:00:00.545(Timestamp), 2021-02-14 00:00:00.545(Timestamp), 河南(String)
2021-02-13 00:38:03.603 DEBUG [http-nio-8081-exec-1]com.fxys.opinion_plus.mapper.BlogMapper.selectByArea.debug:137 -<==      Total: 1
2021-02-13 00:38:03.603 DEBUG [http-nio-8081-exec-10]c.fxys.opinion_plus.mapper.BlogMapper.selectBySensitive.debug:137 -<==      Total: 1
2021-02-13 00:38:03.604 DEBUG [http-nio-8081-exec-10]com.fxys.opinion_plus.mapper.BlogMapper.selectByPositive.debug:137 -==>  Preparing: select count(*) from blog where kid=? and createTime >? and createTime <? and posOrNeg > 0
2021-02-13 00:38:03.604 DEBUG [http-nio-8081-exec-1]com.fxys.opinion_plus.mapper.BlogMapper.selectByArea.debug:137 -==>  Preparing: select count(*) from blog where kid=? and createTime >? and createTime <? and area=?
2021-02-13 00:38:03.605 DEBUG [http-nio-8081-exec-1]com.fxys.opinion_plus.mapper.BlogMapper.selectByArea.debug:137 -==> Parameters: 1(Long), 2021-02-13 00:00:00.545(Timestamp), 2021-02-14 00:00:00.545(Timestamp), 安徽(String)
2021-02-13 00:38:03.605 DEBUG [http-nio-8081-exec-10]com.fxys.opinion_plus.mapper.BlogMapper.selectByPositive.debug:137 -==> Parameters: 1(Long), 2021-02-13 04:00:00.604(Timestamp), 2021-02-13 06:00:00.604(Timestamp)
2021-02-13 00:38:03.606 DEBUG [http-nio-8081-exec-1]com.fxys.opinion_plus.mapper.BlogMapper.selectByArea.debug:137 -<==      Total: 1
2021-02-13 00:38:03.606 DEBUG [http-nio-8081-exec-10]com.fxys.opinion_plus.mapper.BlogMapper.selectByPositive.debug:137 -<==      Total: 1
2021-02-13 00:38:03.606 DEBUG [http-nio-8081-exec-1]com.fxys.opinion_plus.mapper.BlogMapper.selectByArea.debug:137 -==>  Preparing: select count(*) from blog where kid=? and createTime >? and createTime <? and area=?
2021-02-13 00:38:03.606 DEBUG [http-nio-8081-exec-10]com.fxys.opinion_plus.mapper.BlogMapper.selectByCountAll.debug:137 -==>  Preparing: select count(*) from blog where kid=? and createTime >? and createTime <?
2021-02-13 00:38:03.607 DEBUG [http-nio-8081-exec-10]com.fxys.opinion_plus.mapper.BlogMapper.selectByCountAll.debug:137 -==> Parameters: 1(Long), 2021-02-13 06:00:00.606(Timestamp), 2021-02-13 08:00:00.606(Timestamp)
2021-02-13 00:38:03.607 DEBUG [http-nio-8081-exec-1]com.fxys.opinion_plus.mapper.BlogMapper.selectByArea.debug:137 -==> Parameters: 1(Long), 2021-02-13 00:00:00.545(Timestamp), 2021-02-14 00:00:00.545(Timestamp), 江苏(String)
2021-02-13 00:38:03.608 DEBUG [http-nio-8081-exec-10]com.fxys.opinion_plus.mapper.BlogMapper.selectByCountAll.debug:137 -<==      Total: 1
2021-02-13 00:38:03.609 DEBUG [http-nio-8081-exec-1]com.fxys.opinion_plus.mapper.BlogMapper.selectByArea.debug:137 -<==      Total: 1
2021-02-13 00:38:03.609 DEBUG [http-nio-8081-exec-10]c.fxys.opinion_plus.mapper.BlogMapper.selectBySensitive.debug:137 -==>  Preparing: select count(*) from blog where kid=? and createTime >? and createTime <? and reason is not null
2021-02-13 00:38:03.610 DEBUG [http-nio-8081-exec-10]c.fxys.opinion_plus.mapper.BlogMapper.selectBySensitive.debug:137 -==> Parameters: 1(Long), 2021-02-13 06:00:00.609(Timestamp), 2021-02-13 08:00:00.609(Timestamp)
2021-02-13 00:38:03.610 DEBUG [http-nio-8081-exec-1]com.fxys.opinion_plus.mapper.BlogMapper.selectByArea.debug:137 -==>  Preparing: select count(*) from blog where kid=? and createTime >? and createTime <? and area=?
2021-02-13 00:38:03.611 DEBUG [http-nio-8081-exec-1]com.fxys.opinion_plus.mapper.BlogMapper.selectByArea.debug:137 -==> Parameters: 1(Long), 2021-02-13 00:00:00.545(Timestamp), 2021-02-14 00:00:00.545(Timestamp), 上海(String)
2021-02-13 00:38:03.611 DEBUG [http-nio-8081-exec-10]c.fxys.opinion_plus.mapper.BlogMapper.selectBySensitive.debug:137 -<==      Total: 1
2021-02-13 00:38:03.612 DEBUG [http-nio-8081-exec-10]com.fxys.opinion_plus.mapper.BlogMapper.selectByPositive.debug:137 -==>  Preparing: select count(*) from blog where kid=? and createTime >? and createTime <? and posOrNeg > 0
2021-02-13 00:38:03.612 DEBUG [http-nio-8081-exec-1]com.fxys.opinion_plus.mapper.BlogMapper.selectByArea.debug:137 -<==      Total: 1
2021-02-13 00:38:03.613 DEBUG [http-nio-8081-exec-1]com.fxys.opinion_plus.mapper.BlogMapper.selectByArea.debug:137 -==>  Preparing: select count(*) from blog where kid=? and createTime >? and createTime <? and area=?
2021-02-13 00:38:03.613 DEBUG [http-nio-8081-exec-10]com.fxys.opinion_plus.mapper.BlogMapper.selectByPositive.debug:137 -==> Parameters: 1(Long), 2021-02-13 06:00:00.612(Timestamp), 2021-02-13 08:00:00.612(Timestamp)
2021-02-13 00:38:03.614 DEBUG [http-nio-8081-exec-1]com.fxys.opinion_plus.mapper.BlogMapper.selectByArea.debug:137 -==> Parameters: 1(Long), 2021-02-13 00:00:00.545(Timestamp), 2021-02-14 00:00:00.545(Timestamp), 浙江(String)
2021-02-13 00:38:03.614 DEBUG [http-nio-8081-exec-10]com.fxys.opinion_plus.mapper.BlogMapper.selectByPositive.debug:137 -<==      Total: 1
2021-02-13 00:38:03.615 DEBUG [http-nio-8081-exec-10]com.fxys.opinion_plus.mapper.BlogMapper.selectByCountAll.debug:137 -==>  Preparing: select count(*) from blog where kid=? and createTime >? and createTime <?
2021-02-13 00:38:03.615 DEBUG [http-nio-8081-exec-1]com.fxys.opinion_plus.mapper.BlogMapper.selectByArea.debug:137 -<==      Total: 1
2021-02-13 00:38:03.615 DEBUG [http-nio-8081-exec-10]com.fxys.opinion_plus.mapper.BlogMapper.selectByCountAll.debug:137 -==> Parameters: 1(Long), 2021-02-13 08:00:00.614(Timestamp), 2021-02-13 10:00:00.614(Timestamp)
2021-02-13 00:38:03.615 DEBUG [http-nio-8081-exec-1]com.fxys.opinion_plus.mapper.BlogMapper.selectByArea.debug:137 -==>  Preparing: select count(*) from blog where kid=? and createTime >? and createTime <? and area=?
2021-02-13 00:38:03.616 DEBUG [http-nio-8081-exec-1]com.fxys.opinion_plus.mapper.BlogMapper.selectByArea.debug:137 -==> Parameters: 1(Long), 2021-02-13 00:00:00.545(Timestamp), 2021-02-14 00:00:00.545(Timestamp), 宁夏(String)
2021-02-13 00:38:03.616 DEBUG [http-nio-8081-exec-10]com.fxys.opinion_plus.mapper.BlogMapper.selectByCountAll.debug:137 -<==      Total: 1
2021-02-13 00:38:03.617 DEBUG [http-nio-8081-exec-10]c.fxys.opinion_plus.mapper.BlogMapper.selectBySensitive.debug:137 -==>  Preparing: select count(*) from blog where kid=? and createTime >? and createTime <? and reason is not null
2021-02-13 00:38:03.617 DEBUG [http-nio-8081-exec-1]com.fxys.opinion_plus.mapper.BlogMapper.selectByArea.debug:137 -<==      Total: 1
2021-02-13 00:38:03.618 DEBUG [http-nio-8081-exec-10]c.fxys.opinion_plus.mapper.BlogMapper.selectBySensitive.debug:137 -==> Parameters: 1(Long), 2021-02-13 08:00:00.617(Timestamp), 2021-02-13 10:00:00.617(Timestamp)
2021-02-13 00:38:03.618 DEBUG [http-nio-8081-exec-1]com.fxys.opinion_plus.mapper.BlogMapper.selectByArea.debug:137 -==>  Preparing: select count(*) from blog where kid=? and createTime >? and createTime <? and area=?
2021-02-13 00:38:03.619 DEBUG [http-nio-8081-exec-1]com.fxys.opinion_plus.mapper.BlogMapper.selectByArea.debug:137 -==> Parameters: 1(Long), 2021-02-13 00:00:00.545(Timestamp), 2021-02-14 00:00:00.545(Timestamp), 陕西(String)
2021-02-13 00:38:03.619 DEBUG [http-nio-8081-exec-10]c.fxys.opinion_plus.mapper.BlogMapper.selectBySensitive.debug:137 -<==      Total: 1
2021-02-13 00:38:03.621 DEBUG [http-nio-8081-exec-10]com.fxys.opinion_plus.mapper.BlogMapper.selectByPositive.debug:137 -==>  Preparing: select count(*) from blog where kid=? and createTime >? and createTime <? and posOrNeg > 0
2021-02-13 00:38:03.622 DEBUG [http-nio-8081-exec-1]com.fxys.opinion_plus.mapper.BlogMapper.selectByArea.debug:137 -<==      Total: 1
2021-02-13 00:38:03.623 DEBUG [http-nio-8081-exec-10]com.fxys.opinion_plus.mapper.BlogMapper.selectByPositive.debug:137 -==> Parameters: 1(Long), 2021-02-13 08:00:00.621(Timestamp), 2021-02-13 10:00:00.621(Timestamp)
2021-02-13 00:38:03.623 DEBUG [http-nio-8081-exec-1]com.fxys.opinion_plus.mapper.BlogMapper.selectByArea.debug:137 -==>  Preparing: select count(*) from blog where kid=? and createTime >? and createTime <? and area=?
2021-02-13 00:38:03.626 DEBUG [http-nio-8081-exec-1]com.fxys.opinion_plus.mapper.BlogMapper.selectByArea.debug:137 -==> Parameters: 1(Long), 2021-02-13 00:00:00.545(Timestamp), 2021-02-14 00:00:00.545(Timestamp), 湖北(String)
2021-02-13 00:38:03.626 DEBUG [http-nio-8081-exec-10]com.fxys.opinion_plus.mapper.BlogMapper.selectByPositive.debug:137 -<==      Total: 1
2021-02-13 00:38:03.629 DEBUG [http-nio-8081-exec-10]com.fxys.opinion_plus.mapper.BlogMapper.selectByCountAll.debug:137 -==>  Preparing: select count(*) from blog where kid=? and createTime >? and createTime <?
2021-02-13 00:38:03.629 DEBUG [http-nio-8081-exec-1]com.fxys.opinion_plus.mapper.BlogMapper.selectByArea.debug:137 -<==      Total: 1
2021-02-13 00:38:03.630 DEBUG [http-nio-8081-exec-1]com.fxys.opinion_plus.mapper.BlogMapper.selectByArea.debug:137 -==>  Preparing: select count(*) from blog where kid=? and createTime >? and createTime <? and area=?
2021-02-13 00:38:03.630 DEBUG [http-nio-8081-exec-10]com.fxys.opinion_plus.mapper.BlogMapper.selectByCountAll.debug:137 -==> Parameters: 1(Long), 2021-02-13 10:00:00.628(Timestamp), 2021-02-13 12:00:00.628(Timestamp)
2021-02-13 00:38:03.630 DEBUG [http-nio-8081-exec-1]com.fxys.opinion_plus.mapper.BlogMapper.selectByArea.debug:137 -==> Parameters: 1(Long), 2021-02-13 00:00:00.545(Timestamp), 2021-02-14 00:00:00.545(Timestamp), 江西(String)
2021-02-13 00:38:03.631 DEBUG [http-nio-8081-exec-10]com.fxys.opinion_plus.mapper.BlogMapper.selectByCountAll.debug:137 -<==      Total: 1
2021-02-13 00:38:03.631 DEBUG [http-nio-8081-exec-1]com.fxys.opinion_plus.mapper.BlogMapper.selectByArea.debug:137 -<==      Total: 1
2021-02-13 00:38:03.632 DEBUG [http-nio-8081-exec-10]c.fxys.opinion_plus.mapper.BlogMapper.selectBySensitive.debug:137 -==>  Preparing: select count(*) from blog where kid=? and createTime >? and createTime <? and reason is not null
2021-02-13 00:38:03.632 DEBUG [http-nio-8081-exec-1]com.fxys.opinion_plus.mapper.BlogMapper.selectByArea.debug:137 -==>  Preparing: select count(*) from blog where kid=? and createTime >? and createTime <? and area=?
2021-02-13 00:38:03.632 DEBUG [http-nio-8081-exec-10]c.fxys.opinion_plus.mapper.BlogMapper.selectBySensitive.debug:137 -==> Parameters: 1(Long), 2021-02-13 10:00:00.631(Timestamp), 2021-02-13 12:00:00.631(Timestamp)
2021-02-13 00:38:03.633 DEBUG [http-nio-8081-exec-1]com.fxys.opinion_plus.mapper.BlogMapper.selectByArea.debug:137 -==> Parameters: 1(Long), 2021-02-13 00:00:00.545(Timestamp), 2021-02-14 00:00:00.545(Timestamp), 福建(String)
2021-02-13 00:38:03.634 DEBUG [http-nio-8081-exec-10]c.fxys.opinion_plus.mapper.BlogMapper.selectBySensitive.debug:137 -<==      Total: 1
2021-02-13 00:38:03.634 DEBUG [http-nio-8081-exec-1]com.fxys.opinion_plus.mapper.BlogMapper.selectByArea.debug:137 -<==      Total: 1
2021-02-13 00:38:03.634 DEBUG [http-nio-8081-exec-10]com.fxys.opinion_plus.mapper.BlogMapper.selectByPositive.debug:137 -==>  Preparing: select count(*) from blog where kid=? and createTime >? and createTime <? and posOrNeg > 0
2021-02-13 00:38:03.635 DEBUG [http-nio-8081-exec-1]com.fxys.opinion_plus.mapper.BlogMapper.selectByArea.debug:137 -==>  Preparing: select count(*) from blog where kid=? and createTime >? and createTime <? and area=?
2021-02-13 00:38:03.635 DEBUG [http-nio-8081-exec-10]com.fxys.opinion_plus.mapper.BlogMapper.selectByPositive.debug:137 -==> Parameters: 1(Long), 2021-02-13 10:00:00.634(Timestamp), 2021-02-13 12:00:00.634(Timestamp)
2021-02-13 00:38:03.636 DEBUG [http-nio-8081-exec-1]com.fxys.opinion_plus.mapper.BlogMapper.selectByArea.debug:137 -==> Parameters: 1(Long), 2021-02-13 00:00:00.545(Timestamp), 2021-02-14 00:00:00.545(Timestamp), 台湾(String)
2021-02-13 00:38:03.636 DEBUG [http-nio-8081-exec-10]com.fxys.opinion_plus.mapper.BlogMapper.selectByPositive.debug:137 -<==      Total: 1
2021-02-13 00:38:03.637 DEBUG [http-nio-8081-exec-1]com.fxys.opinion_plus.mapper.BlogMapper.selectByArea.debug:137 -<==      Total: 1
2021-02-13 00:38:03.637 DEBUG [http-nio-8081-exec-10]com.fxys.opinion_plus.mapper.BlogMapper.selectByCountAll.debug:137 -==>  Preparing: select count(*) from blog where kid=? and createTime >? and createTime <?
2021-02-13 00:38:03.638 DEBUG [http-nio-8081-exec-1]com.fxys.opinion_plus.mapper.BlogMapper.selectByArea.debug:137 -==>  Preparing: select count(*) from blog where kid=? and createTime >? and createTime <? and area=?
2021-02-13 00:38:03.638 DEBUG [http-nio-8081-exec-10]com.fxys.opinion_plus.mapper.BlogMapper.selectByCountAll.debug:137 -==> Parameters: 1(Long), 2021-02-13 12:00:00.637(Timestamp), 2021-02-13 14:00:00.637(Timestamp)
2021-02-13 00:38:03.639 DEBUG [http-nio-8081-exec-1]com.fxys.opinion_plus.mapper.BlogMapper.selectByArea.debug:137 -==> Parameters: 1(Long), 2021-02-13 00:00:00.545(Timestamp), 2021-02-14 00:00:00.545(Timestamp), 甘肃(String)
2021-02-13 00:38:03.639 DEBUG [http-nio-8081-exec-10]com.fxys.opinion_plus.mapper.BlogMapper.selectByCountAll.debug:137 -<==      Total: 1
2021-02-13 00:38:03.640 DEBUG [http-nio-8081-exec-1]com.fxys.opinion_plus.mapper.BlogMapper.selectByArea.debug:137 -<==      Total: 1
2021-02-13 00:38:03.640 DEBUG [http-nio-8081-exec-10]c.fxys.opinion_plus.mapper.BlogMapper.selectBySensitive.debug:137 -==>  Preparing: select count(*) from blog where kid=? and createTime >? and createTime <? and reason is not null
2021-02-13 00:38:03.640 DEBUG [http-nio-8081-exec-1]com.fxys.opinion_plus.mapper.BlogMapper.selectByArea.debug:137 -==>  Preparing: select count(*) from blog where kid=? and createTime >? and createTime <? and area=?
2021-02-13 00:38:03.640 DEBUG [http-nio-8081-exec-10]c.fxys.opinion_plus.mapper.BlogMapper.selectBySensitive.debug:137 -==> Parameters: 1(Long), 2021-02-13 12:00:00.64(Timestamp), 2021-02-13 14:00:00.64(Timestamp)
2021-02-13 00:38:03.641 DEBUG [http-nio-8081-exec-1]com.fxys.opinion_plus.mapper.BlogMapper.selectByArea.debug:137 -==> Parameters: 1(Long), 2021-02-13 00:00:00.545(Timestamp), 2021-02-14 00:00:00.545(Timestamp), 四川(String)
2021-02-13 00:38:03.642 DEBUG [http-nio-8081-exec-10]c.fxys.opinion_plus.mapper.BlogMapper.selectBySensitive.debug:137 -<==      Total: 1
2021-02-13 00:38:03.642 DEBUG [http-nio-8081-exec-1]com.fxys.opinion_plus.mapper.BlogMapper.selectByArea.debug:137 -<==      Total: 1
2021-02-13 00:38:03.643 DEBUG [http-nio-8081-exec-10]com.fxys.opinion_plus.mapper.BlogMapper.selectByPositive.debug:137 -==>  Preparing: select count(*) from blog where kid=? and createTime >? and createTime <? and posOrNeg > 0
2021-02-13 00:38:03.644 DEBUG [http-nio-8081-exec-1]com.fxys.opinion_plus.mapper.BlogMapper.selectByArea.debug:137 -==>  Preparing: select count(*) from blog where kid=? and createTime >? and createTime <? and area=?
2021-02-13 00:38:03.645 DEBUG [http-nio-8081-exec-10]com.fxys.opinion_plus.mapper.BlogMapper.selectByPositive.debug:137 -==> Parameters: 1(Long), 2021-02-13 12:00:00.642(Timestamp), 2021-02-13 14:00:00.643(Timestamp)
2021-02-13 00:38:03.646 DEBUG [http-nio-8081-exec-1]com.fxys.opinion_plus.mapper.BlogMapper.selectByArea.debug:137 -==> Parameters: 1(Long), 2021-02-13 00:00:00.545(Timestamp), 2021-02-14 00:00:00.545(Timestamp), 重庆(String)
2021-02-13 00:38:03.647 DEBUG [http-nio-8081-exec-10]com.fxys.opinion_plus.mapper.BlogMapper.selectByPositive.debug:137 -<==      Total: 1
2021-02-13 00:38:03.647 DEBUG [http-nio-8081-exec-1]com.fxys.opinion_plus.mapper.BlogMapper.selectByArea.debug:137 -<==      Total: 1
2021-02-13 00:38:03.648 DEBUG [http-nio-8081-exec-1]com.fxys.opinion_plus.mapper.BlogMapper.selectByArea.debug:137 -==>  Preparing: select count(*) from blog where kid=? and createTime >? and createTime <? and area=?
2021-02-13 00:38:03.648 DEBUG [http-nio-8081-exec-10]com.fxys.opinion_plus.mapper.BlogMapper.selectByCountAll.debug:137 -==>  Preparing: select count(*) from blog where kid=? and createTime >? and createTime <?
2021-02-13 00:38:03.649 DEBUG [http-nio-8081-exec-10]com.fxys.opinion_plus.mapper.BlogMapper.selectByCountAll.debug:137 -==> Parameters: 1(Long), 2021-02-13 14:00:00.648(Timestamp), 2021-02-13 16:00:00.648(Timestamp)
2021-02-13 00:38:03.649 DEBUG [http-nio-8081-exec-1]com.fxys.opinion_plus.mapper.BlogMapper.selectByArea.debug:137 -==> Parameters: 1(Long), 2021-02-13 00:00:00.545(Timestamp), 2021-02-14 00:00:00.545(Timestamp), 湖南(String)
2021-02-13 00:38:03.651 DEBUG [http-nio-8081-exec-1]com.fxys.opinion_plus.mapper.BlogMapper.selectByArea.debug:137 -<==      Total: 1
2021-02-13 00:38:03.653 DEBUG [http-nio-8081-exec-10]com.fxys.opinion_plus.mapper.BlogMapper.selectByCountAll.debug:137 -<==      Total: 1
2021-02-13 00:38:03.653 DEBUG [http-nio-8081-exec-1]com.fxys.opinion_plus.mapper.BlogMapper.selectByArea.debug:137 -==>  Preparing: select count(*) from blog where kid=? and createTime >? and createTime <? and area=?
2021-02-13 00:38:03.654 DEBUG [http-nio-8081-exec-1]com.fxys.opinion_plus.mapper.BlogMapper.selectByArea.debug:137 -==> Parameters: 1(Long), 2021-02-13 00:00:00.545(Timestamp), 2021-02-14 00:00:00.545(Timestamp), 广东(String)
2021-02-13 00:38:03.654 DEBUG [http-nio-8081-exec-10]c.fxys.opinion_plus.mapper.BlogMapper.selectBySensitive.debug:137 -==>  Preparing: select count(*) from blog where kid=? and createTime >? and createTime <? and reason is not null
2021-02-13 00:38:03.655 DEBUG [http-nio-8081-exec-10]c.fxys.opinion_plus.mapper.BlogMapper.selectBySensitive.debug:137 -==> Parameters: 1(Long), 2021-02-13 14:00:00.654(Timestamp), 2021-02-13 16:00:00.654(Timestamp)
2021-02-13 00:38:03.655 DEBUG [http-nio-8081-exec-1]com.fxys.opinion_plus.mapper.BlogMapper.selectByArea.debug:137 -<==      Total: 1
2021-02-13 00:38:03.656 DEBUG [http-nio-8081-exec-10]c.fxys.opinion_plus.mapper.BlogMapper.selectBySensitive.debug:137 -<==      Total: 1
2021-02-13 00:38:03.656 DEBUG [http-nio-8081-exec-1]com.fxys.opinion_plus.mapper.BlogMapper.selectByArea.debug:137 -==>  Preparing: select count(*) from blog where kid=? and createTime >? and createTime <? and area=?
2021-02-13 00:38:03.657 DEBUG [http-nio-8081-exec-1]com.fxys.opinion_plus.mapper.BlogMapper.selectByArea.debug:137 -==> Parameters: 1(Long), 2021-02-13 00:00:00.545(Timestamp), 2021-02-14 00:00:00.545(Timestamp), 澳门(String)
2021-02-13 00:38:03.657 DEBUG [http-nio-8081-exec-10]com.fxys.opinion_plus.mapper.BlogMapper.selectByPositive.debug:137 -==>  Preparing: select count(*) from blog where kid=? and createTime >? and createTime <? and posOrNeg > 0
2021-02-13 00:38:03.658 DEBUG [http-nio-8081-exec-1]com.fxys.opinion_plus.mapper.BlogMapper.selectByArea.debug:137 -<==      Total: 1
2021-02-13 00:38:03.659 DEBUG [http-nio-8081-exec-10]com.fxys.opinion_plus.mapper.BlogMapper.selectByPositive.debug:137 -==> Parameters: 1(Long), 2021-02-13 14:00:00.657(Timestamp), 2021-02-13 16:00:00.657(Timestamp)
2021-02-13 00:38:03.660 DEBUG [http-nio-8081-exec-1]com.fxys.opinion_plus.mapper.BlogMapper.selectByArea.debug:137 -==>  Preparing: select count(*) from blog where kid=? and createTime >? and createTime <? and area=?
2021-02-13 00:38:03.662 DEBUG [http-nio-8081-exec-10]com.fxys.opinion_plus.mapper.BlogMapper.selectByPositive.debug:137 -<==      Total: 1
2021-02-13 00:38:03.662 DEBUG [http-nio-8081-exec-1]com.fxys.opinion_plus.mapper.BlogMapper.selectByArea.debug:137 -==> Parameters: 1(Long), 2021-02-13 00:00:00.545(Timestamp), 2021-02-14 00:00:00.545(Timestamp), 香港(String)
2021-02-13 00:38:03.664 DEBUG [http-nio-8081-exec-10]com.fxys.opinion_plus.mapper.BlogMapper.selectByCountAll.debug:137 -==>  Preparing: select count(*) from blog where kid=? and createTime >? and createTime <?
2021-02-13 00:38:03.666 DEBUG [http-nio-8081-exec-1]com.fxys.opinion_plus.mapper.BlogMapper.selectByArea.debug:137 -<==      Total: 1
2021-02-13 00:38:03.666 DEBUG [http-nio-8081-exec-10]com.fxys.opinion_plus.mapper.BlogMapper.selectByCountAll.debug:137 -==> Parameters: 1(Long), 2021-02-13 16:00:00.663(Timestamp), 2021-02-13 18:00:00.663(Timestamp)
2021-02-13 00:38:03.667 DEBUG [http-nio-8081-exec-1]com.fxys.opinion_plus.mapper.BlogMapper.selectByArea.debug:137 -==>  Preparing: select count(*) from blog where kid=? and createTime >? and createTime <? and area=?
2021-02-13 00:38:03.668 DEBUG [http-nio-8081-exec-1]com.fxys.opinion_plus.mapper.BlogMapper.selectByArea.debug:137 -==> Parameters: 1(Long), 2021-02-13 00:00:00.545(Timestamp), 2021-02-14 00:00:00.545(Timestamp), 贵州(String)
2021-02-13 00:38:03.669 DEBUG [http-nio-8081-exec-10]com.fxys.opinion_plus.mapper.BlogMapper.selectByCountAll.debug:137 -<==      Total: 1
2021-02-13 00:38:03.670 DEBUG [http-nio-8081-exec-1]com.fxys.opinion_plus.mapper.BlogMapper.selectByArea.debug:137 -<==      Total: 1
2021-02-13 00:38:03.670 DEBUG [http-nio-8081-exec-10]c.fxys.opinion_plus.mapper.BlogMapper.selectBySensitive.debug:137 -==>  Preparing: select count(*) from blog where kid=? and createTime >? and createTime <? and reason is not null
2021-02-13 00:38:03.671 DEBUG [http-nio-8081-exec-1]com.fxys.opinion_plus.mapper.BlogMapper.selectByArea.debug:137 -==>  Preparing: select count(*) from blog where kid=? and createTime >? and createTime <? and area=?
2021-02-13 00:38:03.672 DEBUG [http-nio-8081-exec-10]c.fxys.opinion_plus.mapper.BlogMapper.selectBySensitive.debug:137 -==> Parameters: 1(Long), 2021-02-13 16:00:00.67(Timestamp), 2021-02-13 18:00:00.67(Timestamp)
2021-02-13 00:38:03.672 DEBUG [http-nio-8081-exec-1]com.fxys.opinion_plus.mapper.BlogMapper.selectByArea.debug:137 -==> Parameters: 1(Long), 2021-02-13 00:00:00.545(Timestamp), 2021-02-14 00:00:00.545(Timestamp), 广西(String)
2021-02-13 00:38:03.676 DEBUG [http-nio-8081-exec-10]c.fxys.opinion_plus.mapper.BlogMapper.selectBySensitive.debug:137 -<==      Total: 1
2021-02-13 00:38:03.677 DEBUG [http-nio-8081-exec-1]com.fxys.opinion_plus.mapper.BlogMapper.selectByArea.debug:137 -<==      Total: 1
2021-02-13 00:38:03.679 DEBUG [http-nio-8081-exec-10]com.fxys.opinion_plus.mapper.BlogMapper.selectByPositive.debug:137 -==>  Preparing: select count(*) from blog where kid=? and createTime >? and createTime <? and posOrNeg > 0
2021-02-13 00:38:03.679 DEBUG [http-nio-8081-exec-1]com.fxys.opinion_plus.mapper.BlogMapper.selectByArea.debug:137 -==>  Preparing: select count(*) from blog where kid=? and createTime >? and createTime <? and area=?
2021-02-13 00:38:03.680 DEBUG [http-nio-8081-exec-1]com.fxys.opinion_plus.mapper.BlogMapper.selectByArea.debug:137 -==> Parameters: 1(Long), 2021-02-13 00:00:00.545(Timestamp), 2021-02-14 00:00:00.545(Timestamp), 海南(String)
2021-02-13 00:38:03.680 DEBUG [http-nio-8081-exec-10]com.fxys.opinion_plus.mapper.BlogMapper.selectByPositive.debug:137 -==> Parameters: 1(Long), 2021-02-13 16:00:00.678(Timestamp), 2021-02-13 18:00:00.678(Timestamp)
2021-02-13 00:38:03.682 DEBUG [http-nio-8081-exec-1]com.fxys.opinion_plus.mapper.BlogMapper.selectByArea.debug:137 -<==      Total: 1
2021-02-13 00:38:03.682 DEBUG [http-nio-8081-exec-10]com.fxys.opinion_plus.mapper.BlogMapper.selectByPositive.debug:137 -<==      Total: 1
2021-02-13 00:38:03.683 DEBUG [http-nio-8081-exec-1]com.fxys.opinion_plus.mapper.BlogMapper.selectByArea.debug:137 -==>  Preparing: select count(*) from blog where kid=? and createTime >? and createTime <? and area=?
2021-02-13 00:38:03.683 DEBUG [http-nio-8081-exec-10]com.fxys.opinion_plus.mapper.BlogMapper.selectByCountAll.debug:137 -==>  Preparing: select count(*) from blog where kid=? and createTime >? and createTime <?
2021-02-13 00:38:03.685 DEBUG [http-nio-8081-exec-10]com.fxys.opinion_plus.mapper.BlogMapper.selectByCountAll.debug:137 -==> Parameters: 1(Long), 2021-02-13 18:00:00.683(Timestamp), 2021-02-13 20:00:00.683(Timestamp)
2021-02-13 00:38:03.685 DEBUG [http-nio-8081-exec-1]com.fxys.opinion_plus.mapper.BlogMapper.selectByArea.debug:137 -==> Parameters: 1(Long), 2021-02-13 00:00:00.545(Timestamp), 2021-02-14 00:00:00.545(Timestamp), 青海(String)
2021-02-13 00:38:03.687 DEBUG [http-nio-8081-exec-1]com.fxys.opinion_plus.mapper.BlogMapper.selectByArea.debug:137 -<==      Total: 1
2021-02-13 00:38:03.687 DEBUG [http-nio-8081-exec-10]com.fxys.opinion_plus.mapper.BlogMapper.selectByCountAll.debug:137 -<==      Total: 1
2021-02-13 00:38:03.688 DEBUG [http-nio-8081-exec-10]c.fxys.opinion_plus.mapper.BlogMapper.selectBySensitive.debug:137 -==>  Preparing: select count(*) from blog where kid=? and createTime >? and createTime <? and reason is not null
2021-02-13 00:38:03.688 DEBUG [http-nio-8081-exec-1]com.fxys.opinion_plus.mapper.BlogMapper.selectByArea.debug:137 -==>  Preparing: select count(*) from blog where kid=? and createTime >? and createTime <? and area=?
2021-02-13 00:38:03.689 DEBUG [http-nio-8081-exec-1]com.fxys.opinion_plus.mapper.BlogMapper.selectByArea.debug:137 -==> Parameters: 1(Long), 2021-02-13 00:00:00.545(Timestamp), 2021-02-14 00:00:00.545(Timestamp), 西藏(String)
2021-02-13 00:38:03.689 DEBUG [http-nio-8081-exec-10]c.fxys.opinion_plus.mapper.BlogMapper.selectBySensitive.debug:137 -==> Parameters: 1(Long), 2021-02-13 18:00:00.688(Timestamp), 2021-02-13 20:00:00.688(Timestamp)
2021-02-13 00:38:03.690 DEBUG [http-nio-8081-exec-1]com.fxys.opinion_plus.mapper.BlogMapper.selectByArea.debug:137 -<==      Total: 1
2021-02-13 00:38:03.690 DEBUG [http-nio-8081-exec-10]c.fxys.opinion_plus.mapper.BlogMapper.selectBySensitive.debug:137 -<==      Total: 1
2021-02-13 00:38:03.691 DEBUG [http-nio-8081-exec-1]com.fxys.opinion_plus.mapper.BlogMapper.selectByArea.debug:137 -==>  Preparing: select count(*) from blog where kid=? and createTime >? and createTime <? and area=?
2021-02-13 00:38:03.691 DEBUG [http-nio-8081-exec-10]com.fxys.opinion_plus.mapper.BlogMapper.selectByPositive.debug:137 -==>  Preparing: select count(*) from blog where kid=? and createTime >? and createTime <? and posOrNeg > 0
2021-02-13 00:38:03.692 DEBUG [http-nio-8081-exec-1]com.fxys.opinion_plus.mapper.BlogMapper.selectByArea.debug:137 -==> Parameters: 1(Long), 2021-02-13 00:00:00.545(Timestamp), 2021-02-14 00:00:00.545(Timestamp), 新疆(String)
2021-02-13 00:38:03.692 DEBUG [http-nio-8081-exec-10]com.fxys.opinion_plus.mapper.BlogMapper.selectByPositive.debug:137 -==> Parameters: 1(Long), 2021-02-13 18:00:00.691(Timestamp), 2021-02-13 20:00:00.691(Timestamp)
2021-02-13 00:38:03.695 DEBUG [http-nio-8081-exec-1]com.fxys.opinion_plus.mapper.BlogMapper.selectByArea.debug:137 -<==      Total: 1
2021-02-13 00:38:03.696 DEBUG [http-nio-8081-exec-10]com.fxys.opinion_plus.mapper.BlogMapper.selectByPositive.debug:137 -<==      Total: 1
2021-02-13 00:38:03.696 DEBUG [http-nio-8081-exec-1]com.fxys.opinion_plus.mapper.BlogMapper.selectByArea.debug:137 -==>  Preparing: select count(*) from blog where kid=? and createTime >? and createTime <? and area=?
2021-02-13 00:38:03.697 DEBUG [http-nio-8081-exec-10]com.fxys.opinion_plus.mapper.BlogMapper.selectByCountAll.debug:137 -==>  Preparing: select count(*) from blog where kid=? and createTime >? and createTime <?
2021-02-13 00:38:03.697 DEBUG [http-nio-8081-exec-1]com.fxys.opinion_plus.mapper.BlogMapper.selectByArea.debug:137 -==> Parameters: 1(Long), 2021-02-13 00:00:00.545(Timestamp), 2021-02-14 00:00:00.545(Timestamp), 云南(String)
2021-02-13 00:38:03.699 DEBUG [http-nio-8081-exec-10]com.fxys.opinion_plus.mapper.BlogMapper.selectByCountAll.debug:137 -==> Parameters: 1(Long), 2021-02-13 20:00:00.696(Timestamp), 2021-02-13 22:00:00.696(Timestamp)
2021-02-13 00:38:03.699 DEBUG [http-nio-8081-exec-1]com.fxys.opinion_plus.mapper.BlogMapper.selectByArea.debug:137 -<==      Total: 1
2021-02-13 00:38:03.700 DEBUG [http-nio-8081-exec-10]com.fxys.opinion_plus.mapper.BlogMapper.selectByCountAll.debug:137 -<==      Total: 1
2021-02-13 00:38:03.702 DEBUG [http-nio-8081-exec-10]c.fxys.opinion_plus.mapper.BlogMapper.selectBySensitive.debug:137 -==>  Preparing: select count(*) from blog where kid=? and createTime >? and createTime <? and reason is not null
2021-02-13 00:38:03.704 DEBUG [http-nio-8081-exec-1]com.fxys.opinion_plus.mapper.LogMapper.insertSelective.debug:137 -==>  Preparing: insert into log ( `uid`, url, params, status, message, `method`, `time`, ip, createTime, result ) values ( ?, ?, ?, ?, ?, ?, ?, ?, ?, ? )
2021-02-13 00:38:03.705 DEBUG [http-nio-8081-exec-1]com.fxys.opinion_plus.mapper.LogMapper.insertSelective.debug:137 -==> Parameters: 10(Long), /api/blog/getMap(String), [BlogBaseReq(day=today, kid=1)](String), 0(Integer), 操作成功(String), POST(String), 160(Long), 127.0.0.1(String), 2021-02-13 00:38:03.702(Timestamp), [{"count":0,"data":"黑龙江"},{"count":0,"data":"吉林"},{"count":0,"data":"辽宁"},{"count":0,"data":"内蒙古"},{"count":0,"data":"河北"},{"count":0,"data":"天津"},{"count":0,"data":"山东"},{"count":0,"data":"北京"},{"count":0,"data":"山西"},{"count":0,"data":"河南"},{"count":0,"data":"安徽"},{"count":0,"data":"江苏"},{"count":0,"data":"上海"},{"count":0,"data":"浙江"},{"count":0,"data":"宁夏"},{"count":0,"data":"陕西"},{"count":0,"data":"湖北"},{"count":0,"data":"江西"},{"count":0,"data":"福建"},{"count":0,"data":"台湾"},{"count":0,"data":"甘肃"},{"count":0,"data":"四川"},{"count":0,"data":"重庆"},{"count":0,"data":"湖南"},{"count":0,"data":"广东"},{"count":0,"data":"澳门"},{"count":0,"data":"香港"},{"count":0,"data":"贵州"},{"count":0,"data":"广西"},{"count":0,"data":"海南"},{"count":0,"data":"青海"},{"count":0,"data":"西藏"},{"count":0,"data":"新疆"},{"count":0,"data":"云南"}](String)
2021-02-13 00:38:03.707 DEBUG [http-nio-8081-exec-1]com.fxys.opinion_plus.mapper.LogMapper.insertSelective.debug:137 -<==    Updates: 1
2021-02-13 00:38:03.708 DEBUG [http-nio-8081-exec-10]c.fxys.opinion_plus.mapper.BlogMapper.selectBySensitive.debug:137 -==> Parameters: 1(Long), 2021-02-13 20:00:00.701(Timestamp), 2021-02-13 22:00:00.701(Timestamp)
2021-02-13 00:38:03.709 DEBUG [http-nio-8081-exec-10]c.fxys.opinion_plus.mapper.BlogMapper.selectBySensitive.debug:137 -<==      Total: 1
2021-02-13 00:38:03.711 DEBUG [http-nio-8081-exec-10]com.fxys.opinion_plus.mapper.BlogMapper.selectByPositive.debug:137 -==>  Preparing: select count(*) from blog where kid=? and createTime >? and createTime <? and posOrNeg > 0
2021-02-13 00:38:03.713 DEBUG [http-nio-8081-exec-10]com.fxys.opinion_plus.mapper.BlogMapper.selectByPositive.debug:137 -==> Parameters: 1(Long), 2021-02-13 20:00:00.71(Timestamp), 2021-02-13 22:00:00.711(Timestamp)
2021-02-13 00:38:03.715 DEBUG [http-nio-8081-exec-10]com.fxys.opinion_plus.mapper.BlogMapper.selectByPositive.debug:137 -<==      Total: 1
2021-02-13 00:38:03.715 DEBUG [http-nio-8081-exec-10]com.fxys.opinion_plus.mapper.BlogMapper.selectByCountAll.debug:137 -==>  Preparing: select count(*) from blog where kid=? and createTime >? and createTime <?
2021-02-13 00:38:03.717 DEBUG [http-nio-8081-exec-10]com.fxys.opinion_plus.mapper.BlogMapper.selectByCountAll.debug:137 -==> Parameters: 1(Long), 2021-02-13 22:00:00.715(Timestamp), 2021-02-14 00:00:00.715(Timestamp)
2021-02-13 00:38:03.719 DEBUG [http-nio-8081-exec-10]com.fxys.opinion_plus.mapper.BlogMapper.selectByCountAll.debug:137 -<==      Total: 1
2021-02-13 00:38:03.720 DEBUG [http-nio-8081-exec-10]c.fxys.opinion_plus.mapper.BlogMapper.selectBySensitive.debug:137 -==>  Preparing: select count(*) from blog where kid=? and createTime >? and createTime <? and reason is not null
2021-02-13 00:38:03.721 DEBUG [http-nio-8081-exec-10]c.fxys.opinion_plus.mapper.BlogMapper.selectBySensitive.debug:137 -==> Parameters: 1(Long), 2021-02-13 22:00:00.72(Timestamp), 2021-02-14 00:00:00.72(Timestamp)
2021-02-13 00:38:03.722 DEBUG [http-nio-8081-exec-10]c.fxys.opinion_plus.mapper.BlogMapper.selectBySensitive.debug:137 -<==      Total: 1
2021-02-13 00:38:03.722 DEBUG [http-nio-8081-exec-10]com.fxys.opinion_plus.mapper.BlogMapper.selectByPositive.debug:137 -==>  Preparing: select count(*) from blog where kid=? and createTime >? and createTime <? and posOrNeg > 0
2021-02-13 00:38:03.723 DEBUG [http-nio-8081-exec-10]com.fxys.opinion_plus.mapper.BlogMapper.selectByPositive.debug:137 -==> Parameters: 1(Long), 2021-02-13 22:00:00.722(Timestamp), 2021-02-14 00:00:00.722(Timestamp)
2021-02-13 00:38:03.724 DEBUG [http-nio-8081-exec-10]com.fxys.opinion_plus.mapper.BlogMapper.selectByPositive.debug:137 -<==      Total: 1
2021-02-13 00:38:03.732 DEBUG [http-nio-8081-exec-10]com.fxys.opinion_plus.mapper.LogMapper.insertSelective.debug:137 -==>  Preparing: insert into log ( `uid`, url, params, status, message, `method`, `time`, ip, createTime, result ) values ( ?, ?, ?, ?, ?, ?, ?, ?, ?, ? )
2021-02-13 00:38:03.734 DEBUG [http-nio-8081-exec-10]com.fxys.opinion_plus.mapper.LogMapper.insertSelective.debug:137 -==> Parameters: 10(Long), /api/blog/getTendency(String), [BlogBaseReq(day=today, kid=1)](String), 0(Integer), 操作成功(String), POST(String), 189(Long), 127.0.0.1(String), 2021-02-13 00:38:03.73(Timestamp), class java.util.ArrayList(String)
2021-02-13 00:38:03.736 DEBUG [http-nio-8081-exec-10]com.fxys.opinion_plus.mapper.LogMapper.insertSelective.debug:137 -<==    Updates: 1
2021-02-13 00:38:05.303 DEBUG [http-nio-8081-exec-2]c.fxys.opinion_plus.mapper.UserMapper.selectByPrimaryKey.debug:137 -==>  Preparing: select id, username, email, `state`, createTime, updateTime, dataVersion,password from `user` where id = ?
2021-02-13 00:38:05.304 DEBUG [http-nio-8081-exec-2]c.fxys.opinion_plus.mapper.UserMapper.selectByPrimaryKey.debug:137 -==> Parameters: 10(Long)
2021-02-13 00:38:05.305 DEBUG [http-nio-8081-exec-2]c.fxys.opinion_plus.mapper.UserMapper.selectByPrimaryKey.debug:137 -<==      Total: 1
2021-02-13 00:38:05.305 DEBUG [http-nio-8081-exec-4]com.fxys.opinion_plus.mapper.BlogMapper.selectContent.debug:137 -==>  Preparing: select content from blog where kid=? and createTime >? and createTime <?
2021-02-13 00:38:05.306 DEBUG [http-nio-8081-exec-4]com.fxys.opinion_plus.mapper.BlogMapper.selectContent.debug:137 -==> Parameters: 1(Long), 2021-02-13 00:00:00.305(Timestamp), 2021-02-14 00:00:00.305(Timestamp)
2021-02-13 00:38:05.307 DEBUG [http-nio-8081-exec-4]com.fxys.opinion_plus.mapper.BlogMapper.selectContent.debug:137 -<==      Total: 0
2021-02-13 00:38:05.308 DEBUG [http-nio-8081-exec-2]com.fxys.opinion_plus.mapper.BlogMapper.selectContent.debug:137 -==>  Preparing: select content from blog where kid=? and createTime >? and createTime <?
2021-02-13 00:38:05.309 DEBUG [http-nio-8081-exec-2]com.fxys.opinion_plus.mapper.BlogMapper.selectContent.debug:137 -==> Parameters: 1(Long), 2021-02-13 00:00:00.308(Timestamp), 2021-02-14 00:00:00.308(Timestamp)
2021-02-13 00:38:05.310 DEBUG [http-nio-8081-exec-2]com.fxys.opinion_plus.mapper.BlogMapper.selectContent.debug:137 -<==      Total: 0
2021-02-13 00:38:05.399 DEBUG [http-nio-8081-exec-2]com.fxys.opinion_plus.mapper.LogMapper.insertSelective.debug:137 -==>  Preparing: insert into log ( `uid`, url, params, status, message, `method`, `time`, ip, createTime, result ) values ( ?, ?, ?, ?, ?, ?, ?, ?, ?, ? )
2021-02-13 00:38:05.400 DEBUG [http-nio-8081-exec-2]com.fxys.opinion_plus.mapper.LogMapper.insertSelective.debug:137 -==> Parameters: 10(Long), /api/blog/frequency(String), [BlogBaseReq(day=today, kid=1)](String), 0(Integer), 操作成功(String), POST(String), 92(Long), 127.0.0.1(String), 2021-02-13 00:38:05.398(Timestamp), [](String)
2021-02-13 00:38:05.401 DEBUG [http-nio-8081-exec-2]com.fxys.opinion_plus.mapper.LogMapper.insertSelective.debug:137 -<==    Updates: 1
2021-02-13 00:38:07.040 DEBUG [http-nio-8081-exec-3]com.fxys.opinion_plus.mapper.BlogMapper.selectContent.debug:137 -==>  Preparing: select content from blog where kid=? and createTime >? and createTime <?
2021-02-13 00:38:07.041 DEBUG [http-nio-8081-exec-3]com.fxys.opinion_plus.mapper.BlogMapper.selectContent.debug:137 -==> Parameters: 1(Long), 2021-02-10 00:00:00.04(Timestamp), 2021-02-14 00:00:00.04(Timestamp)
2021-02-13 00:38:07.042 DEBUG [http-nio-8081-exec-3]com.fxys.opinion_plus.mapper.BlogMapper.selectContent.debug:137 -<==      Total: 4
2021-02-13 00:38:07.343 DEBUG [http-nio-8081-exec-5]c.fxys.opinion_plus.mapper.UserMapper.selectByPrimaryKey.debug:137 -==>  Preparing: select id, username, email, `state`, createTime, updateTime, dataVersion,password from `user` where id = ?
2021-02-13 00:38:07.343 DEBUG [http-nio-8081-exec-5]c.fxys.opinion_plus.mapper.UserMapper.selectByPrimaryKey.debug:137 -==> Parameters: 10(Long)
2021-02-13 00:38:07.344 DEBUG [http-nio-8081-exec-5]c.fxys.opinion_plus.mapper.UserMapper.selectByPrimaryKey.debug:137 -<==      Total: 1
2021-02-13 00:38:07.348 DEBUG [http-nio-8081-exec-5]com.fxys.opinion_plus.mapper.BlogMapper.selectContent.debug:137 -==>  Preparing: select content from blog where kid=? and createTime >? and createTime <?
2021-02-13 00:38:07.348 DEBUG [http-nio-8081-exec-5]com.fxys.opinion_plus.mapper.BlogMapper.selectContent.debug:137 -==> Parameters: 1(Long), 2021-02-10 00:00:00.348(Timestamp), 2021-02-14 00:00:00.348(Timestamp)
2021-02-13 00:38:07.349 DEBUG [http-nio-8081-exec-5]com.fxys.opinion_plus.mapper.BlogMapper.selectContent.debug:137 -<==      Total: 4
2021-02-13 00:38:09.370 DEBUG [http-nio-8081-exec-5]com.fxys.opinion_plus.mapper.LogMapper.insertSelective.debug:137 -==>  Preparing: insert into log ( `uid`, url, params, status, message, `method`, `time`, ip, createTime, result ) values ( ?, ?, ?, ?, ?, ?, ?, ?, ?, ? )
2021-02-13 00:38:09.371 DEBUG [http-nio-8081-exec-5]com.fxys.opinion_plus.mapper.LogMapper.insertSelective.debug:137 -==> Parameters: 10(Long), /api/blog/frequency(String), [BlogBaseReq(day=three, kid=1)](String), 0(Integer), 操作成功(String), POST(String), 2024(Long), 127.0.0.1(String), 2021-02-13 00:38:09.37(Timestamp), [{"count":3,"data":"问题"},{"count":1,"data":"纯属"},{"count":1,"data":"帮忙"},{"count":1,"data":"解答"},{"count":1,"data":"好奇"},{"count":1,"data":"广大"}](String)
2021-02-13 00:38:09.372 DEBUG [http-nio-8081-exec-5]com.fxys.opinion_plus.mapper.LogMapper.insertSelective.debug:137 -<==    Updates: 1
2021-02-13 00:39:32.214 DEBUG [main]com.fxys.opinion_plus.OpinionPlusApplicationTests.logStarting:56 -Running with Spring Boot v2.4.2, Spring v5.3.3
2021-02-13 11:01:28.498 DEBUG [main]com.fxys.opinion_plus.OpinionPlusApplicationTests.logStarting:56 -Running with Spring Boot v2.4.2, Spring v5.3.3
