2021-02-09 01:35:10.741 WARN  [restartedMain]o.s.b.a.orm.jpa.JpaBaseConfiguration$JpaWebConfiguration.openEntityManagerInViewInterceptor:221 -spring.jpa.open-in-view is enabled by default. Therefore, database queries may be performed during view rendering. Explicitly configure spring.jpa.open-in-view to disable this warning
2021-02-09 01:35:20.273 WARN  [http-nio-8081-exec-1]com.fxys.opinion_plus.handler.GlobalExceptionHandler.handleBusinessException:47 -URL:/api/user/updateUsername ,业务异常:ErrorResult(status=20002, message=用户名不存在, exception=com.fxys.opinion_plus.exception.OpinionException)
2021-02-09 01:35:27.503 WARN  [http-nio-8081-exec-2]com.fxys.opinion_plus.handler.GlobalExceptionHandler.handleBusinessException:47 -URL:/api/user/updateUsername ,业务异常:ErrorResult(status=20002, message=用户名不存在, exception=com.fxys.opinion_plus.exception.OpinionException)
2021-02-09 01:36:09.183 WARN  [restartedMain]o.s.b.a.orm.jpa.JpaBaseConfiguration$JpaWebConfiguration.openEntityManagerInViewInterceptor:221 -spring.jpa.open-in-view is enabled by default. Therefore, database queries may be performed during view rendering. Explicitly configure spring.jpa.open-in-view to disable this warning
2021-02-09 01:36:23.344 WARN  [http-nio-8081-exec-1]com.fxys.opinion_plus.handler.GlobalExceptionHandler.handleBusinessException:47 -URL:/api/user/updateUsername ,业务异常:ErrorResult(status=20002, message=用户名不存在, exception=com.fxys.opinion_plus.exception.OpinionException)
2021-02-09 01:37:35.283 WARN  [restartedMain]o.s.b.a.orm.jpa.JpaBaseConfiguration$JpaWebConfiguration.openEntityManagerInViewInterceptor:221 -spring.jpa.open-in-view is enabled by default. Therefore, database queries may be performed during view rendering. Explicitly configure spring.jpa.open-in-view to disable this warning
2021-02-09 01:38:18.251 WARN  [http-nio-8081-exec-1]com.fxys.opinion_plus.handler.GlobalExceptionHandler.handleBusinessException:47 -URL:/api/user/updateUsername ,业务异常:ErrorResult(status=20002, message=用户名不存在, exception=com.fxys.opinion_plus.exception.OpinionException)
2021-02-09 01:39:32.995 WARN  [http-nio-8081-exec-2]com.fxys.opinion_plus.handler.GlobalExceptionHandler.handleBusinessException:47 -URL:/api/user/updateUsername ,业务异常:ErrorResult(status=20002, message=用户名不存在, exception=com.fxys.opinion_plus.exception.OpinionException)
2021-02-09 01:39:38.912 WARN  [http-nio-8081-exec-3]com.fxys.opinion_plus.handler.GlobalExceptionHandler.handleBusinessException:47 -URL:/api/user/updateUsername ,业务异常:ErrorResult(status=20002, message=用户名不存在, exception=com.fxys.opinion_plus.exception.OpinionException)
2021-02-09 01:41:09.318 WARN  [http-nio-8081-exec-5]com.fxys.opinion_plus.handler.GlobalExceptionHandler.handleBusinessException:47 -URL:/api/user/updateUsername ,业务异常:ErrorResult(status=20002, message=用户名不存在, exception=com.fxys.opinion_plus.exception.OpinionException)
2021-02-09 01:42:06.710 WARN  [restartedMain]o.s.b.a.orm.jpa.JpaBaseConfiguration$JpaWebConfiguration.openEntityManagerInViewInterceptor:221 -spring.jpa.open-in-view is enabled by default. Therefore, database queries may be performed during view rendering. Explicitly configure spring.jpa.open-in-view to disable this warning
2021-02-09 01:43:02.413 WARN  [http-nio-8081-exec-1]com.fxys.opinion_plus.handler.GlobalExceptionHandler.handleBusinessException:47 -URL:/api/user/updateUsername ,业务异常:ErrorResult(status=20002, message=用户名不存在, exception=com.fxys.opinion_plus.exception.OpinionException)
2021-02-09 01:43:35.006 WARN  [http-nio-8081-exec-2]com.fxys.opinion_plus.handler.GlobalExceptionHandler.handleBusinessException:47 -URL:/api/user/updateUsername ,业务异常:ErrorResult(status=20002, message=用户名不存在, exception=com.fxys.opinion_plus.exception.OpinionException)
2021-02-09 01:43:49.836 WARN  [http-nio-8081-exec-3]com.fxys.opinion_plus.handler.GlobalExceptionHandler.handleBusinessException:47 -URL:/api/user/updateUsername ,业务异常:ErrorResult(status=20002, message=用户名不存在, exception=com.fxys.opinion_plus.exception.OpinionException)
2021-02-09 01:45:26.031 WARN  [http-nio-8081-exec-4]com.fxys.opinion_plus.handler.GlobalExceptionHandler.handleBusinessException:47 -URL:/api/user/updateUsername ,业务异常:ErrorResult(status=20002, message=用户名不存在, exception=com.fxys.opinion_plus.exception.OpinionException)
2021-02-09 01:47:36.404 WARN  [restartedMain]o.s.b.a.orm.jpa.JpaBaseConfiguration$JpaWebConfiguration.openEntityManagerInViewInterceptor:221 -spring.jpa.open-in-view is enabled by default. Therefore, database queries may be performed during view rendering. Explicitly configure spring.jpa.open-in-view to disable this warning
2021-02-09 01:47:57.350 WARN  [http-nio-8081-exec-1]com.fxys.opinion_plus.handler.GlobalExceptionHandler.handleBusinessException:47 -URL:/api/user/updateUsername ,业务异常:ErrorResult(status=20002, message=用户名不存在, exception=com.fxys.opinion_plus.exception.OpinionException)
2021-02-09 01:49:43.402 WARN  [restartedMain]o.s.b.a.orm.jpa.JpaBaseConfiguration$JpaWebConfiguration.openEntityManagerInViewInterceptor:221 -spring.jpa.open-in-view is enabled by default. Therefore, database queries may be performed during view rendering. Explicitly configure spring.jpa.open-in-view to disable this warning
2021-02-09 01:50:05.353 WARN  [http-nio-8081-exec-1]com.fxys.opinion_plus.handler.GlobalExceptionHandler.handleBusinessException:47 -URL:/api/user/updateUsername ,业务异常:ErrorResult(status=20002, message=用户名不存在, exception=com.fxys.opinion_plus.exception.OpinionException)
2021-02-09 02:04:59.336 WARN  [http-nio-8081-exec-5]com.fxys.opinion_plus.handler.GlobalExceptionHandler.handleBusinessException:47 -URL:/api/user/login ,业务异常:ErrorResult(status=20003, message=用户名或密码错误, exception=com.fxys.opinion_plus.exception.OpinionException)
2021-02-09 10:25:45.334 WARN  [restartedMain]o.s.b.a.orm.jpa.JpaBaseConfiguration$JpaWebConfiguration.openEntityManagerInViewInterceptor:221 -spring.jpa.open-in-view is enabled by default. Therefore, database queries may be performed during view rendering. Explicitly configure spring.jpa.open-in-view to disable this warning
2021-02-09 10:29:13.557 WARN  [restartedMain]o.s.b.a.orm.jpa.JpaBaseConfiguration$JpaWebConfiguration.openEntityManagerInViewInterceptor:221 -spring.jpa.open-in-view is enabled by default. Therefore, database queries may be performed during view rendering. Explicitly configure spring.jpa.open-in-view to disable this warning
2021-02-09 10:30:19.356 WARN  [http-nio-8081-exec-1]com.fxys.opinion_plus.handler.GlobalExceptionHandler.handleBusinessException:47 -URL:/api/user/get/10 ,业务异常:ErrorResult(status=20002, message=用户名不存在, exception=com.fxys.opinion_plus.exception.OpinionException)
2021-02-09 10:30:27.243 WARN  [http-nio-8081-exec-2]com.fxys.opinion_plus.handler.GlobalExceptionHandler.handleBusinessException:47 -URL:/api/user/get/10 ,业务异常:ErrorResult(status=20002, message=用户名不存在, exception=com.fxys.opinion_plus.exception.OpinionException)
2021-02-09 10:32:35.388 WARN  [restartedMain]o.s.b.a.orm.jpa.JpaBaseConfiguration$JpaWebConfiguration.openEntityManagerInViewInterceptor:221 -spring.jpa.open-in-view is enabled by default. Therefore, database queries may be performed during view rendering. Explicitly configure spring.jpa.open-in-view to disable this warning
2021-02-09 10:51:31.821 WARN  [http-nio-8081-exec-7]com.fxys.opinion_plus.handler.GlobalExceptionHandler.handleBusinessException:47 -URL:/api/user/updatePassword ,业务异常:ErrorResult(status=4003, message=更新异常, exception=com.fxys.opinion_plus.exception.OpinionException)
2021-02-09 10:52:20.495 WARN  [restartedMain]o.s.b.a.orm.jpa.JpaBaseConfiguration$JpaWebConfiguration.openEntityManagerInViewInterceptor:221 -spring.jpa.open-in-view is enabled by default. Therefore, database queries may be performed during view rendering. Explicitly configure spring.jpa.open-in-view to disable this warning
2021-02-09 10:52:47.543 WARN  [http-nio-8081-exec-1]com.fxys.opinion_plus.handler.GlobalExceptionHandler.handleBusinessException:47 -URL:/api/user/updatePassword ,业务异常:ErrorResult(status=4003, message=更新异常, exception=com.fxys.opinion_plus.exception.OpinionException)
2021-02-09 10:54:32.541 WARN  [http-nio-8081-exec-8]com.fxys.opinion_plus.handler.GlobalExceptionHandler.handleBusinessException:47 -URL:/api/user/login ,业务异常:ErrorResult(status=20003, message=用户名或密码错误, exception=com.fxys.opinion_plus.exception.OpinionException)
2021-02-09 13:01:12.900 WARN  [restartedMain]o.s.b.a.orm.jpa.JpaBaseConfiguration$JpaWebConfiguration.openEntityManagerInViewInterceptor:221 -spring.jpa.open-in-view is enabled by default. Therefore, database queries may be performed during view rendering. Explicitly configure spring.jpa.open-in-view to disable this warning
2021-02-09 13:17:32.758 WARN  [http-nio-8081-exec-9]com.fxys.opinion_plus.handler.GlobalExceptionHandler.handleBusinessException:47 -URL:/api/user/updateUsername ,业务异常:ErrorResult(status=20001, message=用户名已存在, exception=com.fxys.opinion_plus.exception.OpinionException)
2021-02-09 14:43:49.147 WARN  [restartedMain]o.s.b.a.orm.jpa.JpaBaseConfiguration$JpaWebConfiguration.openEntityManagerInViewInterceptor:221 -spring.jpa.open-in-view is enabled by default. Therefore, database queries may be performed during view rendering. Explicitly configure spring.jpa.open-in-view to disable this warning
2021-02-09 14:55:35.497 WARN  [restartedMain]o.s.b.a.orm.jpa.JpaBaseConfiguration$JpaWebConfiguration.openEntityManagerInViewInterceptor:221 -spring.jpa.open-in-view is enabled by default. Therefore, database queries may be performed during view rendering. Explicitly configure spring.jpa.open-in-view to disable this warning
2021-02-09 15:01:12.598 WARN  [restartedMain]o.s.b.a.orm.jpa.JpaBaseConfiguration$JpaWebConfiguration.openEntityManagerInViewInterceptor:221 -spring.jpa.open-in-view is enabled by default. Therefore, database queries may be performed during view rendering. Explicitly configure spring.jpa.open-in-view to disable this warning
2021-02-09 15:05:07.644 WARN  [restartedMain]o.s.b.a.orm.jpa.JpaBaseConfiguration$JpaWebConfiguration.openEntityManagerInViewInterceptor:221 -spring.jpa.open-in-view is enabled by default. Therefore, database queries may be performed during view rendering. Explicitly configure spring.jpa.open-in-view to disable this warning
2021-02-09 15:07:29.092 WARN  [http-nio-8081-exec-10]com.fxys.opinion_plus.handler.GlobalExceptionHandler.handleBusinessException:47 -URL:/api/user/updateUsername ,业务异常:ErrorResult(status=20001, message=用户名已存在, exception=com.fxys.opinion_plus.exception.OpinionException)
2021-02-09 16:47:32.896 WARN  [restartedMain]o.s.b.a.orm.jpa.JpaBaseConfiguration$JpaWebConfiguration.openEntityManagerInViewInterceptor:221 -spring.jpa.open-in-view is enabled by default. Therefore, database queries may be performed during view rendering. Explicitly configure spring.jpa.open-in-view to disable this warning
2021-02-09 16:49:54.116 WARN  [http-nio-8081-exec-4]com.fxys.opinion_plus.handler.GlobalExceptionHandler.handleBusinessException:47 -URL:/api/keyword/add ,业务异常:ErrorResult(status=30001, message=关键字已经存在，请不要重复添加, exception=com.fxys.opinion_plus.exception.OpinionException)
2021-02-09 16:50:46.972 WARN  [http-nio-8081-exec-5]com.fxys.opinion_plus.handler.GlobalExceptionHandler.handleBusinessException:47 -URL:/api/keyword/add ,业务异常:ErrorResult(status=30001, message=关键字已经存在，请不要重复添加, exception=com.fxys.opinion_plus.exception.OpinionException)
2021-02-09 16:52:07.952 WARN  [http-nio-8081-exec-10]com.fxys.opinion_plus.handler.GlobalExceptionHandler.handleBusinessException:47 -URL:/api/keyword/add ,业务异常:ErrorResult(status=30001, message=关键字已经存在，请不要重复添加, exception=com.fxys.opinion_plus.exception.OpinionException)
2021-02-09 21:34:35.902 WARN  [http-nio-8081-exec-4]org.springframework.web.servlet.PageNotFound.noHandlerFound:1271 -No mapping for GET /api/keyword/get/5
2021-02-09 21:36:38.981 WARN  [http-nio-8081-exec-5]org.springframework.web.servlet.PageNotFound.noHandlerFound:1271 -No mapping for GET /api/keyword/get/5
2021-02-09 21:36:39.363 WARN  [http-nio-8081-exec-6]org.springframework.web.servlet.PageNotFound.noHandlerFound:1271 -No mapping for GET /api/keyword/get/5
2021-02-09 21:36:39.903 WARN  [http-nio-8081-exec-7]org.springframework.web.servlet.PageNotFound.noHandlerFound:1271 -No mapping for GET /api/keyword/get/5
2021-02-09 21:36:40.153 WARN  [http-nio-8081-exec-8]org.springframework.web.servlet.PageNotFound.noHandlerFound:1271 -No mapping for GET /api/keyword/get/5
2021-02-09 21:36:40.504 WARN  [http-nio-8081-exec-9]org.springframework.web.servlet.PageNotFound.noHandlerFound:1271 -No mapping for GET /api/keyword/get/4
2021-02-09 21:36:40.956 WARN  [http-nio-8081-exec-10]org.springframework.web.servlet.PageNotFound.noHandlerFound:1271 -No mapping for GET /api/keyword/get/4
2021-02-09 21:36:51.010 WARN  [http-nio-8081-exec-1]org.springframework.web.servlet.PageNotFound.noHandlerFound:1271 -No mapping for GET /api/keyword/get/5
2021-02-09 21:37:38.892 WARN  [http-nio-8081-exec-2]org.springframework.web.servlet.PageNotFound.noHandlerFound:1271 -No mapping for GET /api/keyword/get/4
2021-02-09 21:37:54.044 WARN  [http-nio-8081-exec-6]org.springframework.web.servlet.PageNotFound.noHandlerFound:1271 -No mapping for GET /api/keyword/get/5
2021-02-09 21:40:36.672 WARN  [http-nio-8081-exec-9]org.springframework.web.servlet.PageNotFound.noHandlerFound:1271 -No mapping for GET /api/keyword/get/5
2021-02-09 21:46:48.701 WARN  [restartedMain]o.s.b.a.orm.jpa.JpaBaseConfiguration$JpaWebConfiguration.openEntityManagerInViewInterceptor:221 -spring.jpa.open-in-view is enabled by default. Therefore, database queries may be performed during view rendering. Explicitly configure spring.jpa.open-in-view to disable this warning
2021-02-09 21:59:08.421 WARN  [http-nio-8081-exec-4]com.fxys.opinion_plus.handler.GlobalExceptionHandler.handleBusinessException:47 -URL:/api/user/updateUsername ,业务异常:ErrorResult(status=20001, message=用户名已存在, exception=com.fxys.opinion_plus.exception.OpinionException)
2021-02-09 22:04:22.944 WARN  [restartedMain]o.s.b.a.orm.jpa.JpaBaseConfiguration$JpaWebConfiguration.openEntityManagerInViewInterceptor:221 -spring.jpa.open-in-view is enabled by default. Therefore, database queries may be performed during view rendering. Explicitly configure spring.jpa.open-in-view to disable this warning
2021-02-09 22:06:03.299 WARN  [restartedMain]o.s.b.a.orm.jpa.JpaBaseConfiguration$JpaWebConfiguration.openEntityManagerInViewInterceptor:221 -spring.jpa.open-in-view is enabled by default. Therefore, database queries may be performed during view rendering. Explicitly configure spring.jpa.open-in-view to disable this warning
2021-02-09 22:08:23.974 WARN  [restartedMain]o.s.b.a.orm.jpa.JpaBaseConfiguration$JpaWebConfiguration.openEntityManagerInViewInterceptor:221 -spring.jpa.open-in-view is enabled by default. Therefore, database queries may be performed during view rendering. Explicitly configure spring.jpa.open-in-view to disable this warning
2021-02-09 22:21:29.302 WARN  [http-nio-8081-exec-3]org.springframework.web.servlet.PageNotFound.noHandlerFound:1271 -No mapping for POST /api/keyword/delete/4
2021-02-09 22:22:10.983 WARN  [restartedMain]o.s.b.a.orm.jpa.JpaBaseConfiguration$JpaWebConfiguration.openEntityManagerInViewInterceptor:221 -spring.jpa.open-in-view is enabled by default. Therefore, database queries may be performed during view rendering. Explicitly configure spring.jpa.open-in-view to disable this warning
2021-02-09 23:01:53.045 WARN  [restartedMain]o.s.b.a.orm.jpa.JpaBaseConfiguration$JpaWebConfiguration.openEntityManagerInViewInterceptor:221 -spring.jpa.open-in-view is enabled by default. Therefore, database queries may be performed during view rendering. Explicitly configure spring.jpa.open-in-view to disable this warning
2021-02-09 23:08:16.844 WARN  [restartedMain]o.s.b.a.orm.jpa.JpaBaseConfiguration$JpaWebConfiguration.openEntityManagerInViewInterceptor:221 -spring.jpa.open-in-view is enabled by default. Therefore, database queries may be performed during view rendering. Explicitly configure spring.jpa.open-in-view to disable this warning
2021-02-09 23:08:30.330 WARN  [restartedMain]o.s.b.a.orm.jpa.JpaBaseConfiguration$JpaWebConfiguration.openEntityManagerInViewInterceptor:221 -spring.jpa.open-in-view is enabled by default. Therefore, database queries may be performed during view rendering. Explicitly configure spring.jpa.open-in-view to disable this warning
2021-02-09 23:27:06.246 WARN  [restartedMain]o.s.b.a.orm.jpa.JpaBaseConfiguration$JpaWebConfiguration.openEntityManagerInViewInterceptor:221 -spring.jpa.open-in-view is enabled by default. Therefore, database queries may be performed during view rendering. Explicitly configure spring.jpa.open-in-view to disable this warning
2021-02-09 23:35:18.869 WARN  [restartedMain]o.s.b.a.orm.jpa.JpaBaseConfiguration$JpaWebConfiguration.openEntityManagerInViewInterceptor:221 -spring.jpa.open-in-view is enabled by default. Therefore, database queries may be performed during view rendering. Explicitly configure spring.jpa.open-in-view to disable this warning
2021-02-09 23:37:34.380 WARN  [restartedMain]o.s.b.a.orm.jpa.JpaBaseConfiguration$JpaWebConfiguration.openEntityManagerInViewInterceptor:221 -spring.jpa.open-in-view is enabled by default. Therefore, database queries may be performed during view rendering. Explicitly configure spring.jpa.open-in-view to disable this warning
2021-02-09 23:40:09.131 WARN  [restartedMain]o.s.b.a.orm.jpa.JpaBaseConfiguration$JpaWebConfiguration.openEntityManagerInViewInterceptor:221 -spring.jpa.open-in-view is enabled by default. Therefore, database queries may be performed during view rendering. Explicitly configure spring.jpa.open-in-view to disable this warning
2021-02-09 23:41:13.345 WARN  [restartedMain]o.s.b.a.orm.jpa.JpaBaseConfiguration$JpaWebConfiguration.openEntityManagerInViewInterceptor:221 -spring.jpa.open-in-view is enabled by default. Therefore, database queries may be performed during view rendering. Explicitly configure spring.jpa.open-in-view to disable this warning
2021-02-09 23:41:39.651 WARN  [http-nio-8081-exec-1]com.fxys.opinion_plus.handler.GlobalExceptionHandler.handleBusinessException:47 -URL:/api/keyword/exportMeg/1 ,业务异常:ErrorResult(status=20002, message=用户名不存在, exception=com.fxys.opinion_plus.exception.OpinionException)
2021-02-09 23:41:56.654 WARN  [http-nio-8081-exec-5]com.fxys.opinion_plus.handler.GlobalExceptionHandler.handleBusinessException:47 -URL:/api/keyword/exportMeg/1 ,业务异常:ErrorResult(status=20002, message=用户名不存在, exception=com.fxys.opinion_plus.exception.OpinionException)
2021-02-09 23:44:46.694 WARN  [restartedMain]o.s.b.a.orm.jpa.JpaBaseConfiguration$JpaWebConfiguration.openEntityManagerInViewInterceptor:221 -spring.jpa.open-in-view is enabled by default. Therefore, database queries may be performed during view rendering. Explicitly configure spring.jpa.open-in-view to disable this warning
2021-02-09 23:48:47.644 WARN  [restartedMain]o.s.b.a.orm.jpa.JpaBaseConfiguration$JpaWebConfiguration.openEntityManagerInViewInterceptor:221 -spring.jpa.open-in-view is enabled by default. Therefore, database queries may be performed during view rendering. Explicitly configure spring.jpa.open-in-view to disable this warning
2021-02-09 23:49:00.362 WARN  [http-nio-8081-exec-2]org.springframework.web.servlet.PageNotFound.noHandlerFound:1271 -No mapping for POST /api/keyword/exportMeg/1
2021-02-09 23:49:51.734 WARN  [http-nio-8081-exec-4]org.springframework.web.servlet.PageNotFound.noHandlerFound:1271 -No mapping for POST /api/keyword/exportMeg/1
2021-02-09 23:51:05.564 WARN  [restartedMain]o.s.b.a.orm.jpa.JpaBaseConfiguration$JpaWebConfiguration.openEntityManagerInViewInterceptor:221 -spring.jpa.open-in-view is enabled by default. Therefore, database queries may be performed during view rendering. Explicitly configure spring.jpa.open-in-view to disable this warning
2021-02-09 23:51:19.778 WARN  [http-nio-8081-exec-4]org.springframework.web.servlet.PageNotFound.noHandlerFound:1271 -No mapping for POST /api/keyword/exportMeg/1
2021-02-09 23:51:54.970 WARN  [restartedMain]o.s.b.a.orm.jpa.JpaBaseConfiguration$JpaWebConfiguration.openEntityManagerInViewInterceptor:221 -spring.jpa.open-in-view is enabled by default. Therefore, database queries may be performed during view rendering. Explicitly configure spring.jpa.open-in-view to disable this warning
2021-02-09 23:52:10.978 WARN  [http-nio-8081-exec-1]org.springframework.web.servlet.PageNotFound.noHandlerFound:1271 -No mapping for POST /api/keyword/exportMeg/2
2021-02-09 23:53:31.760 WARN  [restartedMain]o.s.b.w.s.c.AnnotationConfigServletWebServerApplicationContext.refresh:596 -Exception encountered during context initialization - cancelling refresh attempt: org.springframework.beans.factory.BeanDefinitionStoreException: Failed to parse configuration class [com.fxys.opinion_plus.OpinionPlusApplication]; nested exception is org.springframework.context.annotation.ConflictingBeanDefinitionException: Annotation-specified bean name 'keywordController' for bean class [com.fxys.opinion_plus.other.controller.KeywordController] conflicts with existing, non-compatible bean definition of same name and class [com.fxys.opinion_plus.controller.KeywordController]
2021-02-09 23:54:29.281 WARN  [restartedMain]o.s.b.a.orm.jpa.JpaBaseConfiguration$JpaWebConfiguration.openEntityManagerInViewInterceptor:221 -spring.jpa.open-in-view is enabled by default. Therefore, database queries may be performed during view rendering. Explicitly configure spring.jpa.open-in-view to disable this warning
